spk_ver/v00/v0000	SES146	1.35229	-60.7644	-62.1167
spk_ver/v00/v0001	SES002	-19.1526	-81.5559	-62.4033
spk_ver/v00/v0002	SES002	-14.1321	-76.3311	-62.1991
spk_ver/v00/v0003	SES002	-21.0996	-84.4402	-63.3406
spk_ver/v00/v0004	SES002	-1.67423	-63.1639	-61.4897
spk_ver/v00/v0005	SES002	-5.15615	-67.3622	-62.2061
spk_ver/v00/v0006	SES002	-10.3047	-71.2218	-60.9171
spk_ver/v00/v0007	SES002	-11.8373	-74.8083	-62.971
spk_ver/v00/v0008	SES146	0.416462	-61.7512	-62.1676
spk_ver/v00/v0009	SES002	-1.92419	-62.111	-60.1868
spk_ver/v00/v0010	SES002	-2.88231	-63.967	-61.0846
spk_ver/v00/v0011	SES002	-1.89357	-64.8537	-62.9601
spk_ver/v00/v0012	SES002	-15.0343	-74.8326	-59.7983
spk_ver/v00/v0013	SES002	-9.20103	-69.5755	-60.3745
spk_ver/v00/v0014	SES002	-1.63754	-62.6106	-60.9731
spk_ver/v00/v0015	SES002	-1.54845	-61.7711	-60.2226
spk_ver/v00/v0016	SES275	1.01416	-62.1724	-63.1866
spk_ver/v00/v0017	SES002	0.218914	-59.5528	-59.7717
spk_ver/v00/v0018	SES002	-17.7618	-81.427	-63.6653
spk_ver/v00/v0019	SES002	-1.42719	-61.8623	-60.4351
spk_ver/v00/v0020	SES002	-15.6004	-79.7639	-64.1635
spk_ver/v00/v0021	SES002	-15.0976	-77.0378	-61.9402
spk_ver/v00/v0022	SES002	-2.92142	-63.8569	-60.9355
spk_ver/v00/v0023	SES002	-10.4015	-70.7524	-60.3509
spk_ver/v00/v0024	SES002	-13.9716	-76.733	-62.7613
spk_ver/v00/v0025	SES002	-9.88619	-72.789	-62.9028
spk_ver/v00/v0026	SES002	-7.24385	-67.617	-60.3731
spk_ver/v00/v0027	SES129	2.18591	-58.7966	-60.9825
spk_ver/v00/v0028	SES007	-2.5496	-63.4626	-60.913
spk_ver/v00/v0029	SES083	0.323524	-60.3338	-60.6574
spk_ver/v00/v0030	SES019	2.1524	-59.0705	-61.2229
spk_ver/v00/v0031	SES007	-2.41074	-65.0527	-62.642
spk_ver/v00/v0032	SES270	1.3404	-59.275	-60.6154
spk_ver/v00/v0033	SES007	-3.54119	-65.5784	-62.0372
spk_ver/v00/v0034	SES007	-4.64496	-70.4653	-65.8204
spk_ver/v00/v0035	SES007	-1.18902	-62.1444	-60.9553
spk_ver/v00/v0036	SES007	-1.21328	-61.4814	-60.2681
spk_ver/v00/v0037	SES007	-4.43521	-63.9846	-59.5494
spk_ver/v00/v0038	SES259	2.28994	-57.0735	-59.3634
spk_ver/v00/v0039	SES007	-3.34964	-64.9874	-61.6377
spk_ver/v00/v0040	SES007	-3.42347	-62.9544	-59.5309
spk_ver/v00/v0041	SES007	-2.74221	-63.1868	-60.4446
spk_ver/v00/v0042	SES007	-0.646645	-62.7252	-62.0785
spk_ver/v00/v0043	SES007	-0.802982	-62.6355	-61.8325
spk_ver/v00/v0044	SES007	-3.26849	-62.199	-58.9305
spk_ver/v00/v0045	SES007	-0.897785	-61.7685	-60.8707
spk_ver/v00/v0046	SES007	-1.25439	-61.7327	-60.4783
spk_ver/v00/v0047	SES172	0.0253448	-61.4376	-61.4629
spk_ver/v00/v0048	SES105	1.49236	-60.3482	-61.8405
spk_ver/v00/v0049	SES007	-0.884193	-62.0002	-61.116
spk_ver/v00/v0050	SES292	-0.229256	-61.297	-61.0678
spk_ver/v00/v0051	SES007	-2.78988	-65.2496	-62.4598
spk_ver/v00/v0052	SES068	0.729546	-59.8414	-60.5709
spk_ver/v00/v0053	SES008	-0.999981	-61.1402	-60.1402
spk_ver/v00/v0054	SES008	-5.80145	-69.7386	-63.9372
spk_ver/v00/v0055	SES008	-1.9318	-64.3943	-62.4625
spk_ver/v00/v0056	SES008	-6.2765	-66.7852	-60.5087
spk_ver/v00/v0057	SES008	-5.90862	-66.8111	-60.9025
spk_ver/v00/v0058	SES083	0.71159	-60.3351	-61.0466
spk_ver/v00/v0059	SES158	1.92429	-58.7742	-60.6985
spk_ver/v00/v0060	SES008	-1.52934	-62.766	-61.2367
spk_ver/v00/v0061	SES101	0.820953	-60.6073	-61.4283
spk_ver/v00/v0062	SES008	-3.75817	-65.9627	-62.2046
spk_ver/v00/v0063	SES008	-2.25686	-63.7794	-61.5225
spk_ver/v00/v0064	SES117	1.19972	-61.8044	-63.0041
spk_ver/v00/v0065	SES149	2.29639	-58.1319	-60.4282
spk_ver/v00/v0066	SES008	-2.18608	-63.9879	-61.8018
spk_ver/v00/v0067	SES008	-3.14821	-67.2733	-64.1251
spk_ver/v00/v0068	SES162	2.02348	-60.9263	-62.9498
spk_ver/v00/v0069	SES008	-4.58524	-64.3574	-59.7722
spk_ver/v00/v0070	SES008	-0.588089	-61.0903	-60.5022
spk_ver/v00/v0071	SES008	-2.36751	-64.2743	-61.9068
spk_ver/v00/v0072	SES008	-0.936726	-60.9534	-60.0167
spk_ver/v00/v0073	SES008	-2.86537	-62.2476	-59.3823
spk_ver/v00/v0074	SES008	-3.24872	-64.5263	-61.2776
spk_ver/v00/v0075	SES008	-5.995	-68.0675	-62.0725
spk_ver/v00/v0076	SES167	1.36436	-60.082	-61.4464
spk_ver/v00/v0077	SES008	-1.69294	-61.5901	-59.8972
spk_ver/v00/v0078	SES177	0.848232	-60.0114	-60.8596
spk_ver/v00/v0079	SES008	-1.29453	-63.236	-61.9415
spk_ver/v00/v0080	SES008	-2.63244	-64.7418	-62.1093
spk_ver/v00/v0081	SES008	-5.15836	-67.4406	-62.2822
spk_ver/v00/v0082	SES008	-2.58527	-63.6539	-61.0686
spk_ver/v00/v0083	SES008	-5.92258	-68.0028	-62.0802
spk_ver/v00/v0084	SES144	1.23152	-61.4001	-62.6317
spk_ver/v00/v0085	SES008	-2.52468	-63.741	-61.2163
spk_ver/v00/v0086	SES008	-1.81805	-61.5028	-59.6847
spk_ver/v00/v0087	SES008	-3.48878	-66.4766	-62.9878
spk_ver/v00/v0088	SES008	-3.51498	-65.0561	-61.5412
spk_ver/v00/v0089	SES008	-1.70095	-63.927	-62.2261
spk_ver/v00/v0090	SES142	3.37082	-59.5801	-62.951
spk_ver/v00/v0091	SES008	-6.94341	-66.8979	-59.9545
spk_ver/v00/v0092	SES158	0.593288	-60.5633	-61.1566
spk_ver/v00/v0093	SES014	-6.66732	-67.0653	-60.3979
spk_ver/v00/v0094	SES014	-3.31362	-66.5323	-63.2186
spk_ver/v00/v0095	SES014	-1.12938	-60.3201	-59.1908
spk_ver/v00/v0096	SES014	-2.62851	-62.8939	-60.2654
spk_ver/v00/v0097	SES014	-1.76641	-63.3388	-61.5723
spk_ver/v00/v0098	SES014	-1.85447	-61.7179	-59.8634
spk_ver/v00/v0099	SES014	-13.8768	-75.9685	-62.0916
spk_ver/v01/v0100	SES127	0.950516	-60.3121	-61.2626
spk_ver/v01/v0101	SES014	-12.2453	-75.4913	-63.246
spk_ver/v01/v0102	SES014	-18.8578	-81.8879	-63.0301
spk_ver/v01/v0103	SES014	-4.48068	-68.546	-64.0653
spk_ver/v01/v0104	SES014	-12.8018	-75.8221	-63.0203
spk_ver/v01/v0105	SES014	-2.8779	-65.2745	-62.3966
spk_ver/v01/v0106	SES014	-1.90556	-62.9513	-61.0457
spk_ver/v01/v0107	SES014	-17.2837	-78.1738	-60.89
spk_ver/v01/v0108	SES014	-20.108	-82.9716	-62.8636
spk_ver/v01/v0109	SES014	-11.8689	-75.4701	-63.6011
spk_ver/v01/v0110	SES014	-2.28695	-64.4481	-62.1611
spk_ver/v01/v0111	SES014	-0.444321	-60.5231	-60.0787
spk_ver/v01/v0112	SES014	-13.563	-74.4143	-60.8513
spk_ver/v01/v0113	SES104	0.819168	-59.8318	-60.651
spk_ver/v01/v0114	SES082	0.746208	-59.2195	-59.9657
spk_ver/v01/v0115	SES087	2.34463	-57.9762	-60.3208
spk_ver/v01/v0116	SES014	-1.42009	-61.6754	-60.2553
spk_ver/v01/v0117	SES177	0.609104	-60.8236	-61.4327
spk_ver/v01/v0118	SES014	-12.7192	-75.5098	-62.7906
spk_ver/v01/v0119	SES014	-1.21949	-61.0872	-59.8677
spk_ver/v01/v0120	SES014	-18.1453	-81.7828	-63.6375
spk_ver/v01/v0121	SES146	0.988113	-60.6696	-61.6577
spk_ver/v01/v0122	SES014	2.04448	-56.8113	-58.8558
spk_ver/v01/v0123	SES014	-1.1409	-61.5419	-60.401
spk_ver/v01/v0124	SES014	-13.4201	-75.2305	-61.8104
spk_ver/v01/v0125	SES014	-7.83817	-70.2364	-62.3982
spk_ver/v01/v0126	SES016	-2.04919	-64.2011	-62.1519
spk_ver/v01/v0127	SES016	-2.61132	-66.5657	-63.9544
spk_ver/v01/v0128	SES106	2.03404	-58.3462	-60.3803
spk_ver/v01/v0129	SES016	-4.9533	-64.695	-59.7417
spk_ver/v01/v0130	SES016	-1.96228	-64.2447	-62.2824
spk_ver/v01/v0131	SES016	-4.65349	-65.4547	-60.8012
spk_ver/v01/v0132	SES016	-1.60102	-62.9093	-61.3083
spk_ver/v01/v0133	SES016	-1.70265	-64.5992	-62.8965
spk_ver/v01/v0134	SES016	-2.84818	-62.8389	-59.9907
spk_ver/v01/v0135	SES016	-3.37943	-66.5218	-63.1424
spk_ver/v01/v0136	SES016	-2.73638	-65.7912	-63.0548
spk_ver/v01/v0137	SES007	1.0058	-60.9594	-61.9652
spk_ver/v01/v0138	SES016	-1.02107	-62.8801	-61.859
spk_ver/v01/v0139	SES016	-0.813595	-61.2443	-60.4307
spk_ver/v01/v0140	SES016	1.63601	-60.4288	-62.0648
spk_ver/v01/v0141	SES016	-7.97166	-70.968	-62.9963
spk_ver/v01/v0142	SES016	-3.36794	-63.3568	-59.9889
spk_ver/v01/v0143	SES016	-6.19378	-68.4355	-62.2417
spk_ver/v01/v0144	SES016	-2.25475	-63.3097	-61.055
spk_ver/v01/v0145	SES016	-1.8854	-64.5096	-62.6242
spk_ver/v01/v0146	SES016	-1.18223	-61.5803	-60.3981
spk_ver/v01/v0147	SES016	-1.07615	-63.0191	-61.943
spk_ver/v01/v0148	SES127	1.09763	-60.2518	-61.3494
spk_ver/v01/v0149	SES016	-4.91474	-65.9292	-61.0144
spk_ver/v01/v0150	SES016	-2.10382	-63.7835	-61.6797
spk_ver/v01/v0151	SES147	1.37299	-61.9422	-63.3152
spk_ver/v01/v0152	SES016	-1.01147	-62.6705	-61.659
spk_ver/v01/v0153	SES104	1.55641	-57.7169	-59.2733
spk_ver/v01/v0154	SES016	-1.53766	-63.7499	-62.2123
spk_ver/v01/v0155	SES016	-1.13789	-64.0315	-62.8936
spk_ver/v01/v0156	SES019	-0.838943	-62.7028	-61.8638
spk_ver/v01/v0157	SES019	-3.52376	-63.5459	-60.0221
spk_ver/v01/v0158	SES019	-0.743332	-60.8415	-60.0982
spk_ver/v01/v0159	SES007	0.179962	-61.0645	-61.2445
spk_ver/v01/v0160	SES019	-2.20497	-61.7103	-59.5054
spk_ver/v01/v0161	SES019	-1.75894	-62.9505	-61.1916
spk_ver/v01/v0162	SES019	-9.56018	-69.9146	-60.3544
spk_ver/v01/v0163	SES189	2.08638	-61.6051	-63.6915
spk_ver/v01/v0164	SES019	-1.81972	-61.8256	-60.0059
spk_ver/v01/v0165	SES019	-0.833984	-62.6461	-61.8121
spk_ver/v01/v0166	SES019	-8.34099	-68.7425	-60.4015
spk_ver/v01/v0167	SES019	-10.0317	-72.0868	-62.0551
spk_ver/v01/v0168	SES019	-1.19813	-63.5392	-62.3411
spk_ver/v01/v0169	SES019	-3.47181	-64.262	-60.7902
spk_ver/v01/v0170	SES270	1.2042	-59.4051	-60.6093
spk_ver/v01/v0171	SES019	-1.96432	-62.3586	-60.3942
spk_ver/v01/v0172	SES019	-11.6903	-74.2913	-62.6009
spk_ver/v01/v0173	SES206	1.48922	-59.0892	-60.5784
spk_ver/v01/v0174	SES019	-1.22116	-61.6772	-60.4561
spk_ver/v01/v0175	SES014	1.52049	-58.1943	-59.7148
spk_ver/v01/v0176	SES019	-7.2922	-68.3726	-61.0804
spk_ver/v01/v0177	SES120	1.10085	-61.2274	-62.3282
spk_ver/v01/v0178	SES019	-0.537762	-63.4463	-62.9085
spk_ver/v01/v0179	SES019	-10.327	-70.6402	-60.3132
spk_ver/v01/v0180	SES175	1.12834	-61.1236	-62.2519
spk_ver/v01/v0181	SES019	-10.977	-73.8879	-62.9109
spk_ver/v01/v0182	SES019	-5.03757	-65.827	-60.7894
spk_ver/v01/v0183	SES029	-1.9631	-63.5977	-61.6346
spk_ver/v01/v0184	SES029	-3.87371	-63.9375	-60.0638
spk_ver/v01/v0185	SES029	-2.31323	-63.7642	-61.451
spk_ver/v01/v0186	SES068	1.18215	-59.4803	-60.6625
spk_ver/v01/v0187	SES029	-3.86986	-64.0998	-60.2299
spk_ver/v01/v0188	SES029	-2.9574	-62.2025	-59.2451
spk_ver/v01/v0189	SES149	2.40036	-58.1177	-60.5181
spk_ver/v01/v0190	SES029	-3.32732	-62.9739	-59.6466
spk_ver/v01/v0191	SES029	-3.52703	-64.1253	-60.5983
spk_ver/v01/v0192	SES183	1.32528	-59.4846	-60.8099
spk_ver/v01/v0193	SES029	-0.41309	-62.4475	-62.0344
spk_ver/v01/v0194	SES016	1.09394	-60.6215	-61.7155
spk_ver/v01/v0195	SES029	-2.21185	-63.2871	-61.0752
spk_ver/v01/v0196	SES029	-0.877415	-62.6681	-61.7906
spk_ver/v01/v0197	SES029	-4.34185	-63.9847	-59.6429
spk_ver/v01/v0198	SES146	0.835533	-60.8789	-61.7144
spk_ver/v01/v0199	SES029	-2.70652	-64.7291	-62.0226
spk_ver/v02/v0200	SES029	-1.91649	-64.435	-62.5185
spk_ver/v02/v0201	SES068	1.07013	-60.004	-61.0741
spk_ver/v02/v0202	SES148	1.63754	-60.4959	-62.1335
spk_ver/v02/v0203	SES029	-2.16191	-63.0701	-60.9081
spk_ver/v02/v0204	SES029	-0.659225	-62.0607	-61.4015
spk_ver/v02/v0205	SES060	0.640175	-59.8387	-60.4789
spk_ver/v02/v0206	SES127	2.33888	-58.8446	-61.1835
spk_ver/v02/v0207	SES029	-2.85662	-63.8189	-60.9623
spk_ver/v02/v0208	SES048	2.19287	-59.9368	-62.1297
spk_ver/v02/v0209	SES029	-1.32867	-62.8777	-61.549
spk_ver/v02/v0210	SES029	-3.40635	-64.8283	-61.4219
spk_ver/v02/v0211	SES029	-2.77441	-62.5999	-59.8255
spk_ver/v02/v0212	SES042	-19.4123	-82.4555	-63.0432
spk_ver/v02/v0213	SES085	0.781116	-61.1392	-61.9203
spk_ver/v02/v0214	SES206	1.81424	-57.7055	-59.5197
spk_ver/v02/v0215	SES144	0.63726	-61.2452	-61.8825
spk_ver/v02/v0216	SES042	-2.25342	-62.7189	-60.4655
spk_ver/v02/v0217	SES042	-2.33427	-66.7373	-64.403
spk_ver/v02/v0218	SES042	-0.934231	-60.0974	-59.1631
spk_ver/v02/v0219	SES206	1.53161	-58.181	-59.7126
spk_ver/v02/v0220	SES019	3.73425	-57.6615	-61.3958
spk_ver/v02/v0221	SES007	0.448048	-61.0424	-61.4904
spk_ver/v02/v0222	SES042	-16.2584	-79.3028	-63.0444
spk_ver/v02/v0223	SES147	2.10297	-61.7485	-63.8515
spk_ver/v02/v0224	SES105	0.966534	-61.0598	-62.0264
spk_ver/v02/v0225	SES042	-1.44785	-62.0219	-60.574
spk_ver/v02/v0226	SES275	0.930397	-61.26	-62.1904
spk_ver/v02/v0227	SES042	-3.49714	-65.0057	-61.5085
spk_ver/v02/v0228	SES042	-9.67639	-71.4765	-61.8001
spk_ver/v02/v0229	SES042	-19.4289	-79.8653	-60.4364
spk_ver/v02/v0230	SES085	0.858879	-58.9478	-59.8067
spk_ver/v02/v0231	SES014	2.40858	-57.1771	-59.5857
spk_ver/v02/v0232	SES042	-1.19252	-60.8012	-59.6087
spk_ver/v02/v0233	SES048	-4.1685	-64.3471	-60.1786
spk_ver/v02/v0234	SES048	-8.79375	-72.1167	-63.323
spk_ver/v02/v0235	SES029	0.799156	-60.3781	-61.1773
spk_ver/v02/v0236	SES048	-3.32312	-64.122	-60.7989
spk_ver/v02/v0237	SES048	-4.30675	-65.0199	-60.7131
spk_ver/v02/v0238	SES048	-4.11318	-65.5344	-61.4212
spk_ver/v02/v0239	SES060	0.822575	-59.8884	-60.711
spk_ver/v02/v0240	SES048	-6.95716	-69.3288	-62.3717
spk_ver/v02/v0241	SES048	-7.59288	-70.0695	-62.4766
spk_ver/v02/v0242	SES189	3.7832	-61.2177	-65.0009
spk_ver/v02/v0243	SES162	1.06439	-61.504	-62.5684
spk_ver/v02/v0244	SES048	-4.08768	-63.5233	-59.4356
spk_ver/v02/v0245	SES048	-3.98329	-64.5195	-60.5362
spk_ver/v02/v0246	SES048	-3.52253	-63.4258	-59.9032
spk_ver/v02/v0247	SES048	-4.394	-66.2782	-61.8842
spk_ver/v02/v0248	SES226	1.92358	-58.5801	-60.5037
spk_ver/v02/v0249	SES048	-3.57288	-65.5266	-61.9538
spk_ver/v02/v0250	SES048	-2.29492	-64.6921	-62.3971
spk_ver/v02/v0251	SES048	-4.03214	-64.7657	-60.7336
spk_ver/v02/v0252	SES060	-7.44551	-71.8385	-64.393
spk_ver/v02/v0253	SES060	-5.26925	-65.6413	-60.372
spk_ver/v02/v0254	SES259	2.67391	-57.06	-59.7339
spk_ver/v02/v0255	SES060	-3.85073	-66.8344	-62.9837
spk_ver/v02/v0256	SES202	1.44041	-61.0751	-62.5155
spk_ver/v02/v0257	SES148	0.523426	-60.1339	-60.6574
spk_ver/v02/v0258	SES060	-6.31152	-69.6405	-63.329
spk_ver/v02/v0259	SES060	-0.714706	-61.5081	-60.7934
spk_ver/v02/v0260	SES060	-1.73642	-63.2932	-61.5567
spk_ver/v02/v0261	SES099	2.42557	-58.0251	-60.4507
spk_ver/v02/v0262	SES060	-3.45272	-65.4654	-62.0126
spk_ver/v02/v0263	SES060	-1.87023	-62.4639	-60.5937
spk_ver/v02/v0264	SES292	0.555115	-61.3399	-61.895
spk_ver/v02/v0265	SES060	-1.32038	-62.3488	-61.0285
spk_ver/v02/v0266	SES060	-5.73105	-67.2469	-61.5158
spk_ver/v02/v0267	SES060	-4.89696	-66.6036	-61.7067
spk_ver/v02/v0268	SES060	-4.89856	-67.5254	-62.6269
spk_ver/v02/v0269	SES127	1.56155	-59.8698	-61.4314
spk_ver/v02/v0270	SES060	-1.53286	-63.6479	-62.115
spk_ver/v02/v0271	SES060	-1.33261	-62.2397	-60.9071
spk_ver/v02/v0272	SES060	-4.37711	-66.6715	-62.2944
spk_ver/v02/v0273	SES087	1.99865	-58.6811	-60.6797
spk_ver/v02/v0274	SES146	0.858105	-61.448	-62.3061
spk_ver/v02/v0275	SES060	-5.25611	-66.8769	-61.6208
spk_ver/v02/v0276	SES002	2.59173	-57.9204	-60.5122
spk_ver/v02/v0277	SES060	-1.91469	-62.5265	-60.6118
spk_ver/v02/v0278	SES060	-5.26514	-66.6234	-61.3583
spk_ver/v02/v0279	SES060	-5.41589	-64.9674	-59.5515
spk_ver/v02/v0280	SES129	2.70841	-58.6773	-61.3858
spk_ver/v02/v0281	SES162	1.15169	-60.5662	-61.7179
spk_ver/v02/v0282	SES060	-4.18462	-64.6013	-60.4166
spk_ver/v02/v0283	SES060	-2.83197	-63.7879	-60.9559
spk_ver/v02/v0284	SES062	-3.67085	-67.1913	-63.5204
spk_ver/v02/v0285	SES062	-4.50684	-64.7839	-60.2771
spk_ver/v02/v0286	SES120	0.098835	-62.2447	-62.3436
spk_ver/v02/v0287	SES062	-4.63559	-66.1256	-61.49
spk_ver/v02/v0288	SES062	-3.79207	-64.767	-60.9749
spk_ver/v02/v0289	SES062	-2.76159	-62.0402	-59.2787
spk_ver/v02/v0290	SES062	-3.37806	-65.0193	-61.6412
spk_ver/v02/v0291	SES275	0.38847	-61.4237	-61.8121
spk_ver/v02/v0292	SES062	-4.55186	-67.6053	-63.0535
spk_ver/v02/v0293	SES062	-6.29369	-69.5586	-63.2649
spk_ver/v02/v0294	SES062	-3.21839	-62.7301	-59.5117
spk_ver/v02/v0295	SES062	-3.68512	-66.1658	-62.4807
spk_ver/v02/v0296	SES062	-3.06085	-64.735	-61.6741
spk_ver/v02/v0297	SES062	-3.79897	-65.8268	-62.0278
spk_ver/v02/v0298	SES062	-4.39417	-65.971	-61.5769
spk_ver/v02/v0299	SES062	-1.64969	-63.3561	-61.7064
spk_ver/v03/v0300	SES062	-6.37796	-71.0539	-64.676
spk_ver/v03/v0301	SES062	-3.0168	-63.6832	-60.6664
spk_ver/v03/v0302	SES172	1.04701	-59.2168	-60.2638
spk_ver/v03/v0303	SES062	-1.21963	-62.1795	-60.9598
spk_ver/v03/v0304	SES062	-2.32911	-63.4262	-61.0971
spk_ver/v03/v0305	SES062	-3.72548	-64.3112	-60.5858
spk_ver/v03/v0306	SES062	-6.35595	-70.9662	-64.6102
spk_ver/v03/v0307	SES062	-3.99132	-63.7963	-59.805
spk_ver/v03/v0308	SES062	-6.21701	-68.969	-62.752
spk_ver/v03/v0309	SES062	-3.24986	-66.214	-62.9641
spk_ver/v03/v0310	SES125	1.38018	-58.0651	-59.4453
spk_ver/v03/v0311	SES062	-3.5658	-63.2591	-59.6933
spk_ver/v03/v0312	SES062	-4.99004	-67.5908	-62.6007
spk_ver/v03/v0313	SES062	-3.00383	-67.1118	-64.1079
spk_ver/v03/v0314	SES068	-5.57481	-65.885	-60.3102
spk_ver/v03/v0315	SES068	-4.00822	-63.4396	-59.4314
spk_ver/v03/v0316	SES068	-5.57878	-69.187	-63.6083
spk_ver/v03/v0317	SES068	-1.96123	-65.317	-63.3558
spk_ver/v03/v0318	SES068	-5.59398	-65.6593	-60.0653
spk_ver/v03/v0319	SES068	-6.62579	-67.8808	-61.255
spk_ver/v03/v0320	SES068	-1.37116	-61.1727	-59.8016
spk_ver/v03/v0321	SES068	-0.359875	-61.9658	-61.6059
spk_ver/v03/v0322	SES068	-1.095	-62.1211	-61.0261
spk_ver/v03/v0323	SES068	-2.57191	-64.4554	-61.8835
spk_ver/v03/v0324	SES144	0.469009	-63.1296	-63.5986
spk_ver/v03/v0325	SES068	-1.96861	-62.763	-60.7944
spk_ver/v03/v0326	SES068	-0.702702	-60.3148	-59.6121
spk_ver/v03/v0327	SES068	-2.4926	-64.346	-61.8534
spk_ver/v03/v0328	SES068	-5.16093	-66.3998	-61.2388
spk_ver/v03/v0329	SES068	-1.67278	-62.6078	-60.9351
spk_ver/v03/v0330	SES180	-0.0869102	-62.0436	-61.9567
spk_ver/v03/v0331	SES068	-1.42676	-63.2139	-61.7872
spk_ver/v03/v0332	SES275	1.34015	-60.281	-61.6212
spk_ver/v03/v0333	SES062	1.28743	-58.5272	-59.8147
spk_ver/v03/v0334	SES270	1.63568	-59.1453	-60.781
spk_ver/v03/v0335	SES068	-5.98137	-68.271	-62.2896
spk_ver/v03/v0336	SES068	-1.0471	-60.8811	-59.834
spk_ver/v03/v0337	SES068	-2.0842	-65.133	-63.0489
spk_ver/v03/v0338	SES068	-2.97478	-66.2577	-63.2829
spk_ver/v03/v0339	SES068	-1.31079	-62.8746	-61.5638
spk_ver/v03/v0340	SES068	-1.85257	-65.329	-63.4764
spk_ver/v03/v0341	SES016	1.11152	-59.837	-60.9485
spk_ver/v03/v0342	SES068	-4.27028	-67.4469	-63.1766
spk_ver/v03/v0343	SES068	-1.56905	-63.3384	-61.7693
spk_ver/v03/v0344	SES125	1.84163	-58.5656	-60.4073
spk_ver/v03/v0345	SES187	0.70874	-60.6136	-61.3224
spk_ver/v03/v0346	SES068	-2.84208	-63.6448	-60.8027
spk_ver/v03/v0347	SES143	1.41542	-60.8283	-62.2437
spk_ver/v03/v0348	SES292	1.29095	-60.5486	-61.8396
spk_ver/v03/v0349	SES082	-6.8898	-67.8866	-60.9968
spk_ver/v03/v0350	SES101	0.856327	-59.323	-60.1794
spk_ver/v03/v0351	SES082	0.253643	-60.3596	-60.6132
spk_ver/v03/v0352	SES082	-0.64296	-62.2078	-61.5648
spk_ver/v03/v0353	SES082	-8.49781	-70.5581	-62.0603
spk_ver/v03/v0354	SES082	-13.1514	-76.534	-63.3826
spk_ver/v03/v0355	SES083	0.868885	-58.7185	-59.5874
spk_ver/v03/v0356	SES082	-1.82409	-63.3487	-61.5246
spk_ver/v03/v0357	SES082	-12.1855	-74.5701	-62.3847
spk_ver/v03/v0358	SES082	-0.459747	-61.598	-61.1383
spk_ver/v03/v0359	SES117	0.809982	-63.2506	-64.0605
spk_ver/v03/v0360	SES082	-7.07002	-68.6054	-61.5354
spk_ver/v03/v0361	SES082	-0.998192	-62.5719	-61.5737
spk_ver/v03/v0362	SES007	1.14747	-59.7424	-60.8899
spk_ver/v03/v0363	SES082	-1.71712	-62.2308	-60.5137
spk_ver/v03/v0364	SES019	2.06768	-59.2575	-61.3251
spk_ver/v03/v0365	SES082	-0.739361	-61.712	-60.9727
spk_ver/v03/v0366	SES226	1.67914	-59.2355	-60.9146
spk_ver/v03/v0367	SES167	1.39861	-59.1577	-60.5563
spk_ver/v03/v0368	SES082	-2.17268	-61.2479	-59.0753
spk_ver/v03/v0369	SES042	3.36737	-55.501	-58.8683
spk_ver/v03/v0370	SES042	3.04596	-56.4405	-59.4865
spk_ver/v03/v0371	SES082	-9.18973	-70.512	-61.3222
spk_ver/v03/v0372	SES082	-1.15283	-61.1764	-60.0236
spk_ver/v03/v0373	SES082	-7.09688	-69.7804	-62.6835
spk_ver/v03/v0374	SES083	-0.833294	-60.7195	-59.8862
spk_ver/v03/v0375	SES292	0.981758	-60.6388	-61.6206
spk_ver/v03/v0376	SES083	-3.65029	-63.9413	-60.291
spk_ver/v03/v0377	SES083	-3.04148	-64.3135	-61.272
spk_ver/v03/v0378	SES083	-2.00616	-64.9527	-62.9465
spk_ver/v03/v0379	SES083	-0.877007	-62.5127	-61.6357
spk_ver/v03/v0380	SES083	-1.96729	-64.6249	-62.6576
spk_ver/v03/v0381	SES083	-1.49482	-63.2949	-61.8001
spk_ver/v03/v0382	SES148	0.786507	-60.285	-61.0715
spk_ver/v03/v0383	SES083	-0.710117	-61.1783	-60.4682
spk_ver/v03/v0384	SES226	1.97395	-58.409	-60.3829
spk_ver/v03/v0385	SES226	1.56115	-58.3881	-59.9492
spk_ver/v03/v0386	SES087	2.07862	-58.6983	-60.777
spk_ver/v03/v0387	SES029	1.0639	-60.7207	-61.7846
spk_ver/v03/v0388	SES147	2.45733	-60.7073	-63.1647
spk_ver/v03/v0389	SES083	-3.84834	-65.2434	-61.3951
spk_ver/v03/v0390	SES189	1.80151	-60.7438	-62.5454
spk_ver/v03/v0391	SES083	-0.69545	-62.3604	-61.665
spk_ver/v03/v0392	SES083	-0.134109	-59.9358	-59.8017
spk_ver/v03/v0393	SES083	-1.80098	-62.7562	-60.9552
spk_ver/v03/v0394	SES083	-3.08922	-64.1534	-61.0642
spk_ver/v03/v0395	SES083	-1.01266	-61.8304	-60.8178
spk_ver/v03/v0396	SES014	2.78148	-56.4235	-59.2049
spk_ver/v03/v0397	SES085	-0.96521	-60.8696	-59.9044
spk_ver/v03/v0398	SES085	-1.73516	-61.3913	-59.6562
spk_ver/v03/v0399	SES085	-4.72235	-64.4095	-59.6872
spk_ver/v04/v0400	SES106	1.76849	-58.1387	-59.9072
spk_ver/v04/v0401	SES085	-3.98166	-64.2348	-60.2532
spk_ver/v04/v0402	SES085	-5.273	-67.6064	-62.3334
spk_ver/v04/v0403	SES085	-0.671017	-60.7863	-60.1153
spk_ver/v04/v0404	SES180	1.43203	-60.0453	-61.4773
spk_ver/v04/v0405	SES129	1.8568	-58.4143	-60.2711
spk_ver/v04/v0406	SES085	-4.78784	-65.0305	-60.2426
spk_ver/v04/v0407	SES146	0.162838	-62.3648	-62.5276
spk_ver/v04/v0408	SES085	-0.632721	-60.9709	-60.3382
spk_ver/v04/v0409	SES085	-3.32928	-63.8931	-60.5639
spk_ver/v04/v0410	SES085	-6.62912	-66.4661	-59.837
spk_ver/v04/v0411	SES292	0.698685	-61.0065	-61.7052
spk_ver/v04/v0412	SES085	-1.48742	-61.4937	-60.0063
spk_ver/v04/v0413	SES125	1.93501	-57.7558	-59.6908
spk_ver/v04/v0414	SES085	-4.71145	-70.9141	-66.2026
spk_ver/v04/v0415	SES085	-2.05659	-63.2502	-61.1936
spk_ver/v04/v0416	SES085	-3.72064	-64.4741	-60.7535
spk_ver/v04/v0417	SES062	0.461521	-59.3381	-59.7996
spk_ver/v04/v0418	SES060	2.10397	-59.0885	-61.1925
spk_ver/v04/v0419	SES085	-1.07888	-62.3774	-61.2986
spk_ver/v04/v0420	SES085	-4.97631	-65.3376	-60.3613
spk_ver/v04/v0421	SES085	-6.86182	-68.1071	-61.2453
spk_ver/v04/v0422	SES085	-1.0358	-63.523	-62.4872
spk_ver/v04/v0423	SES085	-4.82255	-66.2509	-61.4284
spk_ver/v04/v0424	SES085	-4.31864	-66.8619	-62.5432
spk_ver/v04/v0425	SES183	1.05727	-61.162	-62.2193
spk_ver/v04/v0426	SES085	-5.26688	-65.3306	-60.0637
spk_ver/v04/v0427	SES087	-2.30925	-62.9191	-60.6099
spk_ver/v04/v0428	SES162	1.41754	-60.6621	-62.0796
spk_ver/v04/v0429	SES087	-0.984543	-61.1483	-60.1638
spk_ver/v04/v0430	SES087	-7.84129	-71.1839	-63.3426
spk_ver/v04/v0431	SES087	-17.725	-80.0527	-62.3278
spk_ver/v04/v0432	SES087	-2.06796	-63.1906	-61.1227
spk_ver/v04/v0433	SES087	-11.7614	-72.2004	-60.439
spk_ver/v04/v0434	SES142	3.83952	-58.7851	-62.6247
spk_ver/v04/v0435	SES087	-13.7807	-76.2855	-62.5048
spk_ver/v04/v0436	SES099	1.75227	-58.2697	-60.0219
spk_ver/v04/v0437	SES087	-5.97852	-66.2212	-60.2427
spk_ver/v04/v0438	SES087	-9.09051	-70.983	-61.8925
spk_ver/v04/v0439	SES087	-1.04931	-60.1197	-59.0704
spk_ver/v04/v0440	SES087	-8.90043	-69.737	-60.8365
spk_ver/v04/v0441	SES087	-15.5386	-77.7693	-62.2307
spk_ver/v04/v0442	SES187	2.03212	-60.7988	-62.8309
spk_ver/v04/v0443	SES172	1.82429	-60.1707	-61.995
spk_ver/v04/v0444	SES087	-3.67762	-64.3397	-60.6621
spk_ver/v04/v0445	SES087	-1.49921	-61.1982	-59.699
spk_ver/v04/v0446	SES087	0.0144081	-59.7176	-59.732
spk_ver/v04/v0447	SES087	-0.75742	-60.8218	-60.0644
spk_ver/v04/v0448	SES106	2.26652	-58.8269	-61.0934
spk_ver/v04/v0449	SES146	1.38042	-61.2116	-62.592
spk_ver/v04/v0450	SES087	-12.8044	-74.6883	-61.8839
spk_ver/v04/v0451	SES087	-0.800694	-61.1606	-60.3599
spk_ver/v04/v0452	SES007	1.52466	-60.4119	-61.9366
spk_ver/v04/v0453	SES087	-1.72806	-62.7122	-60.9841
spk_ver/v04/v0454	SES087	-11.1709	-73.4483	-62.2773
spk_ver/v04/v0455	SES180	0.498272	-61.3124	-61.8107
spk_ver/v04/v0456	SES099	-7.47885	-70.6495	-63.1706
spk_ver/v04/v0457	SES042	1.99406	-58.1725	-60.1665
spk_ver/v04/v0458	SES099	-0.448044	-60.9019	-60.4538
spk_ver/v04/v0459	SES099	-15.3676	-77.5564	-62.1888
spk_ver/v04/v0460	SES099	-10.2145	-74.2148	-64.0003
spk_ver/v04/v0461	SES099	-1.11438	-61.2669	-60.1525
spk_ver/v04/v0462	SES082	2.14442	-57.9657	-60.1101
spk_ver/v04/v0463	SES099	0.0903015	-60.4652	-60.5555
spk_ver/v04/v0464	SES099	0.682919	-59.0406	-59.7236
spk_ver/v04/v0465	SES099	-13.5659	-75.0376	-61.4716
spk_ver/v04/v0466	SES099	-0.210289	-60.5942	-60.3839
spk_ver/v04/v0467	SES099	-1.02148	-61.8905	-60.869
spk_ver/v04/v0468	SES129	1.81551	-59.8005	-61.616
spk_ver/v04/v0469	SES101	0.539303	-60.2444	-60.7837
spk_ver/v04/v0470	SES099	-9.24059	-72.2114	-62.9708
spk_ver/v04/v0471	SES172	1.32457	-60.4611	-61.7856
spk_ver/v04/v0472	SES099	0.220867	-60.1481	-60.369
spk_ver/v04/v0473	SES270	2.33548	-58.2389	-60.5744
spk_ver/v04/v0474	SES099	-4.94608	-66.295	-61.3489
spk_ver/v04/v0475	SES099	-4.90577	-65.6836	-60.7778
spk_ver/v04/v0476	SES099	-2.45946	-66.1732	-63.7138
spk_ver/v04/v0477	SES002	2.20473	-57.4011	-59.6058
spk_ver/v04/v0478	SES099	0.559212	-59.7677	-60.3269
spk_ver/v04/v0479	SES007	-0.747559	-62.6663	-61.9188
spk_ver/v04/v0480	SES101	-4.40319	-63.6422	-59.239
spk_ver/v04/v0481	SES101	-4.55623	-67.8155	-63.2593
spk_ver/v04/v0482	SES175	0.868416	-61.5917	-62.4601
spk_ver/v04/v0483	SES101	-1.66239	-63.2731	-61.6107
spk_ver/v04/v0484	SES101	-4.00694	-62.9214	-58.9144
spk_ver/v04/v0485	SES101	-3.29793	-66.2011	-62.9031
spk_ver/v04/v0486	SES101	-1.50141	-65.3829	-63.8815
spk_ver/v04/v0487	SES101	-2.66665	-65.2329	-62.5662
spk_ver/v04/v0488	SES101	-3.92504	-64.8872	-60.9622
spk_ver/v04/v0489	SES147	1.77771	-62.6522	-64.43
spk_ver/v04/v0490	SES085	0.225506	-61.9154	-62.1409
spk_ver/v04/v0491	SES101	-2.19593	-65.2671	-63.0712
spk_ver/v04/v0492	SES101	-4.68561	-67.3158	-62.6302
spk_ver/v04/v0493	SES101	-2.53163	-61.7345	-59.2029
spk_ver/v04/v0494	SES101	-2.62336	-66.7029	-64.0796
spk_ver/v04/v0495	SES101	-0.912922	-60.5467	-59.6337
spk_ver/v04/v0496	SES101	-3.50459	-65.575	-62.0704
spk_ver/v04/v0497	SES014	2.11481	-56.7695	-58.8843
spk_ver/v04/v0498	SES101	-3.31052	-64.5509	-61.2404
spk_ver/v04/v0499	SES101	-1.38668	-61.7879	-60.4012
spk_ver/v05/v0500	SES085	0.250641	-60.0604	-60.311
spk_ver/v05/v0501	SES101	-4.72321	-65.0939	-60.3707
spk_ver/v05/v0502	SES275	0.932682	-60.4003	-61.333
spk_ver/v05/v0503	SES117	1.22878	-61.698	-62.9267
spk_ver/v05/v0504	SES101	-3.96891	-63.8664	-59.8974
spk_ver/v05/v0505	SES101	-1.78696	-62.7206	-60.9336
spk_ver/v05/v0506	SES101	-1.83177	-64.0634	-62.2317
spk_ver/v05/v0507	SES048	1.2051	-59.1447	-60.3498
spk_ver/v05/v0508	SES117	0.782169	-62.7328	-63.515
spk_ver/v05/v0509	SES202	2.38412	-58.4911	-60.8752
spk_ver/v05/v0510	SES104	-2.10218	-64.6889	-62.5867
spk_ver/v05/v0511	SES008	0.0461731	-62.3982	-62.4444
spk_ver/v05/v0512	SES104	-0.903999	-62.0437	-61.1397
spk_ver/v05/v0513	SES104	-1.06111	-60.3541	-59.293
spk_ver/v05/v0514	SES104	-10.0077	-70.0189	-60.0112
spk_ver/v05/v0515	SES104	-15.2021	-77.5382	-62.3361
spk_ver/v05/v0516	SES104	-0.709423	-63.2826	-62.5732
spk_ver/v05/v0517	SES060	0.336548	-59.2136	-59.5501
spk_ver/v05/v0518	SES104	-15.709	-78.6138	-62.9049
spk_ver/v05/v0519	SES104	-14.921	-78.3503	-63.4293
spk_ver/v05/v0520	SES104	-0.0538292	-59.1878	-59.1339
spk_ver/v05/v0521	SES008	1.09979	-58.8459	-59.9457
spk_ver/v05/v0522	SES068	1.31142	-60.0351	-61.3465
spk_ver/v05/v0523	SES087	1.88259	-58.0657	-59.9483
spk_ver/v05/v0524	SES104	-1.04237	-62.4994	-61.457
spk_ver/v05/v0525	SES104	-0.53838	-61.0416	-60.5032
spk_ver/v05/v0526	SES104	-1.3937	-62.2494	-60.8557
spk_ver/v05/v0527	SES083	0.961788	-59.7998	-60.7615
spk_ver/v05/v0528	SES148	1.2906	-60.3045	-61.5951
spk_ver/v05/v0529	SES104	-1.81708	-63.0503	-61.2332
spk_ver/v05/v0530	SES104	-9.91347	-71.2373	-61.3238
spk_ver/v05/v0531	SES125	1.56535	-58.6526	-60.218
spk_ver/v05/v0532	SES104	-14.1496	-75.9185	-61.7689
spk_ver/v05/v0533	SES149	3.25949	-56.8433	-60.1028
spk_ver/v05/v0534	SES104	-13.4806	-74.6286	-61.148
spk_ver/v05/v0535	SES187	0.978333	-61.2605	-62.2389
spk_ver/v05/v0536	SES104	-1.9542	-62.1038	-60.1496
spk_ver/v05/v0537	SES104	-1.57756	-62.2524	-60.6748
spk_ver/v05/v0538	SES167	2.31107	-59.5796	-61.8907
spk_ver/v05/v0539	SES104	-1.17169	-63.9127	-62.741
spk_ver/v05/v0540	SES104	-12.1934	-71.5459	-59.3525
spk_ver/v05/v0541	SES183	0.974136	-62.4321	-63.4063
spk_ver/v05/v0542	SES104	-0.994572	-61.5059	-60.5113
spk_ver/v05/v0543	SES104	-12.6284	-73.9267	-61.2982
spk_ver/v05/v0544	SES105	-3.47255	-65.2805	-61.808
spk_ver/v05/v0545	SES105	-2.02119	-64.1331	-62.1119
spk_ver/v05/v0546	SES105	-2.79733	-63.5421	-60.7447
spk_ver/v05/v0547	SES105	-3.04992	-65.8344	-62.7844
spk_ver/v05/v0548	SES019	2.9129	-58.6174	-61.5303
spk_ver/v05/v0549	SES105	-2.02118	-63.7116	-61.6904
spk_ver/v05/v0550	SES105	-3.15871	-65.0265	-61.8678
spk_ver/v05/v0551	SES202	2.37956	-60.6851	-63.0646
spk_ver/v05/v0552	SES105	-3.72235	-65.4568	-61.7344
spk_ver/v05/v0553	SES105	0.00889206	-61.4363	-61.4452
spk_ver/v05/v0554	SES105	-1.71907	-62.2819	-60.5628
spk_ver/v05/v0555	SES105	-2.09508	-63.2738	-61.1787
spk_ver/v05/v0556	SES082	0.421093	-59.633	-60.0541
spk_ver/v05/v0557	SES105	-3.40276	-63.3464	-59.9437
spk_ver/v05/v0558	SES014	1.50374	-57.4863	-58.99
spk_ver/v05/v0559	SES105	-1.49343	-62.4773	-60.9839
spk_ver/v05/v0560	SES177	0.278744	-61.1634	-61.4421
spk_ver/v05/v0561	SES189	5.54391	-65.6504	-71.1943
spk_ver/v05/v0562	SES105	-1.883	-64.9197	-63.0367
spk_ver/v05/v0563	SES099	1.92515	-60.0655	-61.9906
spk_ver/v05/v0564	SES105	-2.56707	-63.9724	-61.4053
spk_ver/v05/v0565	SES105	-3.32051	-64.1028	-60.7823
spk_ver/v05/v0566	SES105	-3.22528	-64.5755	-61.3502
spk_ver/v05/v0567	SES142	2.12632	-60.8466	-62.9729
spk_ver/v05/v0568	SES048	1.35355	-59.7326	-61.0862
spk_ver/v05/v0569	SES105	-2.96202	-62.8252	-59.8632
spk_ver/v05/v0570	SES105	-0.698582	-61.9136	-61.2151
spk_ver/v05/v0571	SES105	-3.54261	-65.8203	-62.2776
spk_ver/v05/v0572	SES105	-3.22557	-65.6384	-62.4128
spk_ver/v05/v0573	SES105	-3.69881	-64.1818	-60.483
spk_ver/v05/v0574	SES105	-1.29778	-62.938	-61.6402
spk_ver/v05/v0575	SES105	-2.30988	-65.1269	-62.8171
spk_ver/v05/v0576	SES106	-13.5558	-76.3397	-62.7839
spk_ver/v05/v0577	SES106	-4.27744	-67.6912	-63.4138
spk_ver/v05/v0578	SES106	-8.92342	-70.5654	-61.642
spk_ver/v05/v0579	SES106	-10.7714	-71.6353	-60.8639
spk_ver/v05/v0580	SES106	-0.795315	-60.4249	-59.6296
spk_ver/v05/v0581	SES106	-14.0245	-76.7378	-62.7133
spk_ver/v05/v0582	SES106	-1.78097	-63.6903	-61.9093
spk_ver/v05/v0583	SES106	-1.27003	-60.0878	-58.8177
spk_ver/v05/v0584	SES106	-12.4603	-74.3611	-61.9008
spk_ver/v05/v0585	SES106	-0.139732	-63.2981	-63.1584
spk_ver/v05/v0586	SES106	-10.5774	-72.2792	-61.7018
spk_ver/v05/v0587	SES106	-4.71042	-67.0406	-62.3302
spk_ver/v05/v0588	SES106	-8.5699	-69.1002	-60.5303
spk_ver/v05/v0589	SES106	-12.3113	-72.4424	-60.1311
spk_ver/v05/v0590	SES082	1.40082	-59.3812	-60.782
spk_ver/v05/v0591	SES180	0.74065	-61.6748	-62.4155
spk_ver/v05/v0592	SES106	-1.00709	-61.8603	-60.8532
spk_ver/v05/v0593	SES106	-15.3223	-78.2166	-62.8943
spk_ver/v05/v0594	SES292	1.20984	-60.253	-61.4629
spk_ver/v05/v0595	SES106	-0.132874	-60.806	-60.6731
spk_ver/v05/v0596	SES106	-12.8302	-75.3066	-62.4765
spk_ver/v05/v0597	SES106	-10.8811	-72.5327	-61.6516
spk_ver/v05/v0598	SES042	2.91234	-57.2829	-60.1952
spk_ver/v05/v0599	SES106	-10.9966	-73.2421	-62.2455
spk_ver/v06/v0600	SES106	0.433235	-60.9593	-61.3926
spk_ver/v06/v0601	SES106	-1.13237	-62.5587	-61.4263
spk_ver/v06/v0602	SES106	-6.2952	-67.5023	-61.2071
spk_ver/v06/v0603	SES106	-12.3488	-74.4477	-62.0989
spk_ver/v06/v0604	SES106	-9.2779	-70.4624	-61.1845
spk_ver/v06/v0605	SES106	-12.6662	-77.2735	-64.6073
spk_ver/v06/v0606	SES048	2.10479	-58.5757	-60.6805
spk_ver/v06/v0607	SES167	2.36417	-58.3722	-60.7364
spk_ver/v06/v0608	SES106	-9.32358	-71.0507	-61.7271
spk_ver/v06/v0609	SES143	0.544811	-61.3949	-61.9397
spk_ver/v06/v0610	SES106	-17.4654	-81.9505	-64.4851
spk_ver/v06/v0611	SES106	-6.17415	-68.6072	-62.4331
spk_ver/v06/v0612	SES106	-17.6997	-80.2174	-62.5177
spk_ver/v06/v0613	SES117	-0.153923	-61.932	-61.7781
spk_ver/v06/v0614	SES117	-4.44642	-65.1621	-60.7157
spk_ver/v06/v0615	SES117	-0.941059	-62.8667	-61.9256
spk_ver/v06/v0616	SES106	2.03804	-56.8922	-58.9302
spk_ver/v06/v0617	SES142	3.55831	-60.8177	-64.376
spk_ver/v06/v0618	SES048	1.90186	-58.578	-60.4799
spk_ver/v06/v0619	SES175	1.75791	-60.4868	-62.2447
spk_ver/v06/v0620	SES180	1.14391	-60.0804	-61.2243
spk_ver/v06/v0621	SES117	-0.142967	-63.5733	-63.4304
spk_ver/v06/v0622	SES029	0.686867	-61.1049	-61.7918
spk_ver/v06/v0623	SES117	-0.521484	-61.4594	-60.9379
spk_ver/v06/v0624	SES117	-3.53371	-64.8236	-61.2898
spk_ver/v06/v0625	SES117	-0.329094	-65.3119	-64.9828
spk_ver/v06/v0626	SES106	1.98127	-58.473	-60.4543
spk_ver/v06/v0627	SES226	2.04451	-57.9521	-59.9966
spk_ver/v06/v0628	SES117	0.374134	-61.6314	-62.0055
spk_ver/v06/v0629	SES117	-2.55428	-60.3171	-57.7628
spk_ver/v06/v0630	SES117	-3.72657	-64.7235	-60.997
spk_ver/v06/v0631	SES117	-3.81804	-66.9321	-63.114
spk_ver/v06/v0632	SES117	-1.47292	-61.9471	-60.4742
spk_ver/v06/v0633	SES099	2.99641	-57.6915	-60.6879
spk_ver/v06/v0634	SES105	1.89075	-60.1989	-62.0896
spk_ver/v06/v0635	SES167	1.4212	-60.9375	-62.3587
spk_ver/v06/v0636	SES117	-0.196709	-60.5204	-60.3237
spk_ver/v06/v0637	SES202	2.25771	-59.9394	-62.1972
spk_ver/v06/v0638	SES117	-2.37175	-63.304	-60.9322
spk_ver/v06/v0639	SES167	1.97185	-59.4118	-61.3837
spk_ver/v06/v0640	SES117	-1.6755	-63.3973	-61.7218
spk_ver/v06/v0641	SES117	-2.22132	-62.3283	-60.107
spk_ver/v06/v0642	SES101	0.869678	-59.1946	-60.0643
spk_ver/v06/v0643	SES068	1.15774	-60.2143	-61.372
spk_ver/v06/v0644	SES120	-3.0738	-65.4678	-62.394
spk_ver/v06/v0645	SES120	-1.31723	-64.672	-63.3548
spk_ver/v06/v0646	SES172	0.991844	-60.888	-61.8798
spk_ver/v06/v0647	SES120	-1.95623	-62.4979	-60.5416
spk_ver/v06/v0648	SES120	-0.677155	-60.8796	-60.2025
spk_ver/v06/v0649	SES120	-2.98823	-65.3696	-62.3813
spk_ver/v06/v0650	SES087	1.89786	-58.7736	-60.6715
spk_ver/v06/v0651	SES120	-2.63408	-63.5018	-60.8677
spk_ver/v06/v0652	SES104	-0.503258	-62.5098	-62.0066
spk_ver/v06/v0653	SES129	1.67941	-59.0062	-60.6856
spk_ver/v06/v0654	SES120	-1.97135	-63.5607	-61.5893
spk_ver/v06/v0655	SES120	-1.89931	-63.3661	-61.4667
spk_ver/v06/v0656	SES120	-1.23087	-62.0466	-60.8158
spk_ver/v06/v0657	SES147	1.51243	-61.8088	-63.3212
spk_ver/v06/v0658	SES120	-3.18528	-64.5937	-61.4084
spk_ver/v06/v0659	SES120	-2.51939	-62.6991	-60.1797
spk_ver/v06/v0660	SES120	-0.316261	-61.4884	-61.1722
spk_ver/v06/v0661	SES120	-2.90725	-65.1164	-62.2091
spk_ver/v06/v0662	SES120	-1.58062	-63.3302	-61.7496
spk_ver/v06/v0663	SES120	-2.38865	-66.0617	-63.6731
spk_ver/v06/v0664	SES147	2.21087	-60.7552	-62.9661
spk_ver/v06/v0665	SES162	1.69397	-60.8839	-62.5779
spk_ver/v06/v0666	SES120	-1.6468	-62.1213	-60.4745
spk_ver/v06/v0667	SES120	-3.03913	-63.4579	-60.4188
spk_ver/v06/v0668	SES120	1.43623	-60.1104	-61.5466
spk_ver/v06/v0669	SES142	3.22525	-59.2405	-62.4657
spk_ver/v06/v0670	SES106	2.30898	-57.9524	-60.2613
spk_ver/v06/v0671	SES183	2.1661	-60.4361	-62.6022
spk_ver/v06/v0672	SES120	-2.7006	-63.8648	-61.1642
spk_ver/v06/v0673	SES029	0.512527	-61.9999	-62.5125
spk_ver/v06/v0674	SES120	-1.44747	-62.9043	-61.4568
spk_ver/v06/v0675	SES008	1.6565	-59.1042	-60.7607
spk_ver/v06/v0676	SES125	-12.2005	-75.7276	-63.5271
spk_ver/v06/v0677	SES143	1.19938	-61.4134	-62.6128
spk_ver/v06/v0678	SES125	-10.9479	-74.4366	-63.4888
spk_ver/v06/v0679	SES162	0.647964	-60.9614	-61.6093
spk_ver/v06/v0680	SES125	-6.70547	-67.3045	-60.5991
spk_ver/v06/v0681	SES125	-1.45127	-61.9619	-60.5106
spk_ver/v06/v0682	SES125	-9.23911	-68.9228	-59.6837
spk_ver/v06/v0683	SES226	1.34012	-58.9114	-60.2515
spk_ver/v06/v0684	SES125	-8.9402	-71.2395	-62.2993
spk_ver/v06/v0685	SES125	-14.824	-75.7843	-60.9603
spk_ver/v06/v0686	SES120	1.13479	-59.6399	-60.7747
spk_ver/v06/v0687	SES125	-2.93748	-65.9345	-62.997
spk_ver/v06/v0688	SES158	1.54334	-58.8537	-60.397
spk_ver/v06/v0689	SES125	-5.44424	-69.0354	-63.5912
spk_ver/v06/v0690	SES105	1.95408	-60.0627	-62.0167
spk_ver/v06/v0691	SES125	-1.04176	-61.7127	-60.6709
spk_ver/v06/v0692	SES125	-1.83462	-61.8382	-60.0036
spk_ver/v06/v0693	SES180	1.5948	-60.0134	-61.6082
spk_ver/v06/v0694	SES125	-18.4526	-80.9981	-62.5455
spk_ver/v06/v0695	SES125	-3.8162	-64.5151	-60.6989
spk_ver/v06/v0696	SES125	-13.7067	-74.5252	-60.8185
spk_ver/v06/v0697	SES125	-14.991	-78.2565	-63.2654
spk_ver/v06/v0698	SES083	0.706543	-59.9678	-60.6743
spk_ver/v06/v0699	SES125	-11.699	-73.6831	-61.984
spk_ver/v07/v0700	SES014	2.40993	-57.5296	-59.9396
spk_ver/v07/v0701	SES125	-7.53646	-67.4311	-59.8947
spk_ver/v07/v0702	SES127	-0.614994	-61.95	-61.335
spk_ver/v07/v0703	SES127	-1.65799	-64.9984	-63.3404
spk_ver/v07/v0704	SES206	1.89921	-57.6659	-59.5651
spk_ver/v07/v0705	SES127	-1.52606	-63.8478	-62.3217
spk_ver/v07/v0706	SES127	-4.00599	-65.9412	-61.9352
spk_ver/v07/v0707	SES127	-4.53335	-64.7188	-60.1854
spk_ver/v07/v0708	SES275	0.421619	-61.1287	-61.5503
spk_ver/v07/v0709	SES127	-2.75677	-64.8912	-62.1344
spk_ver/v07/v0710	SES105	0.75745	-61.3766	-62.134
spk_ver/v07/v0711	SES127	-2.94457	-65.1306	-62.186
spk_ver/v07/v0712	SES127	-1.19614	-62.7118	-61.5156
spk_ver/v07/v0713	SES127	-3.89621	-65.8483	-61.9521
spk_ver/v07/v0714	SES019	3.80524	-57.9366	-61.7419
spk_ver/v07/v0715	SES127	-2.66907	-66.3492	-63.6802
spk_ver/v07/v0716	SES148	0.790207	-60.2787	-61.0689
spk_ver/v07/v0717	SES162	1.61199	-60.0521	-61.6641
spk_ver/v07/v0718	SES189	2.02651	-62.1689	-64.1954
spk_ver/v07/v0719	SES149	0.557964	-59.2999	-59.8579
spk_ver/v07/v0720	SES175	1.59582	-60.5796	-62.1754
spk_ver/v07/v0721	SES127	-4.43213	-65.0249	-60.5928
spk_ver/v07/v0722	SES127	-2.05277	-64.2446	-62.1918
spk_ver/v07/v0723	SES127	-1.99673	-63.5987	-61.602
spk_ver/v07/v0724	SES127	-4.16857	-65.9289	-61.7604
spk_ver/v07/v0725	SES127	-2.89729	-64.6481	-61.7508
spk_ver/v07/v0726	SES259	2.10625	-57.5376	-59.6438
spk_ver/v07/v0727	SES127	-3.17223	-66.2934	-63.1212
spk_ver/v07/v0728	SES127	-0.687996	-60.4382	-59.7502
spk_ver/v07/v0729	SES127	-5.41106	-66.3243	-60.9133
spk_ver/v07/v0730	SES127	-3.15512	-66.1528	-62.9977
spk_ver/v07/v0731	SES129	-1.66281	-61.2489	-59.5861
spk_ver/v07/v0732	SES129	-3.88676	-66.4261	-62.5394
spk_ver/v07/v0733	SES129	-7.80841	-72.4815	-64.6731
spk_ver/v07/v0734	SES129	-11.6421	-75.737	-64.0949
spk_ver/v07/v0735	SES183	1.28715	-60.4035	-61.6907
spk_ver/v07/v0736	SES129	-3.73718	-65.8841	-62.1469
spk_ver/v07/v0737	SES129	-2.94252	-65.8174	-62.8749
spk_ver/v07/v0738	SES129	-5.2316	-66.2637	-61.0322
spk_ver/v07/v0739	SES129	-5.1321	-67.5591	-62.427
spk_ver/v07/v0740	SES167	-0.173817	-61.0952	-60.9214
spk_ver/v07/v0741	SES129	-4.68486	-67.8743	-63.1894
spk_ver/v07/v0742	SES129	-3.2564	-62.2199	-58.9635
spk_ver/v07/v0743	SES129	-2.33173	-64.114	-61.7823
spk_ver/v07/v0744	SES129	-6.46806	-69.8743	-63.4063
spk_ver/v07/v0745	SES180	0.980415	-60.9229	-61.9034
spk_ver/v07/v0746	SES129	-1.04113	-61.6305	-60.5894
spk_ver/v07/v0747	SES292	0.0221825	-60.5877	-60.6099
spk_ver/v07/v0748	SES202	1.61333	-60.4882	-62.1015
spk_ver/v07/v0749	SES270	1.24114	-59.0107	-60.2518
spk_ver/v07/v0750	SES129	-3.77325	-64.0626	-60.2894
spk_ver/v07/v0751	SES129	-4.04016	-63.4588	-59.4186
spk_ver/v07/v0752	SES060	-0.0576477	-61.3818	-61.3241
spk_ver/v07/v0753	SES129	-4.86704	-67.2259	-62.3588
spk_ver/v07/v0754	SES129	-11.933	-77.5545	-65.6215
spk_ver/v07/v0755	SES129	-3.84983	-67.307	-63.4571
spk_ver/v07/v0756	SES175	1.07042	-61.471	-62.5414
spk_ver/v07/v0757	SES129	-4.59359	-65.8526	-61.259
spk_ver/v07/v0758	SES129	-4.64779	-66.1444	-61.4966
spk_ver/v07/v0759	SES129	-4.1632	-63.4585	-59.2953
spk_ver/v07/v0760	SES129	-4.26143	-65.3622	-61.1008
spk_ver/v07/v0761	SES129	-2.79424	-61.3153	-58.521
spk_ver/v07/v0762	SES172	0.791836	-61.388	-62.1798
spk_ver/v07/v0763	SES129	-3.82123	-66.6491	-62.8278
spk_ver/v07/v0764	SES129	-5.47653	-66.5828	-61.1063
spk_ver/v07/v0765	SES175	1.16592	-61.6516	-62.8175
spk_ver/v07/v0766	SES129	-4.36226	-63.9626	-59.6004
spk_ver/v07/v0767	SES129	-3.2401	-65.2587	-62.0186
spk_ver/v07/v0768	SES042	2.50956	-57.1611	-59.6707
spk_ver/v07/v0769	SES099	1.73688	-59.446	-61.1829
spk_ver/v07/v0770	SES142	-4.83929	-67.3086	-62.4694
spk_ver/v07/v0771	SES142	-4.87255	-65.7204	-60.8479
spk_ver/v07/v0772	SES101	0.4618	-60.3975	-60.8593
spk_ver/v07/v0773	SES142	-9.20564	-70.7485	-61.5429
spk_ver/v07/v0774	SES142	-4.31944	-67.5984	-63.279
spk_ver/v07/v0775	SES142	-2.85062	-64.8797	-62.0291
spk_ver/v07/v0776	SES142	-4.54207	-64.8072	-60.2652
spk_ver/v07/v0777	SES142	-3.76222	-65.4843	-61.722
spk_ver/v07/v0778	SES142	-1.19835	-64.5445	-63.3462
spk_ver/v07/v0779	SES142	-9.67499	-69.9238	-60.2488
spk_ver/v07/v0780	SES142	-4.89753	-67.184	-62.2865
spk_ver/v07/v0781	SES142	-8.03319	-68.4093	-60.3761
spk_ver/v07/v0782	SES101	0.97216	-60.4048	-61.377
spk_ver/v07/v0783	SES142	-5.69254	-66.8951	-61.2026
spk_ver/v07/v0784	SES187	2.28619	-59.4821	-61.7683
spk_ver/v07/v0785	SES143	0.926624	-62.8545	-63.7812
spk_ver/v07/v0786	SES142	-3.44017	-65.4977	-62.0575
spk_ver/v07/v0787	SES144	0.804623	-60.824	-61.6286
spk_ver/v07/v0788	SES275	0.387154	-61.5615	-61.9486
spk_ver/v07/v0789	SES142	-3.94679	-65.5396	-61.5928
spk_ver/v07/v0790	SES099	2.4018	-57.663	-60.0648
spk_ver/v07/v0791	SES142	-7.73098	-69.5085	-61.7776
spk_ver/v07/v0792	SES142	-4.83924	-63.3521	-58.5129
spk_ver/v07/v0793	SES142	-7.91972	-69.4835	-61.5638
spk_ver/v07/v0794	SES014	1.67387	-57.4691	-59.1429
spk_ver/v07/v0795	SES142	-7.07284	-67.056	-59.9832
spk_ver/v07/v0796	SES142	-6.63329	-67.0717	-60.4384
spk_ver/v07/v0797	SES143	-1.08004	-61.603	-60.5229
spk_ver/v07/v0798	SES206	1.84366	-57.3601	-59.2038
spk_ver/v07/v0799	SES143	-6.06467	-68.0159	-61.9512
spk_ver/v08/v0800	SES143	-1.35917	-63.6727	-62.3135
spk_ver/v08/v0801	SES143	-0.692596	-61.1709	-60.4783
spk_ver/v08/v0802	SES143	-2.84208	-64.5479	-61.7059
spk_ver/v08/v0803	SES143	-4.46247	-65.2189	-60.7565
spk_ver/v08/v0804	SES143	-4.57135	-66.1466	-61.5752
spk_ver/v08/v0805	SES143	-4.25812	-65.7624	-61.5043
spk_ver/v08/v0806	SES143	-1.79915	-65.7708	-63.9717
spk_ver/v08/v0807	SES177	-0.00917053	-60.7959	-60.7868
spk_ver/v08/v0808	SES149	1.53561	-58.5937	-60.1293
spk_ver/v08/v0809	SES143	-7.47573	-67.4429	-59.9671
spk_ver/v08/v0810	SES158	1.97243	-59.7808	-61.7532
spk_ver/v08/v0811	SES143	-2.71902	-68.6513	-65.9323
spk_ver/v08/v0812	SES062	1.36407	-58.702	-60.0661
spk_ver/v08/v0813	SES259	1.98588	-57.434	-59.4199
spk_ver/v08/v0814	SES143	-7.05636	-65.7901	-58.7337
spk_ver/v08/v0815	SES143	-5.77902	-66.4891	-60.7101
spk_ver/v08/v0816	SES143	-1.31717	-62.7274	-61.4102
spk_ver/v08/v0817	SES144	0.409103	-61.9098	-62.3189
spk_ver/v08/v0818	SES143	-1.72659	-64.115	-62.3884
spk_ver/v08/v0819	SES143	-1.99294	-63.7218	-61.7288
spk_ver/v08/v0820	SES143	-1.01949	-60.5414	-59.5219
spk_ver/v08/v0821	SES143	-2.12738	-64.4834	-62.356
spk_ver/v08/v0822	SES143	-4.65738	-65.1348	-60.4774
spk_ver/v08/v0823	SES104	1.77782	-58.2655	-60.0433
spk_ver/v08/v0824	SES143	-2.59403	-63.9601	-61.3661
spk_ver/v08/v0825	SES143	-4.46165	-64.558	-60.0964
spk_ver/v08/v0826	SES144	-4.12165	-64.8106	-60.689
spk_ver/v08/v0827	SES144	-1.244	-62.5477	-61.3037
spk_ver/v08/v0828	SES144	-0.418686	-60.7637	-60.3451
spk_ver/v08/v0829	SES172	0.670227	-61.4111	-62.0813
spk_ver/v08/v0830	SES144	-0.344078	-62.2216	-61.8775
spk_ver/v08/v0831	SES183	0.835323	-61.6426	-62.4779
spk_ver/v08/v0832	SES144	-2.48384	-64.9538	-62.4699
spk_ver/v08/v0833	SES144	-4.91819	-64.4837	-59.5655
spk_ver/v08/v0834	SES144	-0.872025	-62.8167	-61.9447
spk_ver/v08/v0835	SES144	-1.69987	-64.0004	-62.3005
spk_ver/v08/v0836	SES144	-1.81219	-63.0442	-61.232
spk_ver/v08/v0837	SES144	-3.11245	-62.1279	-59.0154
spk_ver/v08/v0838	SES144	-2.62909	-65.2121	-62.583
spk_ver/v08/v0839	SES085	0.595436	-60.3473	-60.9428
spk_ver/v08/v0840	SES144	-0.0304565	-62.2173	-62.1869
spk_ver/v08/v0841	SES144	-3.8328	-66.4911	-62.6583
spk_ver/v08/v0842	SES144	-3.86279	-63.7767	-59.9139
spk_ver/v08/v0843	SES144	-0.747215	-62.1131	-61.3659
spk_ver/v08/v0844	SES144	-2.41047	-62.7484	-60.3379
spk_ver/v08/v0845	SES144	-4.18938	-63.5375	-59.3481
spk_ver/v08/v0846	SES104	0.955242	-59.5535	-60.5088
spk_ver/v08/v0847	SES144	-1.81437	-63.9559	-62.1415
spk_ver/v08/v0848	SES144	-2.32738	-67.5209	-65.1935
spk_ver/v08/v0849	SES144	-5.6742	-65.7523	-60.0781
spk_ver/v08/v0850	SES144	-4.38648	-64.2859	-59.8994
spk_ver/v08/v0851	SES144	-1.18691	-61.8001	-60.6132
spk_ver/v08/v0852	SES144	-0.536591	-61.265	-60.7284
spk_ver/v08/v0853	SES144	-3.97374	-63.6223	-59.6486
spk_ver/v08/v0854	SES144	-2.06296	-63.8722	-61.8093
spk_ver/v08/v0855	SES144	-0.483212	-60.3343	-59.8511
spk_ver/v08/v0856	SES082	0.212269	-62.9251	-63.1374
spk_ver/v08/v0857	SES142	2.94165	-59.4963	-62.4379
spk_ver/v08/v0858	SES144	-0.569592	-64.2786	-63.709
spk_ver/v08/v0859	SES144	-1.22448	-63.5873	-62.3629
spk_ver/v08/v0860	SES146	-3.87479	-64.8289	-60.9542
spk_ver/v08/v0861	SES146	-3.18085	-64.2777	-61.0968
spk_ver/v08/v0862	SES146	-4.0439	-65.069	-61.0251
spk_ver/v08/v0863	SES146	-3.1925	-66.092	-62.8995
spk_ver/v08/v0864	SES146	-3.92982	-63.1041	-59.1743
spk_ver/v08/v0865	SES008	2.49916	-59.0937	-61.5928
spk_ver/v08/v0866	SES142	1.99302	-60.0093	-62.0023
spk_ver/v08/v0867	SES146	-2.79558	-62.2273	-59.4318
spk_ver/v08/v0868	SES082	2.28014	-56.967	-59.2472
spk_ver/v08/v0869	SES146	-1.08636	-61.0493	-59.9629
spk_ver/v08/v0870	SES146	-2.80807	-64.9802	-62.1721
spk_ver/v08/v0871	SES146	-3.50336	-64.3894	-60.886
spk_ver/v08/v0872	SES146	-4.0456	-66.3139	-62.2683
spk_ver/v08/v0873	SES082	1.62508	-57.5022	-59.1273
spk_ver/v08/v0874	SES146	-4.36401	-67.8592	-63.4952
spk_ver/v08/v0875	SES144	0.431927	-61.9834	-62.4153
spk_ver/v08/v0876	SES146	-2.67697	-60.3167	-57.6397
spk_ver/v08/v0877	SES146	-2.61589	-63.2956	-60.6797
spk_ver/v08/v0878	SES146	-1.70035	-63.2988	-61.5985
spk_ver/v08/v0879	SES146	-3.77034	-65.4921	-61.7218
spk_ver/v08/v0880	SES146	-3.2377	-65.7109	-62.4732
spk_ver/v08/v0881	SES143	1.14441	-61.0431	-62.1875
spk_ver/v08/v0882	SES146	-1.65282	-64.2711	-62.6182
spk_ver/v08/v0883	SES147	-3.73869	-64.2937	-60.555
spk_ver/v08/v0884	SES147	-0.619263	-62.1035	-61.4842
spk_ver/v08/v0885	SES016	0.948601	-60.3259	-61.2745
spk_ver/v08/v0886	SES147	-0.888653	-63.6146	-62.7259
spk_ver/v08/v0887	SES147	-1.80866	-63.725	-61.9164
spk_ver/v08/v0888	SES147	-0.89283	-63.5629	-62.6701
spk_ver/v08/v0889	SES019	2.02065	-58.984	-61.0046
spk_ver/v08/v0890	SES147	-2.39288	-65.7269	-63.334
spk_ver/v08/v0891	SES147	-4.46966	-65.6535	-61.1839
spk_ver/v08/v0892	SES147	-2.16541	-64.7208	-62.5554
spk_ver/v08/v0893	SES270	2.15254	-59.9534	-62.1059
spk_ver/v08/v0894	SES029	0.30088	-61.2283	-61.5291
spk_ver/v08/v0895	SES147	-1.80433	-65.9521	-64.1478
spk_ver/v08/v0896	SES117	0.788376	-62.2117	-63.0001
spk_ver/v08/v0897	SES183	1.8937	-61.7137	-63.6074
spk_ver/v08/v0898	SES147	-3.27472	-63.3639	-60.0892
spk_ver/v08/v0899	SES147	-2.61528	-66.36	-63.7447
spk_ver/v09/v0900	SES087	1.61591	-58.4567	-60.0726
spk_ver/v09/v0901	SES147	-7.6737	-68.7456	-61.0719
spk_ver/v09/v0902	SES147	-6.12188	-66.7232	-60.6014
spk_ver/v09/v0903	SES147	-1.18143	-63.1482	-61.9668
spk_ver/v09/v0904	SES147	-5.25892	-65.5036	-60.2447
spk_ver/v09/v0905	SES143	0.789703	-61.4986	-62.2883
spk_ver/v09/v0906	SES149	0.730503	-58.7885	-59.519
spk_ver/v09/v0907	SES148	-0.859417	-61.6628	-60.8034
spk_ver/v09/v0908	SES148	-0.805649	-61.3195	-60.5138
spk_ver/v09/v0909	SES106	2.67193	-59.0017	-61.6736
spk_ver/v09/v0910	SES148	-1.00897	-64.212	-63.203
spk_ver/v09/v0911	SES148	-2.5903	-64.3269	-61.7366
spk_ver/v09/v0912	SES142	1.42239	-61.2065	-62.6289
spk_ver/v09/v0913	SES148	-3.76599	-65.5537	-61.7878
spk_ver/v09/v0914	SES148	-2.92297	-64.3356	-61.4126
spk_ver/v09/v0915	SES148	-2.90844	-66.8418	-63.9334
spk_ver/v09/v0916	SES148	-2.92193	-65.9534	-63.0314
spk_ver/v09/v0917	SES148	0.794914	-61.0804	-61.8754
spk_ver/v09/v0918	SES148	-0.349289	-60.8755	-60.5262
spk_ver/v09/v0919	SES270	1.44935	-59.6675	-61.1168
spk_ver/v09/v0920	SES148	-1.69541	-62.0217	-60.3263
spk_ver/v09/v0921	SES148	-2.7126	-63.6996	-60.987
spk_ver/v09/v0922	SES129	1.31165	-58.908	-60.2197
spk_ver/v09/v0923	SES117	1.35894	-60.511	-61.8699
spk_ver/v09/v0924	SES042	3.31924	-56.4552	-59.7744
spk_ver/v09/v0925	SES148	-2.5513	-64.8605	-62.3092
spk_ver/v09/v0926	SES148	-3.25561	-65.5999	-62.3443
spk_ver/v09/v0927	SES144	1.03822	-60.9872	-62.0254
spk_ver/v09/v0928	SES007	0.938248	-61.3494	-62.2877
spk_ver/v09/v0929	SES148	-1.95667	-61.7428	-59.7861
spk_ver/v09/v0930	SES148	-1.02469	-61.9388	-60.9141
spk_ver/v09/v0931	SES148	-2.71156	-65.8995	-63.1879
spk_ver/v09/v0932	SES202	2.50751	-58.8235	-61.331
spk_ver/v09/v0933	SES148	-0.41497	-61.068	-60.653
spk_ver/v09/v0934	SES148	-2.71346	-62.3069	-59.5935
spk_ver/v09/v0935	SES060	1.29541	-59.0496	-60.345
spk_ver/v09/v0936	SES060	1.40597	-60.2662	-61.6722
spk_ver/v09/v0937	SES148	-1.34447	-62.9419	-61.5974
spk_ver/v09/v0938	SES148	-2.26975	-64.3528	-62.083
spk_ver/v09/v0939	SES148	-2.15558	-61.7938	-59.6383
spk_ver/v09/v0940	SES148	-2.22367	-61.7562	-59.5325
spk_ver/v09/v0941	SES149	-2.69113	-64.8659	-62.1748
spk_ver/v09/v0942	SES149	-8.92097	-69.1184	-60.1974
spk_ver/v09/v0943	SES149	-9.26025	-71.4505	-62.1903
spk_ver/v09/v0944	SES149	-1.26958	-62.6793	-61.4097
spk_ver/v09/v0945	SES105	0.291534	-60.5549	-60.8465
spk_ver/v09/v0946	SES149	-2.97801	-62.4058	-59.4277
spk_ver/v09/v0947	SES149	-9.55635	-72.9179	-63.3616
spk_ver/v09/v0948	SES149	-10.4608	-70.9299	-60.4692
spk_ver/v09/v0949	SES149	-6.51909	-65.7323	-59.2132
spk_ver/v09/v0950	SES226	1.21855	-58.1401	-59.3587
spk_ver/v09/v0951	SES149	-12.9372	-75.4222	-62.485
spk_ver/v09/v0952	SES149	-2.99673	-64.0327	-61.0359
spk_ver/v09/v0953	SES062	0.770626	-59.3783	-60.1489
spk_ver/v09/v0954	SES149	-10.9831	-73.5776	-62.5945
spk_ver/v09/v0955	SES048	0.891544	-59.297	-60.1886
spk_ver/v09/v0956	SES158	-0.623241	-60.3893	-59.766
spk_ver/v09/v0957	SES158	-6.98386	-71.8278	-64.844
spk_ver/v09/v0958	SES158	-0.509037	-60.2529	-59.7438
spk_ver/v09/v0959	SES158	-1.1366	-61.3309	-60.1943
spk_ver/v09/v0960	SES158	-8.29713	-70.5659	-62.2688
spk_ver/v09/v0961	SES147	2.17023	-61.4809	-63.6512
spk_ver/v09/v0962	SES158	-14.8395	-77.4741	-62.6346
spk_ver/v09/v0963	SES292	0.787445	-60.5364	-61.3239
spk_ver/v09/v0964	SES060	1.59491	-59.398	-60.9929
spk_ver/v09/v0965	SES002	1.60172	-58.773	-60.3747
spk_ver/v09/v0966	SES149	1.93485	-58.0433	-59.9782
spk_ver/v09/v0967	SES158	-11.4566	-74.6838	-63.2272
spk_ver/v09/v0968	SES158	-1.46745	-62.5127	-61.0453
spk_ver/v09/v0969	SES275	-0.284626	-63.303	-63.0184
spk_ver/v09/v0970	SES158	-10.1336	-70.8708	-60.7372
spk_ver/v09/v0971	SES158	-9.02784	-70.6686	-61.6408
spk_ver/v09/v0972	SES002	2.22554	-57.6049	-59.8304
spk_ver/v09/v0973	SES158	-13.1021	-74.1779	-61.0758
spk_ver/v09/v0974	SES202	2.04397	-59.7369	-61.7808
spk_ver/v09/v0975	SES158	-13.49	-76.7688	-63.2788
spk_ver/v09/v0976	SES158	0.300739	-59.7515	-60.0523
spk_ver/v09/v0977	SES162	-0.63258	-62.003	-61.3705
spk_ver/v09/v0978	SES162	-6.42455	-67.9374	-61.5128
spk_ver/v09/v0979	SES162	-8.05373	-68.6976	-60.6439
spk_ver/v09/v0980	SES162	-1.10653	-63.5162	-62.4097
spk_ver/v09/v0981	SES162	-2.015	-65.0895	-63.0745
spk_ver/v09/v0982	SES259	2.41424	-57.4392	-59.8534
spk_ver/v09/v0983	SES162	-4.27264	-69.2116	-64.9389
spk_ver/v09/v0984	SES162	-1.65509	-61.8385	-60.1834
spk_ver/v09/v0985	SES162	-1.38951	-62.4465	-61.057
spk_ver/v09/v0986	SES062	1.07381	-59.1175	-60.1913
spk_ver/v09/v0987	SES162	-0.602581	-62.2581	-61.6555
spk_ver/v09/v0988	SES162	-4.68511	-64.8029	-60.1178
spk_ver/v09/v0989	SES162	-4.88153	-67.8431	-62.9615
spk_ver/v09/v0990	SES162	-2.34155	-63.939	-61.5975
spk_ver/v09/v0991	SES087	2.03109	-58.502	-60.5331
spk_ver/v09/v0992	SES120	0.313572	-61.918	-62.2315
spk_ver/v09/v0993	SES162	-4.70964	-64.6596	-59.95
spk_ver/v09/v0994	SES162	-1.70887	-62.5115	-60.8026
spk_ver/v09/v0995	SES162	-4.77597	-63.8582	-59.0822
spk_ver/v09/v0996	SES162	-2.3203	-61.8499	-59.5296
spk_ver/v09/v0997	SES162	-6.62897	-67.1242	-60.4953
spk_ver/v09/v0998	SES162	-3.70594	-66.4428	-62.7368
spk_ver/v09/v0999	SES162	-0.720978	-60.609	-59.888
spk_ver/v10/v1000	SES162	-4.59138	-64.8881	-60.2967
spk_ver/v10/v1001	SES148	1.02204	-61.4905	-62.5126
spk_ver/v10/v1002	SES162	-0.0341797	-62.7841	-62.7499
spk_ver/v10/v1003	SES162	-0.841995	-62.9191	-62.0771
spk_ver/v10/v1004	SES162	-2.6303	-65.4473	-62.817
spk_ver/v10/v1005	SES162	-5.66342	-67.4397	-61.7762
spk_ver/v10/v1006	SES162	-2.62452	-64.6632	-62.0387
spk_ver/v10/v1007	SES162	-2.01169	-64.753	-62.7413
spk_ver/v10/v1008	SES162	-4.62566	-68.6292	-64.0035
spk_ver/v10/v1009	SES162	-5.31839	-65.2486	-59.9303
spk_ver/v10/v1010	SES167	-4.44832	-66.2463	-61.798
spk_ver/v10/v1011	SES167	-0.246029	-62.2818	-62.0358
spk_ver/v10/v1012	SES167	-1.33155	-64.4548	-63.1232
spk_ver/v10/v1013	SES167	-6.70081	-67.4858	-60.785
spk_ver/v10/v1014	SES167	-1.79948	-61.8097	-60.0102
spk_ver/v10/v1015	SES167	-0.552074	-62.0902	-61.5381
spk_ver/v10/v1016	SES167	-0.67865	-62.1841	-61.5054
spk_ver/v10/v1017	SES167	-0.384304	-62.0591	-61.6748
spk_ver/v10/v1018	SES167	-3.59317	-64.4576	-60.8645
spk_ver/v10/v1019	SES167	-1.93678	-63.5434	-61.6066
spk_ver/v10/v1020	SES167	-6.2803	-66.8647	-60.5844
spk_ver/v10/v1021	SES167	-1.28017	-65.8046	-64.5244
spk_ver/v10/v1022	SES167	-3.2868	-64.8584	-61.5716
spk_ver/v10/v1023	SES167	-2.59578	-65.9765	-63.3807
spk_ver/v10/v1024	SES167	-4.27397	-69.4596	-65.1856
spk_ver/v10/v1025	SES167	-1.23042	-61.299	-60.0686
spk_ver/v10/v1026	SES167	-0.908821	-63.0339	-62.1251
spk_ver/v10/v1027	SES167	-0.97464	-61.5486	-60.574
spk_ver/v10/v1028	SES167	-6.55805	-67.3153	-60.7573
spk_ver/v10/v1029	SES167	-2.80633	-64.6854	-61.8791
spk_ver/v10/v1030	SES167	-5.04871	-65.4604	-60.4116
spk_ver/v10/v1031	SES167	-6.28225	-66.2875	-60.0053
spk_ver/v10/v1032	SES167	-6.96788	-65.724	-58.7561
spk_ver/v10/v1033	SES167	-5.84671	-64.6382	-58.7915
spk_ver/v10/v1034	SES002	1.90765	-56.9574	-58.8651
spk_ver/v10/v1035	SES167	-2.26039	-63.2168	-60.9564
spk_ver/v10/v1036	SES083	0.661457	-60.2358	-60.8973
spk_ver/v10/v1037	SES167	-1.70255	-63.9023	-62.1997
spk_ver/v10/v1038	SES167	-1.72665	-66.7396	-65.013
spk_ver/v10/v1039	SES167	-1.06695	-63.595	-62.528
spk_ver/v10/v1040	SES167	-6.52721	-69.3514	-62.8241
spk_ver/v10/v1041	SES167	-0.642723	-63.4241	-62.7814
spk_ver/v10/v1042	SES087	2.09497	-58.9384	-61.0334
spk_ver/v10/v1043	SES029	1.0261	-60.5971	-61.6232
spk_ver/v10/v1044	SES206	1.3899	-57.9412	-59.3311
spk_ver/v10/v1045	SES172	-3.28608	-65.6651	-62.379
spk_ver/v10/v1046	SES172	1.04293	-59.8053	-60.8482
spk_ver/v10/v1047	SES172	-3.20979	-64.6554	-61.4456
spk_ver/v10/v1048	SES259	2.94186	-56.3836	-59.3254
spk_ver/v10/v1049	SES172	-4.84303	-63.9159	-59.0729
spk_ver/v10/v1050	SES120	0.788429	-61.7778	-62.5662
spk_ver/v10/v1051	SES172	-2.63655	-63.4674	-60.8308
spk_ver/v10/v1052	SES172	-4.1097	-66.4728	-62.3631
spk_ver/v10/v1053	SES172	-6.801	-70.1966	-63.3956
spk_ver/v10/v1054	SES172	-4.10867	-66.5617	-62.453
spk_ver/v10/v1055	SES189	2.98325	-63.3535	-66.3368
spk_ver/v10/v1056	SES172	-5.37661	-66.1606	-60.784
spk_ver/v10/v1057	SES172	-1.8739	-63.5908	-61.7169
spk_ver/v10/v1058	SES172	-3.41889	-64.8685	-61.4496
spk_ver/v10/v1059	SES172	-1.29584	-62.2675	-60.9716
spk_ver/v10/v1060	SES029	0.210632	-60.3265	-60.5371
spk_ver/v10/v1061	SES175	-8.75779	-69.9019	-61.1441
spk_ver/v10/v1062	SES187	0.293503	-59.9868	-60.2803
spk_ver/v10/v1063	SES019	3.07228	-58.955	-62.0273
spk_ver/v10/v1064	SES175	-5.31847	-66.1208	-60.8023
spk_ver/v10/v1065	SES175	-6.70921	-66.63	-59.9208
spk_ver/v10/v1066	SES175	-6.77148	-69.6187	-62.8472
spk_ver/v10/v1067	SES175	-2.0989	-64.0292	-61.9303
spk_ver/v10/v1068	SES175	-6.30096	-67.6955	-61.3946
spk_ver/v10/v1069	SES016	1.7579	-59.6292	-61.3871
spk_ver/v10/v1070	SES175	-2.94663	-66.3925	-63.4458
spk_ver/v10/v1071	SES175	-2.55677	-62.0275	-59.4707
spk_ver/v10/v1072	SES175	-7.47661	-68.8127	-61.3361
spk_ver/v10/v1073	SES029	0.54866	-61.1103	-61.659
spk_ver/v10/v1074	SES175	-4.855	-65.598	-60.743
spk_ver/v10/v1075	SES175	-1.05144	-61.1975	-60.1461
spk_ver/v10/v1076	SES175	-0.640293	-60.6383	-59.998
spk_ver/v10/v1077	SES175	-5.9375	-65.5093	-59.5718
spk_ver/v10/v1078	SES127	1.35878	-58.6252	-59.9839
spk_ver/v10/v1079	SES175	-4.06936	-63.0095	-58.9402
spk_ver/v10/v1080	SES175	-0.975605	-64.0241	-63.0485
spk_ver/v10/v1081	SES175	-4.88921	-65.233	-60.3438
spk_ver/v10/v1082	SES175	-4.42107	-64.2453	-59.8242
spk_ver/v10/v1083	SES007	1.25859	-60.6808	-61.9394
spk_ver/v10/v1084	SES068	1.04918	-59.4058	-60.455
spk_ver/v10/v1085	SES008	1.17975	-58.6739	-59.8536
spk_ver/v10/v1086	SES175	-1.19592	-61.269	-60.0731
spk_ver/v10/v1087	SES175	-4.23809	-65.8171	-61.579
spk_ver/v10/v1088	SES008	1.89418	-59.2173	-61.1115
spk_ver/v10/v1089	SES177	-2.61826	-61.6029	-58.9846
spk_ver/v10/v1090	SES177	-4.25191	-64.3184	-60.0665
spk_ver/v10/v1091	SES177	-4.47071	-66.1089	-61.6381
spk_ver/v10/v1092	SES177	-0.556103	-62.0102	-61.4541
spk_ver/v10/v1093	SES177	-6.59958	-66.9117	-60.3121
spk_ver/v10/v1094	SES002	1.87653	-57.6736	-59.5501
spk_ver/v10/v1095	SES104	1.35395	-58.6449	-59.9988
spk_ver/v10/v1096	SES177	-1.10653	-62.5012	-61.3947
spk_ver/v10/v1097	SES177	-2.37944	-65.2498	-62.8704
spk_ver/v10/v1098	SES177	-1.68246	-63.2166	-61.5342
spk_ver/v10/v1099	SES177	-0.295319	-61.5339	-61.2385
spk_ver/v11/v1100	SES177	-5.01508	-65.7262	-60.7111
spk_ver/v11/v1101	SES085	-0.0202751	-61.0822	-61.0619
spk_ver/v11/v1102	SES187	1.11613	-60.4562	-61.5723
spk_ver/v11/v1103	SES177	-1.28359	-63.8209	-62.5373
spk_ver/v11/v1104	SES177	1.09492	-59.5164	-60.6113
spk_ver/v11/v1105	SES177	-0.640129	-60.9923	-60.3522
spk_ver/v11/v1106	SES177	-3.24637	-64.3791	-61.1328
spk_ver/v11/v1107	SES177	-0.577236	-61.6901	-61.1129
spk_ver/v11/v1108	SES177	-0.147713	-61.4322	-61.2845
spk_ver/v11/v1109	SES125	2.14458	-57.9033	-60.0479
spk_ver/v11/v1110	SES177	-3.68736	-63.6994	-60.0121
spk_ver/v11/v1111	SES177	-1.39532	-62.4069	-61.0116
spk_ver/v11/v1112	SES177	-4.04506	-65.1335	-61.0885
spk_ver/v11/v1113	SES177	-5.43916	-64.8403	-59.4012
spk_ver/v11/v1114	SES177	-1.04298	-63.833	-62.7901
spk_ver/v11/v1115	SES177	-2.22627	-65.498	-63.2718
spk_ver/v11/v1116	SES085	0.560101	-59.3589	-59.919
spk_ver/v11/v1117	SES147	1.66328	-60.9531	-62.6164
spk_ver/v11/v1118	SES177	-0.941074	-62.8111	-61.8701
spk_ver/v11/v1119	SES177	-3.53036	-64.2113	-60.681
spk_ver/v11/v1120	SES180	-5.54128	-66.1753	-60.634
spk_ver/v11/v1121	SES189	2.04314	-62.0027	-64.0458
spk_ver/v11/v1122	SES117	1.02072	-64.1681	-65.1889
spk_ver/v11/v1123	SES129	2.62379	-57.9019	-60.5257
spk_ver/v11/v1124	SES180	-1.92889	-64.2976	-62.3687
spk_ver/v11/v1125	SES180	-0.910854	-61.1516	-60.2407
spk_ver/v11/v1126	SES180	-0.667168	-61.9198	-61.2526
spk_ver/v11/v1127	SES180	-1.41798	-62.6649	-61.2469
spk_ver/v11/v1128	SES016	0.35548	-62.1472	-62.5027
spk_ver/v11/v1129	SES158	1.28477	-58.6856	-59.9704
spk_ver/v11/v1130	SES180	-2.64098	-63.9131	-61.2721
spk_ver/v11/v1131	SES180	-3.75442	-62.305	-58.5506
spk_ver/v11/v1132	SES180	-1.9313	-65.3581	-63.4268
spk_ver/v11/v1133	SES180	-3.62521	-63.3517	-59.7265
spk_ver/v11/v1134	SES180	-2.51118	-65.0525	-62.5413
spk_ver/v11/v1135	SES180	-1.50063	-61.7559	-60.2552
spk_ver/v11/v1136	SES180	-5.08201	-66.9509	-61.8689
spk_ver/v11/v1137	SES148	0.624329	-60.0173	-60.6417
spk_ver/v11/v1138	SES104	1.75063	-56.9035	-58.6542
spk_ver/v11/v1139	SES180	-4.53805	-66.7367	-62.1986
spk_ver/v11/v1140	SES083	1.22075	-59.697	-60.9177
spk_ver/v11/v1141	SES180	-3.68674	-64.2998	-60.6131
spk_ver/v11/v1142	SES180	-2.53666	-64.7159	-62.1793
spk_ver/v11/v1143	SES180	-2.95784	-66.2157	-63.2578
spk_ver/v11/v1144	SES099	2.28841	-58.9559	-61.2443
spk_ver/v11/v1145	SES180	-1.40445	-63.7019	-62.2975
spk_ver/v11/v1146	SES183	-2.86193	-64.9196	-62.0576
spk_ver/v11/v1147	SES183	-1.08896	-61.9584	-60.8694
spk_ver/v11/v1148	SES183	-4.5096	-66.4094	-61.8998
spk_ver/v11/v1149	SES183	-5.77364	-65.2864	-59.5128
spk_ver/v11/v1150	SES183	-3.74251	-64.1316	-60.3891
spk_ver/v11/v1151	SES082	1.3225	-58.5485	-59.871
spk_ver/v11/v1152	SES183	-2.15414	-65.0813	-62.9272
spk_ver/v11/v1153	SES183	-2.33986	-63.345	-61.0052
spk_ver/v11/v1154	SES002	2.31343	-56.5834	-58.8968
spk_ver/v11/v1155	SES183	-3.08639	-66.2389	-63.1525
spk_ver/v11/v1156	SES183	-4.65711	-66.9035	-62.2464
spk_ver/v11/v1157	SES183	-4.0409	-61.4789	-57.438
spk_ver/v11/v1158	SES183	-0.828491	-61.574	-60.7455
spk_ver/v11/v1159	SES183	-2.12661	-64.5761	-62.4495
spk_ver/v11/v1160	SES183	-4.11915	-64.6378	-60.5186
spk_ver/v11/v1161	SES183	-4.05729	-66.9974	-62.9401
spk_ver/v11/v1162	SES105	1.53259	-60.1453	-61.6779
spk_ver/v11/v1163	SES183	-6.07649	-65.6261	-59.5496
spk_ver/v11/v1164	SES259	2.66283	-57.5026	-60.1654
spk_ver/v11/v1165	SES183	-2.66496	-65.9184	-63.2534
spk_ver/v11/v1166	SES183	-4.61781	-64.8891	-60.2713
spk_ver/v11/v1167	SES183	-2.07694	-64.3144	-62.2374
spk_ver/v11/v1168	SES183	-2.36855	-62.5384	-60.1699
spk_ver/v11/v1169	SES183	-5.51292	-65.4741	-59.9612
spk_ver/v11/v1170	SES183	-3.89037	-64.5529	-60.6626
spk_ver/v11/v1171	SES183	-6.31267	-68.3794	-62.0667
spk_ver/v11/v1172	SES187	-4.28004	-65.7632	-61.4831
spk_ver/v11/v1173	SES019	3.1344	-59.4171	-62.5515
spk_ver/v11/v1174	SES187	-5.2333	-67.3513	-62.118
spk_ver/v11/v1175	SES187	-1.21606	-64.7436	-63.5275
spk_ver/v11/v1176	SES083	0.270439	-59.8327	-60.1032
spk_ver/v11/v1177	SES187	-5.44148	-67.6216	-62.1801
spk_ver/v11/v1178	SES187	-4.78892	-65.1049	-60.316
spk_ver/v11/v1179	SES187	-2.24654	-64.0468	-61.8002
spk_ver/v11/v1180	SES187	-0.38773	-62.4182	-62.0305
spk_ver/v11/v1181	SES187	-6.27219	-66.3707	-60.0985
spk_ver/v11/v1182	SES187	-0.495132	-61.2415	-60.7463
spk_ver/v11/v1183	SES187	-4.7123	-66.3325	-61.6202
spk_ver/v11/v1184	SES187	0.379005	-60.839	-61.218
spk_ver/v11/v1185	SES127	1.11108	-59.6072	-60.7183
spk_ver/v11/v1186	SES187	-0.62257	-61.8482	-61.2257
spk_ver/v11/v1187	SES187	-2.29296	-62.3717	-60.0787
spk_ver/v11/v1188	SES187	-1.21602	-64.1253	-62.9092
spk_ver/v11/v1189	SES042	2.43677	-56.9491	-59.3858
spk_ver/v11/v1190	SES187	-0.373867	-61.3015	-60.9277
spk_ver/v11/v1191	SES187	-4.95243	-67.6212	-62.6688
spk_ver/v11/v1192	SES187	-3.55925	-64.5524	-60.9931
spk_ver/v11/v1193	SES183	0.94186	-61.7001	-62.642
spk_ver/v11/v1194	SES187	-0.853134	-63.5075	-62.6544
spk_ver/v11/v1195	SES187	-5.13539	-66.3415	-61.2061
spk_ver/v11/v1196	SES146	2.08901	-60.9793	-63.0683
spk_ver/v11/v1197	SES189	-5.26003	-64.7593	-59.4992
spk_ver/v11/v1198	SES175	1.7132	-60.8915	-62.6047
spk_ver/v11/v1199	SES189	-5.22125	-67.6915	-62.4702
spk_ver/v12/v1200	SES189	-2.19534	-61.7496	-59.5542
spk_ver/v12/v1201	SES177	1.20929	-59.4368	-60.646
spk_ver/v12/v1202	SES189	-1.20057	-63.956	-62.7554
spk_ver/v12/v1203	SES143	0.597656	-61.58	-62.1777
spk_ver/v12/v1204	SES189	-2.14283	-63.7356	-61.5928
spk_ver/v12/v1205	SES189	-1.40934	-62.0854	-60.6761
spk_ver/v12/v1206	SES189	-5.36507	-67.5372	-62.1721
spk_ver/v12/v1207	SES189	-3.6218	-64.5635	-60.9417
spk_ver/v12/v1208	SES189	-3.37954	-62.8167	-59.4371
spk_ver/v12/v1209	SES189	-5.21672	-67.0708	-61.8541
spk_ver/v12/v1210	SES189	0.468819	-61.8214	-62.2902
spk_ver/v12/v1211	SES062	1.43713	-59.0929	-60.53
spk_ver/v12/v1212	SES189	-2.22066	-62.9905	-60.7698
spk_ver/v12/v1213	SES048	1.37825	-59.4208	-60.799
spk_ver/v12/v1214	SES042	2.85094	-56.6204	-59.4713
spk_ver/v12/v1215	SES008	2.54351	-58.1313	-60.6748
spk_ver/v12/v1216	SES202	-4.616	-63.4182	-58.8022
spk_ver/v12/v1217	SES202	-2.54152	-65.4176	-62.8761
spk_ver/v12/v1218	SES085	1.90412	-57.7667	-59.6708
spk_ver/v12/v1219	SES202	-3.4121	-64.3436	-60.9315
spk_ver/v12/v1220	SES202	-3.8488	-65.4072	-61.5584
spk_ver/v12/v1221	SES202	-1.10414	-63.8111	-62.7069
spk_ver/v12/v1222	SES202	-8.57658	-69.8274	-61.2508
spk_ver/v12/v1223	SES158	1.24592	-59.3402	-60.5862
spk_ver/v12/v1224	SES202	-1.67096	-64.4825	-62.8115
spk_ver/v12/v1225	SES202	-8.1004	-68.5504	-60.45
spk_ver/v12/v1226	SES202	-6.24154	-67.985	-61.7434
spk_ver/v12/v1227	SES202	-4.90878	-67.0737	-62.1649
spk_ver/v12/v1228	SES177	0.82095	-60.681	-61.502
spk_ver/v12/v1229	SES202	-5.81931	-67.3402	-61.5209
spk_ver/v12/v1230	SES202	-1.8566	-63.612	-61.7554
spk_ver/v12/v1231	SES202	-5.45649	-68.797	-63.3405
spk_ver/v12/v1232	SES202	-2.08516	-66.0637	-63.9786
spk_ver/v12/v1233	SES206	1.5913	-57.3674	-58.9587
spk_ver/v12/v1234	SES202	-6.75051	-67.6244	-60.8739
spk_ver/v12/v1235	SES202	-6.13253	-66.4811	-60.3485
spk_ver/v12/v1236	SES125	2.49815	-58.7418	-61.24
spk_ver/v12/v1237	SES127	1.33092	-59.7757	-61.1066
spk_ver/v12/v1238	SES202	2.6726	-58.5138	-61.1864
spk_ver/v12/v1239	SES167	1.87208	-59.0271	-60.8992
spk_ver/v12/v1240	SES206	-14.2605	-77.094	-62.8335
spk_ver/v12/v1241	SES206	-14.3963	-77.129	-62.7327
spk_ver/v12/v1242	SES206	-0.302197	-59.7873	-59.4851
spk_ver/v12/v1243	SES206	-1.94551	-62.7589	-60.8134
spk_ver/v12/v1244	SES259	2.21585	-58.4105	-60.6264
spk_ver/v12/v1245	SES206	-6.72061	-67.8156	-61.095
spk_ver/v12/v1246	SES206	-8.33939	-69.16	-60.8207
spk_ver/v12/v1247	SES206	-0.567619	-60.6191	-60.0515
spk_ver/v12/v1248	SES206	-16.7458	-79.9625	-63.2167
spk_ver/v12/v1249	SES270	2.23243	-59.1342	-61.3666
spk_ver/v12/v1250	SES206	-11.1001	-73.2709	-62.1708
spk_ver/v12/v1251	SES206	-7.15642	-67.463	-60.3066
spk_ver/v12/v1252	SES206	-6.51561	-67.7605	-61.2449
spk_ver/v12/v1253	SES206	-0.375336	-59.9502	-59.5749
spk_ver/v12/v1254	SES206	-0.877518	-61.1997	-60.3221
spk_ver/v12/v1255	SES125	1.82689	-58.5282	-60.3551
spk_ver/v12/v1256	SES206	-18.0896	-79.569	-61.4794
spk_ver/v12/v1257	SES206	-9.63145	-69.6843	-60.0528
spk_ver/v12/v1258	SES206	-1.39082	-62.239	-60.8482
spk_ver/v12/v1259	SES206	-16.8496	-79.0109	-62.1614
spk_ver/v12/v1260	SES206	-20.2576	-83.4603	-63.2027
spk_ver/v12/v1261	SES206	-13.2957	-74.5333	-61.2376
spk_ver/v12/v1262	SES206	-16.1299	-77.6875	-61.5576
spk_ver/v12/v1263	SES206	-9.98411	-70.8555	-60.8714
spk_ver/v12/v1264	SES149	1.68605	-59.2805	-60.9665
spk_ver/v12/v1265	SES206	-0.72596	-63.2072	-62.4812
spk_ver/v12/v1266	SES206	-17.6698	-80.1418	-62.4721
spk_ver/v12/v1267	SES206	-0.674252	-63.9885	-63.3142
spk_ver/v12/v1268	SES206	-7.56294	-69.6634	-62.1005
spk_ver/v12/v1269	SES206	-19.0653	-84.698	-65.6327
spk_ver/v12/v1270	SES206	-22.6295	-87.2963	-64.6668
spk_ver/v12/v1271	SES226	-19.4845	-82.7681	-63.2836
spk_ver/v12/v1272	SES226	-0.335846	-59.2176	-58.8817
spk_ver/v12/v1273	SES226	-13.443	-73.8444	-60.4014
spk_ver/v12/v1274	SES226	-11.3765	-73.7046	-62.3281
spk_ver/v12/v1275	SES226	0.20834	-60.9033	-61.1117
spk_ver/v12/v1276	SES226	-11.3093	-72.9408	-61.6314
spk_ver/v12/v1277	SES226	-0.374149	-60.4726	-60.0984
spk_ver/v12/v1278	SES226	0.0340996	-60.6708	-60.7049
spk_ver/v12/v1279	SES226	-11.1783	-71.4397	-60.2614
spk_ver/v12/v1280	SES226	-2.41057	-62.5029	-60.0923
spk_ver/v12/v1281	SES226	-0.163975	-61.3323	-61.1683
spk_ver/v12/v1282	SES226	-1.83065	-63.5971	-61.7665
spk_ver/v12/v1283	SES143	1.14892	-61.0108	-62.1597
spk_ver/v12/v1284	SES226	-6.77832	-66.8024	-60.0241
spk_ver/v12/v1285	SES226	-0.413433	-60.1264	-59.7129
spk_ver/v12/v1286	SES226	-1.9971	-63.8285	-61.8314
spk_ver/v12/v1287	SES226	-4.93379	-66.3159	-61.3821
spk_ver/v12/v1288	SES226	-10.8082	-71.3883	-60.5801
spk_ver/v12/v1289	SES104	1.42003	-59.5807	-61.0007
spk_ver/v12/v1290	SES008	2.51627	-60.1695	-62.6858
spk_ver/v12/v1291	SES226	-1.0271	-60.8496	-59.8225
spk_ver/v12/v1292	SES259	-2.71537	-64.0713	-61.3559
spk_ver/v12/v1293	SES062	0.988445	-59.6595	-60.6479
spk_ver/v12/v1294	SES099	2.17758	-59.8306	-62.0082
spk_ver/v12/v1295	SES158	0.397564	-60.5098	-60.9073
spk_ver/v12/v1296	SES259	-8.38206	-68.7269	-60.3448
spk_ver/v12/v1297	SES259	-3.84354	-65.4672	-61.6237
spk_ver/v12/v1298	SES259	-1.42211	-60.8633	-59.4412
spk_ver/v12/v1299	SES259	-8.44551	-69.9785	-61.533
spk_ver/v13/v1300	SES120	1.10809	-60.9807	-62.0888
spk_ver/v13/v1301	SES259	-11.8668	-73.4801	-61.6134
spk_ver/v13/v1302	SES259	-11.1415	-73.3498	-62.2083
spk_ver/v13/v1303	SES129	1.60202	-59.7948	-61.3968
spk_ver/v13/v1304	SES259	-7.95936	-70.4772	-62.5178
spk_ver/v13/v1305	SES259	-5.65482	-68.9439	-63.2891
spk_ver/v13/v1306	SES106	1.50174	-59.1681	-60.6699
spk_ver/v13/v1307	SES259	-6.45362	-70.1768	-63.7231
spk_ver/v13/v1308	SES259	-0.745449	-61.3677	-60.6222
spk_ver/v13/v1309	SES259	-9.43392	-70.1822	-60.7482
spk_ver/v13/v1310	SES259	-7.16289	-67.3799	-60.217
spk_ver/v13/v1311	SES259	-8.90963	-69.6044	-60.6948
spk_ver/v13/v1312	SES259	-1.63118	-60.656	-59.0248
spk_ver/v13/v1313	SES144	0.42313	-60.5061	-60.9292
spk_ver/v13/v1314	SES259	-10.3341	-72.3306	-61.9964
spk_ver/v13/v1315	SES162	1.63735	-59.7283	-61.3657
spk_ver/v13/v1316	SES206	1.14333	-58.2206	-59.3639
spk_ver/v13/v1317	SES175	1.78951	-61.2088	-62.9984
spk_ver/v13/v1318	SES259	-11.9714	-74.9539	-62.9824
spk_ver/v13/v1319	SES259	-11.976	-74.8692	-62.8932
spk_ver/v13/v1320	SES270	0.142059	-60.2545	-60.3966
spk_ver/v13/v1321	SES101	0.33934	-60.5256	-60.865
spk_ver/v13/v1322	SES177	1.25241	-59.6025	-60.8549
spk_ver/v13/v1323	SES127	1.72295	-58.433	-60.156
spk_ver/v13/v1324	SES270	-13.306	-75.6653	-62.3593
spk_ver/v13/v1325	SES062	1.24085	-59.2581	-60.499
spk_ver/v13/v1326	SES270	0.350315	-60.5812	-60.9316
spk_ver/v13/v1327	SES120	0.527515	-62.5597	-63.0872
spk_ver/v13/v1328	SES270	-3.92053	-67.3842	-63.4637
spk_ver/v13/v1329	SES270	-7.49901	-67.2609	-59.7619
spk_ver/v13/v1330	SES270	0.157375	-61.9964	-62.1538
spk_ver/v13/v1331	SES270	-8.4336	-67.9015	-59.4679
spk_ver/v13/v1332	SES270	-0.0971069	-59.3748	-59.2777
spk_ver/v13/v1333	SES270	-1.14951	-63.3766	-62.2271
spk_ver/v13/v1334	SES270	-2.26933	-63.0266	-60.7573
spk_ver/v13/v1335	SES270	0.413811	-59.7725	-60.1863
spk_ver/v13/v1336	SES270	-0.574604	-60.4577	-59.8831
spk_ver/v13/v1337	SES016	1.64541	-59.8975	-61.5429
spk_ver/v13/v1338	SES270	-7.09219	-67.528	-60.4359
spk_ver/v13/v1339	SES002	1.46723	-57.7582	-59.2254
spk_ver/v13/v1340	SES105	1.62669	-61.5424	-63.1691
spk_ver/v13/v1341	SES275	-3.19064	-67.1495	-63.9588
spk_ver/v13/v1342	SES187	1.65332	-60.8625	-62.5158
spk_ver/v13/v1343	SES275	-4.77802	-66.9764	-62.1984
spk_ver/v13/v1344	SES275	-3.1717	-64.8802	-61.7085
spk_ver/v13/v1345	SES275	-2.81739	-63.5742	-60.7568
spk_ver/v13/v1346	SES275	-5.10212	-65.5921	-60.49
spk_ver/v13/v1347	SES275	-6.5634	-69.4735	-62.9101
spk_ver/v13/v1348	SES180	-0.382	-61.758	-61.376
spk_ver/v13/v1349	SES275	-4.86357	-69.2753	-64.4117
spk_ver/v13/v1350	SES275	-1.12988	-61.0358	-59.9059
spk_ver/v13/v1351	SES275	-7.28992	-74.4187	-67.1288
spk_ver/v13/v1352	SES275	-1.82992	-63.2033	-61.3734
spk_ver/v13/v1353	SES275	-1.98637	-64.8199	-62.8335
spk_ver/v13/v1354	SES189	2.51727	-62.7528	-65.27
spk_ver/v13/v1355	SES068	0.752136	-59.6003	-60.3524
spk_ver/v13/v1356	SES275	-3.26609	-65.4268	-62.1607
spk_ver/v13/v1357	SES048	0.314514	-60.3489	-60.6634
spk_ver/v13/v1358	SES226	1.72349	-57.19	-58.9135
spk_ver/v13/v1359	SES016	0.165764	-60.525	-60.6908
spk_ver/v13/v1360	SES275	-3.57626	-66.1648	-62.5885
spk_ver/v13/v1361	SES068	1.14282	-58.9308	-60.0736
spk_ver/v13/v1362	SES275	-3.94241	-64.0698	-60.1274
spk_ver/v13/v1363	SES275	-3.30391	-64.4723	-61.1683
spk_ver/v13/v1364	SES275	-5.51715	-70.1325	-64.6154
spk_ver/v13/v1365	SES275	-3.25079	-64.5344	-61.2836
spk_ver/v13/v1366	SES187	0.773396	-60.0163	-60.7897
spk_ver/v13/v1367	SES275	-3.7175	-65.6184	-61.9009
spk_ver/v13/v1368	SES125	1.50286	-59.0064	-60.5093
spk_ver/v13/v1369	SES275	-1.73853	-64.4158	-62.6773
spk_ver/v13/v1370	SES292	-3.77119	-64.1596	-60.3885
spk_ver/v13/v1371	SES292	-3.4855	-63.7491	-60.2635
spk_ver/v13/v1372	SES292	-3.89191	-65.5952	-61.7033
spk_ver/v13/v1373	SES292	-2.39712	-63.9387	-61.5416
spk_ver/v13/v1374	SES101	1.0608	-60.845	-61.9058
spk_ver/v13/v1375	SES292	-2.64023	-65.163	-62.5228
spk_ver/v13/v1376	SES292	-1.89211	-62.7	-60.8079
spk_ver/v13/v1377	SES292	-4.32638	-67.7702	-63.4438
spk_ver/v13/v1378	SES292	-0.910545	-61.8795	-60.969
spk_ver/v13/v1379	SES292	-1.50462	-63.564	-62.0594
spk_ver/v13/v1380	SES292	-2.3255	-64.2073	-61.8818
spk_ver/v13/v1381	SES292	-3.43808	-61.5569	-58.1188
spk_ver/v13/v1382	SES292	-3.56728	-67.9518	-64.3845
spk_ver/v13/v1383	SES292	-2.19881	-63.2869	-61.0881
spk_ver/v13/v1384	SES292	-1.88315	-63.5022	-61.619
spk_ver/v13/v1385	SES292	-3.00724	-64.7057	-61.6984
spk_ver/v13/v1386	SES292	-1.89607	-64.3552	-62.4591
spk_ver/v13/v1387	SES158	1.82101	-60.9548	-62.7758
spk_ver/v13/v1388	SES292	-0.237003	-60.4509	-60.2139
spk_ver/v13/v1389	SES292	-0.845863	-60.2456	-59.3997
spk_ver/v13/v1390	SES292	-3.93382	-63.6298	-59.696
spk_ver/v13/v1391	SES292	-2.22474	-63.0576	-60.8328
spk_ver/v13/v1392	SES292	-3.04792	-66.5965	-63.5486
spk_ver/v13/v1393	SES292	-3.66298	-63.6836	-60.0206
spk_ver/v13/v1394	SES292	-3.78567	-66.066	-62.2803
spk_ver/v13/v1395	SES292	-5.31362	-64.7392	-59.4255
spk_ver/v13/v1396	SES117	1.39921	-61.8845	-63.2837
spk_ver/v13/v1397	SES292	-3.45742	-62.9855	-59.5281
spk_ver/v13/v1398	SES292	-2.98623	-66.0081	-63.0219
spk_ver/v13/v1399	SES292	-1.65319	-62.9713	-61.3181
