BLOCK00/SES002/SA002S12	SES002	0.817787	-7.66168	-8.47946
BLOCK00/SES002/SA002S13	SES002	1.51383	-7.51539	-9.02922
BLOCK00/SES002/SA002S23	SES002	0.843903	-7.72018	-8.56408
BLOCK00/SES002/SA002S26	SES002	0.636423	-8.84174	-9.47816
BLOCK00/SES002/SA002S28	SES002	0.580383	-7.94396	-8.52435
BLOCK00/SES007/SA007S14	SES007	1.11204	-6.31097	-7.42301
BLOCK00/SES007/SA007S15	SES007	0.623261	-7.25346	-7.87672
BLOCK00/SES007/SA007S24	SES007	0.692706	-6.62528	-7.31799
BLOCK00/SES007/SA007S27	SES007	0.315388	-8.3715	-8.68689
BLOCK00/SES007/SA007S29	SES007	0.55126	-6.99708	-7.54834
BLOCK00/SES008/SA008S11	SES008	1.32589	-6.54156	-7.86745
BLOCK00/SES008/SA008S12	SES008	0.474111	-7.20324	-7.67735
BLOCK00/SES008/SA008S19	SES008	1.33792	-6.66504	-8.00296
BLOCK00/SES008/SA008S22	SES008	0.798384	-7.36115	-8.15953
BLOCK00/SES008/SA008S29	SES008	1.31941	-6.39363	-7.71304
BLOCK01/SES014/SA014S10	SES014	1.23845	-7.12954	-8.36799
BLOCK01/SES014/SA014S12	SES014	1.49475	-6.59506	-8.0898
BLOCK01/SES014/SA014S24	SES014	1.76498	-7.06764	-8.83262
BLOCK01/SES014/SA014S26	SES014	2.11708	-6.17005	-8.28713
BLOCK01/SES014/SA014S28	SES014	2.22322	-5.72003	-7.94325
BLOCK01/SES016/SA016S12	SES016	1.279	-8.56214	-9.84114
BLOCK01/SES016/SA016S13	SES016	1.20485	-6.95784	-8.16269
BLOCK01/SES016/SA016S22	SES016	1.37598	-6.63578	-8.01176
BLOCK01/SES016/SA016S25	SES016	1.77282	-5.12808	-6.9009
BLOCK01/SES016/SA016S27	SES016	2.18881	-6.03683	-8.22564
BLOCK01/SES019/SA019S13	SES019	3.61812	-6.06666	-9.68477
BLOCK01/SES019/SA019S14	SES019	1.67256	-7.92302	-9.59558
BLOCK01/SES019/SA019S22	SES019	2.72588	-6.38926	-9.11514
BLOCK01/SES019/SA019S25	SES019	2.12609	-7.00929	-9.13538
BLOCK01/SES019/SA019S29	SES019	4.23335	-6.55638	-10.7897
BLOCK02/SES029/SA029S11	SES029	0.754608	-6.20586	-6.96047
BLOCK02/SES029/SA029S12	SES029	0.392982	-6.80295	-7.19593
BLOCK02/SES029/SA029S20	SES029	0.516401	-6.41985	-6.93625
BLOCK02/SES029/SA029S25	SES029	0.742743	-7.13925	-7.88199
BLOCK02/SES029/SA029S28	SES029	0.641429	-6.82636	-7.46778
BLOCK04/SES042/SA042S12	SES042	1.43828	-6.58466	-8.02294
BLOCK04/SES042/SA042S15	SES042	1.64939	-5.93582	-7.58522
BLOCK04/SES042/SA042S22	SES042	2.68042	-7.02252	-9.70294
BLOCK04/SES042/SA042S25	SES042	1.28582	-8.67019	-9.95602
BLOCK04/SES042/SA042S27	SES042	2.13323	-7.18599	-9.31922
BLOCK04/SES048/SA048S11	SES048	0.670809	-6.23568	-6.90649
BLOCK04/SES048/SA048S12	SES048	0.767335	-7.61945	-8.38679
BLOCK04/SES048/SA048S20	SES048	1.02795	-6.219	-7.24695
BLOCK04/SES048/SA048S23	SES048	0.988116	-6.68516	-7.67328
BLOCK04/SES048/SA048S27	SES048	0.537559	-7.35499	-7.89255
BLOCK06/SES060/SA060S11	SES060	1.47041	-6.79763	-8.26804
BLOCK06/SES060/SA060S12	SES060	1.09324	-7.64842	-8.74166
BLOCK06/SES060/SA060S22	SES060	-1.00276	-9.64484	-8.64208
BLOCK06/SES060/SA060S24	SES060	1.33336	-5.74725	-7.08061
BLOCK06/SES060/SA060S28	SES060	0.962746	-5.89964	-6.86238
BLOCK06/SES062/SA062S10	SES062	0.223857	-7.06298	-7.28684
BLOCK06/SES062/SA062S11	SES062	0.534162	-8.06494	-8.5991
BLOCK06/SES062/SA062S21	SES062	0.895928	-5.48524	-6.38116
BLOCK06/SES062/SA062S26	SES062	0.322726	-7.41984	-7.74257
BLOCK06/SES062/SA062S29	SES062	1.14218	-6.18496	-7.32714
BLOCK06/SES068/SA068S14	SES068	0.412857	-7.61591	-8.02877
BLOCK06/SES068/SA068S15	SES068	1.00985	-7.08939	-8.09923
BLOCK06/SES068/SA068S23	SES068	0.600182	-7.35261	-7.95279
BLOCK06/SES068/SA068S27	SES068	1.84762	-6.13089	-7.97851
BLOCK06/SES068/SA068S29	SES068	0.835366	-7.19358	-8.02894
BLOCK08/SES082/SA082S12	SES082	-0.0605927	-8.44387	-8.38327
BLOCK08/SES082/SA082S14	SES082	0.0835638	-8.17864	-8.26221
BLOCK08/SES082/SA082S21	SES082	0.655422	-7.17334	-7.82877
BLOCK08/SES082/SA082S24	SES082	0.200088	-7.95699	-8.15707
BLOCK08/SES082/SA082S28	SES082	0.625675	-7.63762	-8.2633
BLOCK08/SES083/SA083S14	SES083	0.0870161	-7.30023	-7.38725
BLOCK08/SES083/SA083S15	SES083	0.669351	-6.9074	-7.57676
BLOCK08/SES083/SA083S24	SES083	0.556714	-7.20895	-7.76566
BLOCK08/SES083/SA083S26	SES083	0.408465	-8.04363	-8.45209
BLOCK08/SES083/SA083S29	SES083	0.242472	-7.81713	-8.0596
BLOCK08/SES085/SA085S10	SES085	1.31627	-5.94937	-7.26564
BLOCK08/SES085/SA085S13	SES085	0.216142	-7.93262	-8.14876
BLOCK08/SES085/SA085S22	SES085	1.1796	-6.68433	-7.86393
BLOCK08/SES085/SA085S26	SES085	0.335548	-7.72304	-8.05859
BLOCK08/SES085/SA085S28	SES085	0.502962	-7.27428	-7.77724
BLOCK08/SES087/SA087S15	SES087	1.23089	-7.57773	-8.80862
BLOCK08/SES087/SA087S16	SES087	1.51194	-7.3243	-8.83624
BLOCK08/SES087/SA087S24	SES087	1.79329	-7.12386	-8.91715
BLOCK08/SES087/SA087S26	SES087	1.34255	-6.39113	-7.73367
BLOCK08/SES087/SA087S29	SES087	1.25411	-6.42392	-7.67803
BLOCK09/SES099/SA099S15	SES099	1.06942	-7.80209	-8.87151
BLOCK09/SES099/SA099S16	SES099	1.11618	-7.1593	-8.27548
BLOCK09/SES099/SA099S24	SES099	0.870278	-7.50124	-8.37151
BLOCK09/SES099/SA099S26	SES099	1.45222	-6.97546	-8.42768
BLOCK09/SES099/SA099S29	SES099	0.73177	-7.99447	-8.72624
BLOCK10/SES101/SA101S11	SES101	0.812304	-6.2721	-7.0844
BLOCK10/SES101/SA101S13	SES101	1.03081	-5.50297	-6.53378
BLOCK10/SES101/SA101S22	SES101	0.829749	-7.53738	-8.36712
BLOCK10/SES101/SA101S24	SES101	0.95876	-6.40919	-7.36795
BLOCK10/SES101/SA101S28	SES101	0.761362	-6.93756	-7.69892
BLOCK10/SES104/SA104S11	SES104	1.01789	-6.59457	-7.61246
BLOCK10/SES104/SA104S12	SES104	0.704145	-7.39892	-8.10306
BLOCK10/SES104/SA104S21	SES104	0.93361	-7.52379	-8.4574
BLOCK10/SES104/SA104S24	SES104	0.224074	-8.15221	-8.37628
BLOCK10/SES104/SA104S28	SES104	1.29349	-7.15298	-8.44647
BLOCK10/SES105/SA105S12	SES105	1.26449	-7.53531	-8.7998
BLOCK10/SES105/SA105S13	SES105	0.34026	-7.42647	-7.76673
BLOCK10/SES105/SA105S22	SES105	0.652561	-8.1336	-8.78616
BLOCK10/SES105/SA105S26	SES105	0.840707	-7.87673	-8.71744
BLOCK10/SES105/SA105S29	SES105	1.34052	-6.2254	-7.56592
BLOCK10/SES106/SA106S09	SES106	1.22111	-7.5999	-8.82101
BLOCK10/SES106/SA106S11	SES106	1.22907	-6.67317	-7.90224
BLOCK10/SES106/SA106S22	SES106	1.64652	-7.39411	-9.04063
BLOCK10/SES106/SA106S27	SES106	0.794966	-6.95897	-7.75394
BLOCK10/SES106/SA106S29	SES106	1.07153	-6.20445	-7.27598
BLOCK11/SES117/SA117S12	SES117	1.26211	-7.39972	-8.66182
BLOCK11/SES117/SA117S13	SES117	0.331262	-8.09865	-8.42991
BLOCK11/SES117/SA117S23	SES117	1.22701	-8.37456	-9.60157
BLOCK11/SES117/SA117S25	SES117	0.888354	-7.74932	-8.63767
BLOCK11/SES117/SA117S28	SES117	1.1803	-7.6577	-8.838
BLOCK12/SES120/SA120S08	SES120	0.730008	-7.68535	-8.41536
BLOCK12/SES120/SA120S11	SES120	1.16219	-10.3165	-11.4787
BLOCK12/SES120/SA120S22	SES120	0.649868	-6.85981	-7.50968
BLOCK12/SES120/SA120S24	SES120	0.705264	-8.00939	-8.71465
BLOCK12/SES120/SA120S28	SES120	0.25414	-8.25629	-8.51043
BLOCK12/SES125/SA125S13	SES125	1.3001	-6.93372	-8.23382
BLOCK12/SES125/SA125S14	SES125	1.02428	-7.67445	-8.69873
BLOCK12/SES125/SA125S25	SES125	1.17568	-7.70245	-8.87813
BLOCK12/SES125/SA125S27	SES125	1.39403	-6.54141	-7.93544
BLOCK12/SES125/SA125S29	SES125	0.608394	-7.23224	-7.84063
BLOCK12/SES127/SA127S11	SES127	0.548948	-7.52175	-8.07069
BLOCK12/SES127/SA127S12	SES127	0.611031	-5.87917	-6.4902
BLOCK12/SES127/SA127S23	SES127	0.616995	-6.46295	-7.07995
BLOCK12/SES127/SA127S25	SES127	0.748393	-6.48564	-7.23403
BLOCK12/SES127/SA127S27	SES127	0.920206	-6.64279	-7.56299
BLOCK12/SES129/SA129S11	SES129	1.14253	-5.98864	-7.13116
BLOCK12/SES129/SA129S12	SES129	0.969174	-5.92066	-6.88983
BLOCK12/SES129/SA129S22	SES129	1.28729	-6.65276	-7.94005
BLOCK12/SES129/SA129S27	SES129	1.16361	-6.70456	-7.86817
BLOCK12/SES129/SA129S29	SES129	0.621579	-7.96119	-8.58277
BLOCK14/SES142/SA142S11	SES142	1.4555	-6.23671	-7.69221
BLOCK14/SES142/SA142S12	SES142	0.451275	-7.51479	-7.96606
BLOCK14/SES142/SA142S24	SES142	1.18143	-6.51119	-7.69262
BLOCK14/SES142/SA142S27	SES142	1.35562	-6.33388	-7.6895
BLOCK14/SES142/SA142S29	SES142	1.5266	-6.12859	-7.65519
BLOCK14/SES143/SA143S12	SES143	0.955969	-6.86955	-7.82552
BLOCK14/SES143/SA143S13	SES143	0.997431	-7.08803	-8.08546
BLOCK14/SES143/SA143S23	SES143	0.374651	-7.27217	-7.64682
BLOCK14/SES143/SA143S25	SES143	0.987104	-7.35122	-8.33832
BLOCK14/SES143/SA143S28	SES143	0.846798	-7.16574	-8.01254
BLOCK14/SES144/SA144S09	SES144	0.622403	-7.34742	-7.96983
BLOCK14/SES144/SA144S11	SES144	0.325079	-7.00987	-7.33495
BLOCK14/SES144/SA144S21	SES144	-0.0728292	-8.01887	-7.94604
BLOCK14/SES144/SA144S25	SES144	0.86055	-7.51572	-8.37627
BLOCK14/SES144/SA144S29	SES144	-0.105257	-8.35424	-8.24898
BLOCK14/SES146/SA146S14	SES146	0.743811	-7.73983	-8.48364
BLOCK14/SES146/SA146S15	SES146	0.299376	-7.88699	-8.18637
BLOCK14/SES146/SA146S24	SES146	0.964799	-7.29188	-8.25668
BLOCK14/SES146/SA146S26	SES146	0.950719	-7.41455	-8.36527
BLOCK14/SES146/SA146S29	SES146	0.802688	-7.86044	-8.66313
BLOCK14/SES147/SA147S11	SES147	0.490116	-7.32218	-7.81229
BLOCK14/SES147/SA147S13	SES147	0.588706	-6.69886	-7.28756
BLOCK14/SES147/SA147S23	SES147	0.786668	-7.19697	-7.98364
BLOCK14/SES147/SA147S26	SES147	1.01696	-7.13115	-8.14811
BLOCK14/SES147/SA147S28	SES147	0.986458	-6.63607	-7.62253
BLOCK14/SES148/SA148S10	SES148	0.678548	-6.46298	-7.14153
BLOCK14/SES148/SA148S12	SES148	0.202749	-7.78676	-7.98951
BLOCK14/SES148/SA148S22	SES148	0.909562	-6.69034	-7.59991
BLOCK14/SES148/SA148S26	SES148	0.233805	-6.34634	-6.58015
BLOCK14/SES148/SA148S29	SES148	0.429722	-7.16529	-7.59501
BLOCK14/SES149/SA149S13	SES149	0.400453	-6.93038	-7.33083
BLOCK14/SES149/SA149S14	SES149	0.550679	-6.33209	-6.88277
BLOCK14/SES149/SA149S24	SES149	1.03784	-6.89104	-7.92887
BLOCK14/SES149/SA149S26	SES149	0.96873	-6.15232	-7.12105
BLOCK14/SES149/SA149S28	SES149	1.84301	-5.21754	-7.06054
BLOCK15/SES158/SA158S13	SES158	1.05906	-7.08242	-8.14148
BLOCK15/SES158/SA158S14	SES158	0.879144	-8.06808	-8.94722
BLOCK15/SES158/SA158S23	SES158	0.851939	-6.4047	-7.25664
BLOCK15/SES158/SA158S26	SES158	1.56574	-7.21979	-8.78554
BLOCK15/SES158/SA158S28	SES158	0.755778	-7.51585	-8.27163
BLOCK16/SES162/SA162S10	SES162	0.84774	-8.10032	-8.94806
BLOCK16/SES162/SA162S11	SES162	0.730357	-6.4638	-7.19415
BLOCK16/SES162/SA162S21	SES162	1.02543	-6.73914	-7.76457
BLOCK16/SES162/SA162S24	SES162	1.09667	-6.90886	-8.00554
BLOCK16/SES162/SA162S27	SES162	1.44922	-7.91244	-9.36167
BLOCK16/SES167/SA167S14	SES167	1.14837	-6.24034	-7.38871
BLOCK16/SES167/SA167S15	SES167	1.57236	-6.08721	-7.65958
BLOCK16/SES167/SA167S21	SES167	1.55376	-5.89551	-7.44927
BLOCK16/SES167/SA167S25	SES167	1.83121	-6.28324	-8.11445
BLOCK16/SES167/SA167S29	SES167	2.04415	-5.42405	-7.4682
BLOCK17/SES172/SA172S12	SES172	1.0623	-7.77648	-8.83878
BLOCK17/SES172/SA172S13	SES172	1.28724	-7.48644	-8.77368
BLOCK17/SES172/SA172S23	SES172	1.09707	-6.79114	-7.88821
BLOCK17/SES172/SA172S27	SES172	0.986575	-8.11103	-9.0976
BLOCK17/SES172/SA172S29	SES172	1.29743	-7.03192	-8.32935
BLOCK17/SES175/SA175S11	SES175	0.865577	-7.33904	-8.20462
BLOCK17/SES175/SA175S13	SES175	0.553064	-5.48623	-6.0393
BLOCK17/SES175/SA175S23	SES175	1.03313	-6.03217	-7.0653
BLOCK17/SES175/SA175S25	SES175	0.110674	-8.18362	-8.2943
BLOCK17/SES175/SA175S28	SES175	0.456601	-6.65361	-7.11021
BLOCK17/SES177/SA177S15	SES177	0.731886	-8.00968	-8.74156
BLOCK17/SES177/SA177S17	SES177	0.894225	-7.46612	-8.36035
BLOCK17/SES177/SA177S23	SES177	0.650249	-7.79002	-8.44027
BLOCK17/SES177/SA177S26	SES177	1.23765	-5.36795	-6.6056
BLOCK17/SES177/SA177S28	SES177	1.12559	-7.58374	-8.70933
BLOCK18/SES180/SA180S13	SES180	0.376752	-8.23181	-8.60856
BLOCK18/SES180/SA180S15	SES180	0.332705	-7.15992	-7.49263
BLOCK18/SES180/SA180S24	SES180	0.806486	-6.1281	-6.93458
BLOCK18/SES180/SA180S26	SES180	0.666527	-6.58582	-7.25235
BLOCK18/SES180/SA180S29	SES180	0.245736	-7.93447	-8.18021
BLOCK18/SES183/SA183S13	SES183	1.18564	-6.97623	-8.16187
BLOCK18/SES183/SA183S14	SES183	0.0262246	-7.59977	-7.62599
BLOCK18/SES183/SA183S24	SES183	1.21464	-7.50504	-8.71967
BLOCK18/SES183/SA183S27	SES183	1.03342	-7.99528	-9.0287
BLOCK18/SES183/SA183S29	SES183	1.10124	-6.99608	-8.09732
BLOCK18/SES187/SA187S13	SES187	0.625077	-8.40592	-9.03099
BLOCK18/SES187/SA187S14	SES187	0.752923	-8.05078	-8.8037
BLOCK18/SES187/SA187S24	SES187	0.689242	-8.23642	-8.92566
BLOCK18/SES187/SA187S27	SES187	0.510988	-8.32715	-8.83814
BLOCK18/SES187/SA187S29	SES187	0.944971	-8.34583	-9.2908
BLOCK18/SES189/SA189S10	SES189	1.31611	-7.73922	-9.05533
BLOCK18/SES189/SA189S13	SES189	1.4467	-8.57666	-10.0234
BLOCK18/SES189/SA189S24	SES189	0.897464	-6.95719	-7.85466
BLOCK18/SES189/SA189S26	SES189	1.30535	-7.05632	-8.36167
BLOCK18/SES189/SA189S29	SES189	1.42899	-6.75928	-8.18827
BLOCK20/SES202/SA202S12	SES202	0.890979	-7.31688	-8.20785
BLOCK20/SES202/SA202S14	SES202	1.15656	-6.98592	-8.14248
BLOCK20/SES202/SA202S24	SES202	0.656982	-7.89854	-8.55552
BLOCK20/SES202/SA202S27	SES202	0.931146	-6.66141	-7.59255
BLOCK20/SES202/SA202S29	SES202	0.886178	-6.87856	-7.76474
BLOCK20/SES206/SA206S15	SES206	-0.465059	-7.44418	-6.97912
BLOCK20/SES206/SA206S17	SES206	0.816702	-7.54165	-8.35836
BLOCK20/SES206/SA206S24	SES206	1.31939	-6.20164	-7.52103
BLOCK20/SES206/SA206S27	SES206	1.62233	-7.47531	-9.09764
BLOCK20/SES206/SA206S29	SES206	2.03033	-5.79759	-7.82792
BLOCK22/SES226/SA226S12	SES226	0.928071	-7.62654	-8.55461
BLOCK22/SES226/SA226S13	SES226	0.62808	-8.19864	-8.82673
BLOCK22/SES226/SA226S20	SES226	1.06984	-7.27516	-8.345
BLOCK22/SES226/SA226S23	SES226	1.01397	-6.74239	-7.75636
BLOCK22/SES226/SA226S28	SES226	1.40146	-6.42804	-7.8295
BLOCK25/SES259/SA259S13	SES259	2.22852	-6.3574	-8.58592
BLOCK25/SES259/SA259S14	SES259	1.73902	-6.38312	-8.12214
BLOCK25/SES259/SA259S22	SES259	1.65881	-6.17282	-7.83164
BLOCK25/SES259/SA259S24	SES259	1.0246	-7.13928	-8.16388
BLOCK25/SES259/SA259S28	SES259	1.20102	-6.89119	-8.09222
BLOCK27/SES270/SA270S14	SES270	1.9749	-7.05837	-9.03326
BLOCK27/SES270/SA270S16	SES270	0.263425	-7.32337	-7.5868
BLOCK27/SES270/SA270S22	SES270	1.99986	-6.19571	-8.19557
BLOCK27/SES270/SA270S26	SES270	1.20093	-7.37722	-8.57815
BLOCK27/SES270/SA270S28	SES270	1.18347	-6.91653	-8.1
BLOCK27/SES275/SA275S17	SES275	0.746264	-6.72833	-7.4746
BLOCK27/SES275/SA275S18	SES275	0.65111	-7.00925	-7.66036
BLOCK27/SES275/SA275S24	SES275	0.648385	-7.51018	-8.15857
BLOCK27/SES275/SA275S26	SES275	0.848596	-6.97468	-7.82327
BLOCK27/SES275/SA275S28	SES275	0.730013	-7.29962	-8.02964
BLOCK29/SES292/SA292S10	SES292	-0.182141	-7.14014	-6.95799
BLOCK29/SES292/SA292S12	SES292	0.208623	-8.44168	-8.6503
BLOCK29/SES292/SA292S22	SES292	0.143317	-7.77147	-7.91479
BLOCK29/SES292/SA292S24	SES292	0.0431008	-7.5741	-7.6172
BLOCK29/SES292/SA292S27	SES292	0.0811119	-7.48982	-7.57093
BLOCK00/SES001/SA001S14	SES062	-1.4591	-9.96296	-8.50386
BLOCK00/SES001/SA001S14	SES082	-0.331164	-8.83503	-8.50386
BLOCK00/SES001/SA001S14	SES106	-1.18281	-9.68668	-8.50386
BLOCK00/SES001/SA001S14	SES206	-1.28453	-9.78839	-8.50386
BLOCK00/SES001/SA001S15	SES062	-1.07853	-8.63706	-7.55853
BLOCK00/SES001/SA001S15	SES104	-1.12316	-8.68169	-7.55853
BLOCK00/SES001/SA001S15	SES106	-1.45671	-9.01524	-7.55853
BLOCK00/SES001/SA001S15	SES206	-1.49352	-9.05205	-7.55853
BLOCK00/SES001/SA001S24	SES062	-0.327597	-8.33493	-8.00733
BLOCK00/SES001/SA001S24	SES082	-0.370256	-8.37759	-8.00733
BLOCK00/SES001/SA001S24	SES087	-0.24	-8.24733	-8.00733
BLOCK00/SES001/SA001S24	SES206	0.225586	-7.78175	-8.00733
BLOCK00/SES001/SA001S27	SES062	-0.497272	-6.76032	-6.26305
BLOCK00/SES001/SA001S27	SES082	-0.447552	-6.7106	-6.26305
BLOCK00/SES001/SA001S27	SES087	-0.309191	-6.57224	-6.26305
BLOCK00/SES001/SA001S27	SES206	-1.38886	-7.65191	-6.26305
BLOCK00/SES001/SA001S29	SES062	-1.43285	-9.2898	-7.85695
BLOCK00/SES001/SA001S29	SES082	-0.496309	-8.35326	-7.85695
BLOCK00/SES001/SA001S29	SES158	-0.674446	-8.5314	-7.85695
BLOCK00/SES001/SA001S29	SES206	-1.23131	-9.08826	-7.85695
BLOCK00/SES003/SA003S11	SES002	-0.209613	-8.37105	-8.16143
BLOCK00/SES003/SA003S11	SES019	-0.957832	-9.11927	-8.16143
BLOCK00/SES003/SA003S11	SES082	-0.0854149	-8.24685	-8.16143
BLOCK00/SES003/SA003S11	SES125	-0.822303	-8.98374	-8.16143
BLOCK00/SES003/SA003S15	SES016	-0.786555	-8.23026	-7.44371
BLOCK00/SES003/SA003S15	SES019	-2.92211	-10.3658	-7.44371
BLOCK00/SES003/SA003S15	SES062	0.0848756	-7.35883	-7.44371
BLOCK00/SES003/SA003S15	SES206	-0.216947	-7.66066	-7.44371
BLOCK00/SES003/SA003S22	SES002	-0.0559325	-7.93156	-7.87563
BLOCK00/SES003/SA003S22	SES062	0.43716	-7.43847	-7.87563
BLOCK00/SES003/SA003S22	SES082	-0.0331135	-7.90875	-7.87563
BLOCK00/SES003/SA003S22	SES087	-0.0110517	-7.88668	-7.87563
BLOCK00/SES003/SA003S25	SES062	-1.25821	-10.3444	-9.08619
BLOCK00/SES003/SA003S25	SES082	-1.00678	-10.093	-9.08619
BLOCK00/SES003/SA003S25	SES087	-1.23432	-10.3205	-9.08619
BLOCK00/SES003/SA003S25	SES206	-1.00781	-10.094	-9.08619
BLOCK00/SES003/SA003S29	SES002	-0.637104	-9.06969	-8.43258
BLOCK00/SES003/SA003S29	SES062	-1.60188	-10.0345	-8.43258
BLOCK00/SES003/SA003S29	SES082	-0.768521	-9.20111	-8.43258
BLOCK00/SES003/SA003S29	SES087	-1.56065	-9.99323	-8.43258
BLOCK00/SES004/SA004S12	SES083	-0.816771	-8.12235	-7.30558
BLOCK00/SES004/SA004S12	SES148	-0.394272	-7.69985	-7.30558
BLOCK00/SES004/SA004S12	SES172	0.529146	-6.77644	-7.30558
BLOCK00/SES004/SA004S12	SES292	-0.708196	-8.01378	-7.30558
BLOCK00/SES004/SA004S17	SES083	-0.447924	-8.06652	-7.6186
BLOCK00/SES004/SA004S17	SES162	-0.591082	-8.20968	-7.6186
BLOCK00/SES004/SA004S17	SES172	-0.0276117	-7.64621	-7.6186
BLOCK00/SES004/SA004S17	SES292	-0.739706	-8.3583	-7.6186
BLOCK00/SES004/SA004S24	SES083	-0.790825	-7.9788	-7.18798
BLOCK00/SES004/SA004S24	SES148	-1.25543	-8.44341	-7.18798
BLOCK00/SES004/SA004S24	SES172	0.164239	-7.02374	-7.18798
BLOCK00/SES004/SA004S24	SES292	-0.545255	-7.73323	-7.18798
BLOCK00/SES004/SA004S26	SES083	-1.18779	-9.14799	-7.9602
BLOCK00/SES004/SA004S26	SES127	-0.223657	-8.18386	-7.9602
BLOCK00/SES004/SA004S26	SES148	-1.95073	-9.91093	-7.9602
BLOCK00/SES004/SA004S26	SES292	-1.4095	-9.3697	-7.9602
BLOCK00/SES004/SA004S28	SES083	-0.831535	-8.04334	-7.21181
BLOCK00/SES004/SA004S28	SES127	0.129923	-7.08189	-7.21181
BLOCK00/SES004/SA004S28	SES187	0.158191	-7.05362	-7.21181
BLOCK00/SES004/SA004S28	SES292	-1.12471	-8.33652	-7.21181
BLOCK00/SES006/SA006S10	SES014	-0.917252	-10.2188	-9.30151
BLOCK00/SES006/SA006S10	SES158	-1.24694	-10.5485	-9.30151
BLOCK00/SES006/SA006S10	SES226	-2.64623	-11.9477	-9.30151
BLOCK00/SES006/SA006S10	SES270	0.129512	-9.172	-9.30151
BLOCK00/SES006/SA006S11	SES158	-1.36591	-10.3929	-9.02696
BLOCK00/SES006/SA006S11	SES226	-1.40021	-10.4272	-9.02696
BLOCK00/SES006/SA006S11	SES270	0.35023	-8.67673	-9.02696
BLOCK00/SES006/SA006S11	SES275	-1.36329	-10.3903	-9.02696
BLOCK00/SES006/SA006S23	SES062	-3.32858	-12.5159	-9.18727
BLOCK00/SES006/SA006S23	SES105	-2.65547	-11.8427	-9.18727
BLOCK00/SES006/SA006S23	SES158	-0.877564	-10.0648	-9.18727
BLOCK00/SES006/SA006S23	SES275	-2.15174	-11.339	-9.18727
BLOCK00/SES006/SA006S26	SES104	-2.30696	-11.6344	-9.32741
BLOCK00/SES006/SA006S26	SES158	-1.15391	-10.4813	-9.32741
BLOCK00/SES006/SA006S26	SES270	0.253793	-9.07362	-9.32741
BLOCK00/SES006/SA006S26	SES275	-1.6352	-10.9626	-9.32741
BLOCK00/SES006/SA006S28	SES007	-1.62644	-11.1887	-9.56229
BLOCK00/SES006/SA006S28	SES105	-2.11564	-11.6779	-9.56229
BLOCK00/SES006/SA006S28	SES158	-0.787111	-10.3494	-9.56229
BLOCK00/SES006/SA006S28	SES275	-1.43841	-11.0007	-9.56229
BLOCK00/SES009/SA009S12	SES083	-1.79928	-9.91345	-8.11417
BLOCK00/SES009/SA009S12	SES148	-0.880452	-8.99462	-8.11417
BLOCK00/SES009/SA009S12	SES177	0.196186	-7.91799	-8.11417
BLOCK00/SES009/SA009S12	SES292	-0.262074	-8.37624	-8.11417
BLOCK00/SES009/SA009S15	SES007	0.506155	-7.09391	-7.60007
BLOCK00/SES009/SA009S15	SES099	-2.21772	-9.81778	-7.60007
BLOCK00/SES009/SA009S15	SES148	-0.75784	-8.35791	-7.60007
BLOCK00/SES009/SA009S15	SES172	0.0523753	-7.54769	-7.60007
BLOCK00/SES009/SA009S24	SES146	0.0920897	-8.13186	-8.22395
BLOCK00/SES009/SA009S24	SES148	-1.32359	-9.54754	-8.22395
BLOCK00/SES009/SA009S24	SES177	0.205091	-8.01886	-8.22395
BLOCK00/SES009/SA009S24	SES292	-0.196568	-8.42052	-8.22395
BLOCK00/SES009/SA009S26	SES083	-1.59904	-9.54298	-7.94394
BLOCK00/SES009/SA009S26	SES101	-1.25533	-9.19927	-7.94394
BLOCK00/SES009/SA009S26	SES120	-0.167353	-8.11129	-7.94394
BLOCK00/SES009/SA009S26	SES177	-0.479657	-8.42359	-7.94394
BLOCK00/SES009/SA009S29	SES083	-1.28689	-9.10695	-7.82006
BLOCK00/SES009/SA009S29	SES101	-0.899701	-8.71976	-7.82006
BLOCK00/SES009/SA009S29	SES177	0.00480604	-7.81526	-7.82006
BLOCK00/SES009/SA009S29	SES292	-0.767794	-8.58786	-7.82006
BLOCK01/SES011/SA011S10	SES019	-3.09867	-12.6924	-9.59375
BLOCK01/SES011/SA011S10	SES042	1.71432	-7.87943	-9.59375
BLOCK01/SES011/SA011S10	SES082	0.255814	-9.33794	-9.59375
BLOCK01/SES011/SA011S10	SES206	0.416291	-9.17746	-9.59375
BLOCK01/SES011/SA011S11	SES019	-2.06727	-11.0426	-8.97529
BLOCK01/SES011/SA011S11	SES042	0.697476	-8.27781	-8.97529
BLOCK01/SES011/SA011S11	SES082	-0.00511932	-8.9804	-8.97529
BLOCK01/SES011/SA011S11	SES206	-0.326725	-9.30201	-8.97529
BLOCK01/SES011/SA011S22	SES019	-2.06155	-11.2154	-9.15389
BLOCK01/SES011/SA011S22	SES042	1.00647	-8.14742	-9.15389
BLOCK01/SES011/SA011S22	SES082	-0.39006	-9.54395	-9.15389
BLOCK01/SES011/SA011S22	SES206	-0.364143	-9.51803	-9.15389
BLOCK01/SES011/SA011S24	SES019	-2.55975	-11.0309	-8.47119
BLOCK01/SES011/SA011S24	SES042	1.56236	-6.90883	-8.47119
BLOCK01/SES011/SA011S24	SES104	0.646967	-7.82422	-8.47119
BLOCK01/SES011/SA011S24	SES206	0.357269	-8.11392	-8.47119
BLOCK01/SES011/SA011S27	SES082	0.236212	-8.11113	-8.34734
BLOCK01/SES011/SA011S27	SES087	-1.00585	-9.3532	-8.34734
BLOCK01/SES011/SA011S27	SES125	0.182327	-8.16502	-8.34734
BLOCK01/SES011/SA011S27	SES206	0.139371	-8.20797	-8.34734
BLOCK01/SES012/SA012S11	SES007	0.590612	-6.94775	-7.53836
BLOCK01/SES012/SA012S11	SES082	0.50965	-7.02871	-7.53836
BLOCK01/SES012/SA012S11	SES083	-0.48013	-8.01849	-7.53836
BLOCK01/SES012/SA012S11	SES206	0.134263	-7.4041	-7.53836
BLOCK01/SES012/SA012S14	SES082	0.322391	-8.26165	-8.58404
BLOCK01/SES012/SA012S14	SES087	-1.01689	-9.60093	-8.58404
BLOCK01/SES012/SA012S14	SES206	0.510596	-8.07344	-8.58404
BLOCK01/SES012/SA012S14	SES292	-0.407031	-8.99107	-8.58404
BLOCK01/SES012/SA012S24	SES082	0.297001	-8.94481	-9.24181
BLOCK01/SES012/SA012S24	SES087	-0.646092	-9.88791	-9.24181
BLOCK01/SES012/SA012S24	SES120	-1.13909	-10.3809	-9.24181
BLOCK01/SES012/SA012S24	SES206	-0.429323	-9.67114	-9.24181
BLOCK01/SES012/SA012S26	SES019	-5.13531	-14.4764	-9.34106
BLOCK01/SES012/SA012S26	SES082	-0.390834	-9.73189	-9.34106
BLOCK01/SES012/SA012S26	SES206	1.05286	-8.2882	-9.34106
BLOCK01/SES012/SA012S26	SES292	-0.0800829	-9.42114	-9.34106
BLOCK01/SES012/SA012S29	SES062	-0.401738	-7.4458	-7.04406
BLOCK01/SES012/SA012S29	SES082	0.715962	-6.3281	-7.04406
BLOCK01/SES012/SA012S29	SES083	-1.25463	-8.29869	-7.04406
BLOCK01/SES012/SA012S29	SES206	0.640053	-6.40401	-7.04406
BLOCK01/SES013/SA013S16	SES062	-2.15821	-11.5203	-9.36208
BLOCK01/SES013/SA013S16	SES106	-0.733576	-10.0957	-9.36208
BLOCK01/SES013/SA013S16	SES206	-0.640681	-10.0028	-9.36208
BLOCK01/SES013/SA013S16	SES226	-0.411206	-9.77329	-9.36208
BLOCK01/SES013/SA013S17	SES062	-0.63031	-8.91723	-8.28692
BLOCK01/SES013/SA013S17	SES106	-1.0253	-9.31222	-8.28692
BLOCK01/SES013/SA013S17	SES206	-0.239717	-8.52664	-8.28692
BLOCK01/SES013/SA013S17	SES226	-0.0613699	-8.34829	-8.28692
BLOCK01/SES013/SA013S23	SES104	-0.348371	-9.74515	-9.39678
BLOCK01/SES013/SA013S23	SES106	0.411889	-8.98489	-9.39678
BLOCK01/SES013/SA013S23	SES206	-1.19908	-10.5959	-9.39678
BLOCK01/SES013/SA013S23	SES270	0.0836916	-9.31309	-9.39678
BLOCK01/SES013/SA013S25	SES042	-1.92053	-10.5177	-8.59719
BLOCK01/SES013/SA013S25	SES104	-0.188673	-8.78586	-8.59719
BLOCK01/SES013/SA013S25	SES106	0.0835152	-8.51367	-8.59719
BLOCK01/SES013/SA013S25	SES206	-1.2334	-9.83059	-8.59719
BLOCK01/SES013/SA013S29	SES062	-2.16854	-11.088	-8.91943
BLOCK01/SES013/SA013S29	SES104	-0.873801	-9.79323	-8.91943
BLOCK01/SES013/SA013S29	SES106	-0.0752487	-8.99468	-8.91943
BLOCK01/SES013/SA013S29	SES206	-1.88248	-10.8019	-8.91943
BLOCK02/SES021/SA021S13	SES016	-1.81012	-9.76496	-7.95484
BLOCK02/SES021/SA021S13	SES029	-0.772722	-8.72756	-7.95484
BLOCK02/SES021/SA021S13	SES087	-2.45817	-10.413	-7.95484
BLOCK02/SES021/SA021S13	SES206	-1.79677	-9.75161	-7.95484
BLOCK02/SES021/SA021S15	SES087	-0.248284	-8.1215	-7.87322
BLOCK02/SES021/SA021S15	SES125	-0.543974	-8.41719	-7.87322
BLOCK02/SES021/SA021S15	SES206	-0.747976	-8.62119	-7.87322
BLOCK02/SES021/SA021S15	SES226	-0.629837	-8.50305	-7.87322
BLOCK02/SES021/SA021S23	SES062	-1.91249	-10.8264	-8.91388
BLOCK02/SES021/SA021S23	SES087	-0.196735	-9.11061	-8.91388
BLOCK02/SES021/SA021S23	SES206	-1.04636	-9.96024	-8.91388
BLOCK02/SES021/SA021S23	SES226	-0.879467	-9.79335	-8.91388
BLOCK02/SES021/SA021S27	SES002	-0.482026	-7.92446	-7.44243
BLOCK02/SES021/SA021S27	SES016	-2.61668	-10.0591	-7.44243
BLOCK02/SES021/SA021S27	SES019	-1.333	-8.77543	-7.44243
BLOCK02/SES021/SA021S27	SES062	-0.522042	-7.96447	-7.44243
BLOCK02/SES021/SA021S29	SES087	-0.940797	-9.37782	-8.43702
BLOCK02/SES021/SA021S29	SES125	-1.40118	-9.8382	-8.43702
BLOCK02/SES021/SA021S29	SES206	-0.0655184	-8.50254	-8.43702
BLOCK02/SES021/SA021S29	SES226	-0.92133	-9.35835	-8.43702
BLOCK04/SES043/SA043S09	SES083	0.0767145	-8.51257	-8.58928
BLOCK04/SES043/SA043S09	SES101	-0.108953	-8.69823	-8.58928
BLOCK04/SES043/SA043S09	SES144	0.198747	-8.39053	-8.58928
BLOCK04/SES043/SA043S09	SES172	-1.05176	-9.64104	-8.58928
BLOCK04/SES043/SA043S11	SES083	0.282974	-7.06287	-7.34585
BLOCK04/SES043/SA043S11	SES101	-0.207818	-7.55367	-7.34585
BLOCK04/SES043/SA043S11	SES144	0.23678	-7.10907	-7.34585
BLOCK04/SES043/SA043S11	SES172	-0.643265	-7.98911	-7.34585
BLOCK04/SES043/SA043S23	SES083	-0.226263	-8.00119	-7.77493
BLOCK04/SES043/SA043S23	SES144	-0.206985	-7.98191	-7.77493
BLOCK04/SES043/SA043S23	SES177	-0.719976	-8.49491	-7.77493
BLOCK04/SES043/SA043S23	SES275	-0.79488	-8.56981	-7.77493
BLOCK04/SES043/SA043S26	SES083	-0.164757	-9.28524	-9.12048
BLOCK04/SES043/SA043S26	SES101	-0.25983	-9.38031	-9.12048
BLOCK04/SES043/SA043S26	SES144	0.226757	-8.89372	-9.12048
BLOCK04/SES043/SA043S26	SES177	-0.638019	-9.7585	-9.12048
BLOCK04/SES043/SA043S28	SES016	-1.44098	-9.46358	-8.0226
BLOCK04/SES043/SA043S28	SES083	-0.162822	-8.18542	-8.0226
BLOCK04/SES043/SA043S28	SES101	-0.138884	-8.16148	-8.0226
BLOCK04/SES043/SA043S28	SES144	-0.20468	-8.22728	-8.0226
BLOCK04/SES044/SA044S10	SES127	-2.10567	-10.8242	-8.71858
BLOCK04/SES044/SA044S10	SES144	0.0172348	-8.70134	-8.71858
BLOCK04/SES044/SA044S10	SES147	-2.92998	-11.6486	-8.71858
BLOCK04/SES044/SA044S10	SES148	-2.74387	-11.4624	-8.71858
BLOCK04/SES044/SA044S11	SES101	0.0133171	-7.8996	-7.91292
BLOCK04/SES044/SA044S11	SES144	0.146845	-7.76607	-7.91292
BLOCK04/SES044/SA044S11	SES147	-1.36717	-9.28008	-7.91292
BLOCK04/SES044/SA044S11	SES177	-0.739443	-8.65236	-7.91292
BLOCK04/SES044/SA044S24	SES007	-1.62586	-9.65345	-8.02759
BLOCK04/SES044/SA044S24	SES101	0.213084	-7.81451	-8.02759
BLOCK04/SES044/SA044S24	SES147	-1.68781	-9.7154	-8.02759
BLOCK04/SES044/SA044S24	SES177	-0.270748	-8.29834	-8.02759
BLOCK04/SES044/SA044S26	SES007	-0.931448	-8.53092	-7.59947
BLOCK04/SES044/SA044S26	SES016	-0.482925	-8.08239	-7.59947
BLOCK04/SES044/SA044S26	SES101	0.0649548	-7.53451	-7.59947
BLOCK04/SES044/SA044S26	SES147	-0.195507	-7.79497	-7.59947
BLOCK04/SES044/SA044S29	SES007	-1.83256	-9.60977	-7.77721
BLOCK04/SES044/SA044S29	SES101	0.488855	-7.28835	-7.77721
BLOCK04/SES044/SA044S29	SES147	-0.0523229	-7.82953	-7.77721
BLOCK04/SES044/SA044S29	SES177	-1.74745	-9.52466	-7.77721
BLOCK04/SES046/SA046S13	SES101	-0.134483	-9.05768	-8.9232
BLOCK04/SES046/SA046S13	SES144	0.102431	-8.82077	-8.9232
BLOCK04/SES046/SA046S13	SES147	-1.42263	-10.3458	-8.9232
BLOCK04/SES046/SA046S13	SES177	-1.05045	-9.97365	-8.9232
BLOCK04/SES046/SA046S15	SES048	-0.00027895	-6.56386	-6.56358
BLOCK04/SES046/SA046S15	SES083	-0.669065	-7.23265	-6.56358
BLOCK04/SES046/SA046S15	SES120	-2.73811	-9.30169	-6.56358
BLOCK04/SES046/SA046S15	SES148	-0.693751	-7.25733	-6.56358
BLOCK04/SES046/SA046S22	SES101	0.0653458	-8.34411	-8.40946
BLOCK04/SES046/SA046S22	SES144	0.418378	-7.99108	-8.40946
BLOCK04/SES046/SA046S22	SES147	-1.38235	-9.7918	-8.40946
BLOCK04/SES046/SA046S22	SES172	0.26301	-8.14645	-8.40946
BLOCK04/SES046/SA046S25	SES083	-0.373469	-7.87713	-7.50367
BLOCK04/SES046/SA046S25	SES127	-1.17239	-8.67606	-7.50367
BLOCK04/SES046/SA046S25	SES144	-0.290188	-7.79385	-7.50367
BLOCK04/SES046/SA046S25	SES148	-1.38027	-8.88393	-7.50367
BLOCK04/SES046/SA046S28	SES007	-0.883188	-8.61971	-7.73652
BLOCK04/SES046/SA046S28	SES105	-1.04709	-8.78361	-7.73652
BLOCK04/SES046/SA046S28	SES147	-0.527243	-8.26376	-7.73652
BLOCK04/SES046/SA046S28	SES148	-1.10772	-8.84424	-7.73652
BLOCK04/SES049/SA049S16	SES104	-0.455634	-9.90959	-9.45395
BLOCK04/SES049/SA049S16	SES106	-1.60835	-11.0623	-9.45395
BLOCK04/SES049/SA049S16	SES120	-1.06437	-10.5183	-9.45395
BLOCK04/SES049/SA049S16	SES206	-1.18405	-10.638	-9.45395
BLOCK04/SES049/SA049S18	SES099	0.20085	-8.61028	-8.81113
BLOCK04/SES049/SA049S18	SES104	-1.2047	-10.0158	-8.81113
BLOCK04/SES049/SA049S18	SES125	-1.06689	-9.87801	-8.81113
BLOCK04/SES049/SA049S18	SES206	-2.00837	-10.8195	-8.81113
BLOCK04/SES049/SA049S25	SES087	-1.58992	-11.0782	-9.48831
BLOCK04/SES049/SA049S25	SES104	-0.717608	-10.2059	-9.48831
BLOCK04/SES049/SA049S25	SES125	-1.11044	-10.5987	-9.48831
BLOCK04/SES049/SA049S25	SES206	-0.9174	-10.4057	-9.48831
BLOCK04/SES049/SA049S27	SES099	-0.0676451	-8.39453	-8.32688
BLOCK04/SES049/SA049S27	SES104	0.313691	-8.01319	-8.32688
BLOCK04/SES049/SA049S27	SES125	-1.17862	-9.5055	-8.32688
BLOCK04/SES049/SA049S27	SES206	-1.25699	-9.58387	-8.32688
BLOCK04/SES049/SA049S29	SES099	0.130998	-7.84385	-7.97484
BLOCK04/SES049/SA049S29	SES104	0.342446	-7.6324	-7.97484
BLOCK04/SES049/SA049S29	SES125	-0.348558	-8.3234	-7.97484
BLOCK04/SES049/SA049S29	SES206	-1.09578	-9.07063	-7.97484
BLOCK06/SES063/SA063S09	SES068	-1.84285	-11.3564	-9.5135
BLOCK06/SES063/SA063S09	SES083	-0.0401468	-9.55365	-9.5135
BLOCK06/SES063/SA063S09	SES177	-0.47042	-9.98392	-9.5135
BLOCK06/SES063/SA063S09	SES187	-0.708096	-10.2216	-9.5135
BLOCK06/SES063/SA063S10	SES068	-1.17093	-10.1348	-8.96391
BLOCK06/SES063/SA063S10	SES083	-0.496038	-9.45995	-8.96391
BLOCK06/SES063/SA063S10	SES172	-0.572064	-9.53598	-8.96391
BLOCK06/SES063/SA063S10	SES187	-0.878697	-9.84261	-8.96391
BLOCK06/SES063/SA063S20	SES068	-2.44229	-11.4548	-9.01248
BLOCK06/SES063/SA063S20	SES083	-0.680061	-9.69254	-9.01248
BLOCK06/SES063/SA063S20	SES172	-0.622403	-9.63488	-9.01248
BLOCK06/SES063/SA063S20	SES187	-0.699742	-9.71222	-9.01248
BLOCK06/SES063/SA063S24	SES029	-1.62355	-11.5493	-9.92574
BLOCK06/SES063/SA063S24	SES083	0.0581951	-9.86754	-9.92574
BLOCK06/SES063/SA063S24	SES177	-0.133338	-10.0591	-9.92574
BLOCK06/SES063/SA063S24	SES189	0.967057	-8.95868	-9.92574
BLOCK06/SES063/SA063S27	SES083	-0.00720406	-8.8	-8.7928
BLOCK06/SES063/SA063S27	SES172	-1.2896	-10.0824	-8.7928
BLOCK06/SES063/SA063S27	SES187	-0.663625	-9.45642	-8.7928
BLOCK06/SES063/SA063S27	SES292	-0.811566	-9.60437	-8.7928
BLOCK06/SES067/SA067S12	SES083	-0.681352	-8.20191	-7.52056
BLOCK06/SES067/SA067S12	SES172	-1.06278	-8.58334	-7.52056
BLOCK06/SES067/SA067S12	SES202	-0.204491	-7.72505	-7.52056
BLOCK06/SES067/SA067S12	SES292	-0.899276	-8.41984	-7.52056
BLOCK06/SES067/SA067S14	SES085	-0.994979	-7.35025	-6.35527
BLOCK06/SES067/SA067S14	SES177	-1.20392	-7.55919	-6.35527
BLOCK06/SES067/SA067S14	SES183	0.680663	-5.6746	-6.35527
BLOCK06/SES067/SA067S14	SES202	0.277138	-6.07813	-6.35527
BLOCK06/SES067/SA067S21	SES144	-0.740427	-8.87706	-8.13663
BLOCK06/SES067/SA067S21	SES177	-1.16358	-9.30021	-8.13663
BLOCK06/SES067/SA067S21	SES183	-0.934976	-9.07161	-8.13663
BLOCK06/SES067/SA067S21	SES189	-0.974393	-9.11102	-8.13663
BLOCK06/SES067/SA067S25	SES085	-1.3478	-8.83333	-7.48554
BLOCK06/SES067/SA067S25	SES177	-0.598239	-8.08378	-7.48554
BLOCK06/SES067/SA067S25	SES183	-0.348586	-7.83412	-7.48554
BLOCK06/SES067/SA067S25	SES202	-1.06629	-8.55183	-7.48554
BLOCK06/SES067/SA067S29	SES085	-2.30834	-10.6465	-8.33816
BLOCK06/SES067/SA067S29	SES177	-1.32647	-9.66464	-8.33816
BLOCK06/SES067/SA067S29	SES183	-0.660478	-8.99864	-8.33816
BLOCK06/SES067/SA067S29	SES202	0.0942974	-8.24387	-8.33816
BLOCK06/SES069/SA069S12	SES029	-1.07232	-8.62147	-7.54915
BLOCK06/SES069/SA069S12	SES082	-0.647217	-8.19637	-7.54915
BLOCK06/SES069/SA069S12	SES087	-0.993222	-8.54237	-7.54915
BLOCK06/SES069/SA069S12	SES206	-0.291625	-7.84078	-7.54915
BLOCK06/SES069/SA069S13	SES029	-1.53475	-9.09179	-7.55705
BLOCK06/SES069/SA069S13	SES087	-1.12446	-8.68151	-7.55705
BLOCK06/SES069/SA069S13	SES206	-0.967756	-8.5248	-7.55705
BLOCK06/SES069/SA069S13	SES226	0.4334	-7.12365	-7.55705
BLOCK06/SES069/SA069S23	SES029	-0.104057	-7.19427	-7.09021
BLOCK06/SES069/SA069S23	SES087	0.0211916	-7.06902	-7.09021
BLOCK06/SES069/SA069S23	SES206	-1.06757	-8.15778	-7.09021
BLOCK06/SES069/SA069S23	SES226	0.254767	-6.83544	-7.09021
BLOCK06/SES069/SA069S25	SES087	-0.877012	-8.32001	-7.443
BLOCK06/SES069/SA069S25	SES206	-1.77446	-9.21746	-7.443
BLOCK06/SES069/SA069S25	SES226	-0.0208206	-7.46382	-7.443
BLOCK06/SES069/SA069S25	SES270	-1.04372	-8.48672	-7.443
BLOCK06/SES069/SA069S27	SES087	-1.21755	-9.45403	-8.23648
BLOCK06/SES069/SA069S27	SES206	-0.217908	-8.45438	-8.23648
BLOCK06/SES069/SA069S27	SES226	0.267962	-7.96852	-8.23648
BLOCK06/SES069/SA069S27	SES270	-0.469763	-8.70624	-8.23648
BLOCK08/SES081/SA081S11	SES060	-1.59751	-9.6952	-8.09768
BLOCK08/SES081/SA081S11	SES062	-0.287803	-8.38549	-8.09768
BLOCK08/SES081/SA081S11	SES117	-1.83673	-9.93442	-8.09768
BLOCK08/SES081/SA081S11	SES162	-1.61106	-9.70875	-8.09768
BLOCK08/SES081/SA081S13	SES016	-0.0392251	-7.40783	-7.36861
BLOCK08/SES081/SA081S13	SES060	0.228597	-7.14001	-7.36861
BLOCK08/SES081/SA081S13	SES068	-0.195999	-7.56461	-7.36861
BLOCK08/SES081/SA081S13	SES129	-1.45372	-8.82233	-7.36861
BLOCK08/SES081/SA081S24	SES060	0.0502229	-7.81009	-7.86032
BLOCK08/SES081/SA081S24	SES068	-0.233912	-8.09423	-7.86032
BLOCK08/SES081/SA081S24	SES117	-0.981768	-8.84208	-7.86032
BLOCK08/SES081/SA081S24	SES275	-0.551023	-8.41134	-7.86032
BLOCK08/SES081/SA081S27	SES007	0.492382	-8.20918	-8.70156
BLOCK08/SES081/SA081S27	SES060	-0.220998	-8.92256	-8.70156
BLOCK08/SES081/SA081S27	SES117	-0.575213	-9.27678	-8.70156
BLOCK08/SES081/SA081S27	SES275	-0.710898	-9.41246	-8.70156
BLOCK08/SES081/SA081S29	SES007	0.436396	-8.82611	-9.26251
BLOCK08/SES081/SA081S29	SES060	0.490396	-8.77211	-9.26251
BLOCK08/SES081/SA081S29	SES117	-0.134975	-9.39749	-9.26251
BLOCK08/SES081/SA081S29	SES275	-0.555909	-9.81842	-9.26251
BLOCK08/SES086/SA086S11	SES029	-1.93427	-11.6284	-9.69413
BLOCK08/SES086/SA086S11	SES082	-1.45984	-11.154	-9.69413
BLOCK08/SES086/SA086S11	SES087	0.287742	-9.40639	-9.69413
BLOCK08/SES086/SA086S11	SES206	-1.33036	-11.0245	-9.69413
BLOCK08/SES086/SA086S12	SES029	-1.29574	-10.1572	-8.86141
BLOCK08/SES086/SA086S12	SES082	-1.33822	-10.1996	-8.86141
BLOCK08/SES086/SA086S12	SES087	0.705988	-8.15542	-8.86141
BLOCK08/SES086/SA086S12	SES206	-0.407207	-9.26861	-8.86141
BLOCK08/SES086/SA086S20	SES029	-1.08274	-9.70353	-8.6208
BLOCK08/SES086/SA086S20	SES082	-0.51002	-9.13082	-8.6208
BLOCK08/SES086/SA086S20	SES087	0.799813	-7.82099	-8.6208
BLOCK08/SES086/SA086S20	SES206	-0.0750408	-8.69584	-8.6208
BLOCK08/SES086/SA086S24	SES087	0.629346	-9.04094	-9.67029
BLOCK08/SES086/SA086S24	SES104	-0.625827	-10.2961	-9.67029
BLOCK08/SES086/SA086S24	SES120	-0.516648	-10.1869	-9.67029
BLOCK08/SES086/SA086S24	SES206	0.2749	-9.39539	-9.67029
BLOCK08/SES086/SA086S28	SES029	-1.52202	-9.61227	-8.09025
BLOCK08/SES086/SA086S28	SES082	-0.910147	-9.0004	-8.09025
BLOCK08/SES086/SA086S28	SES087	0.255361	-7.83489	-8.09025
BLOCK08/SES086/SA086S28	SES206	-0.0681925	-8.15844	-8.09025
BLOCK08/SES089/SA089S13	SES087	-0.42285	-9.44322	-9.02037
BLOCK08/SES089/SA089S13	SES206	-1.16721	-10.1876	-9.02037
BLOCK08/SES089/SA089S13	SES226	-0.65059	-9.67096	-9.02037
BLOCK08/SES089/SA089S13	SES270	-1.19423	-10.2146	-9.02037
BLOCK08/SES089/SA089S14	SES062	-1.61115	-9.87789	-8.26674
BLOCK08/SES089/SA089S14	SES087	0.011961	-8.25478	-8.26674
BLOCK08/SES089/SA089S14	SES206	-1.529	-9.79574	-8.26674
BLOCK08/SES089/SA089S14	SES226	-1.27826	-9.54501	-8.26674
BLOCK08/SES089/SA089S23	SES087	-0.438972	-10.6896	-10.2507
BLOCK08/SES089/SA089S23	SES206	-1.55449	-11.8051	-10.2507
BLOCK08/SES089/SA089S23	SES226	-0.954109	-11.2048	-10.2507
BLOCK08/SES089/SA089S23	SES270	-2.77943	-13.0301	-10.2507
BLOCK08/SES089/SA089S25	SES062	-0.320342	-9.33074	-9.0104
BLOCK08/SES089/SA089S25	SES087	0.282932	-8.72747	-9.0104
BLOCK08/SES089/SA089S25	SES206	-1.32256	-10.333	-9.0104
BLOCK08/SES089/SA089S25	SES226	-0.538308	-9.54871	-9.0104
BLOCK08/SES089/SA089S28	SES062	0.0544662	-8.85543	-8.9099
BLOCK08/SES089/SA089S28	SES087	0.406865	-8.50303	-8.9099
BLOCK08/SES089/SA089S28	SES206	-0.736376	-9.64627	-8.9099
BLOCK08/SES089/SA089S28	SES226	-0.068532	-8.97843	-8.9099
BLOCK09/SES097/SA097S11	SES099	-0.0311575	-9.41345	-9.3823
BLOCK09/SES097/SA097S11	SES125	-1.43908	-10.8214	-9.3823
BLOCK09/SES097/SA097S11	SES206	-0.764087	-10.1464	-9.3823
BLOCK09/SES097/SA097S11	SES226	1.06137	-8.32092	-9.3823
BLOCK09/SES097/SA097S14	SES062	-1.82185	-10.4115	-8.58967
BLOCK09/SES097/SA097S14	SES099	-0.426283	-9.01595	-8.58967
BLOCK09/SES097/SA097S14	SES104	-0.389336	-8.979	-8.58967
BLOCK09/SES097/SA097S14	SES206	-1.2621	-9.85177	-8.58967
BLOCK09/SES097/SA097S22	SES099	0.520331	-8.56643	-9.08676
BLOCK09/SES097/SA097S22	SES206	-1.72097	-10.8077	-9.08676
BLOCK09/SES097/SA097S22	SES226	-0.475829	-9.56259	-9.08676
BLOCK09/SES097/SA097S22	SES270	-0.723851	-9.81061	-9.08676
BLOCK09/SES097/SA097S26	SES099	1.02822	-8.34885	-9.37708
BLOCK09/SES097/SA097S26	SES120	-0.760921	-10.138	-9.37708
BLOCK09/SES097/SA097S26	SES206	-1.72718	-11.1043	-9.37708
BLOCK09/SES097/SA097S26	SES226	0.308165	-9.06891	-9.37708
BLOCK09/SES097/SA097S28	SES099	0.286216	-7.88959	-8.17581
BLOCK09/SES097/SA097S28	SES120	-0.5416	-8.71741	-8.17581
BLOCK09/SES097/SA097S28	SES206	-1.20046	-9.37627	-8.17581
BLOCK09/SES097/SA097S28	SES226	-0.501147	-8.67695	-8.17581
BLOCK09/SES098/SA098S11	SES127	-0.399788	-8.05627	-7.65649
BLOCK09/SES098/SA098S11	SES144	-0.107979	-7.76446	-7.65649
BLOCK09/SES098/SA098S11	SES147	-0.0448208	-7.70131	-7.65649
BLOCK09/SES098/SA098S11	SES148	-1.52209	-9.17858	-7.65649
BLOCK09/SES098/SA098S12	SES127	-1.197	-10.5134	-9.3164
BLOCK09/SES098/SA098S12	SES144	-0.931925	-10.2483	-9.3164
BLOCK09/SES098/SA098S12	SES147	-0.748962	-10.0654	-9.3164
BLOCK09/SES098/SA098S12	SES189	-1.09182	-10.4082	-9.3164
BLOCK09/SES098/SA098S20	SES127	-2.08977	-10.9616	-8.87182
BLOCK09/SES098/SA098S20	SES147	-0.835321	-9.70714	-8.87182
BLOCK09/SES098/SA098S20	SES148	-2.56343	-11.4352	-8.87182
BLOCK09/SES098/SA098S20	SES292	0.0173416	-8.85448	-8.87182
BLOCK09/SES098/SA098S23	SES127	-0.838731	-9.35178	-8.51305
BLOCK09/SES098/SA098S23	SES147	-0.751745	-9.26479	-8.51305
BLOCK09/SES098/SA098S23	SES187	-0.248073	-8.76112	-8.51305
BLOCK09/SES098/SA098S23	SES292	-0.142162	-8.65521	-8.51305
BLOCK09/SES098/SA098S27	SES127	-2.10185	-10.4531	-8.35125
BLOCK09/SES098/SA098S27	SES147	-1.21426	-9.56552	-8.35125
BLOCK09/SES098/SA098S27	SES148	-2.5062	-10.8575	-8.35125
BLOCK09/SES098/SA098S27	SES292	-0.177784	-8.52904	-8.35125
BLOCK10/SES102/SA102S13	SES101	0.469886	-9.17564	-9.64553
BLOCK10/SES102/SA102S13	SES105	-0.292211	-9.93774	-9.64553
BLOCK10/SES102/SA102S13	SES120	-2.52169	-12.1672	-9.64553
BLOCK10/SES102/SA102S13	SES158	-1.49551	-11.141	-9.64553
BLOCK10/SES102/SA102S14	SES007	0.771901	-6.21387	-6.98577
BLOCK10/SES102/SA102S14	SES101	0.248227	-6.73754	-6.98577
BLOCK10/SES102/SA102S14	SES105	-0.180022	-7.16579	-6.98577
BLOCK10/SES102/SA102S14	SES147	-1.17856	-8.16433	-6.98577
BLOCK10/SES102/SA102S22	SES007	-0.310049	-8.03145	-7.7214
BLOCK10/SES102/SA102S22	SES101	0.0935283	-7.62788	-7.7214
BLOCK10/SES102/SA102S22	SES105	-0.301519	-8.02292	-7.7214
BLOCK10/SES102/SA102S22	SES158	-1.59517	-9.31657	-7.7214
BLOCK10/SES102/SA102S25	SES007	0.304953	-7.37155	-7.6765
BLOCK10/SES102/SA102S25	SES101	0.515244	-7.16125	-7.6765
BLOCK10/SES102/SA102S25	SES105	-0.553463	-8.22996	-7.6765
BLOCK10/SES102/SA102S25	SES147	-1.72345	-9.39995	-7.6765
BLOCK10/SES102/SA102S27	SES007	-0.153601	-8.02331	-7.86971
BLOCK10/SES102/SA102S27	SES101	0.464993	-7.40472	-7.86971
BLOCK10/SES102/SA102S27	SES105	-1.17501	-9.04472	-7.86971
BLOCK10/SES102/SA102S27	SES147	-1.60096	-9.47067	-7.86971
BLOCK10/SES103/SA103S14	SES105	-1.43679	-10.3718	-8.93504
BLOCK10/SES103/SA103S14	SES106	-1.28922	-10.2243	-8.93504
BLOCK10/SES103/SA103S14	SES120	-1.92958	-10.8646	-8.93504
BLOCK10/SES103/SA103S14	SES206	-1.27229	-10.2073	-8.93504
BLOCK10/SES103/SA103S15	SES099	-1.27924	-11.138	-9.8588
BLOCK10/SES103/SA103S15	SES101	-2.8072	-12.666	-9.8588
BLOCK10/SES103/SA103S15	SES104	-1.19022	-11.049	-9.8588
BLOCK10/SES103/SA103S15	SES125	-1.66164	-11.5204	-9.8588
BLOCK10/SES103/SA103S24	SES104	-0.83293	-9.70657	-8.87364
BLOCK10/SES103/SA103S24	SES125	-2.81629	-11.6899	-8.87364
BLOCK10/SES103/SA103S24	SES148	-1.65104	-10.5247	-8.87364
BLOCK10/SES103/SA103S24	SES158	-1.24404	-10.1177	-8.87364
BLOCK10/SES103/SA103S26	SES104	-0.649012	-9.26272	-8.61371
BLOCK10/SES103/SA103S26	SES106	-1.14968	-9.76338	-8.61371
BLOCK10/SES103/SA103S26	SES125	-1.11491	-9.72861	-8.61371
BLOCK10/SES103/SA103S26	SES148	-1.97381	-10.5875	-8.61371
BLOCK10/SES103/SA103S28	SES104	-0.207582	-9.24953	-9.04195
BLOCK10/SES103/SA103S28	SES106	-1.26392	-10.3059	-9.04195
BLOCK10/SES103/SA103S28	SES125	-2.07482	-11.1168	-9.04195
BLOCK10/SES103/SA103S28	SES206	-1.54457	-10.5865	-9.04195
BLOCK12/SES121/SA121S12	SES042	-0.897328	-9.88187	-8.98454
BLOCK12/SES121/SA121S12	SES087	-0.673502	-9.65805	-8.98454
BLOCK12/SES121/SA121S12	SES105	-0.08529	-9.06983	-8.98454
BLOCK12/SES121/SA121S12	SES206	-0.330964	-9.31551	-8.98454
BLOCK12/SES121/SA121S14	SES007	-1.49269	-12.9355	-11.4429
BLOCK12/SES121/SA121S14	SES105	-1.08355	-12.5264	-11.4429
BLOCK12/SES121/SA121S14	SES106	-0.334516	-11.7774	-11.4429
BLOCK12/SES121/SA121S14	SES206	-0.47163	-11.9145	-11.4429
BLOCK12/SES121/SA121S23	SES105	-0.569925	-11.546	-10.976
BLOCK12/SES121/SA121S23	SES106	-0.320268	-11.2963	-10.976
BLOCK12/SES121/SA121S23	SES120	-1.44093	-12.417	-10.976
BLOCK12/SES121/SA121S23	SES206	0.500922	-10.4751	-10.976
BLOCK12/SES121/SA121S25	SES007	-0.6903	-12.4537	-11.7634
BLOCK12/SES121/SA121S25	SES105	-0.823243	-12.5866	-11.7634
BLOCK12/SES121/SA121S25	SES106	0.789287	-10.9741	-11.7634
BLOCK12/SES121/SA121S25	SES206	0.119089	-11.6443	-11.7634
BLOCK12/SES121/SA121S27	SES087	1.21884	-9.68963	-10.9085
BLOCK12/SES121/SA121S27	SES105	-2.00616	-12.9146	-10.9085
BLOCK12/SES121/SA121S27	SES120	0.302494	-10.606	-10.9085
BLOCK12/SES121/SA121S27	SES206	0.0764074	-10.8321	-10.9085
BLOCK12/SES124/SA124S16	SES042	0.09236	-6.90265	-6.99501
BLOCK12/SES124/SA124S16	SES082	-0.612084	-7.6071	-6.99501
BLOCK12/SES124/SA124S16	SES183	-1.12607	-8.12108	-6.99501
BLOCK12/SES124/SA124S16	SES206	-0.673231	-7.66825	-6.99501
BLOCK12/SES124/SA124S17	SES105	-1.13891	-9.54163	-8.40272
BLOCK12/SES124/SA124S17	SES149	-0.68937	-9.09209	-8.40272
BLOCK12/SES124/SA124S17	SES158	-1.53497	-9.93769	-8.40272
BLOCK12/SES124/SA124S17	SES275	-0.853821	-9.25654	-8.40272
BLOCK12/SES124/SA124S23	SES105	-1.65764	-8.31231	-6.65467
BLOCK12/SES124/SA124S23	SES125	0.539217	-6.11545	-6.65467
BLOCK12/SES124/SA124S23	SES129	-1.66874	-8.32341	-6.65467
BLOCK12/SES124/SA124S23	SES158	-1.20171	-7.85638	-6.65467
BLOCK12/SES124/SA124S26	SES105	-1.8926	-9.79392	-7.90132
BLOCK12/SES124/SA124S26	SES125	-0.173666	-8.07499	-7.90132
BLOCK12/SES124/SA124S26	SES129	-1.87663	-9.77795	-7.90132
BLOCK12/SES124/SA124S26	SES158	-0.650495	-8.55182	-7.90132
BLOCK12/SES124/SA124S28	SES104	-0.101862	-7.33621	-7.23434
BLOCK12/SES124/SA124S28	SES106	-0.973858	-8.2082	-7.23434
BLOCK12/SES124/SA124S28	SES125	0.0886879	-7.14566	-7.23434
BLOCK12/SES124/SA124S28	SES275	-0.926504	-8.16085	-7.23434
BLOCK12/SES126/SA126S13	SES007	-0.214249	-8.54106	-8.32681
BLOCK12/SES126/SA126S13	SES162	-0.712932	-9.03974	-8.32681
BLOCK12/SES126/SA126S13	SES177	-0.286515	-8.61333	-8.32681
BLOCK12/SES126/SA126S13	SES180	-0.86845	-9.19526	-8.32681
BLOCK12/SES126/SA126S14	SES144	-0.107224	-7.75189	-7.64466
BLOCK12/SES126/SA126S14	SES148	-1.30603	-8.95069	-7.64466
BLOCK12/SES126/SA126S14	SES177	-0.432427	-8.07709	-7.64466
BLOCK12/SES126/SA126S14	SES180	-0.893073	-8.53773	-7.64466
BLOCK12/SES126/SA126S20	SES007	-0.555941	-7.48055	-6.9246
BLOCK12/SES126/SA126S20	SES162	-1.09945	-8.02406	-6.9246
BLOCK12/SES126/SA126S20	SES172	-0.970915	-7.89552	-6.9246
BLOCK12/SES126/SA126S20	SES180	-0.860476	-7.78508	-6.9246
BLOCK12/SES126/SA126S24	SES120	0.310264	-7.40883	-7.71909
BLOCK12/SES126/SA126S24	SES162	-0.524741	-8.24383	-7.71909
BLOCK12/SES126/SA126S24	SES177	0.16801	-7.55108	-7.71909
BLOCK12/SES126/SA126S24	SES180	0.0841961	-7.6349	-7.71909
BLOCK12/SES126/SA126S26	SES120	0.665355	-7.42147	-8.08683
BLOCK12/SES126/SA126S26	SES177	-0.282781	-8.36961	-8.08683
BLOCK12/SES126/SA126S26	SES180	-0.152596	-8.23943	-8.08683
BLOCK12/SES126/SA126S26	SES202	-0.25767	-8.3445	-8.08683
BLOCK12/SES128/SA128S10	SES087	-1.96768	-10.4429	-8.47517
BLOCK12/SES128/SA128S10	SES206	-0.366821	-8.842	-8.47517
BLOCK12/SES128/SA128S10	SES226	0.191241	-8.28393	-8.47517
BLOCK12/SES128/SA128S10	SES270	0.00677967	-8.4684	-8.47517
BLOCK12/SES128/SA128S12	SES120	0.27951	-8.268	-8.54751
BLOCK12/SES128/SA128S12	SES158	0.128178	-8.41933	-8.54751
BLOCK12/SES128/SA128S12	SES206	0.360395	-8.18711	-8.54751
BLOCK12/SES128/SA128S12	SES226	-0.747211	-9.29472	-8.54751
BLOCK12/SES128/SA128S21	SES106	-0.495171	-8.86339	-8.36822
BLOCK12/SES128/SA128S21	SES120	-0.172977	-8.5412	-8.36822
BLOCK12/SES128/SA128S21	SES206	-0.245543	-8.61376	-8.36822
BLOCK12/SES128/SA128S21	SES226	0.766465	-7.60176	-8.36822
BLOCK12/SES128/SA128S24	SES087	-0.649019	-9.55366	-8.90464
BLOCK12/SES128/SA128S24	SES120	-0.100348	-9.00499	-8.90464
BLOCK12/SES128/SA128S24	SES206	0.113943	-8.7907	-8.90464
BLOCK12/SES128/SA128S24	SES226	-0.727994	-9.63263	-8.90464
BLOCK12/SES128/SA128S27	SES099	0.365505	-7.4783	-7.8438
BLOCK12/SES128/SA128S27	SES120	0.414978	-7.42882	-7.8438
BLOCK12/SES128/SA128S27	SES206	-0.393494	-8.23729	-7.8438
BLOCK12/SES128/SA128S27	SES226	-0.440536	-8.28434	-7.8438
BLOCK13/SES130/SA130S13	SES143	-0.250976	-9.26025	-9.00927
BLOCK13/SES130/SA130S13	SES144	0.478737	-8.53053	-9.00927
BLOCK13/SES130/SA130S13	SES146	-1.73858	-10.7479	-9.00927
BLOCK13/SES130/SA130S13	SES275	-1.63685	-10.6461	-9.00927
BLOCK13/SES130/SA130S15	SES143	-0.307082	-8.05574	-7.74865
BLOCK13/SES130/SA130S15	SES144	0.730312	-7.01834	-7.74865
BLOCK13/SES130/SA130S15	SES146	-0.173089	-7.92174	-7.74865
BLOCK13/SES130/SA130S15	SES275	-0.599566	-8.34822	-7.74865
BLOCK13/SES130/SA130S23	SES127	-0.570648	-8.86859	-8.29794
BLOCK13/SES130/SA130S23	SES144	0.183054	-8.11489	-8.29794
BLOCK13/SES130/SA130S23	SES146	-0.630935	-8.92888	-8.29794
BLOCK13/SES130/SA130S23	SES162	-0.407632	-8.70557	-8.29794
BLOCK13/SES130/SA130S25	SES127	-0.505295	-7.39362	-6.88833
BLOCK13/SES130/SA130S25	SES144	0.040029	-6.8483	-6.88833
BLOCK13/SES130/SA130S25	SES146	-0.615058	-7.50339	-6.88833
BLOCK13/SES130/SA130S25	SES275	-0.751942	-7.64027	-6.88833
BLOCK13/SES130/SA130S28	SES127	0.0226383	-8.32379	-8.34643
BLOCK13/SES130/SA130S28	SES144	-0.426911	-8.77334	-8.34643
BLOCK13/SES130/SA130S28	SES146	0.00333881	-8.34309	-8.34643
BLOCK13/SES130/SA130S28	SES275	-0.477761	-8.82419	-8.34643
BLOCK13/SES131/SA131S13	SES002	-0.875503	-9.88817	-9.01266
BLOCK13/SES131/SA131S13	SES007	-1.12132	-10.134	-9.01266
BLOCK13/SES131/SA131S13	SES099	0.234498	-8.77817	-9.01266
BLOCK13/SES131/SA131S13	SES105	-0.71157	-9.72423	-9.01266
BLOCK13/SES131/SA131S14	SES104	-0.408825	-7.0049	-6.59607
BLOCK13/SES131/SA131S14	SES106	-1.46124	-8.05731	-6.59607
BLOCK13/SES131/SA131S14	SES125	-1.15588	-7.75196	-6.59607
BLOCK13/SES131/SA131S14	SES148	0.132029	-6.46404	-6.59607
BLOCK13/SES131/SA131S20	SES104	-0.666214	-9.70017	-9.03395
BLOCK13/SES131/SA131S20	SES106	-1.28989	-10.3238	-9.03395
BLOCK13/SES131/SA131S20	SES125	-0.951599	-9.98555	-9.03395
BLOCK13/SES131/SA131S20	SES148	-1.22368	-10.2576	-9.03395
BLOCK13/SES131/SA131S22	SES099	0.0337143	-7.48526	-7.51898
BLOCK13/SES131/SA131S22	SES104	-0.383752	-7.90273	-7.51898
BLOCK13/SES131/SA131S22	SES125	0.0163431	-7.50264	-7.51898
BLOCK13/SES131/SA131S22	SES206	-0.329934	-7.84891	-7.51898
BLOCK13/SES131/SA131S29	SES087	-1.04535	-10.2631	-9.21772
BLOCK13/SES131/SA131S29	SES104	-1.33928	-10.557	-9.21772
BLOCK13/SES131/SA131S29	SES125	-3.05056	-12.2683	-9.21772
BLOCK13/SES131/SA131S29	SES206	-1.65968	-10.8774	-9.21772
BLOCK13/SES132/SA132S11	SES083	-0.821419	-9.00852	-8.1871
BLOCK13/SES132/SA132S11	SES120	0.452013	-7.73509	-8.1871
BLOCK13/SES132/SA132S11	SES127	-1.31985	-9.50695	-8.1871
BLOCK13/SES132/SA132S11	SES275	-0.647709	-8.83481	-8.1871
BLOCK13/SES132/SA132S12	SES083	-1.10547	-8.9043	-7.79883
BLOCK13/SES132/SA132S12	SES143	-1.45789	-9.25672	-7.79883
BLOCK13/SES132/SA132S12	SES144	-0.228057	-8.02689	-7.79883
BLOCK13/SES132/SA132S12	SES148	-0.765738	-8.56457	-7.79883
BLOCK13/SES132/SA132S22	SES062	-0.0771637	-8.30974	-8.23258
BLOCK13/SES132/SA132S22	SES083	-1.31312	-9.54569	-8.23258
BLOCK13/SES132/SA132S22	SES127	-1.19111	-9.42369	-8.23258
BLOCK13/SES132/SA132S22	SES275	-0.403677	-8.63625	-8.23258
BLOCK13/SES132/SA132S24	SES007	-0.320472	-7.6441	-7.32363
BLOCK13/SES132/SA132S24	SES083	-1.30476	-8.62839	-7.32363
BLOCK13/SES132/SA132S24	SES127	-1.80462	-9.12825	-7.32363
BLOCK13/SES132/SA132S24	SES275	-0.832439	-8.15607	-7.32363
BLOCK13/SES132/SA132S27	SES083	-1.32828	-10.4597	-9.13139
BLOCK13/SES132/SA132S27	SES120	1.05075	-8.08064	-9.13139
BLOCK13/SES132/SA132S27	SES127	-2.91187	-12.0433	-9.13139
BLOCK13/SES132/SA132S27	SES275	-1.31266	-10.444	-9.13139
BLOCK14/SES141/SA141S09	SES143	-0.665675	-7.7972	-7.13153
BLOCK14/SES141/SA141S09	SES144	-0.172962	-7.30449	-7.13153
BLOCK14/SES141/SA141S09	SES162	-0.848908	-7.98044	-7.13153
BLOCK14/SES141/SA141S09	SES180	-0.680492	-7.81202	-7.13153
BLOCK14/SES141/SA141S15	SES127	-1.2419	-9.43238	-8.19048
BLOCK14/SES141/SA141S15	SES144	-0.665637	-8.85612	-8.19048
BLOCK14/SES141/SA141S15	SES162	-1.41766	-9.60814	-8.19048
BLOCK14/SES141/SA141S15	SES180	-0.706873	-8.89735	-8.19048
BLOCK14/SES141/SA141S24	SES127	-0.926795	-8.95083	-8.02404
BLOCK14/SES141/SA141S24	SES144	-0.710716	-8.73476	-8.02404
BLOCK14/SES141/SA141S24	SES162	-1.16717	-9.19121	-8.02404
BLOCK14/SES141/SA141S24	SES183	-1.23048	-9.25452	-8.02404
BLOCK14/SES141/SA141S26	SES142	0.245036	-8.36398	-8.60902
BLOCK14/SES141/SA141S26	SES144	-0.829219	-9.43824	-8.60902
BLOCK14/SES141/SA141S26	SES172	-0.642553	-9.25157	-8.60902
BLOCK14/SES141/SA141S26	SES180	-0.400586	-9.00961	-8.60902
BLOCK14/SES141/SA141S29	SES127	-0.501004	-8.05877	-7.55776
BLOCK14/SES141/SA141S29	SES142	0.481301	-7.07646	-7.55776
BLOCK14/SES141/SA141S29	SES144	-0.155892	-7.71365	-7.55776
BLOCK14/SES141/SA141S29	SES180	0.0863786	-7.47138	-7.55776
BLOCK15/SES157/SA157S08	SES083	-0.839183	-8.18119	-7.34201
BLOCK15/SES157/SA157S08	SES127	-0.971765	-8.31377	-7.34201
BLOCK15/SES157/SA157S08	SES148	-0.265787	-7.60779	-7.34201
BLOCK15/SES157/SA157S08	SES292	-1.16322	-8.50523	-7.34201
BLOCK15/SES157/SA157S11	SES083	-0.956183	-9.25474	-8.29856
BLOCK15/SES157/SA157S11	SES127	-0.476827	-8.77538	-8.29856
BLOCK15/SES157/SA157S11	SES148	-1.32715	-9.62571	-8.29856
BLOCK15/SES157/SA157S11	SES292	-1.45826	-9.75681	-8.29856
BLOCK15/SES157/SA157S21	SES127	-0.0107865	-7.02663	-7.01585
BLOCK15/SES157/SA157S21	SES148	0.098506	-6.91734	-7.01585
BLOCK15/SES157/SA157S21	SES158	-3.60778	-10.6236	-7.01585
BLOCK15/SES157/SA157S21	SES292	-1.06323	-8.07907	-7.01585
BLOCK15/SES157/SA157S24	SES127	-0.326995	-8.69434	-8.36735
BLOCK15/SES157/SA157S24	SES148	-0.559535	-8.92688	-8.36735
BLOCK15/SES157/SA157S24	SES183	-0.73561	-9.10296	-8.36735
BLOCK15/SES157/SA157S24	SES292	-1.38253	-9.74988	-8.36735
BLOCK15/SES157/SA157S26	SES007	-0.714636	-8.34849	-7.63385
BLOCK15/SES157/SA157S26	SES127	-0.0857396	-7.71959	-7.63385
BLOCK15/SES157/SA157S26	SES147	-0.605368	-8.23922	-7.63385
BLOCK15/SES157/SA157S26	SES148	-0.813841	-8.44769	-7.63385
BLOCK16/SES161/SA161S10	SES007	-0.564794	-8.44444	-7.87964
BLOCK16/SES161/SA161S10	SES105	-0.517971	-8.39761	-7.87964
BLOCK16/SES161/SA161S10	SES158	-0.939888	-8.81953	-7.87964
BLOCK16/SES161/SA161S10	SES275	-0.470932	-8.35057	-7.87964
BLOCK16/SES161/SA161S12	SES007	-1.59212	-11.4852	-9.8931
BLOCK16/SES161/SA161S12	SES105	-1.10102	-10.9941	-9.8931
BLOCK16/SES161/SA161S12	SES158	-0.2381	-10.1312	-9.8931
BLOCK16/SES161/SA161S12	SES275	-2.5247	-12.4178	-9.8931
BLOCK16/SES161/SA161S20	SES007	-0.017251	-9.8083	-9.79105
BLOCK16/SES161/SA161S20	SES105	-1.3091	-11.1002	-9.79105
BLOCK16/SES161/SA161S20	SES158	0.317329	-9.47372	-9.79105
BLOCK16/SES161/SA161S20	SES275	-1.58134	-11.3724	-9.79105
BLOCK16/SES161/SA161S23	SES007	-3.07713	-12.6902	-9.61305
BLOCK16/SES161/SA161S23	SES105	-0.149922	-9.76297	-9.61305
BLOCK16/SES161/SA161S23	SES148	-1.58454	-11.1976	-9.61305
BLOCK16/SES161/SA161S23	SES158	-2.18145	-11.7945	-9.61305
BLOCK16/SES161/SA161S28	SES007	-0.370671	-9.50818	-9.1375
BLOCK16/SES161/SA161S28	SES105	-1.39572	-10.5332	-9.1375
BLOCK16/SES161/SA161S28	SES158	0.551687	-8.58582	-9.1375
BLOCK16/SES161/SA161S28	SES206	-0.0429296	-9.18043	-9.1375
BLOCK16/SES164/SA164S11	SES104	-1.0469	-9.14965	-8.10275
BLOCK16/SES164/SA164S11	SES125	0.139431	-7.96331	-8.10275
BLOCK16/SES164/SA164S11	SES158	-1.03736	-9.14011	-8.10275
BLOCK16/SES164/SA164S11	SES206	-3.12451	-11.2273	-8.10275
BLOCK16/SES164/SA164S13	SES099	-1.6483	-10.2844	-8.63607
BLOCK16/SES164/SA164S13	SES104	-0.563622	-9.19969	-8.63607
BLOCK16/SES164/SA164S13	SES125	-1.05894	-9.69501	-8.63607
BLOCK16/SES164/SA164S13	SES206	-1.5731	-10.2092	-8.63607
BLOCK16/SES164/SA164S24	SES002	0.201663	-7.85393	-8.05559
BLOCK16/SES164/SA164S24	SES099	-0.449424	-8.50501	-8.05559
BLOCK16/SES164/SA164S24	SES125	-0.792233	-8.84782	-8.05559
BLOCK16/SES164/SA164S24	SES226	0.651907	-7.40368	-8.05559
BLOCK16/SES164/SA164S27	SES087	-2.4341	-11.0298	-8.59567
BLOCK16/SES164/SA164S27	SES125	-0.602743	-9.19841	-8.59567
BLOCK16/SES164/SA164S27	SES206	-2.72499	-11.3207	-8.59567
BLOCK16/SES164/SA164S27	SES226	-0.225564	-8.82123	-8.59567
BLOCK16/SES164/SA164S29	SES002	0.0709372	-8.39901	-8.46995
BLOCK16/SES164/SA164S29	SES019	-1.20829	-9.67824	-8.46995
BLOCK16/SES164/SA164S29	SES125	-0.333694	-8.80364	-8.46995
BLOCK16/SES164/SA164S29	SES226	-0.251726	-8.72167	-8.46995
BLOCK16/SES169/SA169S13	SES117	-1.1592	-9.12606	-7.96686
BLOCK16/SES169/SA169S13	SES144	-0.48518	-8.45204	-7.96686
BLOCK16/SES169/SA169S13	SES146	-0.45015	-8.41701	-7.96686
BLOCK16/SES169/SA169S13	SES162	-1.02959	-8.99645	-7.96686
BLOCK16/SES169/SA169S14	SES144	-0.333114	-7.20138	-6.86826
BLOCK16/SES169/SA169S14	SES148	0.0113578	-6.8569	-6.86826
BLOCK16/SES169/SA169S14	SES177	-0.0149498	-6.88321	-6.86826
BLOCK16/SES169/SA169S14	SES180	-0.455091	-7.32335	-6.86826
BLOCK16/SES169/SA169S24	SES117	-0.481905	-9.29399	-8.81208
BLOCK16/SES169/SA169S24	SES144	-0.145427	-8.95751	-8.81208
BLOCK16/SES169/SA169S24	SES146	-0.467983	-9.28006	-8.81208
BLOCK16/SES169/SA169S24	SES162	-0.763247	-9.57533	-8.81208
BLOCK16/SES169/SA169S27	SES127	-0.333143	-8.18377	-7.85063
BLOCK16/SES169/SA169S27	SES129	-0.29948	-8.15011	-7.85063
BLOCK16/SES169/SA169S27	SES144	-0.317208	-8.16784	-7.85063
BLOCK16/SES169/SA169S27	SES146	-0.195784	-8.04641	-7.85063
BLOCK16/SES169/SA169S29	SES144	0.154939	-6.78395	-6.93889
BLOCK16/SES169/SA169S29	SES162	-0.126188	-7.06508	-6.93889
BLOCK16/SES169/SA169S29	SES177	-0.615269	-7.55416	-6.93889
BLOCK16/SES169/SA169S29	SES180	-0.708075	-7.64697	-6.93889
BLOCK17/SES171/SA171S12	SES083	-0.827681	-9.71331	-8.88563
BLOCK17/SES171/SA171S12	SES148	-1.90613	-10.7918	-8.88563
BLOCK17/SES171/SA171S12	SES172	-1.20271	-10.0883	-8.88563
BLOCK17/SES171/SA171S12	SES292	-2.37881	-11.2644	-8.88563
BLOCK17/SES171/SA171S15	SES148	-1.00799	-9.25301	-8.24503
BLOCK17/SES171/SA171S15	SES177	-0.851202	-9.09623	-8.24503
BLOCK17/SES171/SA171S15	SES180	-2.43785	-10.6829	-8.24503
BLOCK17/SES171/SA171S15	SES292	-1.24004	-9.48507	-8.24503
BLOCK17/SES171/SA171S22	SES007	-0.569643	-7.10654	-6.5369
BLOCK17/SES171/SA171S22	SES148	-0.507209	-7.04411	-6.5369
BLOCK17/SES171/SA171S22	SES177	-0.348618	-6.88551	-6.5369
BLOCK17/SES171/SA171S22	SES180	-1.56344	-8.10033	-6.5369
BLOCK17/SES171/SA171S25	SES101	-1.06644	-9.65781	-8.59137
BLOCK17/SES171/SA171S25	SES120	-2.57204	-11.1634	-8.59137
BLOCK17/SES171/SA171S25	SES177	-0.534035	-9.1254	-8.59137
BLOCK17/SES171/SA171S25	SES180	-1.24351	-9.83487	-8.59137
BLOCK17/SES171/SA171S27	SES177	-0.693268	-9.24213	-8.54886
BLOCK17/SES171/SA171S27	SES180	-2.41052	-10.9594	-8.54886
BLOCK17/SES171/SA171S27	SES189	-0.554814	-9.10367	-8.54886
BLOCK17/SES171/SA171S27	SES292	-2.27031	-10.8192	-8.54886
BLOCK17/SES173/SA173S13	SES162	-2.0595	-10.0772	-8.01771
BLOCK17/SES173/SA173S13	SES177	-0.624666	-8.64237	-8.01771
BLOCK17/SES173/SA173S13	SES180	-1.13435	-9.15206	-8.01771
BLOCK17/SES173/SA173S13	SES292	0.50386	-7.51385	-8.01771
BLOCK17/SES173/SA173S14	SES007	-0.745855	-8.27687	-7.53102
BLOCK17/SES173/SA173S14	SES162	-2.48363	-10.0147	-7.53102
BLOCK17/SES173/SA173S14	SES177	-1.50892	-9.03994	-7.53102
BLOCK17/SES173/SA173S14	SES180	-1.85619	-9.38721	-7.53102
BLOCK17/SES173/SA173S24	SES144	-1.22901	-9.62791	-8.3989
BLOCK17/SES173/SA173S24	SES162	-1.94719	-10.3461	-8.3989
BLOCK17/SES173/SA173S24	SES177	-0.232559	-8.63146	-8.3989
BLOCK17/SES173/SA173S24	SES180	-1.85081	-10.2497	-8.3989
BLOCK17/SES173/SA173S27	SES162	-3.02126	-11.2394	-8.21818
BLOCK17/SES173/SA173S27	SES177	-1.25781	-9.47599	-8.21818
BLOCK17/SES173/SA173S27	SES180	-1.03064	-9.24882	-8.21818
BLOCK17/SES173/SA173S27	SES292	0.395176	-7.823	-8.21818
BLOCK17/SES173/SA173S29	SES162	-1.77563	-9.88037	-8.10474
BLOCK17/SES173/SA173S29	SES175	-0.438743	-8.54348	-8.10474
BLOCK17/SES173/SA173S29	SES177	-0.65136	-8.7561	-8.10474
BLOCK17/SES173/SA173S29	SES292	-1.04093	-9.14567	-8.10474
BLOCK18/SES182/SA182S10	SES144	-0.905922	-8.37014	-7.46422
BLOCK18/SES182/SA182S10	SES177	-0.618425	-8.08265	-7.46422
BLOCK18/SES182/SA182S10	SES180	-1.65416	-9.11838	-7.46422
BLOCK18/SES182/SA182S10	SES275	-0.387322	-7.85154	-7.46422
BLOCK18/SES182/SA182S12	SES144	-0.355001	-7.7332	-7.3782
BLOCK18/SES182/SA182S12	SES177	-0.652688	-8.03089	-7.3782
BLOCK18/SES182/SA182S12	SES180	-1.71041	-9.0886	-7.3782
BLOCK18/SES182/SA182S12	SES275	-0.337473	-7.71567	-7.3782
BLOCK18/SES182/SA182S21	SES117	-1.01136	-9.89191	-8.88055
BLOCK18/SES182/SA182S21	SES144	-0.740471	-9.62102	-8.88055
BLOCK18/SES182/SA182S21	SES162	-1.00377	-9.88432	-8.88055
BLOCK18/SES182/SA182S21	SES180	-2.15475	-11.0353	-8.88055
BLOCK18/SES182/SA182S23	SES117	-0.999797	-10.2237	-9.22394
BLOCK18/SES182/SA182S23	SES144	-1.38942	-10.6134	-9.22394
BLOCK18/SES182/SA182S23	SES180	-2.80079	-12.0247	-9.22394
BLOCK18/SES182/SA182S23	SES275	-1.1404	-10.3643	-9.22394
BLOCK18/SES182/SA182S25	SES007	0.676035	-7.83868	-8.51471
BLOCK18/SES182/SA182S25	SES162	-0.654634	-9.16935	-8.51471
BLOCK18/SES182/SA182S25	SES177	-0.292196	-8.80691	-8.51471
BLOCK18/SES182/SA182S25	SES180	-1.56079	-10.0755	-8.51471
BLOCK18/SES184/SA184S12	SES177	-1.1337	-8.63265	-7.49896
BLOCK18/SES184/SA184S12	SES180	-0.074718	-7.57367	-7.49896
BLOCK18/SES184/SA184S12	SES189	-1.55767	-9.05663	-7.49896
BLOCK18/SES184/SA184S12	SES292	-0.103088	-7.60204	-7.49896
BLOCK18/SES184/SA184S13	SES101	-0.448217	-8.41911	-7.97089
BLOCK18/SES184/SA184S13	SES177	-0.603242	-8.57413	-7.97089
BLOCK18/SES184/SA184S13	SES180	-0.389282	-8.36017	-7.97089
BLOCK18/SES184/SA184S13	SES292	-0.385975	-8.35687	-7.97089
BLOCK18/SES184/SA184S22	SES177	-1.05033	-9.17627	-8.12594
BLOCK18/SES184/SA184S22	SES180	-0.0885601	-8.2145	-8.12594
BLOCK18/SES184/SA184S22	SES189	-1.12006	-9.246	-8.12594
BLOCK18/SES184/SA184S22	SES292	-0.812922	-8.93886	-8.12594
BLOCK18/SES184/SA184S25	SES101	-0.503624	-8.30903	-7.80541
BLOCK18/SES184/SA184S25	SES177	-0.930143	-8.73555	-7.80541
BLOCK18/SES184/SA184S25	SES180	0.174253	-7.63115	-7.80541
BLOCK18/SES184/SA184S25	SES292	-0.231315	-8.03672	-7.80541
BLOCK18/SES184/SA184S27	SES083	-0.521228	-8.27789	-7.75666
BLOCK18/SES184/SA184S27	SES177	-0.341561	-8.09822	-7.75666
BLOCK18/SES184/SA184S27	SES202	-0.569687	-8.32635	-7.75666
BLOCK18/SES184/SA184S27	SES292	-0.689205	-8.44586	-7.75666
BLOCK20/SES204/SA204S12	SES062	-0.272417	-7.97058	-7.69816
BLOCK20/SES204/SA204S12	SES083	-1.29148	-8.98964	-7.69816
BLOCK20/SES204/SA204S12	SES206	-0.234479	-7.93264	-7.69816
BLOCK20/SES204/SA204S12	SES226	-0.468189	-8.16635	-7.69816
BLOCK20/SES204/SA204S14	SES068	0.049664	-6.71015	-6.75982
BLOCK20/SES204/SA204S14	SES087	0.201046	-6.55877	-6.75982
BLOCK20/SES204/SA204S14	SES206	-0.707865	-7.46768	-6.75982
BLOCK20/SES204/SA204S14	SES226	-0.971202	-7.73102	-6.75982
BLOCK20/SES204/SA204S22	SES068	-0.281847	-7.75408	-7.47223
BLOCK20/SES204/SA204S22	SES082	-0.372175	-7.8444	-7.47223
BLOCK20/SES204/SA204S22	SES083	-1.77592	-9.24815	-7.47223
BLOCK20/SES204/SA204S22	SES206	-0.320359	-7.79259	-7.47223
BLOCK20/SES204/SA204S25	SES062	-0.411745	-7.72092	-7.30918
BLOCK20/SES204/SA204S25	SES083	-1.81284	-9.12201	-7.30918
BLOCK20/SES204/SA204S25	SES206	-0.0253363	-7.33451	-7.30918
BLOCK20/SES204/SA204S25	SES226	-0.567642	-7.87682	-7.30918
BLOCK20/SES204/SA204S27	SES068	0.15978	-8.15761	-8.31739
BLOCK20/SES204/SA204S27	SES082	-1.14407	-9.46146	-8.31739
BLOCK20/SES204/SA204S27	SES087	0.562465	-7.75492	-8.31739
BLOCK20/SES204/SA204S27	SES206	-1.53021	-9.8476	-8.31739
BLOCK20/SES207/SA207S10	SES127	-1.5175	-9.07605	-7.55856
BLOCK20/SES207/SA207S10	SES183	-1.28138	-8.83994	-7.55856
BLOCK20/SES207/SA207S10	SES189	-0.473662	-8.03222	-7.55856
BLOCK20/SES207/SA207S10	SES292	-1.59645	-9.155	-7.55856
BLOCK20/SES207/SA207S11	SES127	-1.45195	-9.90867	-8.45672
BLOCK20/SES207/SA207S11	SES183	-1.89884	-10.3556	-8.45672
BLOCK20/SES207/SA207S11	SES187	-0.702205	-9.15892	-8.45672
BLOCK20/SES207/SA207S11	SES292	-0.436746	-8.89346	-8.45672
BLOCK20/SES207/SA207S25	SES068	-0.508382	-9.19177	-8.68338
BLOCK20/SES207/SA207S25	SES083	-1.37115	-10.0545	-8.68338
BLOCK20/SES207/SA207S25	SES127	-0.202024	-8.88541	-8.68338
BLOCK20/SES207/SA207S25	SES187	-0.654263	-9.33765	-8.68338
BLOCK20/SES207/SA207S27	SES127	-1.13964	-9.68398	-8.54434
BLOCK20/SES207/SA207S27	SES183	-1.6841	-10.2284	-8.54434
BLOCK20/SES207/SA207S27	SES187	-0.466099	-9.01044	-8.54434
BLOCK20/SES207/SA207S27	SES292	-1.08431	-9.62865	-8.54434
BLOCK20/SES207/SA207S29	SES083	-1.70979	-9.74565	-8.03586
BLOCK20/SES207/SA207S29	SES085	-0.816165	-8.85202	-8.03586
BLOCK20/SES207/SA207S29	SES172	-0.171624	-8.20748	-8.03586
BLOCK20/SES207/SA207S29	SES189	-1.84535	-9.88121	-8.03586
BLOCK22/SES221/SA221S12	SES068	0.359012	-6.78673	-7.14574
BLOCK22/SES221/SA221S12	SES143	-1.22217	-8.36792	-7.14574
BLOCK22/SES221/SA221S12	SES175	0.0414166	-7.10433	-7.14574
BLOCK22/SES221/SA221S12	SES202	-0.474488	-7.62023	-7.14574
BLOCK22/SES221/SA221S15	SES085	0.0228353	-7.37555	-7.39838
BLOCK22/SES221/SA221S15	SES143	-0.970589	-8.36897	-7.39838
BLOCK22/SES221/SA221S15	SES175	-0.248722	-7.6471	-7.39838
BLOCK22/SES221/SA221S15	SES187	-0.825068	-8.22345	-7.39838
BLOCK22/SES221/SA221S23	SES068	0.45917	-6.90793	-7.3671
BLOCK22/SES221/SA221S23	SES143	-0.871912	-8.23901	-7.3671
BLOCK22/SES221/SA221S23	SES175	-0.530254	-7.89735	-7.3671
BLOCK22/SES221/SA221S23	SES189	-1.22154	-8.58864	-7.3671
BLOCK22/SES221/SA221S27	SES085	0.574928	-7.44608	-8.02101
BLOCK22/SES221/SA221S27	SES143	-0.671567	-8.69258	-8.02101
BLOCK22/SES221/SA221S27	SES175	-0.4258	-8.44681	-8.02101
BLOCK22/SES221/SA221S27	SES189	-0.824407	-8.84542	-8.02101
BLOCK22/SES221/SA221S29	SES085	0.574126	-6.85629	-7.43042
BLOCK22/SES221/SA221S29	SES143	-0.51387	-7.94429	-7.43042
BLOCK22/SES221/SA221S29	SES175	0.0433836	-7.38703	-7.43042
BLOCK22/SES221/SA221S29	SES187	-0.724814	-8.15523	-7.43042
BLOCK22/SES223/SA223S11	SES143	-0.570936	-8.5518	-7.98086
BLOCK22/SES223/SA223S11	SES144	-1.62039	-9.60125	-7.98086
BLOCK22/SES223/SA223S11	SES175	-0.203791	-8.18465	-7.98086
BLOCK22/SES223/SA223S11	SES187	-1.14216	-9.12302	-7.98086
BLOCK22/SES223/SA223S13	SES068	0.51606	-7.56648	-8.08254
BLOCK22/SES223/SA223S13	SES143	-0.834131	-8.91667	-8.08254
BLOCK22/SES223/SA223S13	SES146	-0.643505	-8.72604	-8.08254
BLOCK22/SES223/SA223S13	SES202	-0.391874	-8.47441	-8.08254
BLOCK22/SES223/SA223S22	SES143	-0.0656557	-7.69551	-7.62986
BLOCK22/SES223/SA223S22	SES144	-1.47047	-9.10033	-7.62986
BLOCK22/SES223/SA223S22	SES175	-0.142664	-7.77252	-7.62986
BLOCK22/SES223/SA223S22	SES187	-0.9677	-8.59756	-7.62986
BLOCK22/SES223/SA223S25	SES068	-0.314062	-8.01224	-7.69818
BLOCK22/SES223/SA223S25	SES143	-0.837593	-8.53577	-7.69818
BLOCK22/SES223/SA223S25	SES175	-0.34969	-8.04787	-7.69818
BLOCK22/SES223/SA223S25	SES187	-1.12667	-8.82485	-7.69818
BLOCK22/SES223/SA223S27	SES143	-0.267939	-8.58456	-8.31662
BLOCK22/SES223/SA223S27	SES146	-1.19409	-9.51071	-8.31662
BLOCK22/SES223/SA223S27	SES187	-0.949717	-9.26634	-8.31662
BLOCK22/SES223/SA223S27	SES292	-0.137951	-8.45457	-8.31662
BLOCK27/SES273/SA273S12	SES099	0.265541	-7.64072	-7.90626
BLOCK27/SES273/SA273S12	SES104	0.554676	-7.35158	-7.90626
BLOCK27/SES273/SA273S12	SES125	0.0160384	-7.89022	-7.90626
BLOCK27/SES273/SA273S12	SES206	0.433574	-7.47268	-7.90626
BLOCK27/SES273/SA273S13	SES099	-0.456368	-7.77307	-7.3167
BLOCK27/SES273/SA273S13	SES104	0.419663	-6.89704	-7.3167
BLOCK27/SES273/SA273S13	SES206	-0.748905	-8.06561	-7.3167
BLOCK27/SES273/SA273S13	SES292	-0.59931	-7.91601	-7.3167
BLOCK27/SES273/SA273S21	SES099	-0.670686	-8.65004	-7.97935
BLOCK27/SES273/SA273S21	SES148	-1.66981	-9.64916	-7.97935
BLOCK27/SES273/SA273S21	SES149	-1.38833	-9.36768	-7.97935
BLOCK27/SES273/SA273S21	SES177	-1.65205	-9.63141	-7.97935
BLOCK27/SES273/SA273S25	SES104	0.587615	-8.20861	-8.79623
BLOCK27/SES273/SA273S25	SES125	-0.0489845	-8.84521	-8.79623
BLOCK27/SES273/SA273S25	SES158	0.669003	-8.12723	-8.79623
BLOCK27/SES273/SA273S25	SES206	0.0386744	-8.75756	-8.79623
BLOCK27/SES273/SA273S27	SES099	-0.295605	-7.17566	-6.88005
BLOCK27/SES273/SA273S27	SES104	-0.0754929	-6.95555	-6.88005
BLOCK27/SES273/SA273S27	SES149	-0.731608	-7.61166	-6.88005
BLOCK27/SES273/SA273S27	SES275	-0.796873	-7.67693	-6.88005
BLOCK27/SES274/SA274S10	SES105	-1.26164	-8.1842	-6.92256
BLOCK27/SES274/SA274S10	SES125	-1.21358	-8.13614	-6.92256
BLOCK27/SES274/SA274S10	SES129	0.171931	-6.75063	-6.92256
BLOCK27/SES274/SA274S10	SES158	-3.53783	-10.4604	-6.92256
BLOCK27/SES274/SA274S11	SES105	-0.489317	-7.4766	-6.98729
BLOCK27/SES274/SA274S11	SES149	-0.115692	-7.10298	-6.98729
BLOCK27/SES274/SA274S11	SES158	-0.900476	-7.88776	-6.98729
BLOCK27/SES274/SA274S11	SES275	0.0528483	-6.93444	-6.98729
BLOCK27/SES274/SA274S21	SES105	-0.657406	-7.77858	-7.12117
BLOCK27/SES274/SA274S21	SES129	0.292602	-6.82857	-7.12117
BLOCK27/SES274/SA274S21	SES149	-1.17349	-8.29466	-7.12117
BLOCK27/SES274/SA274S21	SES158	-2.85394	-9.97511	-7.12117
BLOCK27/SES274/SA274S24	SES105	-1.3152	-9.20282	-7.88762
BLOCK27/SES274/SA274S24	SES129	0.570502	-7.31712	-7.88762
BLOCK27/SES274/SA274S24	SES149	-1.86515	-9.75277	-7.88762
BLOCK27/SES274/SA274S24	SES158	-4.76297	-12.6506	-7.88762
BLOCK27/SES274/SA274S29	SES105	-0.96558	-8.58103	-7.61545
BLOCK27/SES274/SA274S29	SES106	-1.2985	-8.91395	-7.61545
BLOCK27/SES274/SA274S29	SES120	-0.657992	-8.27344	-7.61545
BLOCK27/SES274/SA274S29	SES275	-0.23769	-7.85314	-7.61545
BLOCK27/SES276/SA276S16	SES148	-0.115045	-7.51713	-7.40208
BLOCK27/SES276/SA276S16	SES172	0.269275	-7.13281	-7.40208
BLOCK27/SES276/SA276S16	SES180	-0.393203	-7.79529	-7.40208
BLOCK27/SES276/SA276S16	SES292	-0.178188	-7.58027	-7.40208
BLOCK27/SES276/SA276S17	SES101	-0.699308	-8.42563	-7.72633
BLOCK27/SES276/SA276S17	SES177	-1.3488	-9.07512	-7.72633
BLOCK27/SES276/SA276S17	SES180	-0.834223	-8.56055	-7.72633
BLOCK27/SES276/SA276S17	SES292	-0.836348	-8.56267	-7.72633
BLOCK27/SES276/SA276S24	SES101	-0.101143	-7.21663	-7.11549
BLOCK27/SES276/SA276S24	SES177	-0.222868	-7.33836	-7.11549
BLOCK27/SES276/SA276S24	SES180	-0.420138	-7.53563	-7.11549
BLOCK27/SES276/SA276S24	SES292	-0.64331	-7.7588	-7.11549
BLOCK27/SES276/SA276S26	SES101	-0.402527	-7.4431	-7.04058
BLOCK27/SES276/SA276S26	SES177	-0.596984	-7.63756	-7.04058
BLOCK27/SES276/SA276S26	SES180	-0.499612	-7.54019	-7.04058
BLOCK27/SES276/SA276S26	SES292	-0.103098	-7.14367	-7.04058
BLOCK27/SES276/SA276S28	SES101	-0.125154	-7.28711	-7.16195
BLOCK27/SES276/SA276S28	SES177	-1.01989	-8.18185	-7.16195
BLOCK27/SES276/SA276S28	SES180	0.0851841	-7.07677	-7.16195
BLOCK27/SES276/SA276S28	SES292	-0.169945	-7.3319	-7.16195
BLOCK27/SES277/SA277S12	SES101	-0.340837	-9.03024	-8.68941
BLOCK27/SES277/SA277S12	SES177	-1.62899	-10.3184	-8.68941
BLOCK27/SES277/SA277S12	SES180	-1.46657	-10.156	-8.68941
BLOCK27/SES277/SA277S12	SES292	-1.32129	-10.0107	-8.68941
BLOCK27/SES277/SA277S14	SES177	-0.592826	-9.52054	-8.92771
BLOCK27/SES277/SA277S14	SES180	-1.76579	-10.6935	-8.92771
BLOCK27/SES277/SA277S14	SES189	-0.00161743	-8.92933	-8.92771
BLOCK27/SES277/SA277S14	SES292	-2.047	-10.9747	-8.92771
BLOCK27/SES277/SA277S21	SES177	-0.31846	-9.05958	-8.74112
BLOCK27/SES277/SA277S21	SES180	-0.985496	-9.72662	-8.74112
BLOCK27/SES277/SA277S21	SES189	-0.0376348	-8.77876	-8.74112
BLOCK27/SES277/SA277S21	SES292	-2.03142	-10.7725	-8.74112
BLOCK27/SES277/SA277S24	SES144	-0.227481	-9.38686	-9.15938
BLOCK27/SES277/SA277S24	SES177	-0.662104	-9.82148	-9.15938
BLOCK27/SES277/SA277S24	SES180	-2.10377	-11.2631	-9.15938
BLOCK27/SES277/SA277S24	SES189	0.323718	-8.83566	-9.15938
BLOCK27/SES277/SA277S29	SES177	-0.526902	-7.18188	-6.65498
BLOCK27/SES277/SA277S29	SES180	-0.494012	-7.14899	-6.65498
BLOCK27/SES277/SA277S29	SES202	0.0534515	-6.60153	-6.65498
BLOCK27/SES277/SA277S29	SES292	-1.18262	-7.8376	-6.65498
BLOCK27/SES279/SA279S09	SES120	-0.546514	-7.6753	-7.12879
BLOCK27/SES279/SA279S09	SES146	-0.793864	-7.92265	-7.12879
BLOCK27/SES279/SA279S09	SES206	-0.0726438	-7.20143	-7.12879
BLOCK27/SES279/SA279S09	SES226	-0.686077	-7.81487	-7.12879
BLOCK27/SES279/SA279S10	SES099	-0.713109	-8.4041	-7.69099
BLOCK27/SES279/SA279S10	SES206	-1.20114	-8.89213	-7.69099
BLOCK27/SES279/SA279S10	SES226	-1.43569	-9.12668	-7.69099
BLOCK27/SES279/SA279S10	SES292	-0.0127716	-7.70376	-7.69099
BLOCK27/SES279/SA279S20	SES099	-1.24032	-9.23272	-7.9924
BLOCK27/SES279/SA279S20	SES206	-0.45754	-8.44994	-7.9924
BLOCK27/SES279/SA279S20	SES226	-1.51938	-9.51177	-7.9924
BLOCK27/SES279/SA279S20	SES292	-0.204005	-8.1964	-7.9924
BLOCK27/SES279/SA279S26	SES099	-0.16899	-8.68664	-8.51764
BLOCK27/SES279/SA279S26	SES206	-0.439464	-8.95711	-8.51764
BLOCK27/SES279/SA279S26	SES226	-0.890345	-9.40799	-8.51764
BLOCK27/SES279/SA279S26	SES292	0.597757	-7.91989	-8.51764
BLOCK27/SES279/SA279S28	SES099	-0.417896	-7.42476	-7.00686
BLOCK27/SES279/SA279S28	SES120	-0.474158	-7.48102	-7.00686
BLOCK27/SES279/SA279S28	SES177	-1.65949	-8.66636	-7.00686
BLOCK27/SES279/SA279S28	SES206	-0.338398	-7.34526	-7.00686
BLOCK29/SES290/SA290S12	SES162	0.360605	-5.97466	-6.33527
BLOCK29/SES290/SA290S12	SES177	0.0704565	-6.26481	-6.33527
BLOCK29/SES290/SA290S12	SES180	-0.111144	-6.44641	-6.33527
BLOCK29/SES290/SA290S12	SES292	-0.619363	-6.95463	-6.33527
BLOCK29/SES290/SA290S13	SES007	0.289507	-6.74265	-7.03216
BLOCK29/SES290/SA290S13	SES162	-0.612704	-7.64487	-7.03216
BLOCK29/SES290/SA290S13	SES177	-0.371094	-7.40326	-7.03216
BLOCK29/SES290/SA290S13	SES180	0.192576	-6.83959	-7.03216
BLOCK29/SES290/SA290S22	SES177	-0.296844	-7.30532	-7.00847
BLOCK29/SES290/SA290S22	SES180	-0.353044	-7.36152	-7.00847
BLOCK29/SES290/SA290S22	SES202	-0.240454	-7.24893	-7.00847
BLOCK29/SES290/SA290S22	SES292	-0.206752	-7.21523	-7.00847
BLOCK29/SES290/SA290S25	SES162	-0.161855	-7.07666	-6.91481
BLOCK29/SES290/SA290S25	SES177	-0.392164	-7.30697	-6.91481
BLOCK29/SES290/SA290S25	SES180	-0.464635	-7.37944	-6.91481
BLOCK29/SES290/SA290S25	SES292	-0.337556	-7.25236	-6.91481
BLOCK29/SES290/SA290S29	SES177	-0.192446	-6.79439	-6.60195
BLOCK29/SES290/SA290S29	SES180	0.374067	-6.22788	-6.60195
BLOCK29/SES290/SA290S29	SES275	-0.200353	-6.8023	-6.60195
BLOCK29/SES290/SA290S29	SES292	-0.101841	-6.70379	-6.60195
BLOCK29/SES291/SA291S11	SES105	-0.998038	-9.54773	-8.54969
BLOCK29/SES291/SA291S11	SES125	-0.70126	-9.25095	-8.54969
BLOCK29/SES291/SA291S11	SES158	-0.0679941	-8.61769	-8.54969
BLOCK29/SES291/SA291S11	SES275	-0.495756	-9.04545	-8.54969
BLOCK29/SES291/SA291S12	SES158	0.817756	-7.09855	-7.91631
BLOCK29/SES291/SA291S12	SES226	-0.639162	-8.55547	-7.91631
BLOCK29/SES291/SA291S12	SES270	-0.000675678	-7.91698	-7.91631
BLOCK29/SES291/SA291S12	SES275	-1.94505	-9.86136	-7.91631
BLOCK29/SES291/SA291S22	SES082	-0.0467157	-8.20119	-8.15447
BLOCK29/SES291/SA291S22	SES158	0.187938	-7.96653	-8.15447
BLOCK29/SES291/SA291S22	SES259	-0.122108	-8.27658	-8.15447
BLOCK29/SES291/SA291S22	SES275	-0.924445	-9.07892	-8.15447
BLOCK29/SES291/SA291S24	SES104	0.59946	-7.11426	-7.71372
BLOCK29/SES291/SA291S24	SES125	0.127541	-7.58618	-7.71372
BLOCK29/SES291/SA291S24	SES158	0.280673	-7.43304	-7.71372
BLOCK29/SES291/SA291S24	SES275	-0.958132	-8.67185	-7.71372
BLOCK29/SES291/SA291S27	SES158	0.605057	-6.97502	-7.58008
BLOCK29/SES291/SA291S27	SES172	-1.72836	-9.30844	-7.58008
BLOCK29/SES291/SA291S27	SES275	-1.03224	-8.61232	-7.58008
BLOCK29/SES291/SA291S27	SES292	0.0131407	-7.56694	-7.58008
