BLOCK00/SES002/SA002S12	SES002	1.79055	22.3931	20.6025
BLOCK00/SES002/SA002S13	SES002	2.33117	22.3368	20.0056
BLOCK00/SES002/SA002S23	SES002	1.39961	22.147	20.7474
BLOCK00/SES002/SA002S26	SES002	1.76001	23.493	21.733
BLOCK00/SES002/SA002S28	SES002	1.02582	20.5636	19.5378
BLOCK00/SES007/SA007S14	SES007	2.17797	23.1691	20.9911
BLOCK00/SES007/SA007S15	SES007	0.960936	20.495	19.5341
BLOCK00/SES007/SA007S24	SES007	1.42222	20.6944	19.2722
BLOCK00/SES007/SA007S27	SES007	1.23397	19.9498	18.7158
BLOCK00/SES007/SA007S29	SES007	0.68071	20.8954	20.2147
BLOCK00/SES008/SA008S11	SES008	1.42445	20.9156	19.4911
BLOCK00/SES008/SA008S12	SES008	0.893425	20.2403	19.3468
BLOCK00/SES008/SA008S19	SES008	2.22397	22.5639	20.3399
BLOCK00/SES008/SA008S22	SES008	1.10704	19.9133	18.8062
BLOCK00/SES008/SA008S29	SES008	1.78239	22.4354	20.653
BLOCK01/SES014/SA014S10	SES014	3.1991	22.5106	19.3115
BLOCK01/SES014/SA014S12	SES014	4.14055	25.7557	21.6152
BLOCK01/SES014/SA014S24	SES014	2.08179	23.4326	21.3509
BLOCK01/SES014/SA014S26	SES014	3.16401	26.7581	23.5941
BLOCK01/SES014/SA014S28	SES014	4.52323	26.8368	22.3136
BLOCK01/SES016/SA016S12	SES016	1.62116	19.5128	17.8916
BLOCK01/SES016/SA016S13	SES016	1.90476	21.8895	19.9847
BLOCK01/SES016/SA016S22	SES016	0.996805	20.8859	19.8891
BLOCK01/SES016/SA016S25	SES016	2.10726	23.4927	21.3854
BLOCK01/SES016/SA016S27	SES016	2.61543	24.4801	21.8647
BLOCK01/SES019/SA019S13	SES019	3.39096	20.923	17.5321
BLOCK01/SES019/SA019S14	SES019	2.52738	21.2235	18.6961
BLOCK01/SES019/SA019S22	SES019	3.42513	21.3045	17.8793
BLOCK01/SES019/SA019S25	SES019	2.98938	21.7163	18.727
BLOCK01/SES019/SA019S29	SES019	3.74051	22.2272	18.4867
BLOCK02/SES029/SA029S11	SES029	1.80708	21.2572	19.4501
BLOCK02/SES029/SA029S12	SES029	0.521736	21.1727	20.6509
BLOCK02/SES029/SA029S20	SES029	1.35193	20.7816	19.4296
BLOCK02/SES029/SA029S25	SES029	1.21218	22.3143	21.1021
BLOCK02/SES029/SA029S28	SES029	0.57778	20.6919	20.1141
BLOCK04/SES042/SA042S12	SES042	2.1688	22.4556	20.2868
BLOCK04/SES042/SA042S15	SES042	2.46336	22.263	19.7997
BLOCK04/SES042/SA042S22	SES042	3.42213	25.5632	22.1411
BLOCK04/SES042/SA042S25	SES042	2.19691	21.7958	19.5988
BLOCK04/SES042/SA042S27	SES042	1.72676	22.9861	21.2593
BLOCK04/SES048/SA048S11	SES048	1.58121	21.7874	20.2062
BLOCK04/SES048/SA048S12	SES048	1.10832	21.9036	20.7953
BLOCK04/SES048/SA048S20	SES048	0.801153	21.1818	20.3806
BLOCK04/SES048/SA048S23	SES048	1.6957	20.7152	19.0195
BLOCK04/SES048/SA048S27	SES048	1.3821	22.968	21.5859
BLOCK06/SES060/SA060S11	SES060	2.23406	22.6617	20.4277
BLOCK06/SES060/SA060S12	SES060	-0.451628	18.3926	18.8442
BLOCK06/SES060/SA060S22	SES060	0.0528698	18.5806	18.5277
BLOCK06/SES060/SA060S24	SES060	1.43287	21.6326	20.1997
BLOCK06/SES060/SA060S28	SES060	1.16808	23.7114	22.5434
BLOCK06/SES062/SA062S10	SES062	0.75651	21.2509	20.4944
BLOCK06/SES062/SA062S11	SES062	1.43496	21.9198	20.4848
BLOCK06/SES062/SA062S21	SES062	2.45923	25.3962	22.937
BLOCK06/SES062/SA062S26	SES062	1.05534	22.7791	21.7238
BLOCK06/SES062/SA062S29	SES062	2.08186	24.5206	22.4387
BLOCK06/SES068/SA068S14	SES068	0.576225	21.987	21.4108
BLOCK06/SES068/SA068S15	SES068	1.82113	23.6746	21.8534
BLOCK06/SES068/SA068S23	SES068	0.943209	20.9171	19.9739
BLOCK06/SES068/SA068S27	SES068	2.61381	24.7347	22.1209
BLOCK06/SES068/SA068S29	SES068	0.702969	21.6241	20.9211
BLOCK08/SES082/SA082S12	SES082	0.403934	19.9405	19.5366
BLOCK08/SES082/SA082S14	SES082	0.67345	19.4509	18.7775
BLOCK08/SES082/SA082S21	SES082	0.425285	19.82	19.3947
BLOCK08/SES082/SA082S24	SES082	0.762798	22.2886	21.5258
BLOCK08/SES082/SA082S28	SES082	0.672485	20.6419	19.9694
BLOCK08/SES083/SA083S14	SES083	-0.157009	20.471	20.628
BLOCK08/SES083/SA083S15	SES083	0.985413	22.3508	21.3653
BLOCK08/SES083/SA083S24	SES083	0.720514	21.4904	20.7699
BLOCK08/SES083/SA083S26	SES083	0.814344	20.489	19.6747
BLOCK08/SES083/SA083S29	SES083	0.2994	21.5853	21.2859
BLOCK08/SES085/SA085S10	SES085	0.531246	21.5343	21.003
BLOCK08/SES085/SA085S13	SES085	0.273308	20.9347	20.6614
BLOCK08/SES085/SA085S22	SES085	-0.630945	21.5887	22.2196
BLOCK08/SES085/SA085S26	SES085	0.174397	22.3245	22.1501
BLOCK08/SES085/SA085S28	SES085	1.06935	21.7709	20.7015
BLOCK08/SES087/SA087S15	SES087	1.85363	21.6652	19.8115
BLOCK08/SES087/SA087S16	SES087	1.91576	21.9113	19.9955
BLOCK08/SES087/SA087S24	SES087	1.81031	21.4886	19.6783
BLOCK08/SES087/SA087S26	SES087	1.12372	22.4954	21.3717
BLOCK08/SES087/SA087S29	SES087	2.2732	21.546	19.2728
BLOCK09/SES099/SA099S15	SES099	2.25893	21.6408	19.3819
BLOCK09/SES099/SA099S16	SES099	2.1712	21.5491	19.3779
BLOCK09/SES099/SA099S24	SES099	1.45915	21.6265	20.1673
BLOCK09/SES099/SA099S26	SES099	2.26512	22.2049	19.9398
BLOCK09/SES099/SA099S29	SES099	2.65281	22.966	20.3132
BLOCK10/SES101/SA101S11	SES101	0.806322	21.0461	20.2398
BLOCK10/SES101/SA101S13	SES101	1.9066	23.1175	21.2109
BLOCK10/SES101/SA101S22	SES101	1.45315	21.3969	19.9438
BLOCK10/SES101/SA101S24	SES101	1.36988	21.2718	19.9019
BLOCK10/SES101/SA101S28	SES101	0.0545082	20.0077	19.9532
BLOCK10/SES104/SA104S11	SES104	2.36253	24.5349	22.1723
BLOCK10/SES104/SA104S12	SES104	1.84207	22.298	20.4559
BLOCK10/SES104/SA104S21	SES104	1.56581	21.6184	20.0526
BLOCK10/SES104/SA104S24	SES104	1.15635	22.062	20.9057
BLOCK10/SES104/SA104S28	SES104	1.58653	22.7731	21.1866
BLOCK10/SES105/SA105S12	SES105	1.14663	19.6023	18.4556
BLOCK10/SES105/SA105S13	SES105	1.13327	19.4816	18.3483
BLOCK10/SES105/SA105S22	SES105	0.84684	18.668	17.8212
BLOCK10/SES105/SA105S26	SES105	1.43938	19.847	18.4077
BLOCK10/SES105/SA105S29	SES105	1.48388	20.8433	19.3594
BLOCK10/SES106/SA106S09	SES106	1.16475	19.7692	18.6044
BLOCK10/SES106/SA106S11	SES106	1.98878	22.1716	20.1828
BLOCK10/SES106/SA106S22	SES106	3.6907	23.0955	19.4048
BLOCK10/SES106/SA106S27	SES106	1.50473	20.804	19.2993
BLOCK10/SES106/SA106S29	SES106	1.61027	21.2381	19.6278
BLOCK11/SES117/SA117S12	SES117	0.958778	20.9112	19.9524
BLOCK11/SES117/SA117S13	SES117	0.681629	20.9707	20.2891
BLOCK11/SES117/SA117S23	SES117	2.00156	19.2981	17.2965
BLOCK11/SES117/SA117S25	SES117	1.47543	20.0209	18.5455
BLOCK11/SES117/SA117S28	SES117	1.43556	19.3281	17.8925
BLOCK12/SES120/SA120S08	SES120	1.0939	18.0471	16.9532
BLOCK12/SES120/SA120S11	SES120	1.1996	16.6644	15.4647
BLOCK12/SES120/SA120S22	SES120	0.356859	20.0789	19.7221
BLOCK12/SES120/SA120S24	SES120	1.56985	20.0357	18.4658
BLOCK12/SES120/SA120S28	SES120	0.774157	17.0417	16.2675
BLOCK12/SES125/SA125S13	SES125	2.29196	22.1156	19.8237
BLOCK12/SES125/SA125S14	SES125	1.24491	20.9754	19.7305
BLOCK12/SES125/SA125S25	SES125	1.92961	22.6988	20.7692
BLOCK12/SES125/SA125S27	SES125	2.45547	23.9976	21.5421
BLOCK12/SES125/SA125S29	SES125	2.30965	22.0258	19.7161
BLOCK12/SES127/SA127S11	SES127	1.07528	20.6554	19.5801
BLOCK12/SES127/SA127S12	SES127	0.0580673	20.7397	20.6817
BLOCK12/SES127/SA127S23	SES127	0.572685	21.16	20.5873
BLOCK12/SES127/SA127S25	SES127	-0.191029	19.4841	19.6751
BLOCK12/SES127/SA127S27	SES127	1.12391	21.4207	20.2968
BLOCK12/SES129/SA129S11	SES129	2.31573	23.0174	20.7017
BLOCK12/SES129/SA129S12	SES129	2.23086	22.6495	20.4186
BLOCK12/SES129/SA129S22	SES129	1.8004	21.4725	19.6721
BLOCK12/SES129/SA129S27	SES129	2.20739	22.1702	19.9628
BLOCK12/SES129/SA129S29	SES129	1.78311	22.2426	20.4595
BLOCK14/SES142/SA142S11	SES142	2.73556	21.8559	19.1203
BLOCK14/SES142/SA142S12	SES142	1.01904	19.5945	18.5754
BLOCK14/SES142/SA142S24	SES142	2.33604	21.4383	19.1022
BLOCK14/SES142/SA142S27	SES142	2.44978	21.6016	19.1518
BLOCK14/SES142/SA142S29	SES142	2.68422	22.0082	19.324
BLOCK14/SES143/SA143S12	SES143	1.02807	19.8418	18.8137
BLOCK14/SES143/SA143S13	SES143	0.960342	19.5623	18.6019
BLOCK14/SES143/SA143S23	SES143	1.1974	19.6228	18.4254
BLOCK14/SES143/SA143S25	SES143	1.03761	20.0493	19.0117
BLOCK14/SES143/SA143S28	SES143	1.31947	19.8766	18.5571
BLOCK14/SES144/SA144S09	SES144	1.29259	21.4974	20.2048
BLOCK14/SES144/SA144S11	SES144	1.54834	20.4505	18.9022
BLOCK14/SES144/SA144S21	SES144	0.256807	19.9846	19.7278
BLOCK14/SES144/SA144S25	SES144	0.714098	18.7371	18.023
BLOCK14/SES144/SA144S29	SES144	0.439013	20.7709	20.3319
BLOCK14/SES146/SA146S14	SES146	0.869799	19.0472	18.1774
BLOCK14/SES146/SA146S15	SES146	0.863338	19.3001	18.4368
BLOCK14/SES146/SA146S24	SES146	1.01979	19.0567	18.0369
BLOCK14/SES146/SA146S26	SES146	0.820288	19.3793	18.559
BLOCK14/SES146/SA146S29	SES146	1.09862	19.2022	18.1035
BLOCK14/SES147/SA147S11	SES147	2.23841	20.6553	18.4169
BLOCK14/SES147/SA147S13	SES147	2.7551	21.0581	18.303
BLOCK14/SES147/SA147S23	SES147	0.868734	19.7604	18.8917
BLOCK14/SES147/SA147S26	SES147	1.5707	20.3343	18.7636
BLOCK14/SES147/SA147S28	SES147	1.89947	20.9004	19.001
BLOCK14/SES148/SA148S10	SES148	1.38455	19.3231	17.9385
BLOCK14/SES148/SA148S12	SES148	1.07803	18.7891	17.7111
BLOCK14/SES148/SA148S22	SES148	2.13873	21.3675	19.2288
BLOCK14/SES148/SA148S26	SES148	0.0152607	20.0775	20.0622
BLOCK14/SES148/SA148S29	SES148	0.749504	19.6521	18.9026
BLOCK14/SES149/SA149S13	SES149	-0.00199127	19.9676	19.9696
BLOCK14/SES149/SA149S14	SES149	0.673374	21.1806	20.5072
BLOCK14/SES149/SA149S24	SES149	1.77649	22.1827	20.4062
BLOCK14/SES149/SA149S26	SES149	2.32281	23.1825	20.8597
BLOCK14/SES149/SA149S28	SES149	2.74063	24.4492	21.7086
BLOCK15/SES158/SA158S13	SES158	1.85401	19.9197	18.0657
BLOCK15/SES158/SA158S14	SES158	3.20331	20.9954	17.7921
BLOCK15/SES158/SA158S23	SES158	1.67972	20.329	18.6493
BLOCK15/SES158/SA158S26	SES158	2.77081	20.697	17.9262
BLOCK15/SES158/SA158S28	SES158	1.03999	19.545	18.505
BLOCK16/SES162/SA162S10	SES162	0.775667	18.4127	17.637
BLOCK16/SES162/SA162S11	SES162	1.00814	21.3597	20.3515
BLOCK16/SES162/SA162S21	SES162	2.0347	21.3159	19.2812
BLOCK16/SES162/SA162S24	SES162	1.28955	20.6059	19.3164
BLOCK16/SES162/SA162S27	SES162	1.64225	20.5404	18.8982
BLOCK16/SES167/SA167S14	SES167	1.37587	22.7797	21.4039
BLOCK16/SES167/SA167S15	SES167	1.67794	21.2482	19.5702
BLOCK16/SES167/SA167S21	SES167	2.46377	22.6383	20.1746
BLOCK16/SES167/SA167S25	SES167	2.36165	21.5765	19.2149
BLOCK16/SES167/SA167S29	SES167	2.85477	23.7073	20.8526
BLOCK17/SES172/SA172S12	SES172	1.54636	22.0527	20.5064
BLOCK17/SES172/SA172S13	SES172	1.75506	21.4959	19.7408
BLOCK17/SES172/SA172S23	SES172	1.00556	22.761	21.7555
BLOCK17/SES172/SA172S27	SES172	1.26037	21.6264	20.366
BLOCK17/SES172/SA172S29	SES172	2.17125	22.2526	20.0814
BLOCK17/SES175/SA175S11	SES175	1.03966	21.0471	20.0075
BLOCK17/SES175/SA175S13	SES175	1.47113	21.3191	19.848
BLOCK17/SES175/SA175S23	SES175	1.83793	21.8676	20.0297
BLOCK17/SES175/SA175S25	SES175	0.665874	19.0115	18.3456
BLOCK17/SES175/SA175S28	SES175	1.2991	22.2243	20.9252
BLOCK17/SES177/SA177S15	SES177	0.425632	20.6609	20.2353
BLOCK17/SES177/SA177S17	SES177	0.735979	21.5982	20.8623
BLOCK17/SES177/SA177S23	SES177	0.386808	20.4685	20.0817
BLOCK17/SES177/SA177S26	SES177	1.29486	23.2212	21.9263
BLOCK17/SES177/SA177S28	SES177	0.924324	21.6901	20.7658
BLOCK18/SES180/SA180S13	SES180	0.0246735	19.7711	19.7464
BLOCK18/SES180/SA180S15	SES180	1.04763	20.2044	19.1568
BLOCK18/SES180/SA180S24	SES180	1.27494	22.2629	20.988
BLOCK18/SES180/SA180S26	SES180	0.771502	21.426	20.6545
BLOCK18/SES180/SA180S29	SES180	1.39253	21.1887	19.7961
BLOCK18/SES183/SA183S13	SES183	1.42391	19.0936	17.6697
BLOCK18/SES183/SA183S14	SES183	0.145041	18.6177	18.4727
BLOCK18/SES183/SA183S24	SES183	1.71074	18.4014	16.6907
BLOCK18/SES183/SA183S27	SES183	1.48188	19.4452	17.9634
BLOCK18/SES183/SA183S29	SES183	1.20479	20.2722	19.0674
BLOCK18/SES187/SA187S13	SES187	1.04886	20.8485	19.7996
BLOCK18/SES187/SA187S14	SES187	1.00828	20.2797	19.2714
BLOCK18/SES187/SA187S24	SES187	2.42685	22.2568	19.8299
BLOCK18/SES187/SA187S27	SES187	1.45776	21.2131	19.7553
BLOCK18/SES187/SA187S29	SES187	1.92683	22.4123	20.4855
BLOCK18/SES189/SA189S10	SES189	2.08726	19.1404	17.0532
BLOCK18/SES189/SA189S13	SES189	2.57203	18.7462	16.1742
BLOCK18/SES189/SA189S24	SES189	3.09087	19.5424	16.4515
BLOCK18/SES189/SA189S26	SES189	1.63588	19.1525	17.5166
BLOCK18/SES189/SA189S29	SES189	2.51526	20.0905	17.5752
BLOCK20/SES202/SA202S12	SES202	1.47083	17.4891	16.0183
BLOCK20/SES202/SA202S14	SES202	2.74129	21.1249	18.3836
BLOCK20/SES202/SA202S24	SES202	1.45729	20.2772	18.8199
BLOCK20/SES202/SA202S27	SES202	2.11574	22.0876	19.9718
BLOCK20/SES202/SA202S29	SES202	2.54484	21.6108	19.066
BLOCK20/SES206/SA206S15	SES206	0.102036	20.8547	20.7527
BLOCK20/SES206/SA206S17	SES206	2.38262	23.8359	21.4533
BLOCK20/SES206/SA206S24	SES206	2.55485	23.8535	21.2987
BLOCK20/SES206/SA206S27	SES206	2.11586	22.569	20.4532
BLOCK20/SES206/SA206S29	SES206	1.94005	24.3267	22.3866
BLOCK22/SES226/SA226S12	SES226	1.20403	21.125	19.921
BLOCK22/SES226/SA226S13	SES226	0.0875874	19.2278	19.1402
BLOCK22/SES226/SA226S20	SES226	1.43083	21.1402	19.7094
BLOCK22/SES226/SA226S23	SES226	1.75443	21.412	19.6575
BLOCK22/SES226/SA226S28	SES226	2.12268	22.2167	20.094
BLOCK25/SES259/SA259S13	SES259	4.43223	24.1947	19.7625
BLOCK25/SES259/SA259S14	SES259	2.85098	22.0163	19.1653
BLOCK25/SES259/SA259S22	SES259	2.3203	21.8183	19.498
BLOCK25/SES259/SA259S24	SES259	2.60925	23.9439	21.3347
BLOCK25/SES259/SA259S28	SES259	2.5217	22.6152	20.0935
BLOCK27/SES270/SA270S14	SES270	2.80268	21.2701	18.4674
BLOCK27/SES270/SA270S16	SES270	0.953241	20.2561	19.3028
BLOCK27/SES270/SA270S22	SES270	3.87314	22.5865	18.7134
BLOCK27/SES270/SA270S26	SES270	1.923	19.7222	17.7992
BLOCK27/SES270/SA270S28	SES270	1.69423	20.9964	19.3022
BLOCK27/SES275/SA275S17	SES275	1.68294	20.4372	18.7543
BLOCK27/SES275/SA275S18	SES275	0.961969	20.5491	19.5871
BLOCK27/SES275/SA275S24	SES275	0.941938	19.1541	18.2122
BLOCK27/SES275/SA275S26	SES275	1.36128	20.6595	19.2983
BLOCK27/SES275/SA275S28	SES275	0.515003	20.0976	19.5826
BLOCK29/SES292/SA292S10	SES292	0.855782	19.8598	19.0041
BLOCK29/SES292/SA292S12	SES292	0.430592	20.0152	19.5847
BLOCK29/SES292/SA292S22	SES292	0.79146	21.6518	20.8603
BLOCK29/SES292/SA292S24	SES292	0.650635	21.0999	20.4493
BLOCK29/SES292/SA292S27	SES292	0.482723	21.0972	20.6144
BLOCK00/SES001/SA001S14	SES062	-2.85718	14.535	17.3922
BLOCK00/SES001/SA001S14	SES082	-3.03395	14.3583	17.3922
BLOCK00/SES001/SA001S14	SES106	-2.58481	14.8074	17.3922
BLOCK00/SES001/SA001S14	SES206	-2.44709	14.9451	17.3922
BLOCK00/SES001/SA001S15	SES062	-2.80158	16.7205	19.522
BLOCK00/SES001/SA001S15	SES104	-3.89239	15.6296	19.522
BLOCK00/SES001/SA001S15	SES106	-2.82654	16.6955	19.522
BLOCK00/SES001/SA001S15	SES206	-2.70679	16.8152	19.522
BLOCK00/SES001/SA001S24	SES062	-3.99322	13.3333	17.3265
BLOCK00/SES001/SA001S24	SES082	-4.33303	12.9934	17.3265
BLOCK00/SES001/SA001S24	SES087	-3.29043	14.036	17.3265
BLOCK00/SES001/SA001S24	SES206	-3.47462	13.8518	17.3265
BLOCK00/SES001/SA001S27	SES062	-2.36315	17.2803	19.6434
BLOCK00/SES001/SA001S27	SES082	-2.50658	17.1368	19.6434
BLOCK00/SES001/SA001S27	SES087	-1.91605	17.7274	19.6434
BLOCK00/SES001/SA001S27	SES206	-2.43211	17.2113	19.6434
BLOCK00/SES001/SA001S29	SES062	-3.87551	14.211	18.0865
BLOCK00/SES001/SA001S29	SES082	-2.18698	15.8995	18.0865
BLOCK00/SES001/SA001S29	SES158	-1.77135	16.3152	18.0865
BLOCK00/SES001/SA001S29	SES206	-3.22351	14.863	18.0865
BLOCK00/SES003/SA003S11	SES002	-1.37823	18.3745	19.7527
BLOCK00/SES003/SA003S11	SES019	-1.96104	17.7916	19.7527
BLOCK00/SES003/SA003S11	SES082	-0.870077	18.8826	19.7527
BLOCK00/SES003/SA003S11	SES125	-2.49854	17.2541	19.7527
BLOCK00/SES003/SA003S15	SES016	-3.32304	17.6523	20.9754
BLOCK00/SES003/SA003S15	SES019	-2.10621	18.8692	20.9754
BLOCK00/SES003/SA003S15	SES062	-2.85095	18.1244	20.9754
BLOCK00/SES003/SA003S15	SES206	-1.74793	19.2275	20.9754
BLOCK00/SES003/SA003S22	SES002	-2.03313	17.6012	19.6344
BLOCK00/SES003/SA003S22	SES062	-1.68266	17.9517	19.6344
BLOCK00/SES003/SA003S22	SES082	-2.24455	17.3898	19.6344
BLOCK00/SES003/SA003S22	SES087	-2.00408	17.6303	19.6344
BLOCK00/SES003/SA003S25	SES062	-3.07714	15.8639	18.941
BLOCK00/SES003/SA003S25	SES082	-1.78673	17.1543	18.941
BLOCK00/SES003/SA003S25	SES087	-2.12525	16.8158	18.941
BLOCK00/SES003/SA003S25	SES206	-3.17404	15.767	18.941
BLOCK00/SES003/SA003S29	SES002	-2.01438	16.8021	18.8165
BLOCK00/SES003/SA003S29	SES062	-3.13542	15.6811	18.8165
BLOCK00/SES003/SA003S29	SES082	-1.84719	16.9693	18.8165
BLOCK00/SES003/SA003S29	SES087	-2.38746	16.4291	18.8165
BLOCK00/SES004/SA004S12	SES083	-2.85417	15.5749	18.4291
BLOCK00/SES004/SA004S12	SES148	-1.9493	16.4798	18.4291
BLOCK00/SES004/SA004S12	SES172	-0.932287	17.4968	18.4291
BLOCK00/SES004/SA004S12	SES292	-2.1594	16.2697	18.4291
BLOCK00/SES004/SA004S17	SES083	-2.6432	15.2832	17.9264
BLOCK00/SES004/SA004S17	SES162	-1.99395	15.9325	17.9264
BLOCK00/SES004/SA004S17	SES172	-1.909	16.0174	17.9264
BLOCK00/SES004/SA004S17	SES292	-2.15989	15.7665	17.9264
BLOCK00/SES004/SA004S24	SES083	-2.51502	16.085	18.6001
BLOCK00/SES004/SA004S24	SES148	-2.63455	15.9655	18.6001
BLOCK00/SES004/SA004S24	SES172	-1.35741	17.2426	18.6001
BLOCK00/SES004/SA004S24	SES292	-1.25539	17.3447	18.6001
BLOCK00/SES004/SA004S26	SES083	-2.80333	15.2297	18.0331
BLOCK00/SES004/SA004S26	SES127	-2.33415	15.6989	18.0331
BLOCK00/SES004/SA004S26	SES148	-3.73688	14.2962	18.0331
BLOCK00/SES004/SA004S26	SES292	-2.53737	15.4957	18.0331
BLOCK00/SES004/SA004S28	SES083	-1.73766	18.8834	20.621
BLOCK00/SES004/SA004S28	SES127	-1.81939	18.8016	20.621
BLOCK00/SES004/SA004S28	SES187	-1.52188	19.0991	20.621
BLOCK00/SES004/SA004S28	SES292	-2.29308	18.328	20.621
BLOCK00/SES006/SA006S10	SES014	-5.56122	10.3472	15.9084
BLOCK00/SES006/SA006S10	SES158	-3.17581	12.7326	15.9084
BLOCK00/SES006/SA006S10	SES226	-5.38948	10.519	15.9084
BLOCK00/SES006/SA006S10	SES270	-2.43237	13.4761	15.9084
BLOCK00/SES006/SA006S11	SES158	-2.23044	14.086	16.3165
BLOCK00/SES006/SA006S11	SES226	-4.1961	12.1204	16.3165
BLOCK00/SES006/SA006S11	SES270	-2.47359	13.8429	16.3165
BLOCK00/SES006/SA006S11	SES275	-3.33571	12.9807	16.3165
BLOCK00/SES006/SA006S23	SES062	-3.66444	14.765	18.4294
BLOCK00/SES006/SA006S23	SES105	-4.2194	14.21	18.4294
BLOCK00/SES006/SA006S23	SES158	-2.72917	15.7003	18.4294
BLOCK00/SES006/SA006S23	SES275	-3.01138	15.4181	18.4294
BLOCK00/SES006/SA006S26	SES104	-4.67496	12.9697	17.6447
BLOCK00/SES006/SA006S26	SES158	-2.23144	15.4133	17.6447
BLOCK00/SES006/SA006S26	SES270	-1.67561	15.9691	17.6447
BLOCK00/SES006/SA006S26	SES275	-2.83218	14.8125	17.6447
BLOCK00/SES006/SA006S28	SES007	-3.72911	12.5586	16.2877
BLOCK00/SES006/SA006S28	SES105	-3.61742	12.6703	16.2877
BLOCK00/SES006/SA006S28	SES158	-2.39673	13.891	16.2877
BLOCK00/SES006/SA006S28	SES275	-3.27349	13.0142	16.2877
BLOCK00/SES009/SA009S12	SES083	-3.30286	16.8722	20.175
BLOCK00/SES009/SA009S12	SES148	-2.86464	17.3104	20.175
BLOCK00/SES009/SA009S12	SES177	-1.44628	18.7287	20.175
BLOCK00/SES009/SA009S12	SES292	-1.73843	18.4366	20.175
BLOCK00/SES009/SA009S15	SES007	-0.240566	20.8837	21.1243
BLOCK00/SES009/SA009S15	SES099	-4.58063	16.5436	21.1243
BLOCK00/SES009/SA009S15	SES148	-2.65177	18.4725	21.1243
BLOCK00/SES009/SA009S15	SES172	-2.08645	19.0378	21.1243
BLOCK00/SES009/SA009S24	SES146	-1.60166	19.4636	21.0653
BLOCK00/SES009/SA009S24	SES148	-2.9842	18.0811	21.0653
BLOCK00/SES009/SA009S24	SES177	-0.78301	20.2823	21.0653
BLOCK00/SES009/SA009S24	SES292	-1.52418	19.5411	21.0653
BLOCK00/SES009/SA009S26	SES083	-3.17256	16.7348	19.9073
BLOCK00/SES009/SA009S26	SES101	-2.86574	17.0416	19.9073
BLOCK00/SES009/SA009S26	SES120	-1.95521	17.9521	19.9073
BLOCK00/SES009/SA009S26	SES177	-1.43178	18.4756	19.9073
BLOCK00/SES009/SA009S29	SES083	-2.49055	18.2829	20.7735
BLOCK00/SES009/SA009S29	SES101	-1.73747	19.036	20.7735
BLOCK00/SES009/SA009S29	SES177	-1.12258	19.6509	20.7735
BLOCK00/SES009/SA009S29	SES292	-1.5296	19.2439	20.7735
BLOCK01/SES011/SA011S10	SES019	-2.21312	18.1885	20.4016
BLOCK01/SES011/SA011S10	SES042	-1.4748	18.9268	20.4016
BLOCK01/SES011/SA011S10	SES082	-2.87704	17.5245	20.4016
BLOCK01/SES011/SA011S10	SES206	-2.35873	18.0429	20.4016
BLOCK01/SES011/SA011S11	SES019	-2.19285	16.3587	18.5516
BLOCK01/SES011/SA011S11	SES042	-1.86992	16.6817	18.5516
BLOCK01/SES011/SA011S11	SES082	-2.5538	15.9978	18.5516
BLOCK01/SES011/SA011S11	SES206	-2.61284	15.9387	18.5516
BLOCK01/SES011/SA011S22	SES019	-1.96337	17.1812	19.1446
BLOCK01/SES011/SA011S22	SES042	-1.27664	17.868	19.1446
BLOCK01/SES011/SA011S22	SES082	-2.2905	16.8541	19.1446
BLOCK01/SES011/SA011S22	SES206	-2.67019	16.4744	19.1446
BLOCK01/SES011/SA011S24	SES019	-2.13318	17.7145	19.8477
BLOCK01/SES011/SA011S24	SES042	-0.920307	18.9274	19.8477
BLOCK01/SES011/SA011S24	SES104	-2.73331	17.1144	19.8477
BLOCK01/SES011/SA011S24	SES206	-2.50335	17.3444	19.8477
BLOCK01/SES011/SA011S27	SES082	-0.441406	18.6286	19.07
BLOCK01/SES011/SA011S27	SES087	-2.58254	16.4875	19.07
BLOCK01/SES011/SA011S27	SES125	-2.41193	16.6581	19.07
BLOCK01/SES011/SA011S27	SES206	-1.85337	17.2167	19.07
BLOCK01/SES012/SA012S11	SES007	-1.35352	20.3864	21.7399
BLOCK01/SES012/SA012S11	SES082	-2.33155	19.4083	21.7399
BLOCK01/SES012/SA012S11	SES083	-2.20458	19.5353	21.7399
BLOCK01/SES012/SA012S11	SES206	-2.18805	19.5518	21.7399
BLOCK01/SES012/SA012S14	SES082	-1.2721	19.9489	21.221
BLOCK01/SES012/SA012S14	SES087	-2.80022	18.4208	21.221
BLOCK01/SES012/SA012S14	SES206	-1.10116	20.1198	21.221
BLOCK01/SES012/SA012S14	SES292	-2.34117	18.8798	21.221
BLOCK01/SES012/SA012S24	SES082	-1.07573	19.1887	20.2644
BLOCK01/SES012/SA012S24	SES087	-2.38174	17.8826	20.2644
BLOCK01/SES012/SA012S24	SES120	-2.63974	17.6246	20.2644
BLOCK01/SES012/SA012S24	SES206	-1.35353	18.9109	20.2644
BLOCK01/SES012/SA012S26	SES019	-4.66824	17.1756	21.8438
BLOCK01/SES012/SA012S26	SES082	-3.10413	18.7397	21.8438
BLOCK01/SES012/SA012S26	SES206	-1.00092	20.8429	21.8438
BLOCK01/SES012/SA012S26	SES292	-1.60728	20.2366	21.8438
BLOCK01/SES012/SA012S29	SES062	-2.06569	19.6676	21.7333
BLOCK01/SES012/SA012S29	SES082	-1.62634	20.1069	21.7333
BLOCK01/SES012/SA012S29	SES083	-2.73911	18.9942	21.7333
BLOCK01/SES012/SA012S29	SES206	-1.13826	20.595	21.7333
BLOCK01/SES013/SA013S16	SES062	-4.0863	15.8037	19.89
BLOCK01/SES013/SA013S16	SES106	-2.18942	17.7005	19.89
BLOCK01/SES013/SA013S16	SES206	-2.46	17.43	19.89
BLOCK01/SES013/SA013S16	SES226	-1.34847	18.5415	19.89
BLOCK01/SES013/SA013S17	SES062	-3.19188	18.1249	21.3167
BLOCK01/SES013/SA013S17	SES106	-3.03588	18.2809	21.3167
BLOCK01/SES013/SA013S17	SES206	-1.68437	19.6324	21.3167
BLOCK01/SES013/SA013S17	SES226	-1.53226	19.7845	21.3167
BLOCK01/SES013/SA013S23	SES104	-2.4202	18.7445	21.1647
BLOCK01/SES013/SA013S23	SES106	-1.7072	19.4575	21.1647
BLOCK01/SES013/SA013S23	SES206	-2.20563	18.9591	21.1647
BLOCK01/SES013/SA013S23	SES270	-2.00691	19.1578	21.1647
BLOCK01/SES013/SA013S25	SES042	-2.73077	19.5419	22.2727
BLOCK01/SES013/SA013S25	SES104	-2.17027	20.1024	22.2727
BLOCK01/SES013/SA013S25	SES106	-2.20239	20.0703	22.2727
BLOCK01/SES013/SA013S25	SES206	-2.2055	20.0672	22.2727
BLOCK01/SES013/SA013S29	SES062	-4.97386	16.4922	21.4661
BLOCK01/SES013/SA013S29	SES104	-3.58713	17.879	21.4661
BLOCK01/SES013/SA013S29	SES106	-2.45871	19.0074	21.4661
BLOCK01/SES013/SA013S29	SES206	-2.53188	18.9342	21.4661
BLOCK02/SES021/SA021S13	SES016	-4.33746	17.7463	22.0838
BLOCK02/SES021/SA021S13	SES029	-2.28043	19.8033	22.0838
BLOCK02/SES021/SA021S13	SES087	-2.3666	19.7172	22.0838
BLOCK02/SES021/SA021S13	SES206	-1.75253	20.3312	22.0838
BLOCK02/SES021/SA021S15	SES087	-1.43088	21.4095	22.8404
BLOCK02/SES021/SA021S15	SES125	-1.54957	21.2908	22.8404
BLOCK02/SES021/SA021S15	SES206	-1.3788	21.4616	22.8404
BLOCK02/SES021/SA021S15	SES226	-2.75472	20.0857	22.8404
BLOCK02/SES021/SA021S23	SES062	-3.27887	16.2902	19.5691
BLOCK02/SES021/SA021S23	SES087	-1.57075	17.9983	19.5691
BLOCK02/SES021/SA021S23	SES206	-1.91987	17.6492	19.5691
BLOCK02/SES021/SA021S23	SES226	-1.51321	18.0559	19.5691
BLOCK02/SES021/SA021S27	SES002	-1.72702	19.3721	21.0992
BLOCK02/SES021/SA021S27	SES016	-4.30641	16.7927	21.0992
BLOCK02/SES021/SA021S27	SES019	-2.18767	18.9115	21.0992
BLOCK02/SES021/SA021S27	SES062	-1.95817	19.141	21.0992
BLOCK02/SES021/SA021S29	SES087	-1.81976	19.9651	21.7849
BLOCK02/SES021/SA021S29	SES125	-1.32501	20.4599	21.7849
BLOCK02/SES021/SA021S29	SES206	-1.50366	20.2812	21.7849
BLOCK02/SES021/SA021S29	SES226	-2.83822	18.9467	21.7849
BLOCK04/SES043/SA043S09	SES083	-2.67861	15.5004	18.179
BLOCK04/SES043/SA043S09	SES101	-3.53739	14.6416	18.179
BLOCK04/SES043/SA043S09	SES144	-1.6073	16.5717	18.179
BLOCK04/SES043/SA043S09	SES172	-3.71742	14.4616	18.179
BLOCK04/SES043/SA043S11	SES083	-1.0849	18.8391	19.924
BLOCK04/SES043/SA043S11	SES101	-2.25874	17.6653	19.924
BLOCK04/SES043/SA043S11	SES144	-1.23391	18.6901	19.924
BLOCK04/SES043/SA043S11	SES172	-1.8902	18.0338	19.924
BLOCK04/SES043/SA043S23	SES083	-1.56176	17.4756	19.0374
BLOCK04/SES043/SA043S23	SES144	-0.383471	18.6539	19.0374
BLOCK04/SES043/SA043S23	SES177	-2.86375	16.1736	19.0374
BLOCK04/SES043/SA043S23	SES275	-1.3305	17.7069	19.0374
BLOCK04/SES043/SA043S26	SES083	-1.95976	16.8138	18.7736
BLOCK04/SES043/SA043S26	SES101	-1.84228	16.9313	18.7736
BLOCK04/SES043/SA043S26	SES144	-0.973146	17.8005	18.7736
BLOCK04/SES043/SA043S26	SES177	-2.48296	16.2906	18.7736
BLOCK04/SES043/SA043S28	SES016	-2.99328	17.2697	20.263
BLOCK04/SES043/SA043S28	SES083	-1.47466	18.7883	20.263
BLOCK04/SES043/SA043S28	SES101	-1.58977	18.6732	20.263
BLOCK04/SES043/SA043S28	SES144	-1.41829	18.8447	20.263
BLOCK04/SES044/SA044S10	SES127	-2.93158	13.518	16.4496
BLOCK04/SES044/SA044S10	SES144	-1.18431	15.2653	16.4496
BLOCK04/SES044/SA044S10	SES147	-3.10399	13.3456	16.4496
BLOCK04/SES044/SA044S10	SES148	-3.46904	12.9806	16.4496
BLOCK04/SES044/SA044S11	SES101	-2.15613	15.7082	17.8643
BLOCK04/SES044/SA044S11	SES144	-0.747198	17.1171	17.8643
BLOCK04/SES044/SA044S11	SES147	-2.12743	15.7369	17.8643
BLOCK04/SES044/SA044S11	SES177	-3.02131	14.843	17.8643
BLOCK04/SES044/SA044S24	SES007	-2.96166	15.332	18.2936
BLOCK04/SES044/SA044S24	SES101	-2.39459	15.899	18.2936
BLOCK04/SES044/SA044S24	SES147	-3.07893	15.2147	18.2936
BLOCK04/SES044/SA044S24	SES177	-2.78334	15.5103	18.2936
BLOCK04/SES044/SA044S26	SES007	-2.20004	16.5605	18.7605
BLOCK04/SES044/SA044S26	SES016	-2.43026	16.3303	18.7605
BLOCK04/SES044/SA044S26	SES101	-2.28847	16.472	18.7605
BLOCK04/SES044/SA044S26	SES147	-1.50788	17.2526	18.7605
BLOCK04/SES044/SA044S29	SES007	-2.72762	16.5679	19.2955
BLOCK04/SES044/SA044S29	SES101	-0.745962	18.5495	19.2955
BLOCK04/SES044/SA044S29	SES147	-2.22518	17.0703	19.2955
BLOCK04/SES044/SA044S29	SES177	-2.70117	16.5943	19.2955
BLOCK04/SES046/SA046S13	SES101	-3.08178	15.4234	18.5052
BLOCK04/SES046/SA046S13	SES144	-1.75004	16.7551	18.5052
BLOCK04/SES046/SA046S13	SES147	-2.50782	15.9974	18.5052
BLOCK04/SES046/SA046S13	SES177	-3.43738	15.0678	18.5052
BLOCK04/SES046/SA046S15	SES048	-1.23826	18.8931	20.1313
BLOCK04/SES046/SA046S15	SES083	-0.886475	19.2448	20.1313
BLOCK04/SES046/SA046S15	SES120	-2.98178	17.1495	20.1313
BLOCK04/SES046/SA046S15	SES148	-1.90433	18.227	20.1313
BLOCK04/SES046/SA046S22	SES101	-1.93687	17.279	19.2158
BLOCK04/SES046/SA046S22	SES144	-1.32756	17.8883	19.2158
BLOCK04/SES046/SA046S22	SES147	-2.5314	16.6844	19.2158
BLOCK04/SES046/SA046S22	SES172	-2.05164	17.1642	19.2158
BLOCK04/SES046/SA046S25	SES083	-2.30672	16.3845	18.6913
BLOCK04/SES046/SA046S25	SES127	-2.21367	16.4776	18.6913
BLOCK04/SES046/SA046S25	SES144	-2.64756	16.0437	18.6913
BLOCK04/SES046/SA046S25	SES148	-2.60744	16.0838	18.6913
BLOCK04/SES046/SA046S28	SES007	-3.26516	15.3432	18.6084
BLOCK04/SES046/SA046S28	SES105	-2.82131	15.7871	18.6084
BLOCK04/SES046/SA046S28	SES147	-2.6526	15.9558	18.6084
BLOCK04/SES046/SA046S28	SES148	-2.05013	16.5582	18.6084
BLOCK04/SES049/SA049S16	SES104	-3.03178	15.6234	18.6552
BLOCK04/SES049/SA049S16	SES106	-2.18903	16.4662	18.6552
BLOCK04/SES049/SA049S16	SES120	-2.93587	15.7193	18.6552
BLOCK04/SES049/SA049S16	SES206	-1.95079	16.7044	18.6552
BLOCK04/SES049/SA049S18	SES099	-1.54857	16.8421	18.3907
BLOCK04/SES049/SA049S18	SES104	-2.52718	15.8635	18.3907
BLOCK04/SES049/SA049S18	SES125	-2.87618	15.5145	18.3907
BLOCK04/SES049/SA049S18	SES206	-1.93834	16.4524	18.3907
BLOCK04/SES049/SA049S25	SES087	-2.23764	18.0621	20.2998
BLOCK04/SES049/SA049S25	SES104	-1.63492	18.6648	20.2998
BLOCK04/SES049/SA049S25	SES125	-2.36469	17.9351	20.2998
BLOCK04/SES049/SA049S25	SES206	-1.59417	18.7056	20.2998
BLOCK04/SES049/SA049S27	SES099	-1.01158	17.9965	19.0081
BLOCK04/SES049/SA049S27	SES104	-1.56478	17.4433	19.0081
BLOCK04/SES049/SA049S27	SES125	-1.88791	17.1202	19.0081
BLOCK04/SES049/SA049S27	SES206	-2.01414	16.994	19.0081
BLOCK04/SES049/SA049S29	SES099	-1.14929	19.7224	20.8717
BLOCK04/SES049/SA049S29	SES104	-1.1093	19.7624	20.8717
BLOCK04/SES049/SA049S29	SES125	-1.6815	19.1902	20.8717
BLOCK04/SES049/SA049S29	SES206	-1.27143	19.6002	20.8717
BLOCK06/SES063/SA063S09	SES068	-1.87137	18.7633	20.6346
BLOCK06/SES063/SA063S09	SES083	-1.08943	19.5452	20.6346
BLOCK06/SES063/SA063S09	SES177	-1.3856	19.249	20.6346
BLOCK06/SES063/SA063S09	SES187	-1.47861	19.156	20.6346
BLOCK06/SES063/SA063S10	SES068	-2.46178	17.6262	20.088
BLOCK06/SES063/SA063S10	SES083	-1.59185	18.4961	20.088
BLOCK06/SES063/SA063S10	SES172	-1.61699	18.471	20.088
BLOCK06/SES063/SA063S10	SES187	-1.6284	18.4596	20.088
BLOCK06/SES063/SA063S20	SES068	-2.38637	17.4476	19.8339
BLOCK06/SES063/SA063S20	SES083	-1.23213	18.6018	19.8339
BLOCK06/SES063/SA063S20	SES172	-1.17022	18.6637	19.8339
BLOCK06/SES063/SA063S20	SES187	-1.21419	18.6197	19.8339
BLOCK06/SES063/SA063S24	SES029	-2.47124	18.1412	20.6125
BLOCK06/SES063/SA063S24	SES083	-1.43537	19.1771	20.6125
BLOCK06/SES063/SA063S24	SES177	-1.57914	19.0333	20.6125
BLOCK06/SES063/SA063S24	SES189	-1.49885	19.1136	20.6125
BLOCK06/SES063/SA063S27	SES083	-0.797628	18.6523	19.45
BLOCK06/SES063/SA063S27	SES172	-1.51466	17.9353	19.45
BLOCK06/SES063/SA063S27	SES187	-1.58978	17.8602	19.45
BLOCK06/SES063/SA063S27	SES292	-2.3599	17.0901	19.45
BLOCK06/SES067/SA067S12	SES083	-2.57452	17.455	20.0295
BLOCK06/SES067/SA067S12	SES172	-2.59125	17.4383	20.0295
BLOCK06/SES067/SA067S12	SES202	-1.32723	18.7023	20.0295
BLOCK06/SES067/SA067S12	SES292	-2.21651	17.813	20.0295
BLOCK06/SES067/SA067S14	SES085	-2.19915	18.7105	20.9096
BLOCK06/SES067/SA067S14	SES177	-2.00604	18.9036	20.9096
BLOCK06/SES067/SA067S14	SES183	-1.55689	19.3528	20.9096
BLOCK06/SES067/SA067S14	SES202	-1.08913	19.8205	20.9096
BLOCK06/SES067/SA067S21	SES144	-1.52402	18.0918	19.6158
BLOCK06/SES067/SA067S21	SES177	-1.20898	18.4068	19.6158
BLOCK06/SES067/SA067S21	SES183	-1.92161	17.6942	19.6158
BLOCK06/SES067/SA067S21	SES189	-0.705462	18.9104	19.6158
BLOCK06/SES067/SA067S25	SES085	-1.18555	19.0048	20.1904
BLOCK06/SES067/SA067S25	SES177	-1.52625	18.6641	20.1904
BLOCK06/SES067/SA067S25	SES183	-1.46955	18.7208	20.1904
BLOCK06/SES067/SA067S25	SES202	-1.18799	19.0024	20.1904
BLOCK06/SES067/SA067S29	SES085	-1.51431	19.2454	20.7597
BLOCK06/SES067/SA067S29	SES177	-1.69002	19.0697	20.7597
BLOCK06/SES067/SA067S29	SES183	-1.29435	19.4653	20.7597
BLOCK06/SES067/SA067S29	SES202	-0.727468	20.0322	20.7597
BLOCK06/SES069/SA069S12	SES029	-3.4508	17.8299	21.2807
BLOCK06/SES069/SA069S12	SES082	-1.39192	19.8888	21.2807
BLOCK06/SES069/SA069S12	SES087	-2.17318	19.1075	21.2807
BLOCK06/SES069/SA069S12	SES206	-1.22877	20.052	21.2807
BLOCK06/SES069/SA069S13	SES029	-3.74297	17.3046	21.0476
BLOCK06/SES069/SA069S13	SES087	-1.84721	19.2004	21.0476
BLOCK06/SES069/SA069S13	SES206	-1.62044	19.4271	21.0476
BLOCK06/SES069/SA069S13	SES226	-0.927628	20.1199	21.0476
BLOCK06/SES069/SA069S23	SES029	-1.31349	21.3866	22.7001
BLOCK06/SES069/SA069S23	SES087	-0.864313	21.8358	22.7001
BLOCK06/SES069/SA069S23	SES206	-1.30831	21.3918	22.7001
BLOCK06/SES069/SA069S23	SES226	-0.408978	22.2912	22.7001
BLOCK06/SES069/SA069S25	SES087	-1.32522	20.1998	21.5251
BLOCK06/SES069/SA069S25	SES206	-3.07595	18.4491	21.5251
BLOCK06/SES069/SA069S25	SES226	-0.834316	20.6907	21.5251
BLOCK06/SES069/SA069S25	SES270	-2.03525	19.4898	21.5251
BLOCK06/SES069/SA069S27	SES087	-2.69839	19.2153	21.9136
BLOCK06/SES069/SA069S27	SES206	-1.40712	20.5065	21.9136
BLOCK06/SES069/SA069S27	SES226	-0.384399	21.5292	21.9136
BLOCK06/SES069/SA069S27	SES270	-1.64934	20.2643	21.9136
BLOCK08/SES081/SA081S11	SES060	-2.49855	16.5242	19.0227
BLOCK08/SES081/SA081S11	SES062	-2.80713	16.2156	19.0227
BLOCK08/SES081/SA081S11	SES117	-2.8113	16.2114	19.0227
BLOCK08/SES081/SA081S11	SES162	-2.73905	16.2837	19.0227
BLOCK08/SES081/SA081S13	SES016	-2.05828	18.6115	20.6698
BLOCK08/SES081/SA081S13	SES060	-0.344053	20.3257	20.6698
BLOCK08/SES081/SA081S13	SES068	-1.21926	19.4505	20.6698
BLOCK08/SES081/SA081S13	SES129	-2.52963	18.1402	20.6698
BLOCK08/SES081/SA081S24	SES060	-1.43515	18.0847	19.5199
BLOCK08/SES081/SA081S24	SES068	-1.65378	17.8661	19.5199
BLOCK08/SES081/SA081S24	SES117	-2.62479	16.8951	19.5199
BLOCK08/SES081/SA081S24	SES275	-2.11323	17.4066	19.5199
BLOCK08/SES081/SA081S27	SES007	-1.3089	17.5634	18.8723
BLOCK08/SES081/SA081S27	SES060	-2.01072	16.8615	18.8723
BLOCK08/SES081/SA081S27	SES117	-1.31898	17.5533	18.8723
BLOCK08/SES081/SA081S27	SES275	-1.84624	17.026	18.8723
BLOCK08/SES081/SA081S29	SES007	-1.31996	18.8953	20.2152
BLOCK08/SES081/SA081S29	SES060	-1.1453	19.0699	20.2152
BLOCK08/SES081/SA081S29	SES117	-1.62775	18.5875	20.2152
BLOCK08/SES081/SA081S29	SES275	-2.10442	18.1108	20.2152
BLOCK08/SES086/SA086S11	SES029	-4.90992	13.5482	18.4581
BLOCK08/SES086/SA086S11	SES082	-2.20821	16.2499	18.4581
BLOCK08/SES086/SA086S11	SES087	-0.866571	17.5915	18.4581
BLOCK08/SES086/SA086S11	SES206	-3.07792	15.3802	18.4581
BLOCK08/SES086/SA086S12	SES029	-3.26615	16.6582	19.9244
BLOCK08/SES086/SA086S12	SES082	-2.37595	17.5484	19.9244
BLOCK08/SES086/SA086S12	SES087	-0.196293	19.7281	19.9244
BLOCK08/SES086/SA086S12	SES206	-2.05706	17.8673	19.9244
BLOCK08/SES086/SA086S20	SES029	-4.23815	16.9137	21.1518
BLOCK08/SES086/SA086S20	SES082	-3.07631	18.0755	21.1518
BLOCK08/SES086/SA086S20	SES087	-0.292337	20.8595	21.1518
BLOCK08/SES086/SA086S20	SES206	-1.29802	19.8538	21.1518
BLOCK08/SES086/SA086S24	SES087	-0.704107	19.168	19.8722
BLOCK08/SES086/SA086S24	SES104	-2.3908	17.4814	19.8722
BLOCK08/SES086/SA086S24	SES120	-3.30829	16.5639	19.8722
BLOCK08/SES086/SA086S24	SES206	-0.892263	18.9799	19.8722
BLOCK08/SES086/SA086S28	SES029	-3.18739	16.9979	20.1853
BLOCK08/SES086/SA086S28	SES082	-2.35129	17.834	20.1853
BLOCK08/SES086/SA086S28	SES087	-0.887491	19.2978	20.1853
BLOCK08/SES086/SA086S28	SES206	-1.54582	18.6395	20.1853
BLOCK08/SES089/SA089S13	SES087	-1.79893	17.349	19.1479
BLOCK08/SES089/SA089S13	SES206	-2.56278	16.5851	19.1479
BLOCK08/SES089/SA089S13	SES226	-1.46389	17.684	19.1479
BLOCK08/SES089/SA089S13	SES270	-2.98016	16.1678	19.1479
BLOCK08/SES089/SA089S14	SES062	-3.0589	16.4575	19.5164
BLOCK08/SES089/SA089S14	SES087	-1.28358	18.2329	19.5164
BLOCK08/SES089/SA089S14	SES206	-2.03367	17.4828	19.5164
BLOCK08/SES089/SA089S14	SES226	-1.96489	17.5515	19.5164
BLOCK08/SES089/SA089S23	SES087	-1.65128	16.0068	17.658
BLOCK08/SES089/SA089S23	SES206	-2.17131	15.4867	17.658
BLOCK08/SES089/SA089S23	SES226	-1.14592	16.5121	17.658
BLOCK08/SES089/SA089S23	SES270	-3.27831	14.3797	17.658
BLOCK08/SES089/SA089S25	SES062	-3.20392	16.6904	19.8943
BLOCK08/SES089/SA089S25	SES087	-0.953764	18.9405	19.8943
BLOCK08/SES089/SA089S25	SES206	-2.65189	17.2424	19.8943
BLOCK08/SES089/SA089S25	SES226	-1.40565	18.4886	19.8943
BLOCK08/SES089/SA089S28	SES062	-1.48454	18.0647	19.5493
BLOCK08/SES089/SA089S28	SES087	-0.494543	19.0547	19.5493
BLOCK08/SES089/SA089S28	SES206	-1.36422	18.1851	19.5493
BLOCK08/SES089/SA089S28	SES226	-0.876801	18.6725	19.5493
BLOCK09/SES097/SA097S11	SES099	-0.23452	19.2776	19.5121
BLOCK09/SES097/SA097S11	SES125	-2.37147	17.1406	19.5121
BLOCK09/SES097/SA097S11	SES206	-1.59587	17.9162	19.5121
BLOCK09/SES097/SA097S11	SES226	-0.629	18.8831	19.5121
BLOCK09/SES097/SA097S14	SES062	-2.75073	16.1462	18.8969
BLOCK09/SES097/SA097S14	SES099	-1.33598	17.5609	18.8969
BLOCK09/SES097/SA097S14	SES104	-1.89675	17.0001	18.8969
BLOCK09/SES097/SA097S14	SES206	-2.74542	16.1515	18.8969
BLOCK09/SES097/SA097S22	SES099	0.401224	20.2786	19.8774
BLOCK09/SES097/SA097S22	SES206	-1.59125	18.2861	19.8774
BLOCK09/SES097/SA097S22	SES226	-2.25441	17.623	19.8774
BLOCK09/SES097/SA097S22	SES270	-0.898951	18.9784	19.8774
BLOCK09/SES097/SA097S26	SES099	-1.09677	19.7218	20.8185
BLOCK09/SES097/SA097S26	SES120	-2.92308	17.8955	20.8185
BLOCK09/SES097/SA097S26	SES206	-1.91034	18.9082	20.8185
BLOCK09/SES097/SA097S26	SES226	-3.44632	17.3722	20.8185
BLOCK09/SES097/SA097S28	SES099	-1.11723	18.5703	19.6875
BLOCK09/SES097/SA097S28	SES120	-2.24885	17.4386	19.6875
BLOCK09/SES097/SA097S28	SES206	-2.66809	17.0194	19.6875
BLOCK09/SES097/SA097S28	SES226	-3.18346	16.504	19.6875
BLOCK09/SES098/SA098S11	SES127	-3.34898	14.6898	18.0388
BLOCK09/SES098/SA098S11	SES144	-2.88217	15.1566	18.0388
BLOCK09/SES098/SA098S11	SES147	-1.63645	16.4023	18.0388
BLOCK09/SES098/SA098S11	SES148	-3.92575	14.113	18.0388
BLOCK09/SES098/SA098S12	SES127	-5.25878	12.2694	17.5282
BLOCK09/SES098/SA098S12	SES144	-3.96165	13.5666	17.5282
BLOCK09/SES098/SA098S12	SES147	-1.8267	15.7015	17.5282
BLOCK09/SES098/SA098S12	SES189	-1.41943	16.1088	17.5282
BLOCK09/SES098/SA098S20	SES127	-5.22501	13.0651	18.2902
BLOCK09/SES098/SA098S20	SES147	-2.16405	16.1261	18.2902
BLOCK09/SES098/SA098S20	SES148	-6.08898	12.2012	18.2902
BLOCK09/SES098/SA098S20	SES292	-4.48851	13.8017	18.2902
BLOCK09/SES098/SA098S23	SES127	-2.44413	16.8707	19.3148
BLOCK09/SES098/SA098S23	SES147	-1.68594	17.6289	19.3148
BLOCK09/SES098/SA098S23	SES187	-1.45833	17.8565	19.3148
BLOCK09/SES098/SA098S23	SES292	-2.26996	17.0449	19.3148
BLOCK09/SES098/SA098S27	SES127	-3.86655	13.9619	17.8285
BLOCK09/SES098/SA098S27	SES147	-2.98646	14.842	17.8285
BLOCK09/SES098/SA098S27	SES148	-4.19154	13.6369	17.8285
BLOCK09/SES098/SA098S27	SES292	-2.46416	15.3643	17.8285
BLOCK10/SES102/SA102S13	SES101	-0.707411	16.9506	17.658
BLOCK10/SES102/SA102S13	SES105	-1.57044	16.0875	17.658
BLOCK10/SES102/SA102S13	SES120	-2.48369	15.1743	17.658
BLOCK10/SES102/SA102S13	SES158	-3.6662	13.9918	17.658
BLOCK10/SES102/SA102S14	SES007	-0.786625	19.1323	19.919
BLOCK10/SES102/SA102S14	SES101	0.0118713	19.9308	19.919
BLOCK10/SES102/SA102S14	SES105	-0.31691	19.602	19.919
BLOCK10/SES102/SA102S14	SES147	-3.06297	16.856	19.919
BLOCK10/SES102/SA102S22	SES007	-1.65179	17.7209	19.3727
BLOCK10/SES102/SA102S22	SES101	-0.221676	19.151	19.3727
BLOCK10/SES102/SA102S22	SES105	-0.961645	18.411	19.3727
BLOCK10/SES102/SA102S22	SES158	-3.02346	16.3492	19.3727
BLOCK10/SES102/SA102S25	SES007	-1.16309	19.198	20.3611
BLOCK10/SES102/SA102S25	SES101	-0.181713	20.1793	20.3611
BLOCK10/SES102/SA102S25	SES105	-1.16766	19.1934	20.3611
BLOCK10/SES102/SA102S25	SES147	-3.43225	16.9288	20.3611
BLOCK10/SES102/SA102S27	SES007	-1.61164	17.754	19.3657
BLOCK10/SES102/SA102S27	SES101	-0.267914	19.0978	19.3657
BLOCK10/SES102/SA102S27	SES105	-1.53927	17.8264	19.3657
BLOCK10/SES102/SA102S27	SES147	-2.89747	16.4682	19.3657
BLOCK10/SES103/SA103S14	SES105	-3.51198	14.4349	17.9469
BLOCK10/SES103/SA103S14	SES106	-1.65579	16.2911	17.9469
BLOCK10/SES103/SA103S14	SES120	-3.42399	14.5229	17.9469
BLOCK10/SES103/SA103S14	SES206	-3.22089	14.726	17.9469
BLOCK10/SES103/SA103S15	SES099	-1.97008	14.6506	16.6207
BLOCK10/SES103/SA103S15	SES101	-4.80709	11.8136	16.6207
BLOCK10/SES103/SA103S15	SES104	-2.81358	13.8071	16.6207
BLOCK10/SES103/SA103S15	SES125	-2.26198	14.3587	16.6207
BLOCK10/SES103/SA103S24	SES104	-2.99297	16.7839	19.7769
BLOCK10/SES103/SA103S24	SES125	-3.03336	16.7435	19.7769
BLOCK10/SES103/SA103S24	SES148	-3.96565	15.8112	19.7769
BLOCK10/SES103/SA103S24	SES158	-2.56276	17.2141	19.7769
BLOCK10/SES103/SA103S26	SES104	-3.68128	13.0365	16.7178
BLOCK10/SES103/SA103S26	SES106	-1.96777	14.75	16.7178
BLOCK10/SES103/SA103S26	SES125	-3.00853	13.7092	16.7178
BLOCK10/SES103/SA103S26	SES148	-4.86538	11.8524	16.7178
BLOCK10/SES103/SA103S28	SES104	-3.57898	12.9746	16.5535
BLOCK10/SES103/SA103S28	SES106	-2.11494	14.4386	16.5535
BLOCK10/SES103/SA103S28	SES125	-3.66018	12.8934	16.5535
BLOCK10/SES103/SA103S28	SES206	-4.32005	12.2335	16.5535
BLOCK12/SES121/SA121S12	SES042	-3.518	11.2306	14.7486
BLOCK12/SES121/SA121S12	SES087	-2.97464	11.774	14.7486
BLOCK12/SES121/SA121S12	SES105	-1.38611	13.3625	14.7486
BLOCK12/SES121/SA121S12	SES206	-2.79809	11.9506	14.7486
BLOCK12/SES121/SA121S14	SES007	-2.83155	12.7062	15.5378
BLOCK12/SES121/SA121S14	SES105	-2.23112	13.3066	15.5378
BLOCK12/SES121/SA121S14	SES106	-2.39062	13.1471	15.5378
BLOCK12/SES121/SA121S14	SES206	-2.90644	12.6313	15.5378
BLOCK12/SES121/SA121S23	SES105	-2.24334	12.4852	14.7285
BLOCK12/SES121/SA121S23	SES106	-1.54405	13.1845	14.7285
BLOCK12/SES121/SA121S23	SES120	-2.46688	12.2616	14.7285
BLOCK12/SES121/SA121S23	SES206	-2.56316	12.1654	14.7285
BLOCK12/SES121/SA121S25	SES007	-2.22278	11.4125	13.6353
BLOCK12/SES121/SA121S25	SES105	-2.59311	11.0421	13.6353
BLOCK12/SES121/SA121S25	SES106	-1.68107	11.9542	13.6353
BLOCK12/SES121/SA121S25	SES206	-3.97246	9.6628	13.6353
BLOCK12/SES121/SA121S27	SES087	-1.32273	14.0945	15.4172
BLOCK12/SES121/SA121S27	SES105	-3.54062	11.8766	15.4172
BLOCK12/SES121/SA121S27	SES120	-1.14517	14.272	15.4172
BLOCK12/SES121/SA121S27	SES206	-2.68257	12.7346	15.4172
BLOCK12/SES124/SA124S16	SES042	-1.13118	16.9502	18.0813
BLOCK12/SES124/SA124S16	SES082	-2.46018	15.6212	18.0813
BLOCK12/SES124/SA124S16	SES183	-2.44182	15.6395	18.0813
BLOCK12/SES124/SA124S16	SES206	-3.00363	15.0777	18.0813
BLOCK12/SES124/SA124S17	SES105	-3.02225	13.4934	16.5156
BLOCK12/SES124/SA124S17	SES149	-3.5038	13.0118	16.5156
BLOCK12/SES124/SA124S17	SES158	-3.07972	13.4359	16.5156
BLOCK12/SES124/SA124S17	SES275	-2.09626	14.4194	16.5156
BLOCK12/SES124/SA124S23	SES105	-3.05643	17.3199	20.3764
BLOCK12/SES124/SA124S23	SES125	-0.770628	19.6057	20.3764
BLOCK12/SES124/SA124S23	SES129	-3.56417	16.8122	20.3764
BLOCK12/SES124/SA124S23	SES158	-1.4142	18.9622	20.3764
BLOCK12/SES124/SA124S26	SES105	-4.04932	15.9635	20.0128
BLOCK12/SES124/SA124S26	SES125	-1.61204	18.4007	20.0128
BLOCK12/SES124/SA124S26	SES129	-3.78226	16.2305	20.0128
BLOCK12/SES124/SA124S26	SES158	-2.445	17.5678	20.0128
BLOCK12/SES124/SA124S28	SES104	-1.85951	17.6349	19.4944
BLOCK12/SES124/SA124S28	SES106	-1.50129	17.9932	19.4944
BLOCK12/SES124/SA124S28	SES125	-0.576834	18.9176	19.4944
BLOCK12/SES124/SA124S28	SES275	-2.89717	16.5973	19.4944
BLOCK12/SES126/SA126S13	SES007	-2.51641	15.3929	17.9093
BLOCK12/SES126/SA126S13	SES162	-2.82066	15.0887	17.9093
BLOCK12/SES126/SA126S13	SES177	-1.85661	16.0527	17.9093
BLOCK12/SES126/SA126S13	SES180	-2.80884	15.1005	17.9093
BLOCK12/SES126/SA126S14	SES144	-1.47982	18.9399	20.4197
BLOCK12/SES126/SA126S14	SES148	-2.12388	18.2958	20.4197
BLOCK12/SES126/SA126S14	SES177	-0.875532	19.5442	20.4197
BLOCK12/SES126/SA126S14	SES180	-2.52138	17.8983	20.4197
BLOCK12/SES126/SA126S20	SES007	-4.02573	14.2371	18.2628
BLOCK12/SES126/SA126S20	SES162	-3.74764	14.5152	18.2628
BLOCK12/SES126/SA126S20	SES172	-5.31469	12.9481	18.2628
BLOCK12/SES126/SA126S20	SES180	-4.04799	14.2148	18.2628
BLOCK12/SES126/SA126S24	SES120	-1.35272	19.2706	20.6233
BLOCK12/SES126/SA126S24	SES162	-2.18335	18.44	20.6233
BLOCK12/SES126/SA126S24	SES177	-1.03089	19.5924	20.6233
BLOCK12/SES126/SA126S24	SES180	-1.15637	19.4669	20.6233
BLOCK12/SES126/SA126S26	SES120	-1.08818	18.5492	19.6374
BLOCK12/SES126/SA126S26	SES177	-1.52211	18.1153	19.6374
BLOCK12/SES126/SA126S26	SES180	-1.79971	17.8377	19.6374
BLOCK12/SES126/SA126S26	SES202	-2.15601	17.4814	19.6374
BLOCK12/SES128/SA128S10	SES087	-3.27345	16.9256	20.199
BLOCK12/SES128/SA128S10	SES206	-2.14063	18.0584	20.199
BLOCK12/SES128/SA128S10	SES226	-1.4075	18.7915	20.199
BLOCK12/SES128/SA128S10	SES270	-1.3401	18.8589	20.199
BLOCK12/SES128/SA128S12	SES120	-2.18234	17.0012	19.1836
BLOCK12/SES128/SA128S12	SES158	-2.32368	16.8599	19.1836
BLOCK12/SES128/SA128S12	SES206	-1.68817	17.4954	19.1836
BLOCK12/SES128/SA128S12	SES226	-1.99766	17.1859	19.1836
BLOCK12/SES128/SA128S21	SES106	-3.88521	14.3924	18.2776
BLOCK12/SES128/SA128S21	SES120	-3.12281	15.1548	18.2776
BLOCK12/SES128/SA128S21	SES206	-2.77699	15.5006	18.2776
BLOCK12/SES128/SA128S21	SES226	-1.80237	16.4752	18.2776
BLOCK12/SES128/SA128S24	SES087	-2.59755	16.0888	18.6863
BLOCK12/SES128/SA128S24	SES120	-1.99191	16.6944	18.6863
BLOCK12/SES128/SA128S24	SES206	-1.94125	16.7451	18.6863
BLOCK12/SES128/SA128S24	SES226	-2.38821	16.2981	18.6863
BLOCK12/SES128/SA128S27	SES099	-1.69513	18.4268	20.1219
BLOCK12/SES128/SA128S27	SES120	-1.75146	18.3704	20.1219
BLOCK12/SES128/SA128S27	SES206	-1.65626	18.4656	20.1219
BLOCK12/SES128/SA128S27	SES226	-2.14579	17.9761	20.1219
BLOCK13/SES130/SA130S13	SES143	-1.90727	16.6727	18.58
BLOCK13/SES130/SA130S13	SES144	-0.470362	18.1096	18.58
BLOCK13/SES130/SA130S13	SES146	-1.48399	17.096	18.58
BLOCK13/SES130/SA130S13	SES275	-3.39459	15.1854	18.58
BLOCK13/SES130/SA130S15	SES143	-2.04077	18.0339	20.0747
BLOCK13/SES130/SA130S15	SES144	-0.118416	19.9563	20.0747
BLOCK13/SES130/SA130S15	SES146	-0.792833	19.2818	20.0747
BLOCK13/SES130/SA130S15	SES275	-1.59759	18.4771	20.0747
BLOCK13/SES130/SA130S23	SES127	-2.90613	15.0509	17.957
BLOCK13/SES130/SA130S23	SES144	-2.02521	15.9318	17.957
BLOCK13/SES130/SA130S23	SES146	-1.10245	16.8546	17.957
BLOCK13/SES130/SA130S23	SES162	-1.89513	16.0619	17.957
BLOCK13/SES130/SA130S25	SES127	-1.51501	18.4622	19.9772
BLOCK13/SES130/SA130S25	SES144	-1.1424	18.8348	19.9772
BLOCK13/SES130/SA130S25	SES146	-0.689241	19.2879	19.9772
BLOCK13/SES130/SA130S25	SES275	-1.11489	18.8623	19.9772
BLOCK13/SES130/SA130S28	SES127	-2.06178	17.4378	19.4996
BLOCK13/SES130/SA130S28	SES144	-1.74214	17.7575	19.4996
BLOCK13/SES130/SA130S28	SES146	-1.19885	18.3008	19.4996
BLOCK13/SES130/SA130S28	SES275	-1.29552	18.2041	19.4996
BLOCK13/SES131/SA131S13	SES002	-2.70506	13.4628	16.1679
BLOCK13/SES131/SA131S13	SES007	-3.24237	12.9255	16.1679
BLOCK13/SES131/SA131S13	SES099	-2.50338	13.6645	16.1679
BLOCK13/SES131/SA131S13	SES105	-2.7625	13.4054	16.1679
BLOCK13/SES131/SA131S14	SES104	-1.34409	16.1031	17.4471
BLOCK13/SES131/SA131S14	SES106	-2.07751	15.3696	17.4471
BLOCK13/SES131/SA131S14	SES125	-2.07323	15.3739	17.4471
BLOCK13/SES131/SA131S14	SES148	-1.57011	15.877	17.4471
BLOCK13/SES131/SA131S20	SES104	-3.4575	12.7652	16.2227
BLOCK13/SES131/SA131S20	SES106	-2.86142	13.3613	16.2227
BLOCK13/SES131/SA131S20	SES125	-4.4986	11.7241	16.2227
BLOCK13/SES131/SA131S20	SES148	-2.50568	13.717	16.2227
BLOCK13/SES131/SA131S22	SES099	-3.17942	14.7622	17.9417
BLOCK13/SES131/SA131S22	SES104	-3.02584	14.9158	17.9417
BLOCK13/SES131/SA131S22	SES125	-3.25732	14.6843	17.9417
BLOCK13/SES131/SA131S22	SES206	-3.48722	14.4544	17.9417
BLOCK13/SES131/SA131S29	SES087	-2.42727	14.3331	16.7603
BLOCK13/SES131/SA131S29	SES104	-4.05057	12.7097	16.7603
BLOCK13/SES131/SA131S29	SES125	-3.59442	13.1659	16.7603
BLOCK13/SES131/SA131S29	SES206	-3.49839	13.2619	16.7603
BLOCK13/SES132/SA132S11	SES083	-2.1102	18.4566	20.5667
BLOCK13/SES132/SA132S11	SES120	-0.70286	19.8639	20.5667
BLOCK13/SES132/SA132S11	SES127	-2.20297	18.3638	20.5667
BLOCK13/SES132/SA132S11	SES275	-1.70848	18.8583	20.5667
BLOCK13/SES132/SA132S12	SES083	-3.05553	16.5833	19.6388
BLOCK13/SES132/SA132S12	SES143	-1.79579	17.843	19.6388
BLOCK13/SES132/SA132S12	SES144	-1.54034	18.0985	19.6388
BLOCK13/SES132/SA132S12	SES148	-1.24328	18.3955	19.6388
BLOCK13/SES132/SA132S22	SES062	-1.31493	18.9184	20.2333
BLOCK13/SES132/SA132S22	SES083	-1.8264	18.4069	20.2333
BLOCK13/SES132/SA132S22	SES127	-1.5012	18.7321	20.2333
BLOCK13/SES132/SA132S22	SES275	-1.26094	18.9724	20.2333
BLOCK13/SES132/SA132S24	SES007	-1.4187	19.246	20.6647
BLOCK13/SES132/SA132S24	SES083	-2.24456	18.4202	20.6647
BLOCK13/SES132/SA132S24	SES127	-2.14139	18.5233	20.6647
BLOCK13/SES132/SA132S24	SES275	-1.40177	19.2629	20.6647
BLOCK13/SES132/SA132S27	SES083	-2.42628	17.1146	19.5408
BLOCK13/SES132/SA132S27	SES120	-0.291	19.2498	19.5408
BLOCK13/SES132/SA132S27	SES127	-2.53142	17.0094	19.5408
BLOCK13/SES132/SA132S27	SES275	-1.7699	17.771	19.5408
BLOCK14/SES141/SA141S09	SES143	-1.20968	18.5235	19.7332
BLOCK14/SES141/SA141S09	SES144	-0.947895	18.7853	19.7332
BLOCK14/SES141/SA141S09	SES162	-1.69899	18.0342	19.7332
BLOCK14/SES141/SA141S09	SES180	-1.35075	18.3824	19.7332
BLOCK14/SES141/SA141S15	SES127	-1.43401	18.1617	19.5957
BLOCK14/SES141/SA141S15	SES144	-1.56585	18.0298	19.5957
BLOCK14/SES141/SA141S15	SES162	-2.0513	17.5444	19.5957
BLOCK14/SES141/SA141S15	SES180	-1.54685	18.0488	19.5957
BLOCK14/SES141/SA141S24	SES127	-1.88977	18.3559	20.2457
BLOCK14/SES141/SA141S24	SES144	-2.14592	18.0997	20.2457
BLOCK14/SES141/SA141S24	SES162	-2.04478	18.2009	20.2457
BLOCK14/SES141/SA141S24	SES183	-2.27061	17.975	20.2457
BLOCK14/SES141/SA141S26	SES142	-1.09315	18.8247	19.9179
BLOCK14/SES141/SA141S26	SES144	-1.83021	18.0877	19.9179
BLOCK14/SES141/SA141S26	SES172	-0.969915	18.948	19.9179
BLOCK14/SES141/SA141S26	SES180	-1.29573	18.6222	19.9179
BLOCK14/SES141/SA141S29	SES127	-1.03147	19.0261	20.0576
BLOCK14/SES141/SA141S29	SES142	-0.616337	19.4412	20.0576
BLOCK14/SES141/SA141S29	SES144	-1.69017	18.3674	20.0576
BLOCK14/SES141/SA141S29	SES180	-1.18494	18.8726	20.0576
BLOCK15/SES157/SA157S08	SES083	-3.07671	16.6655	19.7422
BLOCK15/SES157/SA157S08	SES127	-1.97296	17.7692	19.7422
BLOCK15/SES157/SA157S08	SES148	-1.92178	17.8204	19.7422
BLOCK15/SES157/SA157S08	SES292	-2.58954	17.1527	19.7422
BLOCK15/SES157/SA157S11	SES083	-3.06676	16.6632	19.73
BLOCK15/SES157/SA157S11	SES127	-2.39884	17.3312	19.73
BLOCK15/SES157/SA157S11	SES148	-2.31488	17.4151	19.73
BLOCK15/SES157/SA157S11	SES292	-2.98174	16.7483	19.73
BLOCK15/SES157/SA157S21	SES127	-1.75837	18.5619	20.3203
BLOCK15/SES157/SA157S21	SES148	-0.888693	19.4316	20.3203
BLOCK15/SES157/SA157S21	SES158	-5.44593	14.8743	20.3203
BLOCK15/SES157/SA157S21	SES292	-2.11567	18.2046	20.3203
BLOCK15/SES157/SA157S24	SES127	-1.705	18.9463	20.6513
BLOCK15/SES157/SA157S24	SES148	-1.653	18.9983	20.6513
BLOCK15/SES157/SA157S24	SES183	-2.51653	18.1348	20.6513
BLOCK15/SES157/SA157S24	SES292	-2.71784	17.9335	20.6513
BLOCK15/SES157/SA157S26	SES007	-1.20427	18.6003	19.8046
BLOCK15/SES157/SA157S26	SES127	-1.60407	18.2005	19.8046
BLOCK15/SES157/SA157S26	SES147	-2.59372	17.2108	19.8046
BLOCK15/SES157/SA157S26	SES148	-1.4919	18.3127	19.8046
BLOCK16/SES161/SA161S10	SES007	-2.6006	14.4526	17.0532
BLOCK16/SES161/SA161S10	SES105	-1.96354	15.0897	17.0532
BLOCK16/SES161/SA161S10	SES158	-2.0211	15.0321	17.0532
BLOCK16/SES161/SA161S10	SES275	-1.66278	15.3904	17.0532
BLOCK16/SES161/SA161S12	SES007	-2.73248	14.4856	17.2181
BLOCK16/SES161/SA161S12	SES105	-3.43499	13.7831	17.2181
BLOCK16/SES161/SA161S12	SES158	-1.90659	15.3115	17.2181
BLOCK16/SES161/SA161S12	SES275	-1.78528	15.4328	17.2181
BLOCK16/SES161/SA161S20	SES007	-2.44751	14.1359	16.5834
BLOCK16/SES161/SA161S20	SES105	-3.38735	13.196	16.5834
BLOCK16/SES161/SA161S20	SES158	-1.70349	14.8799	16.5834
BLOCK16/SES161/SA161S20	SES275	-2.60514	13.9782	16.5834
BLOCK16/SES161/SA161S23	SES007	-2.93493	14.5394	17.4744
BLOCK16/SES161/SA161S23	SES105	-2.0594	15.415	17.4744
BLOCK16/SES161/SA161S23	SES148	-2.35298	15.1214	17.4744
BLOCK16/SES161/SA161S23	SES158	-2.36251	15.1118	17.4744
BLOCK16/SES161/SA161S28	SES007	-3.31915	15.0038	18.323
BLOCK16/SES161/SA161S28	SES105	-3.38721	14.9357	18.323
BLOCK16/SES161/SA161S28	SES158	-1.51101	16.8119	18.323
BLOCK16/SES161/SA161S28	SES206	-2.191	16.132	18.323
BLOCK16/SES164/SA164S11	SES104	-2.32234	18.2828	20.6052
BLOCK16/SES164/SA164S11	SES125	-2.00129	18.6039	20.6052
BLOCK16/SES164/SA164S11	SES158	-1.92463	18.6806	20.6052
BLOCK16/SES164/SA164S11	SES206	-3.01451	17.5907	20.6052
BLOCK16/SES164/SA164S13	SES099	-2.05375	17.3287	19.3825
BLOCK16/SES164/SA164S13	SES104	-2.67938	16.7031	19.3825
BLOCK16/SES164/SA164S13	SES125	-3.32782	16.0547	19.3825
BLOCK16/SES164/SA164S13	SES206	-2.41303	16.9695	19.3825
BLOCK16/SES164/SA164S24	SES002	-0.944204	19.0868	20.031
BLOCK16/SES164/SA164S24	SES099	-2.13483	17.8961	20.031
BLOCK16/SES164/SA164S24	SES125	-3.09231	16.9387	20.031
BLOCK16/SES164/SA164S24	SES226	-1.39155	18.6394	20.031
BLOCK16/SES164/SA164S27	SES087	-2.38437	17.2823	19.6667
BLOCK16/SES164/SA164S27	SES125	-2.97843	16.6882	19.6667
BLOCK16/SES164/SA164S27	SES206	-2.78834	16.8783	19.6667
BLOCK16/SES164/SA164S27	SES226	-2.12178	17.5449	19.6667
BLOCK16/SES164/SA164S29	SES002	-0.705906	18.6907	19.3966
BLOCK16/SES164/SA164S29	SES019	-2.43932	16.9573	19.3966
BLOCK16/SES164/SA164S29	SES125	-2.60282	16.7938	19.3966
BLOCK16/SES164/SA164S29	SES226	-2.77021	16.6264	19.3966
BLOCK16/SES169/SA169S13	SES117	-1.58762	17.1773	18.765
BLOCK16/SES169/SA169S13	SES144	-1.32596	17.439	18.765
BLOCK16/SES169/SA169S13	SES146	-1.22614	17.5388	18.765
BLOCK16/SES169/SA169S13	SES162	-1.28749	17.4775	18.765
BLOCK16/SES169/SA169S14	SES144	-2.38325	17.4731	19.8564
BLOCK16/SES169/SA169S14	SES148	-1.73175	18.1246	19.8564
BLOCK16/SES169/SA169S14	SES177	-1.63257	18.2238	19.8564
BLOCK16/SES169/SA169S14	SES180	-2.11959	17.7368	19.8564
BLOCK16/SES169/SA169S24	SES117	-1.67108	16.0217	17.6927
BLOCK16/SES169/SA169S24	SES144	-0.97945	16.7133	17.6927
BLOCK16/SES169/SA169S24	SES146	-1.05076	16.642	17.6927
BLOCK16/SES169/SA169S24	SES162	-1.14713	16.5456	17.6927
BLOCK16/SES169/SA169S27	SES127	-1.36697	17.2893	18.6562
BLOCK16/SES169/SA169S27	SES129	-1.8893	16.7669	18.6562
BLOCK16/SES169/SA169S27	SES144	-1.81931	16.8369	18.6562
BLOCK16/SES169/SA169S27	SES146	-0.469467	18.1868	18.6562
BLOCK16/SES169/SA169S29	SES144	-1.33765	18.1275	19.4652
BLOCK16/SES169/SA169S29	SES162	-0.869513	18.5957	19.4652
BLOCK16/SES169/SA169S29	SES177	-2.35464	17.1105	19.4652
BLOCK16/SES169/SA169S29	SES180	-1.47175	17.9934	19.4652
BLOCK17/SES171/SA171S12	SES083	-2.12072	16.7116	18.8323
BLOCK17/SES171/SA171S12	SES148	-2.63458	16.1977	18.8323
BLOCK17/SES171/SA171S12	SES172	-2.14489	16.6874	18.8323
BLOCK17/SES171/SA171S12	SES292	-2.76986	16.0625	18.8323
BLOCK17/SES171/SA171S15	SES148	-2.40922	15.1987	17.6079
BLOCK17/SES171/SA171S15	SES177	-1.6243	15.9836	17.6079
BLOCK17/SES171/SA171S15	SES180	-4.30215	13.3057	17.6079
BLOCK17/SES171/SA171S15	SES292	-4.02307	13.5848	17.6079
BLOCK17/SES171/SA171S22	SES007	-2.00433	17.7317	19.736
BLOCK17/SES171/SA171S22	SES148	-2.58049	17.1555	19.736
BLOCK17/SES171/SA171S22	SES177	-0.66115	19.0748	19.736
BLOCK17/SES171/SA171S22	SES180	-2.98641	16.7496	19.736
BLOCK17/SES171/SA171S25	SES101	-3.9103	14.925	18.8353
BLOCK17/SES171/SA171S25	SES120	-4.66859	14.1667	18.8353
BLOCK17/SES171/SA171S25	SES177	-2.20661	16.6287	18.8353
BLOCK17/SES171/SA171S25	SES180	-3.60215	15.2332	18.8353
BLOCK17/SES171/SA171S27	SES177	-1.55022	17.322	18.8722
BLOCK17/SES171/SA171S27	SES180	-3.01524	15.857	18.8722
BLOCK17/SES171/SA171S27	SES189	-1.40764	17.4646	18.8722
BLOCK17/SES171/SA171S27	SES292	-2.66905	16.2032	18.8722
BLOCK17/SES173/SA173S13	SES162	-3.97409	14.3715	18.3456
BLOCK17/SES173/SA173S13	SES177	-1.90174	16.4439	18.3456
BLOCK17/SES173/SA173S13	SES180	-3.22958	15.116	18.3456
BLOCK17/SES173/SA173S13	SES292	-1.40269	16.9429	18.3456
BLOCK17/SES173/SA173S14	SES007	-2.01582	14.974	16.9898
BLOCK17/SES173/SA173S14	SES162	-3.25929	13.7305	16.9898
BLOCK17/SES173/SA173S14	SES177	-1.74372	15.2461	16.9898
BLOCK17/SES173/SA173S14	SES180	-3.23775	13.7521	16.9898
BLOCK17/SES173/SA173S24	SES144	-2.44796	14.4775	16.9254
BLOCK17/SES173/SA173S24	SES162	-2.94917	13.9763	16.9254
BLOCK17/SES173/SA173S24	SES177	-1.55067	15.3748	16.9254
BLOCK17/SES173/SA173S24	SES180	-3.1033	13.8222	16.9254
BLOCK17/SES173/SA173S27	SES162	-4.09331	14.486	18.5793
BLOCK17/SES173/SA173S27	SES177	-2.13826	16.4411	18.5793
BLOCK17/SES173/SA173S27	SES180	-2.67869	15.9006	18.5793
BLOCK17/SES173/SA173S27	SES292	-1.47875	17.1006	18.5793
BLOCK17/SES173/SA173S29	SES162	-3.02557	14.9393	17.9648
BLOCK17/SES173/SA173S29	SES175	-1.82685	16.138	17.9648
BLOCK17/SES173/SA173S29	SES177	-1.52779	16.437	17.9648
BLOCK17/SES173/SA173S29	SES292	-3.04892	14.9159	17.9648
BLOCK18/SES182/SA182S10	SES144	-1.83815	16.9081	18.7463
BLOCK18/SES182/SA182S10	SES177	-1.75716	16.9891	18.7463
BLOCK18/SES182/SA182S10	SES180	-2.7542	15.992	18.7463
BLOCK18/SES182/SA182S10	SES275	-0.738865	18.0074	18.7463
BLOCK18/SES182/SA182S12	SES144	-1.27315	17.5808	18.854
BLOCK18/SES182/SA182S12	SES177	-1.58164	17.2723	18.854
BLOCK18/SES182/SA182S12	SES180	-1.86346	16.9905	18.854
BLOCK18/SES182/SA182S12	SES275	-1.31424	17.5398	18.854
BLOCK18/SES182/SA182S21	SES117	-1.77305	16.1995	17.9725
BLOCK18/SES182/SA182S21	SES144	-1.8987	16.0738	17.9725
BLOCK18/SES182/SA182S21	SES162	-1.16419	16.8083	17.9725
BLOCK18/SES182/SA182S21	SES180	-2.18535	15.7872	17.9725
BLOCK18/SES182/SA182S23	SES117	-1.34733	17.7133	19.0606
BLOCK18/SES182/SA182S23	SES144	-2.47036	16.5902	19.0606
BLOCK18/SES182/SA182S23	SES180	-2.40058	16.66	19.0606
BLOCK18/SES182/SA182S23	SES275	-0.771309	18.2893	19.0606
BLOCK18/SES182/SA182S25	SES007	-0.143436	18.7508	18.8942
BLOCK18/SES182/SA182S25	SES162	-1.26189	17.6323	18.8942
BLOCK18/SES182/SA182S25	SES177	-1.53487	17.3593	18.8942
BLOCK18/SES182/SA182S25	SES180	-1.69096	17.2032	18.8942
BLOCK18/SES184/SA184S12	SES177	-1.76834	18.1223	19.8907
BLOCK18/SES184/SA184S12	SES180	-1.95875	17.9319	19.8907
BLOCK18/SES184/SA184S12	SES189	-2.46878	17.4219	19.8907
BLOCK18/SES184/SA184S12	SES292	-1.51543	18.3752	19.8907
BLOCK18/SES184/SA184S13	SES101	-1.827	17.7285	19.5555
BLOCK18/SES184/SA184S13	SES177	-1.50034	18.0551	19.5555
BLOCK18/SES184/SA184S13	SES180	-1.89099	17.6645	19.5555
BLOCK18/SES184/SA184S13	SES292	-2.25597	17.2995	19.5555
BLOCK18/SES184/SA184S22	SES177	-2.15325	19.0223	21.1756
BLOCK18/SES184/SA184S22	SES180	-2.20148	18.9741	21.1756
BLOCK18/SES184/SA184S22	SES189	-2.85287	18.3227	21.1756
BLOCK18/SES184/SA184S22	SES292	-1.70845	19.4671	21.1756
BLOCK18/SES184/SA184S25	SES101	-1.44412	20.1532	21.5973
BLOCK18/SES184/SA184S25	SES177	-2.25593	19.3414	21.5973
BLOCK18/SES184/SA184S25	SES180	-1.75655	19.8408	21.5973
BLOCK18/SES184/SA184S25	SES292	-1.35139	20.2459	21.5973
BLOCK18/SES184/SA184S27	SES083	-1.39727	17.9175	19.3147
BLOCK18/SES184/SA184S27	SES177	-1.69114	17.6236	19.3147
BLOCK18/SES184/SA184S27	SES202	-1.98471	17.33	19.3147
BLOCK18/SES184/SA184S27	SES292	-1.93282	17.3819	19.3147
BLOCK20/SES204/SA204S12	SES062	-1.67102	18.9689	20.6399
BLOCK20/SES204/SA204S12	SES083	-3.75309	16.8868	20.6399
BLOCK20/SES204/SA204S12	SES206	-1.94867	18.6913	20.6399
BLOCK20/SES204/SA204S12	SES226	-3.42878	17.2112	20.6399
BLOCK20/SES204/SA204S14	SES068	-2.23293	19.6213	21.8542
BLOCK20/SES204/SA204S14	SES087	-1.14153	20.7127	21.8542
BLOCK20/SES204/SA204S14	SES206	-2.48473	19.3695	21.8542
BLOCK20/SES204/SA204S14	SES226	-3.13584	18.7184	21.8542
BLOCK20/SES204/SA204S22	SES068	-2.63874	18.1727	20.8114
BLOCK20/SES204/SA204S22	SES082	-4.06831	16.7431	20.8114
BLOCK20/SES204/SA204S22	SES083	-4.59602	16.2154	20.8114
BLOCK20/SES204/SA204S22	SES206	-2.57466	18.2368	20.8114
BLOCK20/SES204/SA204S25	SES062	-2.60128	18.3645	20.9657
BLOCK20/SES204/SA204S25	SES083	-3.60391	17.3618	20.9657
BLOCK20/SES204/SA204S25	SES206	-2.17282	18.7929	20.9657
BLOCK20/SES204/SA204S25	SES226	-3.36519	17.6006	20.9657
BLOCK20/SES204/SA204S27	SES068	-2.24947	17.7126	19.9621
BLOCK20/SES204/SA204S27	SES082	-3.71796	16.2441	19.9621
BLOCK20/SES204/SA204S27	SES087	-1.56999	18.3921	19.9621
BLOCK20/SES204/SA204S27	SES206	-1.88058	18.0815	19.9621
BLOCK20/SES207/SA207S10	SES127	-1.8775	16.6445	18.522
BLOCK20/SES207/SA207S10	SES183	-2.02122	16.5008	18.522
BLOCK20/SES207/SA207S10	SES189	-1.99891	16.5231	18.522
BLOCK20/SES207/SA207S10	SES292	-1.69147	16.8305	18.522
BLOCK20/SES207/SA207S11	SES127	-2.77771	15.4895	18.2672
BLOCK20/SES207/SA207S11	SES183	-2.14879	16.1184	18.2672
BLOCK20/SES207/SA207S11	SES187	-2.12311	16.1441	18.2672
BLOCK20/SES207/SA207S11	SES292	-1.71187	16.5554	18.2672
BLOCK20/SES207/SA207S25	SES068	-2.31844	16.6596	18.9781
BLOCK20/SES207/SA207S25	SES083	-2.20824	16.7698	18.9781
BLOCK20/SES207/SA207S25	SES127	-1.50394	17.4741	18.9781
BLOCK20/SES207/SA207S25	SES187	-1.3315	17.6465	18.9781
BLOCK20/SES207/SA207S27	SES127	-2.64116	14.8452	17.4864
BLOCK20/SES207/SA207S27	SES183	-1.59314	15.8933	17.4864
BLOCK20/SES207/SA207S27	SES187	-2.55366	14.9327	17.4864
BLOCK20/SES207/SA207S27	SES292	-2.60578	14.8806	17.4864
BLOCK20/SES207/SA207S29	SES083	-2.92599	16.4887	19.4146
BLOCK20/SES207/SA207S29	SES085	-1.69181	17.7228	19.4146
BLOCK20/SES207/SA207S29	SES172	-1.38294	18.0317	19.4146
BLOCK20/SES207/SA207S29	SES189	-2.80149	16.6131	19.4146
BLOCK22/SES221/SA221S12	SES068	-1.36252	18.7325	20.095
BLOCK22/SES221/SA221S12	SES143	-2.44643	17.6486	20.095
BLOCK22/SES221/SA221S12	SES175	-1.64639	18.4486	20.095
BLOCK22/SES221/SA221S12	SES202	-1.99556	18.0995	20.095
BLOCK22/SES221/SA221S15	SES085	-3.06558	15.2179	18.2835
BLOCK22/SES221/SA221S15	SES143	-3.32891	14.9545	18.2835
BLOCK22/SES221/SA221S15	SES175	-2.16946	16.114	18.2835
BLOCK22/SES221/SA221S15	SES187	-2.67174	15.6117	18.2835
BLOCK22/SES221/SA221S23	SES068	-2.73951	17.1605	19.9
BLOCK22/SES221/SA221S23	SES143	-3.02641	16.8736	19.9
BLOCK22/SES221/SA221S23	SES175	-1.45276	18.4473	19.9
BLOCK22/SES221/SA221S23	SES189	-0.260929	19.6391	19.9
BLOCK22/SES221/SA221S27	SES085	-3.39073	16.6972	20.088
BLOCK22/SES221/SA221S27	SES143	-2.1544	17.9336	20.088
BLOCK22/SES221/SA221S27	SES175	-1.94201	18.1459	20.088
BLOCK22/SES221/SA221S27	SES189	-0.0231133	20.0648	20.088
BLOCK22/SES221/SA221S29	SES085	-3.18088	15.2729	18.4538
BLOCK22/SES221/SA221S29	SES143	-3.6633	14.7905	18.4538
BLOCK22/SES221/SA221S29	SES175	-1.38195	17.0718	18.4538
BLOCK22/SES221/SA221S29	SES187	-1.31609	17.1377	18.4538
BLOCK22/SES223/SA223S11	SES143	-1.47248	16.874	18.3464
BLOCK22/SES223/SA223S11	SES144	-3.22582	15.1206	18.3464
BLOCK22/SES223/SA223S11	SES175	-1.25171	17.0947	18.3464
BLOCK22/SES223/SA223S11	SES187	-2.54274	15.8037	18.3464
BLOCK22/SES223/SA223S13	SES068	-3.09651	14.2802	17.3767
BLOCK22/SES223/SA223S13	SES143	-2.90198	14.4747	17.3767
BLOCK22/SES223/SA223S13	SES146	-3.25384	14.1228	17.3767
BLOCK22/SES223/SA223S13	SES202	-2.73869	14.638	17.3767
BLOCK22/SES223/SA223S22	SES143	-2.08554	16.7792	18.8647
BLOCK22/SES223/SA223S22	SES144	-3.73318	15.1315	18.8647
BLOCK22/SES223/SA223S22	SES175	-2.55231	16.3124	18.8647
BLOCK22/SES223/SA223S22	SES187	-2.48208	16.3826	18.8647
BLOCK22/SES223/SA223S25	SES068	-2.25551	17.2683	19.5238
BLOCK22/SES223/SA223S25	SES143	-2.04238	17.4814	19.5238
BLOCK22/SES223/SA223S25	SES175	-2.14301	17.3808	19.5238
BLOCK22/SES223/SA223S25	SES187	-2.13741	17.3864	19.5238
BLOCK22/SES223/SA223S27	SES143	-2.17532	15.8228	17.9981
BLOCK22/SES223/SA223S27	SES146	-2.24071	15.7574	17.9981
BLOCK22/SES223/SA223S27	SES187	-2.30125	15.6969	17.9981
BLOCK22/SES223/SA223S27	SES292	-3.57052	14.4276	17.9981
BLOCK27/SES273/SA273S12	SES099	-0.639036	21.9966	22.6356
BLOCK27/SES273/SA273S12	SES104	-1.90492	20.7307	22.6356
BLOCK27/SES273/SA273S12	SES125	-2.01168	20.6239	22.6356
BLOCK27/SES273/SA273S12	SES206	-0.992952	21.6426	22.6356
BLOCK27/SES273/SA273S13	SES099	-0.998697	22.0057	23.0044
BLOCK27/SES273/SA273S13	SES104	-2.10171	20.9027	23.0044
BLOCK27/SES273/SA273S13	SES206	-0.948252	22.0561	23.0044
BLOCK27/SES273/SA273S13	SES292	-2.58488	20.4195	23.0044
BLOCK27/SES273/SA273S21	SES099	-0.307037	22.1249	22.4319
BLOCK27/SES273/SA273S21	SES148	-3.62191	18.81	22.4319
BLOCK27/SES273/SA273S21	SES149	-2.13784	20.294	22.4319
BLOCK27/SES273/SA273S21	SES177	-2.7762	19.6557	22.4319
BLOCK27/SES273/SA273S25	SES104	-2.47496	19.2351	21.7101
BLOCK27/SES273/SA273S25	SES125	-1.90688	19.8032	21.7101
BLOCK27/SES273/SA273S25	SES158	-0.704632	21.0054	21.7101
BLOCK27/SES273/SA273S25	SES206	-0.304504	21.4056	21.7101
BLOCK27/SES273/SA273S27	SES099	-0.925512	20.3299	21.2554
BLOCK27/SES273/SA273S27	SES104	-2.00412	19.2513	21.2554
BLOCK27/SES273/SA273S27	SES149	-1.3553	19.9001	21.2554
BLOCK27/SES273/SA273S27	SES275	-2.18955	19.0658	21.2554
BLOCK27/SES274/SA274S10	SES105	-2.46206	18.1496	20.6117
BLOCK27/SES274/SA274S10	SES125	-3.05002	17.5616	20.6117
BLOCK27/SES274/SA274S10	SES129	-0.978823	19.6328	20.6117
BLOCK27/SES274/SA274S10	SES158	-3.89631	16.7154	20.6117
BLOCK27/SES274/SA274S11	SES105	-2.05409	18.4189	20.473
BLOCK27/SES274/SA274S11	SES149	-2.62442	17.8485	20.473
BLOCK27/SES274/SA274S11	SES158	-2.86123	17.6117	20.473
BLOCK27/SES274/SA274S11	SES275	-1.12261	19.3503	20.473
BLOCK27/SES274/SA274S21	SES105	-2.69152	18.1027	20.7942
BLOCK27/SES274/SA274S21	SES129	-1.27593	19.5183	20.7942
BLOCK27/SES274/SA274S21	SES149	-2.51107	18.2832	20.7942
BLOCK27/SES274/SA274S21	SES158	-4.72792	16.0663	20.7942
BLOCK27/SES274/SA274S24	SES105	-2.39805	19.4216	21.8197
BLOCK27/SES274/SA274S24	SES129	-0.929447	20.8902	21.8197
BLOCK27/SES274/SA274S24	SES149	-2.61718	19.2025	21.8197
BLOCK27/SES274/SA274S24	SES158	-4.58239	17.2373	21.8197
BLOCK27/SES274/SA274S29	SES105	-2.63415	16.9656	19.5997
BLOCK27/SES274/SA274S29	SES106	-4.20424	15.3955	19.5997
BLOCK27/SES274/SA274S29	SES120	-1.75097	17.8487	19.5997
BLOCK27/SES274/SA274S29	SES275	-1.60201	17.9977	19.5997
BLOCK27/SES276/SA276S16	SES148	-2.15549	17.5381	19.6936
BLOCK27/SES276/SA276S16	SES172	-1.50603	18.1875	19.6936
BLOCK27/SES276/SA276S16	SES180	-2.7938	16.8998	19.6936
BLOCK27/SES276/SA276S16	SES292	-1.90605	17.7875	19.6936
BLOCK27/SES276/SA276S17	SES101	-2.38523	17.4882	19.8734
BLOCK27/SES276/SA276S17	SES177	-2.45943	17.414	19.8734
BLOCK27/SES276/SA276S17	SES180	-2.05001	17.8234	19.8734
BLOCK27/SES276/SA276S17	SES292	-2.21917	17.6542	19.8734
BLOCK27/SES276/SA276S24	SES101	-1.63544	18.8946	20.5301
BLOCK27/SES276/SA276S24	SES177	-1.43733	19.0928	20.5301
BLOCK27/SES276/SA276S24	SES180	-1.93892	18.5912	20.5301
BLOCK27/SES276/SA276S24	SES292	-2.87504	17.655	20.5301
BLOCK27/SES276/SA276S26	SES101	-2.79915	18.404	21.2031
BLOCK27/SES276/SA276S26	SES177	-1.1392	20.0639	21.2031
BLOCK27/SES276/SA276S26	SES180	-0.504744	20.6984	21.2031
BLOCK27/SES276/SA276S26	SES292	-1.05198	20.1511	21.2031
BLOCK27/SES276/SA276S28	SES101	-2.1791	18.3616	20.5407
BLOCK27/SES276/SA276S28	SES177	-2.58504	17.9557	20.5407
BLOCK27/SES276/SA276S28	SES180	-1.09582	19.4449	20.5407
BLOCK27/SES276/SA276S28	SES292	-1.58249	18.9582	20.5407
BLOCK27/SES277/SA277S12	SES101	-1.98835	16.1871	18.1755
BLOCK27/SES277/SA277S12	SES177	-2.80862	15.3669	18.1755
BLOCK27/SES277/SA277S12	SES180	-3.14056	15.0349	18.1755
BLOCK27/SES277/SA277S12	SES292	-3.01118	15.1643	18.1755
BLOCK27/SES277/SA277S14	SES177	-1.629	16.0144	17.6434
BLOCK27/SES277/SA277S14	SES180	-3.18765	14.4557	17.6434
BLOCK27/SES277/SA277S14	SES189	-0.777782	16.8656	17.6434
BLOCK27/SES277/SA277S14	SES292	-3.68766	13.9557	17.6434
BLOCK27/SES277/SA277S21	SES177	-1.62177	17.2453	18.8671
BLOCK27/SES277/SA277S21	SES180	-3.20458	15.6625	18.8671
BLOCK27/SES277/SA277S21	SES189	-1.14782	17.7193	18.8671
BLOCK27/SES277/SA277S21	SES292	-3.87557	14.9915	18.8671
BLOCK27/SES277/SA277S24	SES144	-2.31378	15.2004	17.5142
BLOCK27/SES277/SA277S24	SES177	-2.32866	15.1855	17.5142
BLOCK27/SES277/SA277S24	SES180	-3.72013	13.7941	17.5142
BLOCK27/SES277/SA277S24	SES189	-1.02491	16.4893	17.5142
BLOCK27/SES277/SA277S29	SES177	-1.70022	18.9111	20.6113
BLOCK27/SES277/SA277S29	SES180	-2.78011	17.8312	20.6113
BLOCK27/SES277/SA277S29	SES202	-1.99806	18.6133	20.6113
BLOCK27/SES277/SA277S29	SES292	-2.57775	18.0336	20.6113
BLOCK27/SES279/SA279S09	SES120	-2.15523	17.9504	20.1056
BLOCK27/SES279/SA279S09	SES146	-2.4929	17.6127	20.1056
BLOCK27/SES279/SA279S09	SES206	-2.01328	18.0923	20.1056
BLOCK27/SES279/SA279S09	SES226	-3.697	16.4086	20.1056
BLOCK27/SES279/SA279S10	SES099	-1.16237	19.3177	20.4801
BLOCK27/SES279/SA279S10	SES206	-1.45058	19.0295	20.4801
BLOCK27/SES279/SA279S10	SES226	-2.5802	17.8999	20.4801
BLOCK27/SES279/SA279S10	SES292	-1.22207	19.258	20.4801
BLOCK27/SES279/SA279S20	SES099	-2.29623	18.2031	20.4994
BLOCK27/SES279/SA279S20	SES206	-1.54263	18.9567	20.4994
BLOCK27/SES279/SA279S20	SES226	-3.22395	17.2754	20.4994
BLOCK27/SES279/SA279S20	SES292	-1.08833	19.411	20.4994
BLOCK27/SES279/SA279S26	SES099	-1.52603	18.7407	20.2667
BLOCK27/SES279/SA279S26	SES206	-0.814882	19.4518	20.2667
BLOCK27/SES279/SA279S26	SES226	-2.65978	17.6069	20.2667
BLOCK27/SES279/SA279S26	SES292	-0.757128	19.5096	20.2667
BLOCK27/SES279/SA279S28	SES099	-1.91282	19.9222	21.835
BLOCK27/SES279/SA279S28	SES120	-1.63926	20.1958	21.835
BLOCK27/SES279/SA279S28	SES177	-2.2923	19.5427	21.835
BLOCK27/SES279/SA279S28	SES206	-1.80135	20.0337	21.835
BLOCK29/SES290/SA290S12	SES162	-2.19094	16.7126	18.9036
BLOCK29/SES290/SA290S12	SES177	-2.89164	16.0119	18.9036
BLOCK29/SES290/SA290S12	SES180	-3.50474	15.3988	18.9036
BLOCK29/SES290/SA290S12	SES292	-3.56243	15.3411	18.9036
BLOCK29/SES290/SA290S13	SES007	-1.86589	17.5696	19.4355
BLOCK29/SES290/SA290S13	SES162	-2.78877	16.6467	19.4355
BLOCK29/SES290/SA290S13	SES177	-2.15945	17.276	19.4355
BLOCK29/SES290/SA290S13	SES180	-2.38135	17.0541	19.4355
BLOCK29/SES290/SA290S22	SES177	-2.05545	16.7402	18.7957
BLOCK29/SES290/SA290S22	SES180	-2.14175	16.6539	18.7957
BLOCK29/SES290/SA290S22	SES202	-2.02465	16.771	18.7957
BLOCK29/SES290/SA290S22	SES292	-2.72134	16.0743	18.7957
BLOCK29/SES290/SA290S25	SES162	-2.84949	16.4748	19.3243
BLOCK29/SES290/SA290S25	SES177	-2.27161	17.0527	19.3243
BLOCK29/SES290/SA290S25	SES180	-2.18924	17.1351	19.3243
BLOCK29/SES290/SA290S25	SES292	-2.23229	17.092	19.3243
BLOCK29/SES290/SA290S29	SES177	-1.04865	18.1072	19.1559
BLOCK29/SES290/SA290S29	SES180	-1.19249	17.9634	19.1559
BLOCK29/SES290/SA290S29	SES275	-1.91907	17.2368	19.1559
BLOCK29/SES290/SA290S29	SES292	-1.44091	17.715	19.1559
BLOCK29/SES291/SA291S11	SES105	-3.59768	15.0539	18.6515
BLOCK29/SES291/SA291S11	SES125	-1.54476	17.1068	18.6515
BLOCK29/SES291/SA291S11	SES158	-1.63358	17.018	18.6515
BLOCK29/SES291/SA291S11	SES275	-3.14888	15.5027	18.6515
BLOCK29/SES291/SA291S12	SES158	0.118294	19.2124	19.0941
BLOCK29/SES291/SA291S12	SES226	-3.14145	15.9527	19.0941
BLOCK29/SES291/SA291S12	SES270	0.462982	19.5571	19.0941
BLOCK29/SES291/SA291S12	SES275	-4.37066	14.7235	19.0941
BLOCK29/SES291/SA291S22	SES082	-1.86389	18.0873	19.9512
BLOCK29/SES291/SA291S22	SES158	-2.01958	17.9317	19.9512
BLOCK29/SES291/SA291S22	SES259	-2.59078	17.3604	19.9512
BLOCK29/SES291/SA291S22	SES275	-3.67779	16.2734	19.9512
BLOCK29/SES291/SA291S24	SES104	-0.597504	20.7117	21.3092
BLOCK29/SES291/SA291S24	SES125	-1.36648	19.9428	21.3092
BLOCK29/SES291/SA291S24	SES158	-0.970173	20.3391	21.3092
BLOCK29/SES291/SA291S24	SES275	-3.92208	17.3872	21.3092
BLOCK29/SES291/SA291S27	SES158	-0.402565	20.4131	20.8157
BLOCK29/SES291/SA291S27	SES172	-4.97871	15.837	20.8157
BLOCK29/SES291/SA291S27	SES275	-4.25928	16.5564	20.8157
BLOCK29/SES291/SA291S27	SES292	-2.58057	18.2351	20.8157
