BLOCK00/SES002/SA002S12	SES002	2.06591	-57.9629	-60.0288
BLOCK00/SES002/SA002S13	SES002	2.38621	-58.0601	-60.4463
BLOCK00/SES002/SA002S23	SES002	2.37426	-57.3056	-59.6798
BLOCK00/SES002/SA002S26	SES002	2.71731	-56.8838	-59.6011
BLOCK00/SES002/SA002S28	SES002	2.06501	-59.0261	-61.0911
BLOCK00/SES007/SA007S14	SES007	1.47665	-58.529	-60.0056
BLOCK00/SES007/SA007S15	SES007	1.02198	-60.382	-61.404
BLOCK00/SES007/SA007S24	SES007	0.945168	-60.2993	-61.2445
BLOCK00/SES007/SA007S27	SES007	1.06215	-60.2922	-61.3544
BLOCK00/SES007/SA007S29	SES007	1.19992	-59.1716	-60.3716
BLOCK00/SES008/SA008S11	SES008	1.67523	-59.7849	-61.4601
BLOCK00/SES008/SA008S12	SES008	0.829376	-60.3256	-61.155
BLOCK00/SES008/SA008S19	SES008	2.64629	-58.4947	-61.141
BLOCK00/SES008/SA008S22	SES008	1.68602	-59.8468	-61.5329
BLOCK00/SES008/SA008S29	SES008	1.79931	-58.86	-60.6593
BLOCK01/SES014/SA014S10	SES014	2.66444	-58.8189	-61.4833
BLOCK01/SES014/SA014S12	SES014	3.69551	-55.6607	-59.3562
BLOCK01/SES014/SA014S24	SES014	2.11151	-57.9785	-60.09
BLOCK01/SES014/SA014S26	SES014	3.52405	-54.814	-58.3381
BLOCK01/SES014/SA014S28	SES014	3.78458	-55.7969	-59.5815
BLOCK01/SES016/SA016S12	SES016	1.11566	-62.2678	-63.3835
BLOCK01/SES016/SA016S13	SES016	1.77142	-60.4182	-62.1896
BLOCK01/SES016/SA016S22	SES016	0.672436	-61.5273	-62.1998
BLOCK01/SES016/SA016S25	SES016	1.93801	-58.1509	-60.089
BLOCK01/SES016/SA016S27	SES016	1.63955	-58.4029	-60.0424
BLOCK01/SES019/SA019S13	SES019	3.24265	-58.8767	-62.1194
BLOCK01/SES019/SA019S14	SES019	2.51014	-58.8779	-61.388
BLOCK01/SES019/SA019S22	SES019	3.15685	-58.4266	-61.5835
BLOCK01/SES019/SA019S25	SES019	3.07613	-58.6488	-61.725
BLOCK01/SES019/SA019S29	SES019	3.86796	-57.8937	-61.7617
BLOCK02/SES029/SA029S11	SES029	1.72431	-59.7379	-61.4622
BLOCK02/SES029/SA029S12	SES029	0.617489	-60.3514	-60.9689
BLOCK02/SES029/SA029S20	SES029	0.679768	-61.1493	-61.8291
BLOCK02/SES029/SA029S25	SES029	0.545616	-59.9226	-60.4682
BLOCK02/SES029/SA029S28	SES029	1.01247	-59.9039	-60.9164
BLOCK04/SES042/SA042S12	SES042	2.6945	-56.8192	-59.5137
BLOCK04/SES042/SA042S15	SES042	2.87558	-57.167	-60.0425
BLOCK04/SES042/SA042S22	SES042	3.85614	-54.5016	-58.3577
BLOCK04/SES042/SA042S25	SES042	2.57107	-57.9173	-60.4884
BLOCK04/SES042/SA042S27	SES042	2.57671	-56.1963	-58.773
BLOCK04/SES048/SA048S11	SES048	1.65388	-58.7237	-60.3776
BLOCK04/SES048/SA048S12	SES048	1.05128	-59.1418	-60.1931
BLOCK04/SES048/SA048S20	SES048	1.34131	-58.876	-60.2173
BLOCK04/SES048/SA048S23	SES048	1.69169	-59.6229	-61.3146
BLOCK04/SES048/SA048S27	SES048	1.47793	-58.0536	-59.5315
BLOCK06/SES060/SA060S11	SES060	1.90359	-59.7123	-61.6158
BLOCK06/SES060/SA060S12	SES060	-0.524818	-61.973	-61.4481
BLOCK06/SES060/SA060S22	SES060	0.432022	-61.9953	-62.4274
BLOCK06/SES060/SA060S24	SES060	1.24294	-59.6051	-60.8481
BLOCK06/SES060/SA060S28	SES060	1.22443	-57.4028	-58.6272
BLOCK06/SES062/SA062S10	SES062	1.67072	-58.9789	-60.6496
BLOCK06/SES062/SA062S11	SES062	2.23475	-59.0932	-61.328
BLOCK06/SES062/SA062S21	SES062	3.23055	-55.8051	-59.0356
BLOCK06/SES062/SA062S26	SES062	1.41886	-58.4293	-59.8481
BLOCK06/SES062/SA062S29	SES062	2.03923	-57.6103	-59.6495
BLOCK06/SES068/SA068S14	SES068	1.26524	-59.5341	-60.7993
BLOCK06/SES068/SA068S15	SES068	1.63995	-58.2467	-59.8867
BLOCK06/SES068/SA068S23	SES068	1.14146	-60.2566	-61.398
BLOCK06/SES068/SA068S27	SES068	2.14922	-58.5257	-60.6749
BLOCK06/SES068/SA068S29	SES068	1.24352	-59.1347	-60.3782
BLOCK08/SES082/SA082S12	SES082	1.38877	-59.7419	-61.1307
BLOCK08/SES082/SA082S14	SES082	0.946232	-60.4539	-61.4001
BLOCK08/SES082/SA082S21	SES082	0.937302	-60.0332	-60.9705
BLOCK08/SES082/SA082S24	SES082	1.2043	-59.1132	-60.3175
BLOCK08/SES082/SA082S28	SES082	0.761654	-59.824	-60.5856
BLOCK08/SES083/SA083S14	SES083	-0.072422	-60.5648	-60.4924
BLOCK08/SES083/SA083S15	SES083	0.788567	-59.4285	-60.2171
BLOCK08/SES083/SA083S24	SES083	0.503567	-60.1637	-60.6672
BLOCK08/SES083/SA083S26	SES083	0.92701	-59.9501	-60.8771
BLOCK08/SES083/SA083S29	SES083	0.282028	-60.1864	-60.4685
BLOCK08/SES085/SA085S10	SES085	0.871887	-59.8129	-60.6847
BLOCK08/SES085/SA085S13	SES085	1.29764	-60.18	-61.4776
BLOCK08/SES085/SA085S22	SES085	-3.2573	-64.3174	-61.0601
BLOCK08/SES085/SA085S26	SES085	0.319984	-60.5236	-60.8436
BLOCK08/SES085/SA085S28	SES085	1.29161	-59.6775	-60.9692
BLOCK08/SES087/SA087S15	SES087	2.513	-58.3597	-60.8727
BLOCK08/SES087/SA087S16	SES087	2.29987	-58.4227	-60.7225
BLOCK08/SES087/SA087S24	SES087	1.92921	-58.3345	-60.2637
BLOCK08/SES087/SA087S26	SES087	2.34243	-56.7918	-59.1342
BLOCK08/SES087/SA087S29	SES087	2.35171	-58.5248	-60.8765
BLOCK09/SES099/SA099S15	SES099	2.05128	-59.2482	-61.2995
BLOCK09/SES099/SA099S16	SES099	1.72794	-59.0315	-60.7595
BLOCK09/SES099/SA099S24	SES099	2.37085	-58.1744	-60.5452
BLOCK09/SES099/SA099S26	SES099	2.05998	-58.4976	-60.5576
BLOCK09/SES099/SA099S29	SES099	2.28645	-57.8538	-60.1402
BLOCK10/SES101/SA101S11	SES101	0.264626	-60.2913	-60.5559
BLOCK10/SES101/SA101S13	SES101	1.39191	-59.0528	-60.4447
BLOCK10/SES101/SA101S22	SES101	1.09442	-60.7107	-61.8051
BLOCK10/SES101/SA101S24	SES101	1.45424	-59.5521	-61.0063
BLOCK10/SES101/SA101S28	SES101	0.195602	-61.3815	-61.5771
BLOCK10/SES104/SA104S11	SES104	1.14843	-57.8564	-59.0048
BLOCK10/SES104/SA104S12	SES104	1.57651	-58.4119	-59.9885
BLOCK10/SES104/SA104S21	SES104	1.443	-58.9548	-60.3978
BLOCK10/SES104/SA104S24	SES104	1.09694	-58.9202	-60.0172
BLOCK10/SES104/SA104S28	SES104	1.47561	-58.3845	-59.8601
BLOCK10/SES105/SA105S12	SES105	0.87722	-60.9967	-61.8739
BLOCK10/SES105/SA105S13	SES105	1.24151	-60.4613	-61.7028
BLOCK10/SES105/SA105S22	SES105	1.06244	-61.2473	-62.3098
BLOCK10/SES105/SA105S26	SES105	1.53043	-60.3509	-61.8814
BLOCK10/SES105/SA105S29	SES105	0.865871	-60.5286	-61.3944
BLOCK10/SES106/SA106S09	SES106	1.86139	-59.9946	-61.856
BLOCK10/SES106/SA106S11	SES106	1.70037	-58.0308	-59.7312
BLOCK10/SES106/SA106S22	SES106	3.17228	-58.1653	-61.3376
BLOCK10/SES106/SA106S27	SES106	1.98994	-59.2703	-61.2602
BLOCK10/SES106/SA106S29	SES106	1.34637	-58.9519	-60.2982
BLOCK11/SES117/SA117S12	SES117	0.45882	-61.5233	-61.9821
BLOCK11/SES117/SA117S13	SES117	-0.090538	-60.8061	-60.7156
BLOCK11/SES117/SA117S23	SES117	1.77457	-62.2267	-64.0012
BLOCK11/SES117/SA117S25	SES117	1.48625	-61.017	-62.5033
BLOCK11/SES117/SA117S28	SES117	1.80319	-61.6306	-63.4338
BLOCK12/SES120/SA120S08	SES120	1.58774	-61.6885	-63.2763
BLOCK12/SES120/SA120S11	SES120	1.07638	-62.8657	-63.9421
BLOCK12/SES120/SA120S22	SES120	0.351318	-60.6526	-61.0039
BLOCK12/SES120/SA120S24	SES120	0.438736	-61.0564	-61.4951
BLOCK12/SES120/SA120S28	SES120	0.987381	-62.4092	-63.3966
BLOCK12/SES125/SA125S13	SES125	2.96383	-57.2502	-60.214
BLOCK12/SES125/SA125S14	SES125	1.72898	-58.7602	-60.4892
BLOCK12/SES125/SA125S25	SES125	2.52276	-57.7613	-60.284
BLOCK12/SES125/SA125S27	SES125	2.70781	-56.9839	-59.6917
BLOCK12/SES125/SA125S29	SES125	2.22306	-58.2039	-60.4269
BLOCK12/SES127/SA127S11	SES127	1.16663	-60.1246	-61.2912
BLOCK12/SES127/SA127S12	SES127	-0.255276	-60.4986	-60.2433
BLOCK12/SES127/SA127S23	SES127	0.753967	-60.2429	-60.9969
BLOCK12/SES127/SA127S25	SES127	0.306717	-61.097	-61.4037
BLOCK12/SES127/SA127S27	SES127	1.37221	-59.7379	-61.1101
BLOCK12/SES129/SA129S11	SES129	1.72848	-58.981	-60.7095
BLOCK12/SES129/SA129S12	SES129	1.64542	-58.955	-60.6004
BLOCK12/SES129/SA129S22	SES129	1.50706	-59.6276	-61.1347
BLOCK12/SES129/SA129S27	SES129	2.32843	-58.0752	-60.4036
BLOCK12/SES129/SA129S29	SES129	2.29403	-57.9181	-60.2121
BLOCK14/SES142/SA142S11	SES142	2.66518	-59.9831	-62.6483
BLOCK14/SES142/SA142S12	SES142	1.43789	-61.7201	-63.158
BLOCK14/SES142/SA142S24	SES142	2.55458	-59.7508	-62.3054
BLOCK14/SES142/SA142S27	SES142	2.81357	-59.4323	-62.2459
BLOCK14/SES142/SA142S29	SES142	3.6874	-58.2582	-61.9456
BLOCK14/SES143/SA143S12	SES143	0.992443	-61.1424	-62.1348
BLOCK14/SES143/SA143S13	SES143	1.03745	-61.071	-62.1085
BLOCK14/SES143/SA143S23	SES143	1.42205	-60.7166	-62.1386
BLOCK14/SES143/SA143S25	SES143	0.794846	-60.7507	-61.5456
BLOCK14/SES143/SA143S28	SES143	0.985176	-60.1872	-61.1724
BLOCK14/SES144/SA144S09	SES144	1.19143	-60.177	-61.3684
BLOCK14/SES144/SA144S11	SES144	1.31591	-60.9054	-62.2213
BLOCK14/SES144/SA144S21	SES144	0.6647	-61.0843	-61.749
BLOCK14/SES144/SA144S25	SES144	1.184	-60.8941	-62.0781
BLOCK14/SES144/SA144S29	SES144	0.251507	-60.5397	-60.7912
BLOCK14/SES146/SA146S14	SES146	1.13069	-60.9716	-62.1023
BLOCK14/SES146/SA146S15	SES146	0.661053	-61.1915	-61.8526
BLOCK14/SES146/SA146S24	SES146	0.898506	-60.9656	-61.8641
BLOCK14/SES146/SA146S26	SES146	1.0448	-61.1513	-62.1961
BLOCK14/SES146/SA146S29	SES146	0.816628	-61.6419	-62.4585
BLOCK14/SES147/SA147S11	SES147	2.50977	-60.9751	-63.4849
BLOCK14/SES147/SA147S13	SES147	3.31988	-59.2358	-62.5557
BLOCK14/SES147/SA147S23	SES147	2.26692	-60.8136	-63.0805
BLOCK14/SES147/SA147S26	SES147	2.16942	-61.0225	-63.1919
BLOCK14/SES147/SA147S28	SES147	2.58589	-59.7538	-62.3397
BLOCK14/SES148/SA148S10	SES148	1.39946	-59.8563	-61.2557
BLOCK14/SES148/SA148S12	SES148	0.537571	-61.0516	-61.5892
BLOCK14/SES148/SA148S22	SES148	1.67927	-58.6531	-60.3324
BLOCK14/SES148/SA148S26	SES148	1.00791	-59.6361	-60.644
BLOCK14/SES148/SA148S29	SES148	1.0223	-60.5005	-61.5228
BLOCK14/SES149/SA149S13	SES149	0.586071	-59.9909	-60.577
BLOCK14/SES149/SA149S14	SES149	0.774006	-59.7108	-60.4849
BLOCK14/SES149/SA149S24	SES149	1.77238	-59.1404	-60.9128
BLOCK14/SES149/SA149S26	SES149	2.63542	-58.294	-60.9294
BLOCK14/SES149/SA149S28	SES149	3.15526	-57.2868	-60.4421
BLOCK15/SES158/SA158S13	SES158	1.51721	-59.7569	-61.2741
BLOCK15/SES158/SA158S14	SES158	2.7152	-58.9624	-61.6776
BLOCK15/SES158/SA158S23	SES158	1.5886	-59.2811	-60.8697
BLOCK15/SES158/SA158S26	SES158	2.46447	-58.7534	-61.2179
BLOCK15/SES158/SA158S28	SES158	1.39362	-59.9002	-61.2938
BLOCK16/SES162/SA162S10	SES162	1.5015	-61.252	-62.7535
BLOCK16/SES162/SA162S11	SES162	1.54198	-59.9243	-61.4662
BLOCK16/SES162/SA162S21	SES162	2.2689	-59.6308	-61.8997
BLOCK16/SES162/SA162S24	SES162	1.49098	-60.2683	-61.7593
BLOCK16/SES162/SA162S27	SES162	1.90808	-60.477	-62.3851
BLOCK16/SES167/SA167S14	SES167	1.26111	-58.8085	-60.0696
BLOCK16/SES167/SA167S15	SES167	1.52803	-60.0773	-61.6053
BLOCK16/SES167/SA167S21	SES167	1.30208	-59.3826	-60.6847
BLOCK16/SES167/SA167S25	SES167	2.24969	-59.3086	-61.5583
BLOCK16/SES167/SA167S29	SES167	2.41351	-57.9066	-60.3201
BLOCK17/SES172/SA172S12	SES172	1.83137	-59.7358	-61.5671
BLOCK17/SES172/SA172S13	SES172	2.5145	-60.0298	-62.5443
BLOCK17/SES172/SA172S23	SES172	1.15376	-58.8748	-60.0286
BLOCK17/SES172/SA172S27	SES172	1.53088	-59.9813	-61.5122
BLOCK17/SES172/SA172S29	SES172	1.94599	-59.5184	-61.4644
BLOCK17/SES175/SA175S11	SES175	1.82363	-59.7429	-61.5665
BLOCK17/SES175/SA175S13	SES175	1.47881	-59.9252	-61.4041
BLOCK17/SES175/SA175S23	SES175	2.24518	-59.3637	-61.6089
BLOCK17/SES175/SA175S25	SES175	1.22562	-62.0598	-63.2854
BLOCK17/SES175/SA175S28	SES175	1.76991	-59.461	-61.2309
BLOCK17/SES177/SA177S15	SES177	0.112965	-60.9318	-61.0448
BLOCK17/SES177/SA177S17	SES177	0.688091	-60.1143	-60.8023
BLOCK17/SES177/SA177S23	SES177	0.299164	-60.9023	-61.2014
BLOCK17/SES177/SA177S26	SES177	0.939228	-58.6161	-59.5553
BLOCK17/SES177/SA177S28	SES177	1.18478	-58.8492	-60.034
BLOCK18/SES180/SA180S13	SES180	1.19892	-60.1463	-61.3453
BLOCK18/SES180/SA180S15	SES180	0.974644	-60.8587	-61.8334
BLOCK18/SES180/SA180S24	SES180	1.3487	-59.0809	-60.4296
BLOCK18/SES180/SA180S26	SES180	1.22816	-59.7019	-60.9301
BLOCK18/SES180/SA180S29	SES180	1.68808	-60.4617	-62.1498
BLOCK18/SES183/SA183S13	SES183	1.42534	-61.1932	-62.6186
BLOCK18/SES183/SA183S14	SES183	0.863941	-61.2053	-62.0692
BLOCK18/SES183/SA183S24	SES183	1.27735	-61.6647	-62.942
BLOCK18/SES183/SA183S27	SES183	1.5991	-60.3077	-61.9068
BLOCK18/SES183/SA183S29	SES183	1.39772	-60.0403	-61.438
BLOCK18/SES187/SA187S13	SES187	0.802475	-61.454	-62.2565
BLOCK18/SES187/SA187S14	SES187	1.05393	-61.163	-62.217
BLOCK18/SES187/SA187S24	SES187	1.94822	-60.1672	-62.1154
BLOCK18/SES187/SA187S27	SES187	1.49665	-60.3377	-61.8344
BLOCK18/SES187/SA187S29	SES187	1.16951	-60.7028	-61.8723
BLOCK18/SES189/SA189S10	SES189	2.6333	-62.327	-64.9603
BLOCK18/SES189/SA189S13	SES189	3.58406	-62.2541	-65.8381
BLOCK18/SES189/SA189S24	SES189	3.56994	-61.8587	-65.4286
BLOCK18/SES189/SA189S26	SES189	1.62279	-61.6654	-63.2882
BLOCK18/SES189/SA189S29	SES189	3.28392	-61.0684	-64.3523
BLOCK20/SES202/SA202S12	SES202	2.22523	-61.2048	-63.4301
BLOCK20/SES202/SA202S14	SES202	3.5793	-58.5199	-62.0992
BLOCK20/SES202/SA202S24	SES202	2.06698	-60.2067	-62.2737
BLOCK20/SES202/SA202S27	SES202	2.03176	-58.661	-60.6927
BLOCK20/SES202/SA202S29	SES202	2.77093	-58.2509	-61.0218
BLOCK20/SES206/SA206S15	SES206	0.459354	-59.1561	-59.6155
BLOCK20/SES206/SA206S17	SES206	2.48954	-56.9901	-59.4797
BLOCK20/SES206/SA206S24	SES206	1.83142	-57.4844	-59.3158
BLOCK20/SES206/SA206S27	SES206	1.89446	-58.0591	-59.9535
BLOCK20/SES206/SA206S29	SES206	1.83093	-56.9441	-58.775
BLOCK22/SES226/SA226S12	SES226	1.54958	-59.3511	-60.9007
BLOCK22/SES226/SA226S13	SES226	-0.228165	-60.4947	-60.2665
BLOCK22/SES226/SA226S20	SES226	1.26618	-59.4833	-60.7495
BLOCK22/SES226/SA226S23	SES226	1.8029	-58.7909	-60.5938
BLOCK22/SES226/SA226S28	SES226	1.89425	-58.5842	-60.4785
BLOCK25/SES259/SA259S13	SES259	3.53064	-57.2682	-60.7988
BLOCK25/SES259/SA259S14	SES259	2.60938	-57.8962	-60.5056
BLOCK25/SES259/SA259S22	SES259	2.29583	-58.066	-60.3618
BLOCK25/SES259/SA259S24	SES259	2.73364	-56.7641	-59.4978
BLOCK25/SES259/SA259S28	SES259	2.26345	-57.5847	-59.8482
BLOCK27/SES270/SA270S14	SES270	2.57171	-59.2353	-61.807
BLOCK27/SES270/SA270S16	SES270	1.38847	-59.4502	-60.8387
BLOCK27/SES270/SA270S22	SES270	3.07157	-58.4472	-61.5188
BLOCK27/SES270/SA270S26	SES270	2.13795	-59.6077	-61.7456
BLOCK27/SES270/SA270S28	SES270	1.41743	-58.8606	-60.278
BLOCK27/SES275/SA275S17	SES275	1.37989	-60.6461	-62.026
BLOCK27/SES275/SA275S18	SES275	0.801945	-60.9017	-61.7036
BLOCK27/SES275/SA275S24	SES275	1.09494	-61.6089	-62.7039
BLOCK27/SES275/SA275S26	SES275	1.53199	-59.8069	-61.3389
BLOCK27/SES275/SA275S28	SES275	0.760014	-60.2709	-61.031
BLOCK29/SES292/SA292S10	SES292	0.960972	-60.4975	-61.4585
BLOCK29/SES292/SA292S12	SES292	0.684681	-61.6155	-62.3002
BLOCK29/SES292/SA292S22	SES292	1.77992	-59.5703	-61.3502
BLOCK29/SES292/SA292S24	SES292	0.616409	-60.4186	-61.035
BLOCK29/SES292/SA292S27	SES292	0.631561	-60.0373	-60.6689
BLOCK00/SES001/SA001S14	SES062	-1.0714	-63.3424	-62.271
BLOCK00/SES001/SA001S14	SES082	-1.70657	-63.9776	-62.271
BLOCK00/SES001/SA001S14	SES106	-3.8909	-66.1619	-62.271
BLOCK00/SES001/SA001S14	SES206	-4.27592	-66.547	-62.271
BLOCK00/SES001/SA001S15	SES062	-1.82918	-62.5406	-60.7115
BLOCK00/SES001/SA001S15	SES104	-3.9276	-64.6391	-60.7115
BLOCK00/SES001/SA001S15	SES106	-3.66628	-64.3777	-60.7115
BLOCK00/SES001/SA001S15	SES206	-4.3075	-65.019	-60.7115
BLOCK00/SES001/SA001S24	SES062	-2.91685	-65.4135	-62.4966
BLOCK00/SES001/SA001S24	SES082	-2.23095	-64.7276	-62.4966
BLOCK00/SES001/SA001S24	SES087	-4.23058	-66.7272	-62.4966
BLOCK00/SES001/SA001S24	SES206	-3.3072	-65.8038	-62.4966
BLOCK00/SES001/SA001S27	SES062	-1.99053	-62.4109	-60.4203
BLOCK00/SES001/SA001S27	SES082	-2.61848	-63.0388	-60.4203
BLOCK00/SES001/SA001S27	SES087	-3.44346	-63.8638	-60.4203
BLOCK00/SES001/SA001S27	SES206	-3.17274	-63.5931	-60.4203
BLOCK00/SES001/SA001S29	SES062	-1.91626	-64.1643	-62.248
BLOCK00/SES001/SA001S29	SES082	-2.17114	-64.4191	-62.248
BLOCK00/SES001/SA001S29	SES158	-1.53447	-63.7825	-62.248
BLOCK00/SES001/SA001S29	SES206	-5.00953	-67.2575	-62.248
BLOCK00/SES003/SA003S11	SES002	-1.67014	-62.6915	-61.0213
BLOCK00/SES003/SA003S11	SES019	-1.22283	-62.2441	-61.0213
BLOCK00/SES003/SA003S11	SES082	-0.0831833	-61.1045	-61.0213
BLOCK00/SES003/SA003S11	SES125	-1.39117	-62.4125	-61.0213
BLOCK00/SES003/SA003S15	SES016	-3.69178	-64.1687	-60.4769
BLOCK00/SES003/SA003S15	SES019	-1.62183	-62.0987	-60.4769
BLOCK00/SES003/SA003S15	SES062	-2.5909	-63.0678	-60.4769
BLOCK00/SES003/SA003S15	SES206	-1.09474	-61.5716	-60.4769
BLOCK00/SES003/SA003S22	SES002	-2.81598	-63.6864	-60.8704
BLOCK00/SES003/SA003S22	SES062	-1.94415	-62.8145	-60.8704
BLOCK00/SES003/SA003S22	SES082	-0.746876	-61.6173	-60.8704
BLOCK00/SES003/SA003S22	SES087	-2.42311	-63.2935	-60.8704
BLOCK00/SES003/SA003S25	SES062	-3.06256	-64.7676	-61.705
BLOCK00/SES003/SA003S25	SES082	-0.231705	-61.9367	-61.705
BLOCK00/SES003/SA003S25	SES087	-1.98056	-63.6856	-61.705
BLOCK00/SES003/SA003S25	SES206	-2.40086	-64.1059	-61.705
BLOCK00/SES003/SA003S29	SES002	-2.38632	-63.6035	-61.2172
BLOCK00/SES003/SA003S29	SES062	-2.29495	-63.5122	-61.2172
BLOCK00/SES003/SA003S29	SES082	-0.5093	-61.7265	-61.2172
BLOCK00/SES003/SA003S29	SES087	-2.20289	-63.4201	-61.2172
BLOCK00/SES004/SA004S12	SES083	-1.21401	-63.6569	-62.4429
BLOCK00/SES004/SA004S12	SES148	-1.52531	-63.9682	-62.4429
BLOCK00/SES004/SA004S12	SES172	-1.55107	-63.994	-62.4429
BLOCK00/SES004/SA004S12	SES292	-2.2946	-64.7375	-62.4429
BLOCK00/SES004/SA004S17	SES083	-1.212	-63.8022	-62.5902
BLOCK00/SES004/SA004S17	SES162	-0.901546	-63.4918	-62.5902
BLOCK00/SES004/SA004S17	SES172	-1.68183	-64.2721	-62.5902
BLOCK00/SES004/SA004S17	SES292	-2.04433	-64.6346	-62.5902
BLOCK00/SES004/SA004S24	SES083	-1.49103	-63.7067	-62.2157
BLOCK00/SES004/SA004S24	SES148	-1.75479	-63.9704	-62.2157
BLOCK00/SES004/SA004S24	SES172	-0.960949	-63.1766	-62.2157
BLOCK00/SES004/SA004S24	SES292	-1.12695	-63.3426	-62.2157
BLOCK00/SES004/SA004S26	SES083	-0.646248	-62.359	-61.7127
BLOCK00/SES004/SA004S26	SES127	-1.20329	-62.916	-61.7127
BLOCK00/SES004/SA004S26	SES148	-2.29707	-64.0098	-61.7127
BLOCK00/SES004/SA004S26	SES292	-1.48818	-63.2009	-61.7127
BLOCK00/SES004/SA004S28	SES083	-1.12147	-62.3796	-61.2582
BLOCK00/SES004/SA004S28	SES127	-1.41795	-62.6761	-61.2582
BLOCK00/SES004/SA004S28	SES187	-1.3175	-62.5757	-61.2582
BLOCK00/SES004/SA004S28	SES292	-2.59182	-63.85	-61.2582
BLOCK00/SES006/SA006S10	SES014	-3.22564	-65.9649	-62.7392
BLOCK00/SES006/SA006S10	SES158	-1.09845	-63.8377	-62.7392
BLOCK00/SES006/SA006S10	SES226	-3.38432	-66.1235	-62.7392
BLOCK00/SES006/SA006S10	SES270	-0.599617	-63.3388	-62.7392
BLOCK00/SES006/SA006S11	SES158	-0.905964	-63.8656	-62.9596
BLOCK00/SES006/SA006S11	SES226	-2.44849	-65.4081	-62.9596
BLOCK00/SES006/SA006S11	SES270	-0.261345	-63.2209	-62.9596
BLOCK00/SES006/SA006S11	SES275	-3.48144	-66.441	-62.9596
BLOCK00/SES006/SA006S23	SES062	-2.1157	-63.3444	-61.2287
BLOCK00/SES006/SA006S23	SES105	-2.42085	-63.6496	-61.2287
BLOCK00/SES006/SA006S23	SES158	-0.961121	-62.1898	-61.2287
BLOCK00/SES006/SA006S23	SES275	-2.02269	-63.2514	-61.2287
BLOCK00/SES006/SA006S26	SES104	-2.16459	-63.7587	-61.5941
BLOCK00/SES006/SA006S26	SES158	-0.248753	-61.8428	-61.5941
BLOCK00/SES006/SA006S26	SES270	-0.162418	-61.7565	-61.5941
BLOCK00/SES006/SA006S26	SES275	-2.91566	-64.5097	-61.5941
BLOCK00/SES006/SA006S28	SES007	-2.9578	-65.7967	-62.8389
BLOCK00/SES006/SA006S28	SES105	-2.34753	-65.1864	-62.8389
BLOCK00/SES006/SA006S28	SES158	-1.19561	-64.0345	-62.8389
BLOCK00/SES006/SA006S28	SES275	-3.22823	-66.0671	-62.8389
BLOCK00/SES009/SA009S12	SES083	-1.54027	-62.4377	-60.8975
BLOCK00/SES009/SA009S12	SES148	-1.53397	-62.4314	-60.8975
BLOCK00/SES009/SA009S12	SES177	-2.18234	-63.0798	-60.8975
BLOCK00/SES009/SA009S12	SES292	-0.586887	-61.4843	-60.8975
BLOCK00/SES009/SA009S15	SES007	0.435516	-59.4774	-59.9129
BLOCK00/SES009/SA009S15	SES099	-10.2999	-70.2128	-59.9129
BLOCK00/SES009/SA009S15	SES148	-1.85153	-61.7645	-59.9129
BLOCK00/SES009/SA009S15	SES172	-1.74214	-61.6551	-59.9129
BLOCK00/SES009/SA009S24	SES146	-0.821545	-61.4277	-60.6061
BLOCK00/SES009/SA009S24	SES148	-1.72123	-62.3273	-60.6061
BLOCK00/SES009/SA009S24	SES177	-1.75337	-62.3595	-60.6061
BLOCK00/SES009/SA009S24	SES292	-0.723324	-61.3294	-60.6061
BLOCK00/SES009/SA009S26	SES083	-1.78919	-62.7241	-60.9349
BLOCK00/SES009/SA009S26	SES101	-1.78104	-62.7159	-60.9349
BLOCK00/SES009/SA009S26	SES120	-1.26876	-62.2036	-60.9349
BLOCK00/SES009/SA009S26	SES177	-2.15048	-63.0854	-60.9349
BLOCK00/SES009/SA009S29	SES083	-1.31322	-61.6121	-60.2989
BLOCK00/SES009/SA009S29	SES101	-1.48174	-61.7806	-60.2989
BLOCK00/SES009/SA009S29	SES177	-1.74541	-62.0443	-60.2989
BLOCK00/SES009/SA009S29	SES292	-0.679642	-60.9786	-60.2989
BLOCK01/SES011/SA011S10	SES019	-1.06306	-61.3601	-60.297
BLOCK01/SES011/SA011S10	SES042	-0.596252	-60.8933	-60.297
BLOCK01/SES011/SA011S10	SES082	-1.67175	-61.9687	-60.297
BLOCK01/SES011/SA011S10	SES206	-0.83416	-61.1312	-60.297
BLOCK01/SES011/SA011S11	SES019	-0.475128	-61.786	-61.3109
BLOCK01/SES011/SA011S11	SES042	-0.903694	-62.2146	-61.3109
BLOCK01/SES011/SA011S11	SES082	-0.960655	-62.2716	-61.3109
BLOCK01/SES011/SA011S11	SES206	-0.588169	-61.8991	-61.3109
BLOCK01/SES011/SA011S22	SES019	-0.332863	-61.7129	-61.3801
BLOCK01/SES011/SA011S22	SES042	-0.873863	-62.2539	-61.3801
BLOCK01/SES011/SA011S22	SES082	-0.831264	-62.2113	-61.3801
BLOCK01/SES011/SA011S22	SES206	-0.952988	-62.3331	-61.3801
BLOCK01/SES011/SA011S24	SES019	-0.677383	-60.8671	-60.1898
BLOCK01/SES011/SA011S24	SES042	-0.663376	-60.8531	-60.1898
BLOCK01/SES011/SA011S24	SES104	-1.0207	-61.2105	-60.1898
BLOCK01/SES011/SA011S24	SES206	-0.335781	-60.5255	-60.1898
BLOCK01/SES011/SA011S27	SES082	0.103985	-60.4543	-60.5583
BLOCK01/SES011/SA011S27	SES087	-1.13696	-61.6953	-60.5583
BLOCK01/SES011/SA011S27	SES125	-0.547375	-61.1057	-60.5583
BLOCK01/SES011/SA011S27	SES206	-0.364994	-60.9233	-60.5583
BLOCK01/SES012/SA012S11	SES007	-2.65588	-61.6426	-58.9867
BLOCK01/SES012/SA012S11	SES082	-1.20311	-60.1898	-58.9867
BLOCK01/SES012/SA012S11	SES083	-2.66138	-61.6481	-58.9867
BLOCK01/SES012/SA012S11	SES206	-0.0242996	-59.011	-58.9867
BLOCK01/SES012/SA012S14	SES082	-0.68858	-60.6633	-59.9747
BLOCK01/SES012/SA012S14	SES087	-1.8617	-61.8364	-59.9747
BLOCK01/SES012/SA012S14	SES206	-0.538979	-60.5137	-59.9747
BLOCK01/SES012/SA012S14	SES292	-4.11576	-64.0905	-59.9747
BLOCK01/SES012/SA012S24	SES082	0.567997	-60.1924	-60.7604
BLOCK01/SES012/SA012S24	SES087	-0.671268	-61.4317	-60.7604
BLOCK01/SES012/SA012S24	SES120	-4.0635	-64.8239	-60.7604
BLOCK01/SES012/SA012S24	SES206	0.240952	-60.5194	-60.7604
BLOCK01/SES012/SA012S26	SES019	-1.97979	-61.344	-59.3642
BLOCK01/SES012/SA012S26	SES082	-1.79802	-61.1622	-59.3642
BLOCK01/SES012/SA012S26	SES206	-0.42551	-59.7897	-59.3642
BLOCK01/SES012/SA012S26	SES292	-3.93061	-63.2948	-59.3642
BLOCK01/SES012/SA012S29	SES062	-2.66231	-62.0044	-59.3421
BLOCK01/SES012/SA012S29	SES082	-0.87476	-60.2168	-59.3421
BLOCK01/SES012/SA012S29	SES083	-2.61969	-61.9617	-59.3421
BLOCK01/SES012/SA012S29	SES206	-0.300842	-59.6429	-59.3421
BLOCK01/SES013/SA013S16	SES062	-3.62523	-64.0573	-60.4321
BLOCK01/SES013/SA013S16	SES106	-0.793655	-61.2258	-60.4321
BLOCK01/SES013/SA013S16	SES206	-0.988235	-61.4203	-60.4321
BLOCK01/SES013/SA013S16	SES226	-0.289799	-60.7219	-60.4321
BLOCK01/SES013/SA013S17	SES062	-3.53827	-62.971	-59.4327
BLOCK01/SES013/SA013S17	SES106	-0.946301	-60.379	-59.4327
BLOCK01/SES013/SA013S17	SES206	-0.159672	-59.5924	-59.4327
BLOCK01/SES013/SA013S17	SES226	0.096077	-59.3366	-59.4327
BLOCK01/SES013/SA013S23	SES104	-1.20243	-61.5651	-60.3626
BLOCK01/SES013/SA013S23	SES106	-0.781601	-61.1442	-60.3626
BLOCK01/SES013/SA013S23	SES206	-1.09318	-61.4558	-60.3626
BLOCK01/SES013/SA013S23	SES270	0.0263062	-60.3363	-60.3626
BLOCK01/SES013/SA013S25	SES042	-1.35461	-60.8749	-59.5202
BLOCK01/SES013/SA013S25	SES104	-1.32953	-60.8498	-59.5202
BLOCK01/SES013/SA013S25	SES106	-0.738853	-60.2591	-59.5202
BLOCK01/SES013/SA013S25	SES206	-0.867737	-60.388	-59.5202
BLOCK01/SES013/SA013S29	SES062	-3.87664	-63.8804	-60.0037
BLOCK01/SES013/SA013S29	SES104	-1.32614	-61.3299	-60.0037
BLOCK01/SES013/SA013S29	SES106	-0.313519	-60.3172	-60.0037
BLOCK01/SES013/SA013S29	SES206	-1.00767	-61.0114	-60.0037
BLOCK02/SES021/SA021S13	SES016	-3.36889	-63.2767	-59.9078
BLOCK02/SES021/SA021S13	SES029	-3.03149	-62.9393	-59.9078
BLOCK02/SES021/SA021S13	SES087	-1.47163	-61.3795	-59.9078
BLOCK02/SES021/SA021S13	SES206	-0.754459	-60.6623	-59.9078
BLOCK02/SES021/SA021S15	SES087	-0.903027	-59.5066	-58.6036
BLOCK02/SES021/SA021S15	SES125	-0.20134	-58.8049	-58.6036
BLOCK02/SES021/SA021S15	SES206	-0.188419	-58.792	-58.6036
BLOCK02/SES021/SA021S15	SES226	-0.547985	-59.1516	-58.6036
BLOCK02/SES021/SA021S23	SES062	-3.42922	-64.3731	-60.9439
BLOCK02/SES021/SA021S23	SES087	-1.7846	-62.7285	-60.9439
BLOCK02/SES021/SA021S23	SES206	-1.46221	-62.4061	-60.9439
BLOCK02/SES021/SA021S23	SES226	-0.402748	-61.3466	-60.9439
BLOCK02/SES021/SA021S27	SES002	-2.13664	-61.7893	-59.6526
BLOCK02/SES021/SA021S27	SES016	-3.97138	-63.624	-59.6526
BLOCK02/SES021/SA021S27	SES019	-1.83856	-61.4912	-59.6526
BLOCK02/SES021/SA021S27	SES062	-1.79535	-61.448	-59.6526
BLOCK02/SES021/SA021S29	SES087	-1.68024	-60.6543	-58.9741
BLOCK02/SES021/SA021S29	SES125	-1.16451	-60.1386	-58.9741
BLOCK02/SES021/SA021S29	SES206	-1.06332	-60.0374	-58.9741
BLOCK02/SES021/SA021S29	SES226	-0.961601	-59.9357	-58.9741
BLOCK04/SES043/SA043S09	SES083	-2.03909	-64.6964	-62.6573
BLOCK04/SES043/SA043S09	SES101	-3.11624	-65.7735	-62.6573
BLOCK04/SES043/SA043S09	SES144	-0.183044	-62.8403	-62.6573
BLOCK04/SES043/SA043S09	SES172	-4.71075	-67.368	-62.6573
BLOCK04/SES043/SA043S11	SES083	-0.428204	-61.466	-61.0378
BLOCK04/SES043/SA043S11	SES101	-1.48763	-62.5254	-61.0378
BLOCK04/SES043/SA043S11	SES144	-0.274559	-61.3123	-61.0378
BLOCK04/SES043/SA043S11	SES172	-1.79738	-62.8352	-61.0378
BLOCK04/SES043/SA043S23	SES083	-0.436878	-61.7525	-61.3157
BLOCK04/SES043/SA043S23	SES144	-0.0237236	-61.3394	-61.3157
BLOCK04/SES043/SA043S23	SES177	-3.29368	-64.6094	-61.3157
BLOCK04/SES043/SA043S23	SES275	-0.640419	-61.9561	-61.3157
BLOCK04/SES043/SA043S26	SES083	-0.970047	-62.3384	-61.3684
BLOCK04/SES043/SA043S26	SES101	-1.71041	-63.0788	-61.3684
BLOCK04/SES043/SA043S26	SES144	-0.238838	-61.6072	-61.3684
BLOCK04/SES043/SA043S26	SES177	-2.30155	-63.6699	-61.3684
BLOCK04/SES043/SA043S28	SES016	-1.13577	-61.7907	-60.655
BLOCK04/SES043/SA043S28	SES083	-0.643814	-61.2988	-60.655
BLOCK04/SES043/SA043S28	SES101	-0.978287	-61.6332	-60.655
BLOCK04/SES043/SA043S28	SES144	-0.411777	-61.0667	-60.655
BLOCK04/SES044/SA044S10	SES127	-2.44769	-66.8856	-64.4379
BLOCK04/SES044/SA044S10	SES144	-0.615494	-65.0534	-64.4379
BLOCK04/SES044/SA044S10	SES147	-4.17503	-68.6129	-64.4379
BLOCK04/SES044/SA044S10	SES148	-3.218	-67.6559	-64.4379
BLOCK04/SES044/SA044S11	SES101	-2.05695	-65.4042	-63.3472
BLOCK04/SES044/SA044S11	SES144	0.0999374	-63.2473	-63.3472
BLOCK04/SES044/SA044S11	SES147	-3.32262	-66.6699	-63.3472
BLOCK04/SES044/SA044S11	SES177	-2.07738	-65.4246	-63.3472
BLOCK04/SES044/SA044S24	SES007	-2.39518	-64.733	-62.3378
BLOCK04/SES044/SA044S24	SES101	-1.79569	-64.1335	-62.3378
BLOCK04/SES044/SA044S24	SES147	-4.93563	-67.2735	-62.3378
BLOCK04/SES044/SA044S24	SES177	-2.76453	-65.1024	-62.3378
BLOCK04/SES044/SA044S26	SES007	-2.02261	-64.2128	-62.1902
BLOCK04/SES044/SA044S26	SES016	-0.839199	-63.0294	-62.1902
BLOCK04/SES044/SA044S26	SES101	-0.953346	-63.1436	-62.1902
BLOCK04/SES044/SA044S26	SES147	-1.77832	-63.9685	-62.1902
BLOCK04/SES044/SA044S29	SES007	-1.99593	-63.1586	-61.1627
BLOCK04/SES044/SA044S29	SES101	-0.707195	-61.8699	-61.1627
BLOCK04/SES044/SA044S29	SES147	-2.36311	-63.5258	-61.1627
BLOCK04/SES044/SA044S29	SES177	-2.63583	-63.7985	-61.1627
BLOCK04/SES046/SA046S13	SES101	-3.82167	-66.0932	-62.2715
BLOCK04/SES046/SA046S13	SES144	-1.23508	-63.5066	-62.2715
BLOCK04/SES046/SA046S13	SES147	-3.1376	-65.4091	-62.2715
BLOCK04/SES046/SA046S13	SES177	-1.56461	-63.8361	-62.2715
BLOCK04/SES046/SA046S15	SES048	-2.0243	-63.5313	-61.507
BLOCK04/SES046/SA046S15	SES083	-0.594543	-62.1016	-61.507
BLOCK04/SES046/SA046S15	SES120	-2.09002	-63.5971	-61.507
BLOCK04/SES046/SA046S15	SES148	-0.745949	-62.253	-61.507
BLOCK04/SES046/SA046S22	SES101	-0.727058	-62.9207	-62.1936
BLOCK04/SES046/SA046S22	SES144	-0.450928	-62.6446	-62.1936
BLOCK04/SES046/SA046S22	SES147	-1.78438	-63.978	-62.1936
BLOCK04/SES046/SA046S22	SES172	-2.00429	-64.1979	-62.1936
BLOCK04/SES046/SA046S25	SES083	-1.05829	-62.6326	-61.5743
BLOCK04/SES046/SA046S25	SES127	-1.37225	-62.9465	-61.5743
BLOCK04/SES046/SA046S25	SES144	-1.71955	-63.2938	-61.5743
BLOCK04/SES046/SA046S25	SES148	-1.47243	-63.0467	-61.5743
BLOCK04/SES046/SA046S28	SES007	-2.83685	-65.2043	-62.3675
BLOCK04/SES046/SA046S28	SES105	-2.49252	-64.86	-62.3675
BLOCK04/SES046/SA046S28	SES147	-3.15439	-65.5219	-62.3675
BLOCK04/SES046/SA046S28	SES148	-1.09125	-63.4587	-62.3675
BLOCK04/SES049/SA049S16	SES104	-1.41482	-62.6982	-61.2834
BLOCK04/SES049/SA049S16	SES106	-1.27445	-62.5579	-61.2834
BLOCK04/SES049/SA049S16	SES120	-3.0647	-64.3481	-61.2834
BLOCK04/SES049/SA049S16	SES206	-1.1687	-62.4521	-61.2834
BLOCK04/SES049/SA049S18	SES099	-0.176315	-62.3633	-62.187
BLOCK04/SES049/SA049S18	SES104	-1.77414	-63.9611	-62.187
BLOCK04/SES049/SA049S18	SES125	-1.95213	-64.1391	-62.187
BLOCK04/SES049/SA049S18	SES206	-1.3543	-63.5413	-62.187
BLOCK04/SES049/SA049S25	SES087	-0.959164	-61.8963	-60.9371
BLOCK04/SES049/SA049S25	SES104	-0.406906	-61.344	-60.9371
BLOCK04/SES049/SA049S25	SES125	-1.69421	-62.6313	-60.9371
BLOCK04/SES049/SA049S25	SES206	-0.498989	-61.4361	-60.9371
BLOCK04/SES049/SA049S27	SES099	-0.962379	-61.8426	-60.8802
BLOCK04/SES049/SA049S27	SES104	-0.0868721	-60.9671	-60.8802
BLOCK04/SES049/SA049S27	SES125	-1.146	-62.0262	-60.8802
BLOCK04/SES049/SA049S27	SES206	-1.16166	-62.0419	-60.8802
BLOCK04/SES049/SA049S29	SES099	-0.573055	-60.6415	-60.0685
BLOCK04/SES049/SA049S29	SES104	0.00320435	-60.0653	-60.0685
BLOCK04/SES049/SA049S29	SES125	-0.855911	-60.9244	-60.0685
BLOCK04/SES049/SA049S29	SES206	-0.0391197	-60.1076	-60.0685
BLOCK06/SES063/SA063S09	SES068	-1.64131	-62.5344	-60.8931
BLOCK06/SES063/SA063S09	SES083	-0.423447	-61.3165	-60.8931
BLOCK06/SES063/SA063S09	SES177	-1.47627	-62.3694	-60.8931
BLOCK06/SES063/SA063S09	SES187	-1.10569	-61.9988	-60.8931
BLOCK06/SES063/SA063S10	SES068	-2.08432	-63.7105	-61.6262
BLOCK06/SES063/SA063S10	SES083	-0.661335	-62.2875	-61.6262
BLOCK06/SES063/SA063S10	SES172	-0.73275	-62.359	-61.6262
BLOCK06/SES063/SA063S10	SES187	-1.48654	-63.1127	-61.6262
BLOCK06/SES063/SA063S20	SES068	-2.89852	-64.6155	-61.717
BLOCK06/SES063/SA063S20	SES083	-0.992672	-62.7097	-61.717
BLOCK06/SES063/SA063S20	SES172	-1.30894	-63.0259	-61.717
BLOCK06/SES063/SA063S20	SES187	-0.200237	-61.9172	-61.717
BLOCK06/SES063/SA063S24	SES029	-2.23572	-62.6768	-60.4411
BLOCK06/SES063/SA063S24	SES083	0.217182	-60.2239	-60.4411
BLOCK06/SES063/SA063S24	SES177	-1.32344	-61.7645	-60.4411
BLOCK06/SES063/SA063S24	SES189	-0.914352	-61.3555	-60.4411
BLOCK06/SES063/SA063S27	SES083	-0.235718	-62.5549	-62.3192
BLOCK06/SES063/SA063S27	SES172	-0.557224	-62.8764	-62.3192
BLOCK06/SES063/SA063S27	SES187	-1.21831	-63.5375	-62.3192
BLOCK06/SES063/SA063S27	SES292	-1.78571	-64.1049	-62.3192
BLOCK06/SES067/SA067S12	SES083	-1.5615	-62.1833	-60.6218
BLOCK06/SES067/SA067S12	SES172	-3.71868	-64.3404	-60.6218
BLOCK06/SES067/SA067S12	SES202	0.163712	-60.4581	-60.6218
BLOCK06/SES067/SA067S12	SES292	-2.2381	-62.8599	-60.6218
BLOCK06/SES067/SA067S14	SES085	-2.0777	-62.1868	-60.1091
BLOCK06/SES067/SA067S14	SES177	-1.75994	-61.869	-60.1091
BLOCK06/SES067/SA067S14	SES183	-2.36901	-62.4781	-60.1091
BLOCK06/SES067/SA067S14	SES202	-0.597321	-60.7064	-60.1091
BLOCK06/SES067/SA067S21	SES144	-0.970665	-63.0343	-62.0636
BLOCK06/SES067/SA067S21	SES177	-1.50043	-63.564	-62.0636
BLOCK06/SES067/SA067S21	SES183	-4.80779	-66.8714	-62.0636
BLOCK06/SES067/SA067S21	SES189	-0.249828	-62.3134	-62.0636
BLOCK06/SES067/SA067S25	SES085	-1.10673	-62.4108	-61.304
BLOCK06/SES067/SA067S25	SES177	-1.33704	-62.6411	-61.304
BLOCK06/SES067/SA067S25	SES183	-2.07743	-63.3815	-61.304
BLOCK06/SES067/SA067S25	SES202	-0.38649	-61.6905	-61.304
BLOCK06/SES067/SA067S29	SES085	-1.26561	-62.4151	-61.1495
BLOCK06/SES067/SA067S29	SES177	-1.83908	-62.9886	-61.1495
BLOCK06/SES067/SA067S29	SES183	-1.36831	-62.5178	-61.1495
BLOCK06/SES067/SA067S29	SES202	0.157482	-60.992	-61.1495
BLOCK06/SES069/SA069S12	SES029	-2.56072	-62.8507	-60.29
BLOCK06/SES069/SA069S12	SES082	-0.329262	-60.6193	-60.29
BLOCK06/SES069/SA069S12	SES087	-2.27086	-62.5609	-60.29
BLOCK06/SES069/SA069S12	SES206	-1.64189	-61.9319	-60.29
BLOCK06/SES069/SA069S13	SES029	-2.94254	-63.1385	-60.1959
BLOCK06/SES069/SA069S13	SES087	-2.43844	-62.6344	-60.1959
BLOCK06/SES069/SA069S13	SES206	-2.39025	-62.5862	-60.1959
BLOCK06/SES069/SA069S13	SES226	-1.47824	-61.6742	-60.1959
BLOCK06/SES069/SA069S23	SES029	-1.48438	-60.201	-58.7167
BLOCK06/SES069/SA069S23	SES087	-2.81067	-61.5273	-58.7167
BLOCK06/SES069/SA069S23	SES206	-1.27249	-59.9892	-58.7167
BLOCK06/SES069/SA069S23	SES226	-0.686554	-59.4032	-58.7167
BLOCK06/SES069/SA069S25	SES087	-1.53053	-60.5946	-59.0641
BLOCK06/SES069/SA069S25	SES206	-1.8633	-60.9274	-59.0641
BLOCK06/SES069/SA069S25	SES226	-1.18279	-60.2469	-59.0641
BLOCK06/SES069/SA069S25	SES270	-1.14366	-60.2077	-59.0641
BLOCK06/SES069/SA069S27	SES087	-2.5821	-61.5987	-59.0166
BLOCK06/SES069/SA069S27	SES206	-1.29594	-60.3125	-59.0166
BLOCK06/SES069/SA069S27	SES226	-0.163231	-59.1798	-59.0166
BLOCK06/SES069/SA069S27	SES270	-1.20605	-60.2226	-59.0166
BLOCK08/SES081/SA081S11	SES060	-1.60178	-62.783	-61.1813
BLOCK08/SES081/SA081S11	SES062	-2.81826	-63.9995	-61.1813
BLOCK08/SES081/SA081S11	SES117	-1.91564	-63.0969	-61.1813
BLOCK08/SES081/SA081S11	SES162	-1.74166	-62.9229	-61.1813
BLOCK08/SES081/SA081S13	SES016	-1.02343	-61.1864	-60.1629
BLOCK08/SES081/SA081S13	SES060	-0.843262	-61.0062	-60.1629
BLOCK08/SES081/SA081S13	SES068	-0.370113	-60.5331	-60.1629
BLOCK08/SES081/SA081S13	SES129	-1.76652	-61.9295	-60.1629
BLOCK08/SES081/SA081S24	SES060	-0.263844	-61.3836	-61.1198
BLOCK08/SES081/SA081S24	SES068	-1.2456	-62.3654	-61.1198
BLOCK08/SES081/SA081S24	SES117	-1.51966	-62.6394	-61.1198
BLOCK08/SES081/SA081S24	SES275	-2.46922	-63.589	-61.1198
BLOCK08/SES081/SA081S27	SES007	-1.6057	-62.4934	-60.8877
BLOCK08/SES081/SA081S27	SES060	-1.96144	-62.8492	-60.8877
BLOCK08/SES081/SA081S27	SES117	-0.81382	-61.7015	-60.8877
BLOCK08/SES081/SA081S27	SES275	-2.25274	-63.1405	-60.8877
BLOCK08/SES081/SA081S29	SES007	-1.53382	-62.0601	-60.5263
BLOCK08/SES081/SA081S29	SES060	-0.805515	-61.3318	-60.5263
BLOCK08/SES081/SA081S29	SES117	-1.06047	-61.5867	-60.5263
BLOCK08/SES081/SA081S29	SES275	-2.14805	-62.6743	-60.5263
BLOCK08/SES086/SA086S11	SES029	-4.87287	-66.9352	-62.0624
BLOCK08/SES086/SA086S11	SES082	-1.37273	-63.4351	-62.0624
BLOCK08/SES086/SA086S11	SES087	-0.740261	-62.8026	-62.0624
BLOCK08/SES086/SA086S11	SES206	-1.78687	-63.8492	-62.0624
BLOCK08/SES086/SA086S12	SES029	-4.1913	-65.4142	-61.2229
BLOCK08/SES086/SA086S12	SES082	-1.61259	-62.8355	-61.2229
BLOCK08/SES086/SA086S12	SES087	0.771297	-60.4516	-61.2229
BLOCK08/SES086/SA086S12	SES206	-0.927101	-62.15	-61.2229
BLOCK08/SES086/SA086S20	SES029	-4.03561	-63.6427	-59.6071
BLOCK08/SES086/SA086S20	SES082	-1.34858	-60.9557	-59.6071
BLOCK08/SES086/SA086S20	SES087	0.484539	-59.1226	-59.6071
BLOCK08/SES086/SA086S20	SES206	-0.310696	-59.9178	-59.6071
BLOCK08/SES086/SA086S24	SES087	0.422321	-60.3171	-60.7394
BLOCK08/SES086/SA086S24	SES104	-0.92186	-61.6612	-60.7394
BLOCK08/SES086/SA086S24	SES120	-4.03356	-64.7729	-60.7394
BLOCK08/SES086/SA086S24	SES206	-0.0213814	-60.7608	-60.7394
BLOCK08/SES086/SA086S28	SES029	-3.47722	-63.1788	-59.7016
BLOCK08/SES086/SA086S28	SES082	-1.28675	-60.9883	-59.7016
BLOCK08/SES086/SA086S28	SES087	0.0489845	-59.6526	-59.7016
BLOCK08/SES086/SA086S28	SES206	-0.386787	-60.0884	-59.7016
BLOCK08/SES089/SA089S13	SES087	-1.97213	-62.9274	-60.9553
BLOCK08/SES089/SA089S13	SES206	-1.99796	-62.9533	-60.9553
BLOCK08/SES089/SA089S13	SES226	-1.08311	-62.0384	-60.9553
BLOCK08/SES089/SA089S13	SES270	-2.48312	-63.4384	-60.9553
BLOCK08/SES089/SA089S14	SES062	-2.03521	-62.9638	-60.9286
BLOCK08/SES089/SA089S14	SES087	-0.763687	-61.6922	-60.9286
BLOCK08/SES089/SA089S14	SES206	-0.758175	-61.6867	-60.9286
BLOCK08/SES089/SA089S14	SES226	-0.445057	-61.3736	-60.9286
BLOCK08/SES089/SA089S23	SES087	-1.8399	-64.3873	-62.5474
BLOCK08/SES089/SA089S23	SES206	-1.96112	-64.5085	-62.5474
BLOCK08/SES089/SA089S23	SES226	-0.509804	-63.0572	-62.5474
BLOCK08/SES089/SA089S23	SES270	-3.03827	-65.5857	-62.5474
BLOCK08/SES089/SA089S25	SES062	-3.22346	-64.1233	-60.8998
BLOCK08/SES089/SA089S25	SES087	-1.15196	-62.0518	-60.8998
BLOCK08/SES089/SA089S25	SES206	-1.07256	-61.9724	-60.8998
BLOCK08/SES089/SA089S25	SES226	-0.133194	-61.033	-60.8998
BLOCK08/SES089/SA089S28	SES062	-2.48661	-63.6572	-61.1706
BLOCK08/SES089/SA089S28	SES087	-1.06325	-62.2338	-61.1706
BLOCK08/SES089/SA089S28	SES206	-0.615116	-61.7857	-61.1706
BLOCK08/SES089/SA089S28	SES226	-0.0791702	-61.2498	-61.1706
BLOCK09/SES097/SA097S11	SES099	-0.0132103	-61.1637	-61.1505
BLOCK09/SES097/SA097S11	SES125	-1.68027	-62.8307	-61.1505
BLOCK09/SES097/SA097S11	SES206	-1.23049	-62.381	-61.1505
BLOCK09/SES097/SA097S11	SES226	-0.136379	-61.2869	-61.1505
BLOCK09/SES097/SA097S14	SES062	-3.27315	-64.3296	-61.0564
BLOCK09/SES097/SA097S14	SES099	-0.868881	-61.9253	-61.0564
BLOCK09/SES097/SA097S14	SES104	-0.921997	-61.9784	-61.0564
BLOCK09/SES097/SA097S14	SES206	-1.6808	-62.7373	-61.0564
BLOCK09/SES097/SA097S22	SES099	-0.0682793	-60.9553	-60.887
BLOCK09/SES097/SA097S22	SES206	-0.901264	-61.7883	-60.887
BLOCK09/SES097/SA097S22	SES226	-0.93214	-61.8191	-60.887
BLOCK09/SES097/SA097S22	SES270	0.304092	-60.5829	-60.887
BLOCK09/SES097/SA097S26	SES099	-0.358387	-60.4961	-60.1377
BLOCK09/SES097/SA097S26	SES120	-3.56352	-63.7012	-60.1377
BLOCK09/SES097/SA097S26	SES206	-0.940086	-61.0778	-60.1377
BLOCK09/SES097/SA097S26	SES226	-1.63948	-61.7772	-60.1377
BLOCK09/SES097/SA097S28	SES099	-1.0527	-61.853	-60.8003
BLOCK09/SES097/SA097S28	SES120	-2.60006	-63.4003	-60.8003
BLOCK09/SES097/SA097S28	SES206	-1.65937	-62.4596	-60.8003
BLOCK09/SES097/SA097S28	SES226	-1.63935	-62.4396	-60.8003
BLOCK09/SES098/SA098S11	SES127	-2.52303	-66.0099	-63.4868
BLOCK09/SES098/SA098S11	SES144	-1.52913	-65.016	-63.4868
BLOCK09/SES098/SA098S11	SES147	-0.168625	-63.6555	-63.4868
BLOCK09/SES098/SA098S11	SES148	-3.3269	-66.8137	-63.4868
BLOCK09/SES098/SA098S12	SES127	-4.27687	-69.0241	-64.7472
BLOCK09/SES098/SA098S12	SES144	-1.70116	-66.4484	-64.7472
BLOCK09/SES098/SA098S12	SES147	-0.682358	-65.4296	-64.7472
BLOCK09/SES098/SA098S12	SES189	-0.0825424	-64.8298	-64.7472
BLOCK09/SES098/SA098S20	SES127	-3.58867	-67.0693	-63.4807
BLOCK09/SES098/SA098S20	SES147	-0.310715	-63.7914	-63.4807
BLOCK09/SES098/SA098S20	SES148	-3.89653	-67.3772	-63.4807
BLOCK09/SES098/SA098S20	SES292	-3.17794	-66.6586	-63.4807
BLOCK09/SES098/SA098S23	SES127	-1.97208	-64.5096	-62.5375
BLOCK09/SES098/SA098S23	SES147	-0.721928	-63.2595	-62.5375
BLOCK09/SES098/SA098S23	SES187	-0.751999	-63.2895	-62.5375
BLOCK09/SES098/SA098S23	SES292	-2.55376	-65.0913	-62.5375
BLOCK09/SES098/SA098S27	SES127	-2.5433	-65.78	-63.2367
BLOCK09/SES098/SA098S27	SES147	-1.42897	-64.6656	-63.2367
BLOCK09/SES098/SA098S27	SES148	-4.04928	-67.2859	-63.2367
BLOCK09/SES098/SA098S27	SES292	-3.3743	-66.611	-63.2367
BLOCK10/SES102/SA102S13	SES101	-0.535923	-63.2708	-62.7349
BLOCK10/SES102/SA102S13	SES105	-1.44352	-64.1784	-62.7349
BLOCK10/SES102/SA102S13	SES120	-1.20476	-63.9397	-62.7349
BLOCK10/SES102/SA102S13	SES158	-7.63222	-70.3671	-62.7349
BLOCK10/SES102/SA102S14	SES007	-0.116356	-60.7536	-60.6372
BLOCK10/SES102/SA102S14	SES101	-0.16959	-60.8068	-60.6372
BLOCK10/SES102/SA102S14	SES105	-0.365265	-61.0025	-60.6372
BLOCK10/SES102/SA102S14	SES147	-4.02181	-64.659	-60.6372
BLOCK10/SES102/SA102S22	SES007	-0.948689	-62.0407	-61.092
BLOCK10/SES102/SA102S22	SES101	-0.0904121	-61.1824	-61.092
BLOCK10/SES102/SA102S22	SES105	-0.556129	-61.6481	-61.092
BLOCK10/SES102/SA102S22	SES158	-4.27943	-65.3714	-61.092
BLOCK10/SES102/SA102S25	SES007	-0.743206	-61.5821	-60.8389
BLOCK10/SES102/SA102S25	SES101	-0.551189	-61.3901	-60.8389
BLOCK10/SES102/SA102S25	SES105	-0.815437	-61.6544	-60.8389
BLOCK10/SES102/SA102S25	SES147	-5.27543	-66.1143	-60.8389
BLOCK10/SES102/SA102S27	SES007	-1.10092	-62.7443	-61.6433
BLOCK10/SES102/SA102S27	SES101	-0.587955	-62.2313	-61.6433
BLOCK10/SES102/SA102S27	SES105	-1.09233	-62.7357	-61.6433
BLOCK10/SES102/SA102S27	SES147	-3.52568	-65.169	-61.6433
BLOCK10/SES103/SA103S14	SES105	-2.93733	-64.9605	-62.0232
BLOCK10/SES103/SA103S14	SES106	-0.485249	-62.5084	-62.0232
BLOCK10/SES103/SA103S14	SES120	-3.37671	-65.3999	-62.0232
BLOCK10/SES103/SA103S14	SES206	-1.82563	-63.8488	-62.0232
BLOCK10/SES103/SA103S15	SES099	-0.632523	-63.7086	-63.0761
BLOCK10/SES103/SA103S15	SES101	-4.28799	-67.3641	-63.0761
BLOCK10/SES103/SA103S15	SES104	-1.10957	-64.1857	-63.0761
BLOCK10/SES103/SA103S15	SES125	-0.807713	-63.8838	-63.0761
BLOCK10/SES103/SA103S24	SES104	-1.65276	-62.7329	-61.0801
BLOCK10/SES103/SA103S24	SES125	-1.67612	-62.7562	-61.0801
BLOCK10/SES103/SA103S24	SES148	-3.32372	-64.4038	-61.0801
BLOCK10/SES103/SA103S24	SES158	-0.668591	-61.7487	-61.0801
BLOCK10/SES103/SA103S26	SES104	-1.46383	-64.1856	-62.7218
BLOCK10/SES103/SA103S26	SES106	-0.733631	-63.4554	-62.7218
BLOCK10/SES103/SA103S26	SES125	-1.35113	-64.0729	-62.7218
BLOCK10/SES103/SA103S26	SES148	-3.00431	-65.7261	-62.7218
BLOCK10/SES103/SA103S28	SES104	-2.23928	-65.6281	-63.3888
BLOCK10/SES103/SA103S28	SES106	-2.00333	-65.3921	-63.3888
BLOCK10/SES103/SA103S28	SES125	-2.91116	-66.3	-63.3888
BLOCK10/SES103/SA103S28	SES206	-3.35395	-66.7428	-63.3888
BLOCK12/SES121/SA121S12	SES042	-2.16496	-65.7396	-63.5746
BLOCK12/SES121/SA121S12	SES087	-1.38557	-64.9602	-63.5746
BLOCK12/SES121/SA121S12	SES105	-1.96738	-65.542	-63.5746
BLOCK12/SES121/SA121S12	SES206	-0.820534	-64.3952	-63.5746
BLOCK12/SES121/SA121S14	SES007	-3.57973	-67.3997	-63.8199
BLOCK12/SES121/SA121S14	SES105	-2.70127	-66.5212	-63.8199
BLOCK12/SES121/SA121S14	SES106	-1.29262	-65.1125	-63.8199
BLOCK12/SES121/SA121S14	SES206	-1.69138	-65.5113	-63.8199
BLOCK12/SES121/SA121S23	SES105	-2.36448	-66.5529	-64.1884
BLOCK12/SES121/SA121S23	SES106	-0.998726	-65.1871	-64.1884
BLOCK12/SES121/SA121S23	SES120	-2.33249	-66.5209	-64.1884
BLOCK12/SES121/SA121S23	SES206	-1.17743	-65.3658	-64.1884
BLOCK12/SES121/SA121S25	SES007	-3.29372	-68.0142	-64.7204
BLOCK12/SES121/SA121S25	SES105	-2.96765	-67.6881	-64.7204
BLOCK12/SES121/SA121S25	SES106	-1.14932	-65.8698	-64.7204
BLOCK12/SES121/SA121S25	SES206	-2.25073	-66.9712	-64.7204
BLOCK12/SES121/SA121S27	SES087	-0.770512	-63.8732	-63.1026
BLOCK12/SES121/SA121S27	SES105	-3.62145	-66.7241	-63.1026
BLOCK12/SES121/SA121S27	SES120	-2.9265	-66.0291	-63.1026
BLOCK12/SES121/SA121S27	SES206	-1.37042	-64.4731	-63.1026
BLOCK12/SES124/SA124S16	SES042	-0.752842	-62.3156	-61.5628
BLOCK12/SES124/SA124S16	SES082	-1.04026	-62.603	-61.5628
BLOCK12/SES124/SA124S16	SES183	-4.21248	-65.7752	-61.5628
BLOCK12/SES124/SA124S16	SES206	-1.57533	-63.1381	-61.5628
BLOCK12/SES124/SA124S17	SES105	-2.81435	-65.3881	-62.5738
BLOCK12/SES124/SA124S17	SES149	-2.04055	-64.6143	-62.5738
BLOCK12/SES124/SA124S17	SES158	-1.74586	-64.3196	-62.5738
BLOCK12/SES124/SA124S17	SES275	-4.24472	-66.8185	-62.5738
BLOCK12/SES124/SA124S23	SES105	-3.33358	-62.8047	-59.4711
BLOCK12/SES124/SA124S23	SES125	-0.0793648	-59.5505	-59.4711
BLOCK12/SES124/SA124S23	SES129	-4.1761	-63.6472	-59.4711
BLOCK12/SES124/SA124S23	SES158	-0.668964	-60.1401	-59.4711
BLOCK12/SES124/SA124S26	SES105	-3.71886	-64.4504	-60.7316
BLOCK12/SES124/SA124S26	SES125	-0.015564	-60.7471	-60.7316
BLOCK12/SES124/SA124S26	SES129	-4.41076	-65.1423	-60.7316
BLOCK12/SES124/SA124S26	SES158	-0.761978	-61.4936	-60.7316
BLOCK12/SES124/SA124S28	SES104	-0.288639	-60.5659	-60.2772
BLOCK12/SES124/SA124S28	SES106	-0.492947	-60.7702	-60.2772
BLOCK12/SES124/SA124S28	SES125	0.066021	-60.2112	-60.2772
BLOCK12/SES124/SA124S28	SES275	-4.72184	-64.9991	-60.2772
BLOCK12/SES126/SA126S13	SES007	-2.16833	-66.3507	-64.1824
BLOCK12/SES126/SA126S13	SES162	-1.36901	-65.5514	-64.1824
BLOCK12/SES126/SA126S13	SES177	-1.10782	-65.2902	-64.1824
BLOCK12/SES126/SA126S13	SES180	-1.3512	-65.5336	-64.1824
BLOCK12/SES126/SA126S14	SES144	-1.16363	-62.775	-61.6113
BLOCK12/SES126/SA126S14	SES148	-1.93067	-63.542	-61.6113
BLOCK12/SES126/SA126S14	SES177	0.0860939	-61.5252	-61.6113
BLOCK12/SES126/SA126S14	SES180	-0.952747	-62.5641	-61.6113
BLOCK12/SES126/SA126S20	SES007	-2.81336	-65.0668	-62.2534
BLOCK12/SES126/SA126S20	SES162	-1.99753	-64.251	-62.2534
BLOCK12/SES126/SA126S20	SES172	-5.39067	-67.6441	-62.2534
BLOCK12/SES126/SA126S20	SES180	-2.62835	-64.8818	-62.2534
BLOCK12/SES126/SA126S24	SES120	-0.978378	-62.6698	-61.6914
BLOCK12/SES126/SA126S24	SES162	-1.03601	-62.7274	-61.6914
BLOCK12/SES126/SA126S24	SES177	-0.702625	-62.394	-61.6914
BLOCK12/SES126/SA126S24	SES180	-0.648163	-62.3396	-61.6914
BLOCK12/SES126/SA126S26	SES120	-0.839195	-63.1443	-62.3051
BLOCK12/SES126/SA126S26	SES177	-0.699402	-63.0045	-62.3051
BLOCK12/SES126/SA126S26	SES180	-1.54062	-63.8457	-62.3051
BLOCK12/SES126/SA126S26	SES202	-2.15261	-64.4577	-62.3051
BLOCK12/SES128/SA128S10	SES087	-2.21183	-63.0362	-60.8244
BLOCK12/SES128/SA128S10	SES206	-1.6411	-62.4655	-60.8244
BLOCK12/SES128/SA128S10	SES226	-0.893173	-61.7176	-60.8244
BLOCK12/SES128/SA128S10	SES270	-0.637539	-61.4619	-60.8244
BLOCK12/SES128/SA128S12	SES120	-2.64488	-63.7722	-61.1273
BLOCK12/SES128/SA128S12	SES158	-1.4651	-62.5924	-61.1273
BLOCK12/SES128/SA128S12	SES206	-1.22198	-62.3493	-61.1273
BLOCK12/SES128/SA128S12	SES226	-1.35947	-62.4868	-61.1273
BLOCK12/SES128/SA128S21	SES106	-3.50697	-65.9241	-62.4172
BLOCK12/SES128/SA128S21	SES120	-2.19741	-64.6146	-62.4172
BLOCK12/SES128/SA128S21	SES206	-2.8097	-65.2269	-62.4172
BLOCK12/SES128/SA128S21	SES226	-2.39787	-64.815	-62.4172
BLOCK12/SES128/SA128S24	SES087	-3.54885	-65.7256	-62.1767
BLOCK12/SES128/SA128S24	SES120	-1.7244	-63.9011	-62.1767
BLOCK12/SES128/SA128S24	SES206	-3.27287	-65.4496	-62.1767
BLOCK12/SES128/SA128S24	SES226	-2.10515	-64.2819	-62.1767
BLOCK12/SES128/SA128S27	SES099	-2.40909	-63.2137	-60.8046
BLOCK12/SES128/SA128S27	SES120	-1.693	-62.4976	-60.8046
BLOCK12/SES128/SA128S27	SES206	-2.26701	-63.0716	-60.8046
BLOCK12/SES128/SA128S27	SES226	-1.32382	-62.1284	-60.8046
BLOCK13/SES130/SA130S13	SES143	-2.53468	-66.1115	-63.5768
BLOCK13/SES130/SA130S13	SES144	0.277462	-63.2994	-63.5768
BLOCK13/SES130/SA130S13	SES146	-0.736568	-64.3134	-63.5768
BLOCK13/SES130/SA130S13	SES275	-3.39246	-66.9693	-63.5768
BLOCK13/SES130/SA130S15	SES143	-2.18899	-64.0942	-61.9052
BLOCK13/SES130/SA130S15	SES144	-0.149342	-62.0545	-61.9052
BLOCK13/SES130/SA130S15	SES146	-0.372025	-62.2772	-61.9052
BLOCK13/SES130/SA130S15	SES275	-1.22208	-63.1273	-61.9052
BLOCK13/SES130/SA130S23	SES127	-3.41856	-66.6572	-63.2386
BLOCK13/SES130/SA130S23	SES144	-0.827923	-64.0666	-63.2386
BLOCK13/SES130/SA130S23	SES146	-0.551933	-63.7906	-63.2386
BLOCK13/SES130/SA130S23	SES162	-1.7622	-65.0008	-63.2386
BLOCK13/SES130/SA130S25	SES127	-2.74602	-64.0073	-61.2613
BLOCK13/SES130/SA130S25	SES144	-0.346695	-61.608	-61.2613
BLOCK13/SES130/SA130S25	SES146	-0.985371	-62.2466	-61.2613
BLOCK13/SES130/SA130S25	SES275	-0.627361	-61.8886	-61.2613
BLOCK13/SES130/SA130S28	SES127	-1.96239	-63.8509	-61.8885
BLOCK13/SES130/SA130S28	SES144	-0.56012	-62.4486	-61.8885
BLOCK13/SES130/SA130S28	SES146	-0.834129	-62.7226	-61.8885
BLOCK13/SES130/SA130S28	SES275	-0.390343	-62.2788	-61.8885
BLOCK13/SES131/SA131S13	SES002	-2.60121	-66.1179	-63.5167
BLOCK13/SES131/SA131S13	SES007	-3.79609	-67.3128	-63.5167
BLOCK13/SES131/SA131S13	SES099	-1.73845	-65.2551	-63.5167
BLOCK13/SES131/SA131S13	SES105	-2.63187	-66.1485	-63.5167
BLOCK13/SES131/SA131S14	SES104	-0.858292	-62.2207	-61.3625
BLOCK13/SES131/SA131S14	SES106	-0.506409	-61.8689	-61.3625
BLOCK13/SES131/SA131S14	SES125	-1.35272	-62.7152	-61.3625
BLOCK13/SES131/SA131S14	SES148	-2.36828	-63.7307	-61.3625
BLOCK13/SES131/SA131S20	SES104	-1.57494	-64.4225	-62.8476
BLOCK13/SES131/SA131S20	SES106	-0.89716	-63.7447	-62.8476
BLOCK13/SES131/SA131S20	SES125	-1.84438	-64.6919	-62.8476
BLOCK13/SES131/SA131S20	SES148	-3.0344	-65.882	-62.8476
BLOCK13/SES131/SA131S22	SES099	-1.49232	-63.1995	-61.7071
BLOCK13/SES131/SA131S22	SES104	-1.48943	-63.1966	-61.7071
BLOCK13/SES131/SA131S22	SES125	-1.75653	-63.4637	-61.7071
BLOCK13/SES131/SA131S22	SES206	-2.10946	-63.8166	-61.7071
BLOCK13/SES131/SA131S29	SES087	-1.18373	-63.9291	-62.7454
BLOCK13/SES131/SA131S29	SES104	-1.86492	-64.6103	-62.7454
BLOCK13/SES131/SA131S29	SES125	-1.64891	-64.3943	-62.7454
BLOCK13/SES131/SA131S29	SES206	-2.12679	-64.8722	-62.7454
BLOCK13/SES132/SA132S11	SES083	-1.64458	-62.6925	-61.0479
BLOCK13/SES132/SA132S11	SES120	-0.287201	-61.3351	-61.0479
BLOCK13/SES132/SA132S11	SES127	-1.19659	-62.2445	-61.0479
BLOCK13/SES132/SA132S11	SES275	-1.30856	-62.3565	-61.0479
BLOCK13/SES132/SA132S12	SES083	-1.58574	-62.3414	-60.7557
BLOCK13/SES132/SA132S12	SES143	-1.06801	-61.8237	-60.7557
BLOCK13/SES132/SA132S12	SES144	-0.866753	-61.6225	-60.7557
BLOCK13/SES132/SA132S12	SES148	-1.33956	-62.0953	-60.7557
BLOCK13/SES132/SA132S22	SES062	-1.15581	-62.3242	-61.1684
BLOCK13/SES132/SA132S22	SES083	-1.1706	-62.339	-61.1684
BLOCK13/SES132/SA132S22	SES127	-0.813461	-61.9818	-61.1684
BLOCK13/SES132/SA132S22	SES275	-1.35439	-62.5228	-61.1684
BLOCK13/SES132/SA132S24	SES007	-0.840256	-61.6679	-60.8277
BLOCK13/SES132/SA132S24	SES083	-1.46448	-62.2922	-60.8277
BLOCK13/SES132/SA132S24	SES127	-1.12995	-61.9576	-60.8277
BLOCK13/SES132/SA132S24	SES275	-1.35395	-62.1816	-60.8277
BLOCK13/SES132/SA132S27	SES083	-1.60109	-63.2362	-61.6351
BLOCK13/SES132/SA132S27	SES120	-0.336075	-61.9712	-61.6351
BLOCK13/SES132/SA132S27	SES127	-1.61186	-63.2469	-61.6351
BLOCK13/SES132/SA132S27	SES275	-1.76286	-63.3979	-61.6351
BLOCK14/SES141/SA141S09	SES143	-0.700565	-62.7453	-62.0447
BLOCK14/SES141/SA141S09	SES144	-0.826881	-62.8716	-62.0447
BLOCK14/SES141/SA141S09	SES162	-0.595551	-62.6403	-62.0447
BLOCK14/SES141/SA141S09	SES180	-1.15212	-63.1968	-62.0447
BLOCK14/SES141/SA141S15	SES127	-1.23695	-63.0023	-61.7654
BLOCK14/SES141/SA141S15	SES144	-1.0631	-62.8285	-61.7654
BLOCK14/SES141/SA141S15	SES162	-1.11478	-62.8802	-61.7654
BLOCK14/SES141/SA141S15	SES180	-0.772911	-62.5383	-61.7654
BLOCK14/SES141/SA141S24	SES127	-1.28064	-62.5847	-61.304
BLOCK14/SES141/SA141S24	SES144	-1.82492	-63.1289	-61.304
BLOCK14/SES141/SA141S24	SES162	-0.382156	-61.6862	-61.304
BLOCK14/SES141/SA141S24	SES183	-2.35646	-63.6605	-61.304
BLOCK14/SES141/SA141S26	SES142	-2.51468	-64.4396	-61.925
BLOCK14/SES141/SA141S26	SES144	-1.23505	-63.16	-61.925
BLOCK14/SES141/SA141S26	SES172	-1.46352	-63.3885	-61.925
BLOCK14/SES141/SA141S26	SES180	-0.317024	-62.242	-61.925
BLOCK14/SES141/SA141S29	SES127	-0.471432	-61.6042	-61.1328
BLOCK14/SES141/SA141S29	SES142	-0.434891	-61.5676	-61.1328
BLOCK14/SES141/SA141S29	SES144	-1.37536	-62.5081	-61.1328
BLOCK14/SES141/SA141S29	SES180	-0.606468	-61.7392	-61.1328
BLOCK15/SES157/SA157S08	SES083	-1.94902	-63.7487	-61.7996
BLOCK15/SES157/SA157S08	SES127	-1.85602	-63.6557	-61.7996
BLOCK15/SES157/SA157S08	SES148	-1.11147	-62.9111	-61.7996
BLOCK15/SES157/SA157S08	SES292	-2.44823	-64.2479	-61.7996
BLOCK15/SES157/SA157S11	SES083	-1.89414	-63.4588	-61.5647
BLOCK15/SES157/SA157S11	SES127	-2.46758	-64.0323	-61.5647
BLOCK15/SES157/SA157S11	SES148	-1.39212	-62.9568	-61.5647
BLOCK15/SES157/SA157S11	SES292	-1.71886	-63.2835	-61.5647
BLOCK15/SES157/SA157S21	SES127	-2.29708	-63.6729	-61.3759
BLOCK15/SES157/SA157S21	SES148	-0.67815	-62.054	-61.3759
BLOCK15/SES157/SA157S21	SES158	-5.00643	-66.3823	-61.3759
BLOCK15/SES157/SA157S21	SES292	-0.852741	-62.2286	-61.3759
BLOCK15/SES157/SA157S24	SES127	-2.20015	-63.2883	-61.0882
BLOCK15/SES157/SA157S24	SES148	-1.25085	-62.339	-61.0882
BLOCK15/SES157/SA157S24	SES183	-1.98713	-63.0753	-61.0882
BLOCK15/SES157/SA157S24	SES292	-1.8213	-62.9095	-61.0882
BLOCK15/SES157/SA157S26	SES007	-0.6255	-62.1131	-61.4876
BLOCK15/SES157/SA157S26	SES127	-0.920841	-62.4084	-61.4876
BLOCK15/SES157/SA157S26	SES147	-5.31297	-66.8005	-61.4876
BLOCK15/SES157/SA157S26	SES148	-0.666782	-62.1544	-61.4876
BLOCK16/SES161/SA161S10	SES007	-2.50304	-65.6967	-63.1936
BLOCK16/SES161/SA161S10	SES105	-1.61941	-64.813	-63.1936
BLOCK16/SES161/SA161S10	SES158	-2.12643	-65.3201	-63.1936
BLOCK16/SES161/SA161S10	SES275	-2.49004	-65.6837	-63.1936
BLOCK16/SES161/SA161S12	SES007	-1.65882	-64.4753	-62.8164
BLOCK16/SES161/SA161S12	SES105	-1.83437	-64.6508	-62.8164
BLOCK16/SES161/SA161S12	SES158	-1.18987	-64.0063	-62.8164
BLOCK16/SES161/SA161S12	SES275	-1.47576	-64.2922	-62.8164
BLOCK16/SES161/SA161S20	SES007	-2.29436	-66.4545	-64.1601
BLOCK16/SES161/SA161S20	SES105	-1.99863	-66.1587	-64.1601
BLOCK16/SES161/SA161S20	SES158	-1.83942	-65.9995	-64.1601
BLOCK16/SES161/SA161S20	SES275	-2.17336	-66.3335	-64.1601
BLOCK16/SES161/SA161S23	SES007	-2.65868	-64.8979	-62.2392
BLOCK16/SES161/SA161S23	SES105	-1.72114	-63.9604	-62.2392
BLOCK16/SES161/SA161S23	SES148	-2.87912	-65.1184	-62.2392
BLOCK16/SES161/SA161S23	SES158	-1.29831	-63.5376	-62.2392
BLOCK16/SES161/SA161S28	SES007	-3.13287	-65.5977	-62.4648
BLOCK16/SES161/SA161S28	SES105	-2.33548	-64.8003	-62.4648
BLOCK16/SES161/SA161S28	SES158	-1.01904	-63.4839	-62.4648
BLOCK16/SES161/SA161S28	SES206	-2.306	-64.7708	-62.4648
BLOCK16/SES164/SA164S11	SES104	-1.07695	-61.1776	-60.1007
BLOCK16/SES164/SA164S11	SES125	-0.424721	-60.5254	-60.1007
BLOCK16/SES164/SA164S11	SES158	-0.245304	-60.346	-60.1007
BLOCK16/SES164/SA164S11	SES206	-1.12247	-61.2231	-60.1007
BLOCK16/SES164/SA164S13	SES099	-1.08043	-62.5242	-61.4437
BLOCK16/SES164/SA164S13	SES104	-1.606	-63.0497	-61.4437
BLOCK16/SES164/SA164S13	SES125	-1.6437	-63.0874	-61.4437
BLOCK16/SES164/SA164S13	SES206	-1.48877	-62.9325	-61.4437
BLOCK16/SES164/SA164S24	SES002	0.24485	-60.6063	-60.8512
BLOCK16/SES164/SA164S24	SES099	-0.569332	-61.4205	-60.8512
BLOCK16/SES164/SA164S24	SES125	-1.51082	-62.362	-60.8512
BLOCK16/SES164/SA164S24	SES226	-0.427547	-61.2787	-60.8512
BLOCK16/SES164/SA164S27	SES087	-1.54373	-62.7522	-61.2085
BLOCK16/SES164/SA164S27	SES125	-0.982311	-62.1908	-61.2085
BLOCK16/SES164/SA164S27	SES206	-1.21957	-62.4281	-61.2085
BLOCK16/SES164/SA164S27	SES226	-0.947178	-62.1557	-61.2085
BLOCK16/SES164/SA164S29	SES002	0.299282	-60.535	-60.8343
BLOCK16/SES164/SA164S29	SES019	-1.04968	-61.884	-60.8343
BLOCK16/SES164/SA164S29	SES125	-0.839901	-61.6742	-60.8343
BLOCK16/SES164/SA164S29	SES226	-1.04009	-61.8744	-60.8343
BLOCK16/SES169/SA169S13	SES117	-1.75301	-63.9792	-62.2262
BLOCK16/SES169/SA169S13	SES144	-0.669525	-62.8957	-62.2262
BLOCK16/SES169/SA169S13	SES146	-1.00083	-63.227	-62.2262
BLOCK16/SES169/SA169S13	SES162	-1.71263	-63.9388	-62.2262
BLOCK16/SES169/SA169S14	SES144	-0.619957	-61.4338	-60.8138
BLOCK16/SES169/SA169S14	SES148	-1.15453	-61.9683	-60.8138
BLOCK16/SES169/SA169S14	SES177	-1.68356	-62.4974	-60.8138
BLOCK16/SES169/SA169S14	SES180	-3.06521	-63.879	-60.8138
BLOCK16/SES169/SA169S24	SES117	-1.29971	-63.9766	-62.6769
BLOCK16/SES169/SA169S24	SES144	-0.202431	-62.8793	-62.6769
BLOCK16/SES169/SA169S24	SES146	-0.889496	-63.5664	-62.6769
BLOCK16/SES169/SA169S24	SES162	-2.06778	-64.7447	-62.6769
BLOCK16/SES169/SA169S27	SES127	-1.36864	-63.1503	-61.7816
BLOCK16/SES169/SA169S27	SES129	-1.01214	-62.7938	-61.7816
BLOCK16/SES169/SA169S27	SES144	-1.26295	-63.0446	-61.7816
BLOCK16/SES169/SA169S27	SES146	-0.398323	-62.1799	-61.7816
BLOCK16/SES169/SA169S29	SES144	-0.791351	-62.157	-61.3657
BLOCK16/SES169/SA169S29	SES162	-1.66615	-63.0318	-61.3657
BLOCK16/SES169/SA169S29	SES177	-2.4614	-63.8271	-61.3657
BLOCK16/SES169/SA169S29	SES180	-1.99033	-63.356	-61.3657
BLOCK17/SES171/SA171S12	SES083	-1.53567	-63.9831	-62.4474
BLOCK17/SES171/SA171S12	SES148	-1.47869	-63.9261	-62.4474
BLOCK17/SES171/SA171S12	SES172	-1.75634	-64.2038	-62.4474
BLOCK17/SES171/SA171S12	SES292	-2.1352	-64.5826	-62.4474
BLOCK17/SES171/SA171S15	SES148	-1.58989	-64.4789	-62.889
BLOCK17/SES171/SA171S15	SES177	-2.29659	-65.1856	-62.889
BLOCK17/SES171/SA171S15	SES180	-3.87671	-66.7657	-62.889
BLOCK17/SES171/SA171S15	SES292	-3.55792	-66.4469	-62.889
BLOCK17/SES171/SA171S22	SES007	-1.12473	-62.4321	-61.3074
BLOCK17/SES171/SA171S22	SES148	-1.02939	-62.3368	-61.3074
BLOCK17/SES171/SA171S22	SES177	-0.711044	-62.0185	-61.3074
BLOCK17/SES171/SA171S22	SES180	-1.85622	-63.1636	-61.3074
BLOCK17/SES171/SA171S25	SES101	-3.08726	-66.0405	-62.9533
BLOCK17/SES171/SA171S25	SES120	-3.34581	-66.2991	-62.9533
BLOCK17/SES171/SA171S25	SES177	-1.55072	-64.504	-62.9533
BLOCK17/SES171/SA171S25	SES180	-3.16549	-66.1188	-62.9533
BLOCK17/SES171/SA171S27	SES177	-0.485901	-62.895	-62.4091
BLOCK17/SES171/SA171S27	SES180	-2.37164	-64.7807	-62.4091
BLOCK17/SES171/SA171S27	SES189	-0.422249	-62.8313	-62.4091
BLOCK17/SES171/SA171S27	SES292	-2.56305	-64.9721	-62.4091
BLOCK17/SES173/SA173S13	SES162	-2.7981	-65.9272	-63.1291
BLOCK17/SES173/SA173S13	SES177	-3.02229	-66.1514	-63.1291
BLOCK17/SES173/SA173S13	SES180	-2.45403	-65.5832	-63.1291
BLOCK17/SES173/SA173S13	SES292	-3.14872	-66.2778	-63.1291
BLOCK17/SES173/SA173S14	SES007	-3.12857	-66.681	-63.5524
BLOCK17/SES173/SA173S14	SES162	-1.96591	-65.5183	-63.5524
BLOCK17/SES173/SA173S14	SES177	-2.12451	-65.6769	-63.5524
BLOCK17/SES173/SA173S14	SES180	-2.73762	-66.29	-63.5524
BLOCK17/SES173/SA173S24	SES144	-1.13697	-65.3068	-64.1698
BLOCK17/SES173/SA173S24	SES162	-2.09888	-66.2687	-64.1698
BLOCK17/SES173/SA173S24	SES177	-2.49331	-66.6631	-64.1698
BLOCK17/SES173/SA173S24	SES180	-2.47715	-66.647	-64.1698
BLOCK17/SES173/SA173S27	SES162	-3.20084	-66.2917	-63.0909
BLOCK17/SES173/SA173S27	SES177	-2.64939	-65.7403	-63.0909
BLOCK17/SES173/SA173S27	SES180	-2.30819	-65.3991	-63.0909
BLOCK17/SES173/SA173S27	SES292	-3.9019	-66.9928	-63.0909
BLOCK17/SES173/SA173S29	SES162	-1.78403	-64.9577	-63.1737
BLOCK17/SES173/SA173S29	SES175	-0.59174	-63.7654	-63.1737
BLOCK17/SES173/SA173S29	SES177	-2.73598	-65.9097	-63.1737
BLOCK17/SES173/SA173S29	SES292	-3.69695	-66.8706	-63.1737
BLOCK18/SES182/SA182S10	SES144	-0.721077	-62.5597	-61.8386
BLOCK18/SES182/SA182S10	SES177	-1.07087	-62.9095	-61.8386
BLOCK18/SES182/SA182S10	SES180	-1.99303	-63.8317	-61.8386
BLOCK18/SES182/SA182S10	SES275	-0.851627	-62.6903	-61.8386
BLOCK18/SES182/SA182S12	SES144	-0.4809	-61.8893	-61.4084
BLOCK18/SES182/SA182S12	SES177	-1.14651	-62.5549	-61.4084
BLOCK18/SES182/SA182S12	SES180	-1.53431	-62.9427	-61.4084
BLOCK18/SES182/SA182S12	SES275	-1.4782	-62.8866	-61.4084
BLOCK18/SES182/SA182S21	SES117	-0.897892	-63.6674	-62.7695
BLOCK18/SES182/SA182S21	SES144	-1.44476	-64.2143	-62.7695
BLOCK18/SES182/SA182S21	SES162	-0.87484	-63.6443	-62.7695
BLOCK18/SES182/SA182S21	SES180	-1.63675	-64.4062	-62.7695
BLOCK18/SES182/SA182S23	SES117	-1.06433	-62.9806	-61.9163
BLOCK18/SES182/SA182S23	SES144	-1.64285	-63.5591	-61.9163
BLOCK18/SES182/SA182S23	SES180	-2.13394	-64.0502	-61.9163
BLOCK18/SES182/SA182S23	SES275	-2.41803	-64.3343	-61.9163
BLOCK18/SES182/SA182S25	SES007	-0.791512	-62.6339	-61.8424
BLOCK18/SES182/SA182S25	SES162	-0.629192	-62.4716	-61.8424
BLOCK18/SES182/SA182S25	SES177	-0.72237	-62.5648	-61.8424
BLOCK18/SES182/SA182S25	SES180	-1.29055	-63.133	-61.8424
BLOCK18/SES184/SA184S12	SES177	-1.1049	-63.661	-62.5561
BLOCK18/SES184/SA184S12	SES180	-0.477261	-63.0334	-62.5561
BLOCK18/SES184/SA184S12	SES189	-2.23732	-64.7934	-62.5561
BLOCK18/SES184/SA184S12	SES292	-1.34774	-63.9038	-62.5561
BLOCK18/SES184/SA184S13	SES101	-1.62263	-63.8218	-62.1991
BLOCK18/SES184/SA184S13	SES177	-1.38175	-63.5809	-62.1991
BLOCK18/SES184/SA184S13	SES180	-1.46214	-63.6613	-62.1991
BLOCK18/SES184/SA184S13	SES292	-1.35129	-63.5504	-62.1991
BLOCK18/SES184/SA184S22	SES177	-1.61035	-62.6774	-61.0671
BLOCK18/SES184/SA184S22	SES180	-1.49177	-62.5588	-61.0671
BLOCK18/SES184/SA184S22	SES189	-2.84902	-63.9161	-61.0671
BLOCK18/SES184/SA184S22	SES292	-2.13601	-63.2031	-61.0671
BLOCK18/SES184/SA184S25	SES101	-0.818836	-61.1548	-60.336
BLOCK18/SES184/SA184S25	SES177	-1.5923	-61.9283	-60.336
BLOCK18/SES184/SA184S25	SES180	-1.56728	-61.9033	-60.336
BLOCK18/SES184/SA184S25	SES292	-1.24818	-61.5842	-60.336
BLOCK18/SES184/SA184S27	SES083	-1.28816	-62.6632	-61.375
BLOCK18/SES184/SA184S27	SES177	-1.41584	-62.7909	-61.375
BLOCK18/SES184/SA184S27	SES202	-2.85846	-64.2335	-61.375
BLOCK18/SES184/SA184S27	SES292	-1.5703	-62.9453	-61.375
BLOCK20/SES204/SA204S12	SES062	-2.30739	-62.4746	-60.1672
BLOCK20/SES204/SA204S12	SES083	-2.44258	-62.6097	-60.1672
BLOCK20/SES204/SA204S12	SES206	-0.657063	-60.8242	-60.1672
BLOCK20/SES204/SA204S12	SES226	-1.40829	-61.5755	-60.1672
BLOCK20/SES204/SA204S14	SES068	-3.35894	-62.5511	-59.1921
BLOCK20/SES204/SA204S14	SES087	-0.82618	-60.0183	-59.1921
BLOCK20/SES204/SA204S14	SES206	-1.46662	-60.6588	-59.1921
BLOCK20/SES204/SA204S14	SES226	-1.49576	-60.6879	-59.1921
BLOCK20/SES204/SA204S22	SES068	-3.57338	-63.4539	-59.8805
BLOCK20/SES204/SA204S22	SES082	-2.39438	-62.2749	-59.8805
BLOCK20/SES204/SA204S22	SES083	-3.0053	-62.8858	-59.8805
BLOCK20/SES204/SA204S22	SES206	-1.27831	-61.1588	-59.8805
BLOCK20/SES204/SA204S25	SES062	-4.03144	-64.2523	-60.2209
BLOCK20/SES204/SA204S25	SES083	-3.13975	-63.3607	-60.2209
BLOCK20/SES204/SA204S25	SES206	-0.885921	-61.1068	-60.2209
BLOCK20/SES204/SA204S25	SES226	-1.6496	-61.8705	-60.2209
BLOCK20/SES204/SA204S27	SES068	-3.57867	-63.9454	-60.3668
BLOCK20/SES204/SA204S27	SES082	-1.77082	-62.1376	-60.3668
BLOCK20/SES204/SA204S27	SES087	-0.699512	-61.0663	-60.3668
BLOCK20/SES204/SA204S27	SES206	-0.819332	-61.1861	-60.3668
BLOCK20/SES207/SA207S10	SES127	-0.833015	-62.6289	-61.7959
BLOCK20/SES207/SA207S10	SES183	-2.13773	-63.9336	-61.7959
BLOCK20/SES207/SA207S10	SES189	-0.933678	-62.7296	-61.7959
BLOCK20/SES207/SA207S10	SES292	-1.56656	-63.3624	-61.7959
BLOCK20/SES207/SA207S11	SES127	-2.79929	-64.405	-61.6057
BLOCK20/SES207/SA207S11	SES183	-2.28376	-63.8895	-61.6057
BLOCK20/SES207/SA207S11	SES187	-1.25861	-62.8643	-61.6057
BLOCK20/SES207/SA207S11	SES292	-1.93052	-63.5362	-61.6057
BLOCK20/SES207/SA207S25	SES068	-1.94944	-64.054	-62.1046
BLOCK20/SES207/SA207S25	SES083	-1.94637	-64.051	-62.1046
BLOCK20/SES207/SA207S25	SES127	-1.40597	-63.5106	-62.1046
BLOCK20/SES207/SA207S25	SES187	-0.221321	-62.3259	-62.1046
BLOCK20/SES207/SA207S27	SES127	-1.20464	-63.6097	-62.405
BLOCK20/SES207/SA207S27	SES183	-1.03325	-63.4383	-62.405
BLOCK20/SES207/SA207S27	SES187	-0.938526	-63.3436	-62.405
BLOCK20/SES207/SA207S27	SES292	-2.49778	-64.9028	-62.405
BLOCK20/SES207/SA207S29	SES083	-2.22625	-63.4993	-61.273
BLOCK20/SES207/SA207S29	SES085	-0.876854	-62.1499	-61.273
BLOCK20/SES207/SA207S29	SES172	-2.31264	-63.5857	-61.273
BLOCK20/SES207/SA207S29	SES189	-1.86882	-63.1419	-61.273
BLOCK22/SES221/SA221S12	SES068	-2.78145	-64.4361	-61.6546
BLOCK22/SES221/SA221S12	SES143	-2.07277	-63.7274	-61.6546
BLOCK22/SES221/SA221S12	SES175	-1.28611	-62.9407	-61.6546
BLOCK22/SES221/SA221S12	SES202	-0.553722	-62.2083	-61.6546
BLOCK22/SES221/SA221S15	SES085	-4.18482	-67.6837	-63.4989
BLOCK22/SES221/SA221S15	SES143	-2.3783	-65.8772	-63.4989
BLOCK22/SES221/SA221S15	SES175	-1.69566	-65.1946	-63.4989
BLOCK22/SES221/SA221S15	SES187	-1.26361	-64.7625	-63.4989
BLOCK22/SES221/SA221S23	SES068	-4.17242	-66.1639	-61.9914
BLOCK22/SES221/SA221S23	SES143	-2.48449	-64.4759	-61.9914
BLOCK22/SES221/SA221S23	SES175	-0.66951	-62.661	-61.9914
BLOCK22/SES221/SA221S23	SES189	0.627567	-61.3639	-61.9914
BLOCK22/SES221/SA221S27	SES085	-5.35308	-67.4645	-62.1114
BLOCK22/SES221/SA221S27	SES143	-1.37503	-63.4865	-62.1114
BLOCK22/SES221/SA221S27	SES175	-1.06417	-63.1756	-62.1114
BLOCK22/SES221/SA221S27	SES189	1.26227	-60.8492	-62.1114
BLOCK22/SES221/SA221S29	SES085	-6.47073	-70.5155	-64.0448
BLOCK22/SES221/SA221S29	SES143	-2.14387	-66.1886	-64.0448
BLOCK22/SES221/SA221S29	SES175	-2.05637	-66.1011	-64.0448
BLOCK22/SES221/SA221S29	SES187	-0.922493	-64.9673	-64.0448
BLOCK22/SES223/SA223S11	SES143	-0.950672	-64.2537	-63.3031
BLOCK22/SES223/SA223S11	SES144	-1.72189	-65.025	-63.3031
BLOCK22/SES223/SA223S11	SES175	-0.723011	-64.0261	-63.3031
BLOCK22/SES223/SA223S11	SES187	-1.19784	-64.5009	-63.3031
BLOCK22/SES223/SA223S13	SES068	-2.54811	-66.6195	-64.0714
BLOCK22/SES223/SA223S13	SES143	-1.69064	-65.762	-64.0714
BLOCK22/SES223/SA223S13	SES146	-2.92819	-66.9996	-64.0714
BLOCK22/SES223/SA223S13	SES202	-1.38706	-65.4585	-64.0714
BLOCK22/SES223/SA223S22	SES143	-0.983364	-64.1151	-63.1318
BLOCK22/SES223/SA223S22	SES144	-2.1259	-65.2577	-63.1318
BLOCK22/SES223/SA223S22	SES175	-1.20752	-64.3393	-63.1318
BLOCK22/SES223/SA223S22	SES187	-1.14807	-64.2798	-63.1318
BLOCK22/SES223/SA223S25	SES068	-2.75677	-65.7646	-63.0079
BLOCK22/SES223/SA223S25	SES143	-1.87815	-64.886	-63.0079
BLOCK22/SES223/SA223S25	SES175	-1.43055	-64.4384	-63.0079
BLOCK22/SES223/SA223S25	SES187	-0.664635	-63.6725	-63.0079
BLOCK22/SES223/SA223S27	SES143	-1.42758	-64.8051	-63.3775
BLOCK22/SES223/SA223S27	SES146	-1.18524	-64.5627	-63.3775
BLOCK22/SES223/SA223S27	SES187	-0.992954	-64.3704	-63.3775
BLOCK22/SES223/SA223S27	SES292	-2.22849	-65.606	-63.3775
BLOCK27/SES273/SA273S12	SES099	-0.492218	-59.0474	-58.5552
BLOCK27/SES273/SA273S12	SES104	0.0195961	-58.5356	-58.5552
BLOCK27/SES273/SA273S12	SES125	-0.834343	-59.3895	-58.5552
BLOCK27/SES273/SA273S12	SES206	0.099762	-58.4554	-58.5552
BLOCK27/SES273/SA273S13	SES099	-0.56797	-59.1274	-58.5594
BLOCK27/SES273/SA273S13	SES104	-0.425968	-58.9854	-58.5594
BLOCK27/SES273/SA273S13	SES206	-0.603912	-59.1633	-58.5594
BLOCK27/SES273/SA273S13	SES292	-3.64505	-62.2044	-58.5594
BLOCK27/SES273/SA273S21	SES099	0.12989	-58.6352	-58.765
BLOCK27/SES273/SA273S21	SES148	-2.87703	-61.6421	-58.765
BLOCK27/SES273/SA273S21	SES149	-0.893314	-59.6584	-58.765
BLOCK27/SES273/SA273S21	SES177	-4.395	-63.16	-58.765
BLOCK27/SES273/SA273S25	SES104	-0.712746	-59.6463	-58.9335
BLOCK27/SES273/SA273S25	SES125	-1.08849	-60.022	-58.9335
BLOCK27/SES273/SA273S25	SES158	-0.691055	-59.6246	-58.9335
BLOCK27/SES273/SA273S25	SES206	0.331184	-58.6024	-58.9335
BLOCK27/SES273/SA273S27	SES099	-0.450264	-59.7877	-59.3375
BLOCK27/SES273/SA273S27	SES104	-0.673927	-60.0114	-59.3375
BLOCK27/SES273/SA273S27	SES149	-0.718025	-60.0555	-59.3375
BLOCK27/SES273/SA273S27	SES275	-2.23405	-61.5715	-59.3375
BLOCK27/SES274/SA274S10	SES105	-1.89553	-62.1427	-60.2472
BLOCK27/SES274/SA274S10	SES125	-0.695526	-60.9427	-60.2472
BLOCK27/SES274/SA274S10	SES129	-1.32412	-61.5713	-60.2472
BLOCK27/SES274/SA274S10	SES158	-1.48006	-61.7272	-60.2472
BLOCK27/SES274/SA274S11	SES105	-2.63253	-62.757	-60.1244
BLOCK27/SES274/SA274S11	SES149	-0.740002	-60.8644	-60.1244
BLOCK27/SES274/SA274S11	SES158	-1.20186	-61.3263	-60.1244
BLOCK27/SES274/SA274S11	SES275	-3.09657	-63.221	-60.1244
BLOCK27/SES274/SA274S21	SES105	-2.03292	-62.6669	-60.634
BLOCK27/SES274/SA274S21	SES129	-1.62079	-62.2548	-60.634
BLOCK27/SES274/SA274S21	SES149	-0.806721	-61.4407	-60.634
BLOCK27/SES274/SA274S21	SES158	-1.94602	-62.58	-60.634
BLOCK27/SES274/SA274S24	SES105	-2.36447	-62.3976	-60.0331
BLOCK27/SES274/SA274S24	SES129	-1.94705	-61.9801	-60.0331
BLOCK27/SES274/SA274S24	SES149	-0.924603	-60.9577	-60.0331
BLOCK27/SES274/SA274S24	SES158	-1.92019	-61.9533	-60.0331
BLOCK27/SES274/SA274S29	SES105	-2.24808	-62.4406	-60.1925
BLOCK27/SES274/SA274S29	SES106	-1.45578	-61.6483	-60.1925
BLOCK27/SES274/SA274S29	SES120	-2.02038	-62.2129	-60.1925
BLOCK27/SES274/SA274S29	SES275	-2.35267	-62.5452	-60.1925
BLOCK27/SES276/SA276S16	SES148	-1.60779	-63.9458	-62.3381
BLOCK27/SES276/SA276S16	SES172	-1.88466	-64.2227	-62.3381
BLOCK27/SES276/SA276S16	SES180	-3.20021	-65.5383	-62.3381
BLOCK27/SES276/SA276S16	SES292	-0.262985	-62.601	-62.3381
BLOCK27/SES276/SA276S17	SES101	-1.71523	-63.6228	-61.9076
BLOCK27/SES276/SA276S17	SES177	-2.17132	-64.0789	-61.9076
BLOCK27/SES276/SA276S17	SES180	-2.17191	-64.0795	-61.9076
BLOCK27/SES276/SA276S17	SES292	-1.56038	-63.468	-61.9076
BLOCK27/SES276/SA276S24	SES101	-0.917198	-61.5342	-60.617
BLOCK27/SES276/SA276S24	SES177	-1.95597	-62.573	-60.617
BLOCK27/SES276/SA276S24	SES180	-2.52762	-63.1446	-60.617
BLOCK27/SES276/SA276S24	SES292	-1.80265	-62.4197	-60.617
BLOCK27/SES276/SA276S26	SES101	-1.73097	-62.928	-61.1971
BLOCK27/SES276/SA276S26	SES177	-1.3736	-62.5707	-61.1971
BLOCK27/SES276/SA276S26	SES180	-1.07587	-62.2729	-61.1971
BLOCK27/SES276/SA276S26	SES292	-0.717121	-61.9142	-61.1971
BLOCK27/SES276/SA276S28	SES101	-1.85125	-63.4073	-61.5561
BLOCK27/SES276/SA276S28	SES177	-1.6158	-63.1719	-61.5561
BLOCK27/SES276/SA276S28	SES180	-1.39524	-62.9513	-61.5561
BLOCK27/SES276/SA276S28	SES292	-1.53746	-63.0935	-61.5561
BLOCK27/SES277/SA277S12	SES101	-1.63987	-64.0405	-62.4006
BLOCK27/SES277/SA277S12	SES177	-2.89148	-65.2921	-62.4006
BLOCK27/SES277/SA277S12	SES180	-2.52378	-64.9244	-62.4006
BLOCK27/SES277/SA277S12	SES292	-3.2375	-65.6381	-62.4006
BLOCK27/SES277/SA277S14	SES177	-1.71037	-64.5504	-62.84
BLOCK27/SES277/SA277S14	SES180	-2.31257	-65.1526	-62.84
BLOCK27/SES277/SA277S14	SES189	-0.391533	-63.2316	-62.84
BLOCK27/SES277/SA277S14	SES292	-3.40149	-66.2415	-62.84
BLOCK27/SES277/SA277S21	SES177	-1.07634	-62.7691	-61.6928
BLOCK27/SES277/SA277S21	SES180	-2.5866	-64.2794	-61.6928
BLOCK27/SES277/SA277S21	SES189	-0.726032	-62.4188	-61.6928
BLOCK27/SES277/SA277S21	SES292	-2.73292	-64.4257	-61.6928
BLOCK27/SES277/SA277S24	SES144	-1.33634	-64.5262	-63.1899
BLOCK27/SES277/SA277S24	SES177	-1.79278	-64.9827	-63.1899
BLOCK27/SES277/SA277S24	SES180	-2.67847	-65.8683	-63.1899
BLOCK27/SES277/SA277S24	SES189	-0.558937	-63.7488	-63.1899
BLOCK27/SES277/SA277S29	SES177	-0.908619	-61.8055	-60.8969
BLOCK27/SES277/SA277S29	SES180	-1.42937	-62.3263	-60.8969
BLOCK27/SES277/SA277S29	SES202	-1.49296	-62.3899	-60.8969
BLOCK27/SES277/SA277S29	SES292	-2.27135	-63.1683	-60.8969
BLOCK27/SES279/SA279S09	SES120	-1.41582	-62.3223	-60.9064
BLOCK27/SES279/SA279S09	SES146	-1.44221	-62.3487	-60.9064
BLOCK27/SES279/SA279S09	SES206	-2.20111	-63.1076	-60.9064
BLOCK27/SES279/SA279S09	SES226	-2.31232	-63.2188	-60.9064
BLOCK27/SES279/SA279S10	SES099	-2.33607	-63.0671	-60.731
BLOCK27/SES279/SA279S10	SES206	-1.57919	-62.3102	-60.731
BLOCK27/SES279/SA279S10	SES226	-1.97101	-62.702	-60.731
BLOCK27/SES279/SA279S10	SES292	-1.0138	-61.7448	-60.731
BLOCK27/SES279/SA279S20	SES099	-3.79738	-64.9878	-61.1904
BLOCK27/SES279/SA279S20	SES206	-2.11352	-63.3039	-61.1904
BLOCK27/SES279/SA279S20	SES226	-2.72989	-63.9203	-61.1904
BLOCK27/SES279/SA279S20	SES292	-0.540543	-61.7309	-61.1904
BLOCK27/SES279/SA279S26	SES099	-3.2599	-64.5538	-61.2939
BLOCK27/SES279/SA279S26	SES206	-1.27308	-62.567	-61.2939
BLOCK27/SES279/SA279S26	SES226	-1.3776	-62.6715	-61.2939
BLOCK27/SES279/SA279S26	SES292	-1.17447	-62.4684	-61.2939
BLOCK27/SES279/SA279S28	SES099	-3.36102	-62.9055	-59.5445
BLOCK27/SES279/SA279S28	SES120	-1.80987	-61.3544	-59.5445
BLOCK27/SES279/SA279S28	SES177	-3.53552	-63.08	-59.5445
BLOCK27/SES279/SA279S28	SES206	-2.46357	-62.0081	-59.5445
BLOCK29/SES290/SA290S12	SES162	-2.03032	-63.5341	-61.5038
BLOCK29/SES290/SA290S12	SES177	-1.7197	-63.2235	-61.5038
BLOCK29/SES290/SA290S12	SES180	-2.59208	-64.0958	-61.5038
BLOCK29/SES290/SA290S12	SES292	-2.06017	-63.5639	-61.5038
BLOCK29/SES290/SA290S13	SES007	-3.05817	-65.6347	-62.5766
BLOCK29/SES290/SA290S13	SES162	-2.75019	-65.3268	-62.5766
BLOCK29/SES290/SA290S13	SES177	-0.880299	-63.4569	-62.5766
BLOCK29/SES290/SA290S13	SES180	-1.90415	-64.4807	-62.5766
BLOCK29/SES290/SA290S22	SES177	-1.41479	-63.2277	-61.8129
BLOCK29/SES290/SA290S22	SES180	-1.24052	-63.0535	-61.8129
BLOCK29/SES290/SA290S22	SES202	-1.2901	-63.103	-61.8129
BLOCK29/SES290/SA290S22	SES292	-2.80655	-64.6195	-61.8129
BLOCK29/SES290/SA290S25	SES162	-1.4697	-63.0006	-61.5309
BLOCK29/SES290/SA290S25	SES177	-1.03876	-62.5697	-61.5309
BLOCK29/SES290/SA290S25	SES180	-1.65856	-63.1895	-61.5309
BLOCK29/SES290/SA290S25	SES292	-1.44859	-62.9795	-61.5309
BLOCK29/SES290/SA290S29	SES177	-0.047142	-61.5869	-61.5398
BLOCK29/SES290/SA290S29	SES180	-0.280643	-61.8204	-61.5398
BLOCK29/SES290/SA290S29	SES275	-2.19118	-63.7309	-61.5398
BLOCK29/SES290/SA290S29	SES292	-1.6002	-63.14	-61.5398
BLOCK29/SES291/SA291S11	SES105	-3.46722	-64.6156	-61.1484
BLOCK29/SES291/SA291S11	SES125	-0.765724	-61.9142	-61.1484
BLOCK29/SES291/SA291S11	SES158	-1.20259	-62.351	-61.1484
BLOCK29/SES291/SA291S11	SES275	-4.45181	-65.6002	-61.1484
BLOCK29/SES291/SA291S12	SES158	-0.335106	-60.477	-60.1419
BLOCK29/SES291/SA291S12	SES226	-1.58863	-61.7305	-60.1419
BLOCK29/SES291/SA291S12	SES270	0.295071	-59.8468	-60.1419
BLOCK29/SES291/SA291S12	SES275	-4.98406	-65.1259	-60.1419
BLOCK29/SES291/SA291S22	SES082	-1.07908	-61.3866	-60.3075
BLOCK29/SES291/SA291S22	SES158	-0.784443	-61.0919	-60.3075
BLOCK29/SES291/SA291S22	SES259	-1.32189	-61.6294	-60.3075
BLOCK29/SES291/SA291S22	SES275	-4.26841	-64.5759	-60.3075
BLOCK29/SES291/SA291S24	SES104	-0.200855	-59.2815	-59.0806
BLOCK29/SES291/SA291S24	SES125	-0.460655	-59.5413	-59.0806
BLOCK29/SES291/SA291S24	SES158	-0.596821	-59.6775	-59.0806
BLOCK29/SES291/SA291S24	SES275	-4.3073	-63.3879	-59.0806
BLOCK29/SES291/SA291S27	SES158	-0.156788	-59.7694	-59.6126
BLOCK29/SES291/SA291S27	SES172	-5.47614	-65.0888	-59.6126
BLOCK29/SES291/SA291S27	SES275	-4.60736	-64.22	-59.6126
BLOCK29/SES291/SA291S27	SES292	-4.4844	-64.097	-59.6126
Threshold search:
THR	-10.29991416786	9	0(0)	1(1000)
THR	-10.1582354261814	8.991	0(0)	0.999(999)
THR	-10.0165566845028	8.991	0(0)	0.999(999)
THR	-9.8748779428242	8.991	0(0)	0.999(999)
THR	-9.7331992011456	8.991	0(0)	0.999(999)
THR	-9.591520459467	8.991	0(0)	0.999(999)
THR	-9.4498417177884	8.991	0(0)	0.999(999)
THR	-9.3081629761098	8.991	0(0)	0.999(999)
THR	-9.1664842344312	8.991	0(0)	0.999(999)
THR	-9.0248054927526	8.991	0(0)	0.999(999)
THR	-8.883126751074	8.991	0(0)	0.999(999)
THR	-8.7414480093954	8.991	0(0)	0.999(999)
THR	-8.5997692677168	8.991	0(0)	0.999(999)
THR	-8.4580905260382	8.991	0(0)	0.999(999)
THR	-8.3164117843596	8.991	0(0)	0.999(999)
THR	-8.174733042681	8.991	0(0)	0.999(999)
THR	-8.0330543010024	8.991	0(0)	0.999(999)
THR	-7.8913755593238	8.991	0(0)	0.999(999)
THR	-7.7496968176452	8.991	0(0)	0.999(999)
THR	-7.6080180759666	8.982	0(0)	0.998(998)
THR	-7.466339334288	8.982	0(0)	0.998(998)
THR	-7.3246605926094	8.982	0(0)	0.998(998)
THR	-7.1829818509308	8.982	0(0)	0.998(998)
THR	-7.0413031092522	8.982	0(0)	0.998(998)
THR	-6.8996243675736	8.982	0(0)	0.998(998)
THR	-6.757945625895	8.982	0(0)	0.998(998)
THR	-6.6162668842164	8.982	0(0)	0.998(998)
THR	-6.4745881425378	8.982	0(0)	0.998(998)
THR	-6.3329094008592	8.973	0(0)	0.997(997)
THR	-6.1912306591806	8.973	0(0)	0.997(997)
THR	-6.049551917502	8.973	0(0)	0.997(997)
THR	-5.9078731758234	8.973	0(0)	0.997(997)
THR	-5.7661944341448	8.973	0(0)	0.997(997)
THR	-5.6245156924662	8.973	0(0)	0.997(997)
THR	-5.4828369507876	8.973	0(0)	0.997(997)
THR	-5.341158209109	8.946	0(0)	0.994(994)
THR	-5.1994794674304	8.928	0(0)	0.992(992)
THR	-5.0578007257518	8.928	0(0)	0.992(992)
THR	-4.9161219840732	8.892	0(0)	0.988(988)
THR	-4.7744432423946	8.874	0(0)	0.986(986)
THR	-4.632764500716	8.856	0(0)	0.984(984)
THR	-4.4910857590374	8.847	0(0)	0.983(983)
THR	-4.3494070173588	8.811	0(0)	0.979(979)
THR	-4.2077282756802	8.721	0(0)	0.969(969)
THR	-4.0660495340016	8.667	0(0)	0.963(963)
THR	-3.924370792323	8.586	0(0)	0.954(954)
THR	-3.7826920506444	8.514	0(0)	0.946(946)
THR	-3.6410133089658	8.46	0(0)	0.94(940)
THR	-3.4993345672872	8.343	0(0)	0.927(927)
THR	-3.3576558256086	8.217	0(0)	0.913(913)
THR	-3.21597708393	8.068	0.004(1)	0.896(896)
THR	-3.0742983422514	7.942	0.004(1)	0.882(882)
THR	-2.9326196005728	7.816	0.004(1)	0.868(868)
THR	-2.7909408588942	7.627	0.004(1)	0.847(847)
THR	-2.6492621172156	7.483	0.004(1)	0.831(831)
THR	-2.507583375537	7.267	0.004(1)	0.807(807)
THR	-2.3659046338584	6.97	0.004(1)	0.774(774)
THR	-2.2242258921798	6.637	0.004(1)	0.737(737)
THR	-2.0825471505012	6.322	0.004(1)	0.702(702)
THR	-1.9408684088226	5.908	0.004(1)	0.656(656)
THR	-1.799189667144	5.638	0.004(1)	0.626(626)
THR	-1.6575109254654	5.098	0.004(1)	0.566(566)
THR	-1.5158321837868	4.603	0.004(1)	0.511(511)
THR	-1.3741534421082	4.108	0.004(1)	0.456(456)
THR	-1.2324747004296	3.595	0.004(1)	0.399(399)
THR	-1.09079595875099	3.046	0.004(1)	0.338(338)
THR	-0.949117217072395	2.551	0.004(1)	0.283(283)
THR	-0.807438475393795	2.011	0.004(1)	0.223(223)
THR	-0.665759733715195	1.507	0.004(1)	0.167(167)
THR	-0.524080992036595	1.124	0.008(2)	0.124(124)
THR	-0.382402250357995	0.827	0.008(2)	0.091(91)
THR	-0.240723508679395	0.579	0.012(3)	0.063(63)
THR	-0.0990447670007953	0.394	0.016(4)	0.042(42)
THR	0.0426339746778047	0.249	0.024(6)	0.025(25)
THR	0.184312716356405	0.163	0.028(7)	0.015(15)
THR	0.325991458035005	0.128	0.056(14)	0.008(8)
THR	0.467670199713605	0.121	0.076(19)	0.005(5)
THR	0.609348941392205	0.119	0.092(23)	0.003(3)
THR	0.751027683070804	0.146	0.128(32)	0.002(2)
THR	0.892706424749404	0.193	0.184(46)	0.001(1)
THR	1.034385166428	0.253	0.244(61)	0.001(1)
THR	1.1760639081066	0.321	0.312(78)	0.001(1)
THR	1.3177426497852	0.392	0.392(98)	0(0)
THR	1.4594213914638	0.464	0.464(116)	0(0)
THR	1.6011001331424	0.544	0.544(136)	0(0)
THR	1.742778874821	0.608	0.608(152)	0(0)
THR	1.8844576164996	0.66	0.66(165)	0(0)
THR	2.0261363581782	0.696	0.696(174)	0(0)
THR	2.1678150998568	0.736	0.736(184)	0(0)
THR	2.3094938415354	0.788	0.788(197)	0(0)
THR	2.451172583214	0.816	0.816(204)	0(0)
THR	2.5928513248926	0.864	0.864(216)	0(0)
THR	2.7345300665712	0.908	0.908(227)	0(0)
THR	2.8762088082498	0.92	0.92(230)	0(0)
THR	3.01788754992841	0.924	0.924(231)	0(0)
THR	3.15956629160701	0.94	0.94(235)	0(0)
THR	3.30124503328561	0.956	0.956(239)	0(0)
THR	3.44292377496421	0.96	0.96(240)	0(0)
THR	3.58460251664281	0.98	0.98(245)	0(0)
THR	3.72628125832141	0.988	0.988(247)	0(0)
THR	3.86796000000001	1	1(250)	0(0)


==============================================
THR: 0.609348941392205
Missed:     23/250=0.0920
FalseAlarm: 3/1000=0.0030
----------------------------------------------
==> CostDetection: 11.9
==============================================
