BLOCK00/SES002/SA002S12	SES002	0.825718	3.63216	2.80645
BLOCK00/SES002/SA002S13	SES002	1.48976	3.87801	2.38825
BLOCK00/SES002/SA002S23	SES002	1.06702	3.7701	2.70309
BLOCK00/SES002/SA002S26	SES002	1.07495	3.63902	2.56407
BLOCK00/SES002/SA002S28	SES002	1.1391	3.4547	2.3156
BLOCK00/SES007/SA007S14	SES007	1.65291	5.52767	3.87475
BLOCK00/SES007/SA007S15	SES007	0.731436	4.15837	3.42693
BLOCK00/SES007/SA007S24	SES007	0.805712	4.10329	3.29758
BLOCK00/SES007/SA007S27	SES007	0.878763	3.46542	2.58666
BLOCK00/SES007/SA007S29	SES007	0.125188	3.87265	3.74746
BLOCK00/SES008/SA008S11	SES008	1.37535	4.74671	3.37136
BLOCK00/SES008/SA008S12	SES008	0.987646	4.38887	3.40122
BLOCK00/SES008/SA008S19	SES008	1.89141	5.69782	3.80642
BLOCK00/SES008/SA008S22	SES008	0.677998	3.20091	2.52292
BLOCK00/SES008/SA008S29	SES008	2.1226	5.61216	3.48956
BLOCK01/SES014/SA014S10	SES014	1.74624	4.99459	3.24836
BLOCK01/SES014/SA014S12	SES014	2.27799	6.52202	4.24403
BLOCK01/SES014/SA014S24	SES014	0.687569	4.05025	3.36268
BLOCK01/SES014/SA014S26	SES014	1.87298	6.30014	4.42716
BLOCK01/SES014/SA014S28	SES014	2.57971	6.85214	4.27243
BLOCK01/SES016/SA016S12	SES016	0.960778	3.15286	2.19209
BLOCK01/SES016/SA016S13	SES016	1.7785	5.09485	3.31635
BLOCK01/SES016/SA016S22	SES016	2.09763	5.15811	3.06049
BLOCK01/SES016/SA016S25	SES016	1.82781	6.21356	4.38575
BLOCK01/SES016/SA016S27	SES016	1.72794	5.95363	4.22569
BLOCK01/SES019/SA019S13	SES019	2.96461	3.89099	0.926377
BLOCK01/SES019/SA019S14	SES019	2.47077	3.87105	1.40028
BLOCK01/SES019/SA019S22	SES019	2.78813	4.23844	1.45031
BLOCK01/SES019/SA019S25	SES019	2.70321	4.34715	1.64394
BLOCK01/SES019/SA019S29	SES019	3.59442	4.06506	0.47064
BLOCK02/SES029/SA029S11	SES029	1.58328	5.67049	4.0872
BLOCK02/SES029/SA029S12	SES029	0.617386	4.90173	4.28435
BLOCK02/SES029/SA029S20	SES029	1.24435	5.26776	4.0234
BLOCK02/SES029/SA029S25	SES029	0.92856	5.3282	4.39964
BLOCK02/SES029/SA029S28	SES029	0.362224	4.67133	4.30911
BLOCK04/SES042/SA042S12	SES042	1.70163	5.08044	3.37881
BLOCK04/SES042/SA042S15	SES042	2.18409	5.76042	3.57633
BLOCK04/SES042/SA042S22	SES042	2.87442	6.44884	3.57442
BLOCK04/SES042/SA042S25	SES042	1.23535	3.60449	2.36914
BLOCK04/SES042/SA042S27	SES042	1.8554	5.39088	3.53548
BLOCK04/SES048/SA048S11	SES048	1.14186	5.09181	3.94996
BLOCK04/SES048/SA048S12	SES048	0.372042	4.03784	3.6658
BLOCK04/SES048/SA048S20	SES048	0.372858	4.82505	4.45219
BLOCK04/SES048/SA048S23	SES048	1.267	4.55996	3.29296
BLOCK04/SES048/SA048S27	SES048	0.752079	5.30351	4.55144
BLOCK06/SES060/SA060S11	SES060	2.037	6.25552	4.21853
BLOCK06/SES060/SA060S12	SES060	0.852542	5.06923	4.21669
BLOCK06/SES060/SA060S22	SES060	-0.0194371	3.27233	3.29177
BLOCK06/SES060/SA060S24	SES060	1.35591	5.81285	4.45694
BLOCK06/SES060/SA060S28	SES060	1.27066	6.80783	5.53717
BLOCK06/SES062/SA062S10	SES062	0.250279	4.33657	4.08629
BLOCK06/SES062/SA062S11	SES062	1.00774	4.2992	3.29145
BLOCK06/SES062/SA062S21	SES062	1.47594	6.66922	5.19329
BLOCK06/SES062/SA062S26	SES062	0.786724	5.55439	4.76767
BLOCK06/SES062/SA062S29	SES062	1.50661	6.47345	4.96684
BLOCK06/SES068/SA068S14	SES068	0.201191	4.32411	4.12292
BLOCK06/SES068/SA068S15	SES068	1.2499	5.35367	4.10377
BLOCK06/SES068/SA068S23	SES068	0.896115	4.37836	3.48224
BLOCK06/SES068/SA068S27	SES068	2.01574	6.15072	4.13498
BLOCK06/SES068/SA068S29	SES068	0.686808	4.73994	4.05313
BLOCK08/SES082/SA082S12	SES082	0.196512	2.6841	2.48759
BLOCK08/SES082/SA082S14	SES082	-0.0118418	2.43597	2.44781
BLOCK08/SES082/SA082S21	SES082	0.140825	2.80715	2.66633
BLOCK08/SES082/SA082S24	SES082	0.963029	4.02995	3.06692
BLOCK08/SES082/SA082S28	SES082	1.11607	3.63788	2.52181
BLOCK08/SES083/SA083S14	SES083	-0.0013566	4.25584	4.2572
BLOCK08/SES083/SA083S15	SES083	0.901456	4.95358	4.05212
BLOCK08/SES083/SA083S24	SES083	0.339384	4.16573	3.82634
BLOCK08/SES083/SA083S26	SES083	0.566921	3.72514	3.15822
BLOCK08/SES083/SA083S29	SES083	0.0160193	4.34583	4.32981
BLOCK08/SES085/SA085S10	SES085	0.786141	5.06417	4.27803
BLOCK08/SES085/SA085S13	SES085	0.267689	4.03898	3.77129
BLOCK08/SES085/SA085S22	SES085	0.421722	4.93706	4.51534
BLOCK08/SES085/SA085S26	SES085	0.518759	4.95341	4.43465
BLOCK08/SES085/SA085S28	SES085	1.63426	5.49271	3.85845
BLOCK08/SES087/SA087S15	SES087	1.45235	4.04742	2.59507
BLOCK08/SES087/SA087S16	SES087	1.25273	3.8352	2.58247
BLOCK08/SES087/SA087S24	SES087	1.62104	4.53723	2.91619
BLOCK08/SES087/SA087S26	SES087	1.22881	5.00144	3.77264
BLOCK08/SES087/SA087S29	SES087	1.81989	4.66427	2.84438
BLOCK09/SES099/SA099S15	SES099	1.26043	3.58577	2.32534
BLOCK09/SES099/SA099S16	SES099	1.42693	3.81575	2.38882
BLOCK09/SES099/SA099S24	SES099	1.29991	4.17796	2.87805
BLOCK09/SES099/SA099S26	SES099	1.436	4.11847	2.68248
BLOCK09/SES099/SA099S29	SES099	1.45546	4.25302	2.79755
BLOCK10/SES101/SA101S11	SES101	0.308088	3.91668	3.60859
BLOCK10/SES101/SA101S13	SES101	1.38226	5.59994	4.21768
BLOCK10/SES101/SA101S22	SES101	1.22506	4.28543	3.06038
BLOCK10/SES101/SA101S24	SES101	0.995513	4.18088	3.18537
BLOCK10/SES101/SA101S28	SES101	1.0233	4.78074	3.75744
BLOCK10/SES104/SA104S11	SES104	1.63641	5.20705	3.57064
BLOCK10/SES104/SA104S12	SES104	1.50721	4.61419	3.10699
BLOCK10/SES104/SA104S21	SES104	1.15606	3.9578	2.80174
BLOCK10/SES104/SA104S24	SES104	0.539583	3.31426	2.77468
BLOCK10/SES104/SA104S28	SES104	0.946141	4.06028	3.11414
BLOCK10/SES105/SA105S12	SES105	0.894462	3.03532	2.14086
BLOCK10/SES105/SA105S13	SES105	0.910887	3.54311	2.63222
BLOCK10/SES105/SA105S22	SES105	0.308642	2.58478	2.27613
BLOCK10/SES105/SA105S26	SES105	1.31572	3.80378	2.48806
BLOCK10/SES105/SA105S29	SES105	1.47267	4.80531	3.33264
BLOCK10/SES106/SA106S09	SES106	1.2931	2.57763	1.28452
BLOCK10/SES106/SA106S11	SES106	1.47897	4.20379	2.72481
BLOCK10/SES106/SA106S22	SES106	3.24252	4.103	0.860481
BLOCK10/SES106/SA106S27	SES106	1.81636	4.12336	2.307
BLOCK10/SES106/SA106S29	SES106	1.32597	3.74886	2.42289
BLOCK11/SES117/SA117S12	SES117	1.094	4.32945	3.23545
BLOCK11/SES117/SA117S13	SES117	0.0757005	3.78078	3.70507
BLOCK11/SES117/SA117S23	SES117	1.28946	3.80306	2.5136
BLOCK11/SES117/SA117S25	SES117	0.93127	2.97917	2.0479
BLOCK11/SES117/SA117S28	SES117	1.29348	3.6564	2.36292
BLOCK12/SES120/SA120S08	SES120	1.1205	3.33735	2.21685
BLOCK12/SES120/SA120S11	SES120	0.827128	1.41252	0.585388
BLOCK12/SES120/SA120S22	SES120	0.367681	3.86477	3.49709
BLOCK12/SES120/SA120S24	SES120	0.32785	2.96989	2.64204
BLOCK12/SES120/SA120S28	SES120	0.00931203	1.62362	1.61431
BLOCK12/SES125/SA125S13	SES125	2.26733	4.7427	2.47537
BLOCK12/SES125/SA125S14	SES125	1.15045	3.42739	2.27695
BLOCK12/SES125/SA125S25	SES125	1.44526	3.92171	2.47645
BLOCK12/SES125/SA125S27	SES125	1.81522	5.24113	3.42592
BLOCK12/SES125/SA125S29	SES125	1.66428	4.41065	2.74637
BLOCK12/SES127/SA127S11	SES127	0.808966	4.32045	3.51148
BLOCK12/SES127/SA127S12	SES127	0.368868	4.94282	4.57395
BLOCK12/SES127/SA127S23	SES127	0.617356	4.55568	3.93832
BLOCK12/SES127/SA127S25	SES127	0.21554	3.90165	3.68611
BLOCK12/SES127/SA127S27	SES127	1.13618	4.80819	3.67201
BLOCK12/SES129/SA129S11	SES129	1.64623	5.56713	3.9209
BLOCK12/SES129/SA129S12	SES129	1.59314	5.42544	3.8323
BLOCK12/SES129/SA129S22	SES129	1.07273	4.3329	3.26017
BLOCK12/SES129/SA129S27	SES129	1.74901	5.2957	3.54669
BLOCK12/SES129/SA129S29	SES129	1.26201	4.97099	3.70899
BLOCK14/SES142/SA142S11	SES142	1.68202	4.96517	3.28315
BLOCK14/SES142/SA142S12	SES142	1.57878	4.56508	2.9863
BLOCK14/SES142/SA142S24	SES142	1.57636	5.28144	3.70508
BLOCK14/SES142/SA142S27	SES142	1.49978	5.07766	3.57788
BLOCK14/SES142/SA142S29	SES142	1.35865	5.19673	3.83808
BLOCK14/SES143/SA143S12	SES143	0.943657	4.16575	3.22209
BLOCK14/SES143/SA143S13	SES143	0.76934	3.75391	2.98457
BLOCK14/SES143/SA143S23	SES143	1.21839	4.06728	2.8489
BLOCK14/SES143/SA143S25	SES143	1.30146	4.75233	3.45087
BLOCK14/SES143/SA143S28	SES143	1.17522	4.39253	3.21731
BLOCK14/SES144/SA144S09	SES144	1.17894	4.52874	3.34979
BLOCK14/SES144/SA144S11	SES144	0.919677	3.97724	3.05756
BLOCK14/SES144/SA144S21	SES144	-0.0587494	2.83352	2.89227
BLOCK14/SES144/SA144S25	SES144	0.608872	3.60137	2.99249
BLOCK14/SES144/SA144S29	SES144	0.19832	3.97557	3.77725
BLOCK14/SES146/SA146S14	SES146	0.849638	3.24047	2.39084
BLOCK14/SES146/SA146S15	SES146	1.01512	3.71454	2.69942
BLOCK14/SES146/SA146S24	SES146	1.21853	4.03774	2.81922
BLOCK14/SES146/SA146S26	SES146	1.36584	4.16298	2.79714
BLOCK14/SES146/SA146S29	SES146	0.836638	2.84235	2.00571
BLOCK14/SES147/SA147S11	SES147	1.49721	4.50751	3.0103
BLOCK14/SES147/SA147S13	SES147	1.66209	5.34694	3.68485
BLOCK14/SES147/SA147S23	SES147	0.502636	3.81234	3.30971
BLOCK14/SES147/SA147S26	SES147	1.02069	4.22072	3.20003
BLOCK14/SES147/SA147S28	SES147	1.23986	4.45	3.21014
BLOCK14/SES148/SA148S10	SES148	1.24644	4.67299	3.42655
BLOCK14/SES148/SA148S12	SES148	0.819263	3.52275	2.70349
BLOCK14/SES148/SA148S22	SES148	1.49117	5.42377	3.9326
BLOCK14/SES148/SA148S26	SES148	0.142725	4.6838	4.54107
BLOCK14/SES148/SA148S29	SES148	0.32609	3.85504	3.52895
BLOCK14/SES149/SA149S13	SES149	-0.274403	3.02041	3.29481
BLOCK14/SES149/SA149S14	SES149	0.562225	4.61449	4.05226
BLOCK14/SES149/SA149S24	SES149	1.30588	4.98914	3.68326
BLOCK14/SES149/SA149S26	SES149	0.964178	5.48872	4.52454
BLOCK14/SES149/SA149S28	SES149	1.5189	6.1441	4.6252
BLOCK15/SES158/SA158S13	SES158	1.09767	3.20538	2.1077
BLOCK15/SES158/SA158S14	SES158	1.78462	3.064	1.27939
BLOCK15/SES158/SA158S23	SES158	1.13532	3.40076	2.26544
BLOCK15/SES158/SA158S26	SES158	1.89331	3.02539	1.13209
BLOCK15/SES158/SA158S28	SES158	0.581232	2.88782	2.30658
BLOCK16/SES162/SA162S10	SES162	1.00624	3.36729	2.36105
BLOCK16/SES162/SA162S11	SES162	0.730334	4.52035	3.79001
BLOCK16/SES162/SA162S21	SES162	1.84255	4.91808	3.07553
BLOCK16/SES162/SA162S24	SES162	0.951373	4.09875	3.14738
BLOCK16/SES162/SA162S27	SES162	1.42616	3.77725	2.35109
BLOCK16/SES167/SA167S14	SES167	1.23679	6.08879	4.852
BLOCK16/SES167/SA167S15	SES167	1.32525	5.59774	4.27248
BLOCK16/SES167/SA167S21	SES167	1.92509	5.95941	4.03432
BLOCK16/SES167/SA167S25	SES167	2.41575	5.77301	3.35726
BLOCK16/SES167/SA167S29	SES167	2.24641	6.87426	4.62785
BLOCK17/SES172/SA172S12	SES172	1.41094	4.59081	3.17988
BLOCK17/SES172/SA172S13	SES172	1.55138	4.59675	3.04537
BLOCK17/SES172/SA172S23	SES172	1.46438	5.31806	3.85368
BLOCK17/SES172/SA172S27	SES172	0.935856	4.21517	3.27932
BLOCK17/SES172/SA172S29	SES172	1.84897	5.1588	3.30983
BLOCK17/SES175/SA175S11	SES175	0.675118	4.66865	3.99353
BLOCK17/SES175/SA175S13	SES175	0.73469	4.99204	4.25735
BLOCK17/SES175/SA175S23	SES175	0.99017	5.15624	4.16607
BLOCK17/SES175/SA175S25	SES175	0.484496	3.24074	2.75625
BLOCK17/SES175/SA175S28	SES175	0.538751	5.00977	4.47102
BLOCK17/SES177/SA177S15	SES177	0.566965	3.8511	3.28413
BLOCK17/SES177/SA177S17	SES177	0.53191	3.93521	3.4033
BLOCK17/SES177/SA177S23	SES177	0.124259	3.1024	2.97814
BLOCK17/SES177/SA177S26	SES177	1.04255	5.72041	4.67786
BLOCK17/SES177/SA177S28	SES177	1.27357	4.92642	3.65286
BLOCK18/SES180/SA180S13	SES180	-0.166592	3.14866	3.31525
BLOCK18/SES180/SA180S15	SES180	0.772219	3.84274	3.07053
BLOCK18/SES180/SA180S24	SES180	0.816924	5.11872	4.30179
BLOCK18/SES180/SA180S26	SES180	0.854742	4.79979	3.94504
BLOCK18/SES180/SA180S29	SES180	0.637558	4.30703	3.66948
BLOCK18/SES183/SA183S13	SES183	1.4765	4.34469	2.86819
BLOCK18/SES183/SA183S14	SES183	0.125397	3.15591	3.03051
BLOCK18/SES183/SA183S24	SES183	1.47478	3.86991	2.39513
BLOCK18/SES183/SA183S27	SES183	1.11007	3.73545	2.62538
BLOCK18/SES183/SA183S29	SES183	1.16611	4.07222	2.90611
BLOCK18/SES187/SA187S13	SES187	0.58982	3.85954	3.26972
BLOCK18/SES187/SA187S14	SES187	0.900028	3.54568	2.64565
BLOCK18/SES187/SA187S24	SES187	1.05635	3.92702	2.87067
BLOCK18/SES187/SA187S27	SES187	1.46294	4.01623	2.55329
BLOCK18/SES187/SA187S29	SES187	1.10014	3.65615	2.55602
BLOCK18/SES189/SA189S10	SES189	1.20589	4.04838	2.84249
BLOCK18/SES189/SA189S13	SES189	0.920689	3.26786	2.34718
BLOCK18/SES189/SA189S24	SES189	1.1763	4.45336	3.27706
BLOCK18/SES189/SA189S26	SES189	0.886471	4.6659	3.77943
BLOCK18/SES189/SA189S29	SES189	1.40444	4.64682	3.24238
BLOCK20/SES202/SA202S12	SES202	0.746845	3.86169	3.11485
BLOCK20/SES202/SA202S14	SES202	2.20265	4.83889	2.63625
BLOCK20/SES202/SA202S24	SES202	1.20516	4.17334	2.96818
BLOCK20/SES202/SA202S27	SES202	1.39292	5.69624	4.30331
BLOCK20/SES202/SA202S29	SES202	1.0209	5.55932	4.53842
BLOCK20/SES206/SA206S15	SES206	-0.122504	3.27238	3.39489
BLOCK20/SES206/SA206S17	SES206	1.48476	4.42032	2.93556
BLOCK20/SES206/SA206S24	SES206	1.90798	5.382	3.47403
BLOCK20/SES206/SA206S27	SES206	1.5959	4.04966	2.45376
BLOCK20/SES206/SA206S29	SES206	1.11302	4.76424	3.65123
BLOCK22/SES226/SA226S12	SES226	1.15379	3.81852	2.66473
BLOCK22/SES226/SA226S13	SES226	-0.15836	2.90192	3.06028
BLOCK22/SES226/SA226S20	SES226	1.24447	3.38822	2.14375
BLOCK22/SES226/SA226S23	SES226	1.65304	4.40271	2.74967
BLOCK22/SES226/SA226S28	SES226	1.59384	4.53751	2.94367
BLOCK25/SES259/SA259S13	SES259	3.1355	5.02505	1.88955
BLOCK25/SES259/SA259S14	SES259	2.1036	4.6511	2.54751
BLOCK25/SES259/SA259S22	SES259	1.72807	4.11216	2.38408
BLOCK25/SES259/SA259S24	SES259	1.85085	4.83749	2.98664
BLOCK25/SES259/SA259S28	SES259	2.05218	4.68516	2.63298
BLOCK27/SES270/SA270S14	SES270	2.11028	2.70703	0.596753
BLOCK27/SES270/SA270S16	SES270	0.393245	2.43322	2.03997
BLOCK27/SES270/SA270S22	SES270	2.18928	3.65302	1.46374
BLOCK27/SES270/SA270S26	SES270	1.19805	2.08834	0.89029
BLOCK27/SES270/SA270S28	SES270	1.22138	3.23624	2.01486
BLOCK27/SES275/SA275S17	SES275	1.19377	4.47487	3.2811
BLOCK27/SES275/SA275S18	SES275	0.471261	4.19525	3.72398
BLOCK27/SES275/SA275S24	SES275	0.548482	2.96828	2.4198
BLOCK27/SES275/SA275S26	SES275	0.796293	4.2623	3.46601
BLOCK27/SES275/SA275S28	SES275	0.595052	4.07454	3.47949
BLOCK29/SES292/SA292S10	SES292	0.556672	3.96058	3.40391
BLOCK29/SES292/SA292S12	SES292	0.378284	3.53139	3.15311
BLOCK29/SES292/SA292S22	SES292	0.666168	4.42563	3.75946
BLOCK29/SES292/SA292S24	SES292	0.457452	4.28704	3.82959
BLOCK29/SES292/SA292S27	SES292	0.346999	3.96741	3.62041
BLOCK00/SES001/SA001S14	SES062	-2.25115	0.869907	3.12106
BLOCK00/SES001/SA001S14	SES082	-1.61767	1.50339	3.12106
BLOCK00/SES001/SA001S14	SES106	-1.57128	1.54978	3.12106
BLOCK00/SES001/SA001S14	SES206	-1.68675	1.43431	3.12106
BLOCK00/SES001/SA001S15	SES062	-2.45199	1.09879	3.55077
BLOCK00/SES001/SA001S15	SES104	-2.47926	1.07152	3.55077
BLOCK00/SES001/SA001S15	SES106	-1.36915	2.18162	3.55077
BLOCK00/SES001/SA001S15	SES206	-1.54083	2.00994	3.55077
BLOCK00/SES001/SA001S24	SES062	-2.99277	-0.576199	2.41657
BLOCK00/SES001/SA001S24	SES082	-1.28356	1.13301	2.41657
BLOCK00/SES001/SA001S24	SES087	-2.04315	0.373424	2.41657
BLOCK00/SES001/SA001S24	SES206	-1.68457	0.732	2.41657
BLOCK00/SES001/SA001S27	SES062	-1.72611	2.38693	4.11304
BLOCK00/SES001/SA001S27	SES082	-1.65013	2.46291	4.11304
BLOCK00/SES001/SA001S27	SES087	-1.41025	2.70279	4.11304
BLOCK00/SES001/SA001S27	SES206	-1.43777	2.67527	4.11304
BLOCK00/SES001/SA001S29	SES062	-3.22058	-0.276264	2.94432
BLOCK00/SES001/SA001S29	SES082	-1.37019	1.57413	2.94432
BLOCK00/SES001/SA001S29	SES158	-1.01642	1.9279	2.94432
BLOCK00/SES001/SA001S29	SES206	-2.29642	0.647896	2.94432
BLOCK00/SES003/SA003S11	SES002	-0.87129	1.58932	2.46061
BLOCK00/SES003/SA003S11	SES019	-1.52917	0.931433	2.46061
BLOCK00/SES003/SA003S11	SES082	-0.946601	1.51401	2.46061
BLOCK00/SES003/SA003S11	SES125	-1.87751	0.5831	2.46061
BLOCK00/SES003/SA003S15	SES016	-1.46144	1.98763	3.44907
BLOCK00/SES003/SA003S15	SES019	-1.83772	1.61135	3.44907
BLOCK00/SES003/SA003S15	SES062	-0.593427	2.85564	3.44907
BLOCK00/SES003/SA003S15	SES206	-1.3522	2.09686	3.44907
BLOCK00/SES003/SA003S22	SES002	-1.97038	1.18225	3.15264
BLOCK00/SES003/SA003S22	SES062	-1.34409	1.80855	3.15264
BLOCK00/SES003/SA003S22	SES082	-1.45096	1.70167	3.15264
BLOCK00/SES003/SA003S22	SES087	-1.43378	1.71886	3.15264
BLOCK00/SES003/SA003S25	SES062	-2.51528	0.0455339	2.56081
BLOCK00/SES003/SA003S25	SES082	-1.63754	0.923273	2.56081
BLOCK00/SES003/SA003S25	SES087	-1.3346	1.22621	2.56081
BLOCK00/SES003/SA003S25	SES206	-1.51755	1.04326	2.56081
BLOCK00/SES003/SA003S29	SES002	-1.59485	0.912566	2.50742
BLOCK00/SES003/SA003S29	SES062	-2.76992	-0.262501	2.50742
BLOCK00/SES003/SA003S29	SES082	-1.09502	1.41239	2.50742
BLOCK00/SES003/SA003S29	SES087	-2.27742	0.229996	2.50742
BLOCK00/SES004/SA004S12	SES083	-1.32503	2.29728	3.62231
BLOCK00/SES004/SA004S12	SES148	-1.92528	1.69702	3.62231
BLOCK00/SES004/SA004S12	SES172	-0.199673	3.42263	3.62231
BLOCK00/SES004/SA004S12	SES292	-1.59724	2.02507	3.62231
BLOCK00/SES004/SA004S17	SES083	-1.4154	1.74337	3.15877
BLOCK00/SES004/SA004S17	SES162	-1.07866	2.08011	3.15877
BLOCK00/SES004/SA004S17	SES172	-0.765146	2.39362	3.15877
BLOCK00/SES004/SA004S17	SES292	-1.44532	1.71345	3.15877
BLOCK00/SES004/SA004S24	SES083	-1.55481	2.22625	3.78107
BLOCK00/SES004/SA004S24	SES148	-2.19826	1.5828	3.78107
BLOCK00/SES004/SA004S24	SES172	-0.476963	3.3041	3.78107
BLOCK00/SES004/SA004S24	SES292	-0.950107	2.83096	3.78107
BLOCK00/SES004/SA004S26	SES083	-1.84665	1.59064	3.4373
BLOCK00/SES004/SA004S26	SES127	-1.79531	1.64199	3.4373
BLOCK00/SES004/SA004S26	SES148	-3.16291	0.274384	3.4373
BLOCK00/SES004/SA004S26	SES292	-2.3976	1.0397	3.4373
BLOCK00/SES004/SA004S28	SES083	-1.51355	2.85853	4.37208
BLOCK00/SES004/SA004S28	SES127	-0.779906	3.59218	4.37208
BLOCK00/SES004/SA004S28	SES187	-0.438899	3.93318	4.37208
BLOCK00/SES004/SA004S28	SES292	-2.34812	2.02396	4.37208
BLOCK00/SES006/SA006S10	SES014	-2.20301	-1.69261	0.510405
BLOCK00/SES006/SA006S10	SES158	-1.80591	-1.2955	0.510405
BLOCK00/SES006/SA006S10	SES226	-4.02014	-3.50974	0.510405
BLOCK00/SES006/SA006S10	SES270	-1.0998	-0.589394	0.510405
BLOCK00/SES006/SA006S11	SES158	-1.41705	-0.796383	0.620668
BLOCK00/SES006/SA006S11	SES226	-2.1489	-1.52823	0.620668
BLOCK00/SES006/SA006S11	SES270	-0.592412	0.0282552	0.620668
BLOCK00/SES006/SA006S11	SES275	-2.29584	-1.67517	0.620668
BLOCK00/SES006/SA006S23	SES062	-3.24426	-1.2965	1.94776
BLOCK00/SES006/SA006S23	SES105	-3.52	-1.57223	1.94776
BLOCK00/SES006/SA006S23	SES158	-1.76197	0.185796	1.94776
BLOCK00/SES006/SA006S23	SES275	-2.02272	-0.0749627	1.94776
BLOCK00/SES006/SA006S26	SES104	-3.1952	-1.39077	1.80443
BLOCK00/SES006/SA006S26	SES158	-1.81069	-0.00626438	1.80443
BLOCK00/SES006/SA006S26	SES270	-0.433019	1.37141	1.80443
BLOCK00/SES006/SA006S26	SES275	-2.03257	-0.228141	1.80443
BLOCK00/SES006/SA006S28	SES007	-2.66769	-1.62014	1.04755
BLOCK00/SES006/SA006S28	SES105	-2.6397	-1.59215	1.04755
BLOCK00/SES006/SA006S28	SES158	-1.5512	-0.503654	1.04755
BLOCK00/SES006/SA006S28	SES275	-2.95969	-1.91214	1.04755
BLOCK00/SES009/SA009S12	SES083	-2.90761	0.571755	3.47936
BLOCK00/SES009/SA009S12	SES148	-2.19274	1.28662	3.47936
BLOCK00/SES009/SA009S12	SES177	-0.701134	2.77823	3.47936
BLOCK00/SES009/SA009S12	SES292	-1.37898	2.10038	3.47936
BLOCK00/SES009/SA009S15	SES007	-0.18373	4.07952	4.26325
BLOCK00/SES009/SA009S15	SES099	-3.00488	1.25837	4.26325
BLOCK00/SES009/SA009S15	SES148	-1.99167	2.27158	4.26325
BLOCK00/SES009/SA009S15	SES172	-1.68815	2.5751	4.26325
BLOCK00/SES009/SA009S24	SES146	-1.13686	2.43467	3.57153
BLOCK00/SES009/SA009S24	SES148	-2.25529	1.31624	3.57153
BLOCK00/SES009/SA009S24	SES177	-0.120435	3.45109	3.57153
BLOCK00/SES009/SA009S24	SES292	-1.00211	2.56942	3.57153
BLOCK00/SES009/SA009S26	SES083	-2.81392	0.252652	3.06657
BLOCK00/SES009/SA009S26	SES101	-2.47817	0.588399	3.06657
BLOCK00/SES009/SA009S26	SES120	-0.934737	2.13183	3.06657
BLOCK00/SES009/SA009S26	SES177	-0.489622	2.57695	3.06657
BLOCK00/SES009/SA009S29	SES083	-1.88526	1.98727	3.87253
BLOCK00/SES009/SA009S29	SES101	-1.67491	2.19762	3.87253
BLOCK00/SES009/SA009S29	SES177	-0.395331	3.4772	3.87253
BLOCK00/SES009/SA009S29	SES292	-1.17976	2.69277	3.87253
BLOCK01/SES011/SA011S10	SES019	-1.44442	0.997608	2.44203
BLOCK01/SES011/SA011S10	SES042	0.490724	2.93276	2.44203
BLOCK01/SES011/SA011S10	SES082	-2.16142	0.280611	2.44203
BLOCK01/SES011/SA011S10	SES206	-1.46497	0.977061	2.44203
BLOCK01/SES011/SA011S11	SES019	-1.96501	0.232168	2.19717
BLOCK01/SES011/SA011S11	SES042	-0.461916	1.73526	2.19717
BLOCK01/SES011/SA011S11	SES082	-2.0822	0.114978	2.19717
BLOCK01/SES011/SA011S11	SES206	-1.77277	0.424404	2.19717
BLOCK01/SES011/SA011S22	SES019	-0.432774	1.31629	1.74906
BLOCK01/SES011/SA011S22	SES042	1.09108	2.84014	1.74906
BLOCK01/SES011/SA011S22	SES082	-1.72779	0.021273	1.74906
BLOCK01/SES011/SA011S22	SES206	-1.17784	0.571227	1.74906
BLOCK01/SES011/SA011S24	SES019	-1.59132	1.02882	2.62014
BLOCK01/SES011/SA011S24	SES042	0.619706	3.23984	2.62014
BLOCK01/SES011/SA011S24	SES104	-1.80384	0.816299	2.62014
BLOCK01/SES011/SA011S24	SES206	-0.854184	1.76595	2.62014
BLOCK01/SES011/SA011S27	SES082	-0.72377	1.55802	2.28179
BLOCK01/SES011/SA011S27	SES087	-1.82618	0.455606	2.28179
BLOCK01/SES011/SA011S27	SES125	-1.23623	1.04556	2.28179
BLOCK01/SES011/SA011S27	SES206	-0.670035	1.61175	2.28179
BLOCK01/SES012/SA012S11	SES007	-0.564662	3.50623	4.07089
BLOCK01/SES012/SA012S11	SES082	-1.41462	2.65627	4.07089
BLOCK01/SES012/SA012S11	SES083	-1.63748	2.43341	4.07089
BLOCK01/SES012/SA012S11	SES206	-1.94673	2.12417	4.07089
BLOCK01/SES012/SA012S14	SES082	-0.780771	2.51526	3.29604
BLOCK01/SES012/SA012S14	SES087	-2.07161	1.22443	3.29604
BLOCK01/SES012/SA012S14	SES206	-1.14267	2.15336	3.29604
BLOCK01/SES012/SA012S14	SES292	-1.67033	1.6257	3.29604
BLOCK01/SES012/SA012S24	SES082	-0.626538	1.60907	2.23561
BLOCK01/SES012/SA012S24	SES087	-2.04883	0.186776	2.23561
BLOCK01/SES012/SA012S24	SES120	-1.63841	0.597195	2.23561
BLOCK01/SES012/SA012S24	SES206	-1.0174	1.21821	2.23561
BLOCK01/SES012/SA012S26	SES019	-3.57258	-0.209114	3.36346
BLOCK01/SES012/SA012S26	SES082	-2.18886	1.1746	3.36346
BLOCK01/SES012/SA012S26	SES206	-0.841292	2.52217	3.36346
BLOCK01/SES012/SA012S26	SES292	-1.12539	2.23807	3.36346
BLOCK01/SES012/SA012S29	SES062	-1.08872	2.61779	3.70652
BLOCK01/SES012/SA012S29	SES082	-0.903454	2.80306	3.70652
BLOCK01/SES012/SA012S29	SES083	-2.56332	1.14319	3.70652
BLOCK01/SES012/SA012S29	SES206	-1.13517	2.57134	3.70652
BLOCK01/SES013/SA013S16	SES062	-2.72208	-0.629284	2.0928
BLOCK01/SES013/SA013S16	SES106	-1.3387	0.754103	2.0928
BLOCK01/SES013/SA013S16	SES206	-1.21252	0.880277	2.0928
BLOCK01/SES013/SA013S16	SES226	-1.0153	1.0775	2.0928
BLOCK01/SES013/SA013S17	SES062	-2.35176	1.23237	3.58412
BLOCK01/SES013/SA013S17	SES106	-2.06899	1.51513	3.58412
BLOCK01/SES013/SA013S17	SES206	-0.661001	2.92312	3.58412
BLOCK01/SES013/SA013S17	SES226	-0.587745	2.99638	3.58412
BLOCK01/SES013/SA013S23	SES104	-2.12312	-0.141804	1.98132
BLOCK01/SES013/SA013S23	SES106	-0.869152	1.11217	1.98132
BLOCK01/SES013/SA013S23	SES206	-1.4151	0.566222	1.98132
BLOCK01/SES013/SA013S23	SES270	-0.218856	1.76246	1.98132
BLOCK01/SES013/SA013S25	SES042	-2.13262	0.412442	2.54506
BLOCK01/SES013/SA013S25	SES104	-1.82427	0.720796	2.54506
BLOCK01/SES013/SA013S25	SES106	-0.689325	1.85574	2.54506
BLOCK01/SES013/SA013S25	SES206	-1.48598	1.05908	2.54506
BLOCK01/SES013/SA013S29	SES062	-3.25394	-0.927114	2.32682
BLOCK01/SES013/SA013S29	SES104	-2.57575	-0.248922	2.32682
BLOCK01/SES013/SA013S29	SES106	-1.05936	1.26747	2.32682
BLOCK01/SES013/SA013S29	SES206	-1.86724	0.459584	2.32682
BLOCK02/SES021/SA021S13	SES016	-2.29564	1.2139	3.50954
BLOCK02/SES021/SA021S13	SES029	-1.31023	2.19931	3.50954
BLOCK02/SES021/SA021S13	SES087	-2.09882	1.41071	3.50954
BLOCK02/SES021/SA021S13	SES206	-1.63656	1.87297	3.50954
BLOCK02/SES021/SA021S15	SES087	-1.03922	3.23773	4.27694
BLOCK02/SES021/SA021S15	SES125	-1.32014	2.95681	4.27694
BLOCK02/SES021/SA021S15	SES206	-0.830689	3.44626	4.27694
BLOCK02/SES021/SA021S15	SES226	-1.82143	2.45551	4.27694
BLOCK02/SES021/SA021S23	SES062	-2.64811	-0.393004	2.25511
BLOCK02/SES021/SA021S23	SES087	-1.2544	1.00071	2.25511
BLOCK02/SES021/SA021S23	SES206	-1.49317	0.761935	2.25511
BLOCK02/SES021/SA021S23	SES226	-1.67513	0.579977	2.25511
BLOCK02/SES021/SA021S27	SES002	-0.982543	3.06964	4.05219
BLOCK02/SES021/SA021S27	SES016	-3.17601	0.876173	4.05219
BLOCK02/SES021/SA021S27	SES019	-1.83903	2.21316	4.05219
BLOCK02/SES021/SA021S27	SES062	-1.19767	2.85451	4.05219
BLOCK02/SES021/SA021S29	SES087	-1.17185	2.35368	3.52552
BLOCK02/SES021/SA021S29	SES125	-0.921978	2.60355	3.52552
BLOCK02/SES021/SA021S29	SES206	-0.930286	2.59524	3.52552
BLOCK02/SES021/SA021S29	SES226	-2.02274	1.50278	3.52552
BLOCK04/SES043/SA043S09	SES083	-1.01047	1.75109	2.76157
BLOCK04/SES043/SA043S09	SES101	-1.04577	1.71579	2.76157
BLOCK04/SES043/SA043S09	SES144	-0.554649	2.20692	2.76157
BLOCK04/SES043/SA043S09	SES172	-1.68421	1.07736	2.76157
BLOCK04/SES043/SA043S11	SES083	-0.696024	3.11204	3.80806
BLOCK04/SES043/SA043S11	SES101	-0.863022	2.94504	3.80806
BLOCK04/SES043/SA043S11	SES144	-0.0888503	3.71921	3.80806
BLOCK04/SES043/SA043S11	SES172	-1.13418	2.67388	3.80806
BLOCK04/SES043/SA043S23	SES083	-1.03324	2.5063	3.53954
BLOCK04/SES043/SA043S23	SES144	-0.154966	3.38457	3.53954
BLOCK04/SES043/SA043S23	SES177	-1.31629	2.22325	3.53954
BLOCK04/SES043/SA043S23	SES275	-1.21109	2.32845	3.53954
BLOCK04/SES043/SA043S26	SES083	-1.11026	1.91428	3.02454
BLOCK04/SES043/SA043S26	SES101	-1.54234	1.4822	3.02454
BLOCK04/SES043/SA043S26	SES144	-0.0473955	2.97714	3.02454
BLOCK04/SES043/SA043S26	SES177	-1.3454	1.67914	3.02454
BLOCK04/SES043/SA043S28	SES016	-2.02198	1.38246	3.40444
BLOCK04/SES043/SA043S28	SES083	-0.624197	2.78024	3.40444
BLOCK04/SES043/SA043S28	SES101	-0.746841	2.6576	3.40444
BLOCK04/SES043/SA043S28	SES144	-0.642798	2.76164	3.40444
BLOCK04/SES044/SA044S10	SES127	-2.52385	-1.38658	1.13727
BLOCK04/SES044/SA044S10	SES144	-0.320204	0.817066	1.13727
BLOCK04/SES044/SA044S10	SES147	-3.03227	-1.895	1.13727
BLOCK04/SES044/SA044S10	SES148	-2.53442	-1.39715	1.13727
BLOCK04/SES044/SA044S11	SES101	-0.706928	1.5759	2.28283
BLOCK04/SES044/SA044S11	SES144	0.42911	2.71194	2.28283
BLOCK04/SES044/SA044S11	SES147	-1.914	0.368829	2.28283
BLOCK04/SES044/SA044S11	SES177	-1.46269	0.820132	2.28283
BLOCK04/SES044/SA044S24	SES007	-2.90578	-0.106238	2.79954
BLOCK04/SES044/SA044S24	SES101	-0.902343	1.8972	2.79954
BLOCK04/SES044/SA044S24	SES147	-2.10704	0.692497	2.79954
BLOCK04/SES044/SA044S24	SES177	-1.40528	1.39426	2.79954
BLOCK04/SES044/SA044S26	SES007	-1.94068	0.829349	2.77003
BLOCK04/SES044/SA044S26	SES016	-1.50347	1.26656	2.77003
BLOCK04/SES044/SA044S26	SES101	-1.10895	1.66108	2.77003
BLOCK04/SES044/SA044S26	SES147	-0.704992	2.06504	2.77003
BLOCK04/SES044/SA044S29	SES007	-2.00156	1.60925	3.61082
BLOCK04/SES044/SA044S29	SES101	-0.134791	3.47603	3.61082
BLOCK04/SES044/SA044S29	SES147	-1.40522	2.2056	3.61082
BLOCK04/SES044/SA044S29	SES177	-1.42935	2.18147	3.61082
BLOCK04/SES046/SA046S13	SES101	-0.912041	2.14603	3.05807
BLOCK04/SES046/SA046S13	SES144	-0.19223	2.86584	3.05807
BLOCK04/SES046/SA046S13	SES147	-1.41575	1.64232	3.05807
BLOCK04/SES046/SA046S13	SES177	-1.26374	1.79433	3.05807
BLOCK04/SES046/SA046S15	SES048	0.022409	4.40027	4.37787
BLOCK04/SES046/SA046S15	SES083	-0.806158	3.57171	4.37787
BLOCK04/SES046/SA046S15	SES120	-2.46699	1.91088	4.37787
BLOCK04/SES046/SA046S15	SES148	-1.43821	2.93965	4.37787
BLOCK04/SES046/SA046S22	SES101	-0.592342	2.67019	3.26253
BLOCK04/SES046/SA046S22	SES144	-0.316827	2.94571	3.26253
BLOCK04/SES046/SA046S22	SES147	-2.13701	1.12552	3.26253
BLOCK04/SES046/SA046S22	SES172	-0.84304	2.41949	3.26253
BLOCK04/SES046/SA046S25	SES083	-0.873236	2.15263	3.02587
BLOCK04/SES046/SA046S25	SES127	-1.07284	1.95302	3.02587
BLOCK04/SES046/SA046S25	SES144	-1.209	1.81687	3.02587
BLOCK04/SES046/SA046S25	SES148	-1.16703	1.85884	3.02587
BLOCK04/SES046/SA046S28	SES007	-1.88793	1.478	3.36592
BLOCK04/SES046/SA046S28	SES105	-1.94655	1.41938	3.36592
BLOCK04/SES046/SA046S28	SES147	-0.931958	2.43396	3.36592
BLOCK04/SES046/SA046S28	SES148	-1.28779	2.07813	3.36592
BLOCK04/SES049/SA049S16	SES104	-0.578853	0.882866	1.46172
BLOCK04/SES049/SA049S16	SES106	-1.69761	-0.235891	1.46172
BLOCK04/SES049/SA049S16	SES120	-1.79895	-0.337232	1.46172
BLOCK04/SES049/SA049S16	SES206	-1.17832	0.283401	1.46172
BLOCK04/SES049/SA049S18	SES099	-0.666045	0.479964	1.14601
BLOCK04/SES049/SA049S18	SES104	-2.18854	-1.04253	1.14601
BLOCK04/SES049/SA049S18	SES125	-2.25701	-1.111	1.14601
BLOCK04/SES049/SA049S18	SES206	-2.05513	-0.909125	1.14601
BLOCK04/SES049/SA049S25	SES087	-1.59663	-0.0841737	1.51245
BLOCK04/SES049/SA049S25	SES104	-0.799998	0.712454	1.51245
BLOCK04/SES049/SA049S25	SES125	-1.26043	0.252022	1.51245
BLOCK04/SES049/SA049S25	SES206	-0.722428	0.790024	1.51245
BLOCK04/SES049/SA049S27	SES099	-0.364854	1.5916	1.95645
BLOCK04/SES049/SA049S27	SES104	-0.373817	1.58264	1.95645
BLOCK04/SES049/SA049S27	SES125	-1.80366	0.152797	1.95645
BLOCK04/SES049/SA049S27	SES206	-1.42693	0.529524	1.95645
BLOCK04/SES049/SA049S29	SES099	-0.354874	2.38428	2.73915
BLOCK04/SES049/SA049S29	SES104	-0.148713	2.59044	2.73915
BLOCK04/SES049/SA049S29	SES125	-1.30655	1.43261	2.73915
BLOCK04/SES049/SA049S29	SES206	-0.656243	2.08291	2.73915
BLOCK06/SES063/SA063S09	SES068	-1.39672	2.2523	3.64902
BLOCK06/SES063/SA063S09	SES083	-0.690675	2.95835	3.64902
BLOCK06/SES063/SA063S09	SES177	-0.90407	2.74495	3.64902
BLOCK06/SES063/SA063S09	SES187	-1.38328	2.26574	3.64902
BLOCK06/SES063/SA063S10	SES068	-2.03275	1.14309	3.17584
BLOCK06/SES063/SA063S10	SES083	-1.08639	2.08945	3.17584
BLOCK06/SES063/SA063S10	SES172	-1.59835	1.57749	3.17584
BLOCK06/SES063/SA063S10	SES187	-0.641254	2.53458	3.17584
BLOCK06/SES063/SA063S20	SES068	-2.38643	1.10117	3.4876
BLOCK06/SES063/SA063S20	SES083	-0.658792	2.82881	3.4876
BLOCK06/SES063/SA063S20	SES172	-0.586632	2.90097	3.4876
BLOCK06/SES063/SA063S20	SES187	-1.11306	2.37454	3.4876
BLOCK06/SES063/SA063S24	SES029	-2.04136	1.72644	3.7678
BLOCK06/SES063/SA063S24	SES083	-0.450381	3.31741	3.7678
BLOCK06/SES063/SA063S24	SES177	-0.612713	3.15508	3.7678
BLOCK06/SES063/SA063S24	SES189	-0.499693	3.2681	3.7678
BLOCK06/SES063/SA063S27	SES083	-0.378811	2.84013	3.21894
BLOCK06/SES063/SA063S27	SES172	-1.40292	1.81602	3.21894
BLOCK06/SES063/SA063S27	SES187	-0.847609	2.37133	3.21894
BLOCK06/SES063/SA063S27	SES292	-1.68692	1.53202	3.21894
BLOCK06/SES067/SA067S12	SES083	-1.30061	2.56884	3.86945
BLOCK06/SES067/SA067S12	SES172	-1.55459	2.31486	3.86945
BLOCK06/SES067/SA067S12	SES202	-0.80261	3.06684	3.86945
BLOCK06/SES067/SA067S12	SES292	-1.42547	2.44399	3.86945
BLOCK06/SES067/SA067S14	SES085	-1.4546	3.23125	4.68585
BLOCK06/SES067/SA067S14	SES177	-1.19396	3.49189	4.68585
BLOCK06/SES067/SA067S14	SES183	-0.204785	4.48107	4.68585
BLOCK06/SES067/SA067S14	SES202	-1.2204	3.46545	4.68585
BLOCK06/SES067/SA067S21	SES144	-0.966515	2.64986	3.61638
BLOCK06/SES067/SA067S21	SES177	-0.463871	3.1525	3.61638
BLOCK06/SES067/SA067S21	SES183	-0.556209	3.06017	3.61638
BLOCK06/SES067/SA067S21	SES189	-0.711654	2.90472	3.61638
BLOCK06/SES067/SA067S25	SES085	-1.11257	2.93623	4.0488
BLOCK06/SES067/SA067S25	SES177	-1.24943	2.79937	4.0488
BLOCK06/SES067/SA067S25	SES183	-1.14737	2.90143	4.0488
BLOCK06/SES067/SA067S25	SES202	-1.38175	2.66706	4.0488
BLOCK06/SES067/SA067S29	SES085	-2.48055	1.17956	3.66011
BLOCK06/SES067/SA067S29	SES177	-1.05255	2.60757	3.66011
BLOCK06/SES067/SA067S29	SES183	-0.225119	3.43499	3.66011
BLOCK06/SES067/SA067S29	SES202	-0.617062	3.04305	3.66011
BLOCK06/SES069/SA069S12	SES029	-2.27694	1.04697	3.32391
BLOCK06/SES069/SA069S12	SES082	-0.649085	2.67483	3.32391
BLOCK06/SES069/SA069S12	SES087	-1.51587	1.80804	3.32391
BLOCK06/SES069/SA069S12	SES206	-1.0937	2.23022	3.32391
BLOCK06/SES069/SA069S13	SES029	-2.9998	0.801666	3.80146
BLOCK06/SES069/SA069S13	SES087	-1.32309	2.47837	3.80146
BLOCK06/SES069/SA069S13	SES206	-1.20779	2.59368	3.80146
BLOCK06/SES069/SA069S13	SES226	-0.489354	3.31211	3.80146
BLOCK06/SES069/SA069S23	SES029	-0.216849	4.21849	4.43534
BLOCK06/SES069/SA069S23	SES087	-0.811064	3.62428	4.43534
BLOCK06/SES069/SA069S23	SES206	-1.61708	2.81826	4.43534
BLOCK06/SES069/SA069S23	SES226	-0.84524	3.5901	4.43534
BLOCK06/SES069/SA069S25	SES087	-1.2653	3.1011	4.3664
BLOCK06/SES069/SA069S25	SES206	-2.54243	1.82397	4.3664
BLOCK06/SES069/SA069S25	SES226	-0.38662	3.97978	4.3664
BLOCK06/SES069/SA069S25	SES270	-1.91316	2.45324	4.3664
BLOCK06/SES069/SA069S27	SES087	-1.8801	1.99224	3.87233
BLOCK06/SES069/SA069S27	SES206	-0.981807	2.89053	3.87233
BLOCK06/SES069/SA069S27	SES226	-0.0501113	3.82222	3.87233
BLOCK06/SES069/SA069S27	SES270	-1.24993	2.62241	3.87233
BLOCK08/SES081/SA081S11	SES060	-1.76869	1.97104	3.73973
BLOCK08/SES081/SA081S11	SES062	-1.44133	2.2984	3.73973
BLOCK08/SES081/SA081S11	SES117	-2.92866	0.811076	3.73973
BLOCK08/SES081/SA081S11	SES162	-2.51484	1.22489	3.73973
BLOCK08/SES081/SA081S13	SES016	-1.0156	3.36425	4.37985
BLOCK08/SES081/SA081S13	SES060	-0.288239	4.09161	4.37985
BLOCK08/SES081/SA081S13	SES068	-0.461624	3.91823	4.37985
BLOCK08/SES081/SA081S13	SES129	-1.87681	2.50304	4.37985
BLOCK08/SES081/SA081S24	SES060	-0.6695	3.17289	3.84239
BLOCK08/SES081/SA081S24	SES068	-0.632996	3.20939	3.84239
BLOCK08/SES081/SA081S24	SES117	-2.33622	1.50617	3.84239
BLOCK08/SES081/SA081S24	SES275	-1.58156	2.26083	3.84239
BLOCK08/SES081/SA081S27	SES007	-1.01971	2.59812	3.61783
BLOCK08/SES081/SA081S27	SES060	-1.36444	2.2534	3.61783
BLOCK08/SES081/SA081S27	SES117	-1.28604	2.33179	3.61783
BLOCK08/SES081/SA081S27	SES275	-1.49242	2.12541	3.61783
BLOCK08/SES081/SA081S29	SES007	-0.405929	3.27124	3.67717
BLOCK08/SES081/SA081S29	SES060	-0.833061	2.84411	3.67717
BLOCK08/SES081/SA081S29	SES117	-1.46861	2.20857	3.67717
BLOCK08/SES081/SA081S29	SES275	-1.40691	2.27026	3.67717
BLOCK08/SES086/SA086S11	SES029	-2.91121	-1.23971	1.6715
BLOCK08/SES086/SA086S11	SES082	-1.86084	-0.189335	1.6715
BLOCK08/SES086/SA086S11	SES087	-0.491189	1.18031	1.6715
BLOCK08/SES086/SA086S11	SES206	-1.86846	-0.196958	1.6715
BLOCK08/SES086/SA086S12	SES029	-1.82384	1.076	2.89984
BLOCK08/SES086/SA086S12	SES082	-2.10598	0.793863	2.89984
BLOCK08/SES086/SA086S12	SES087	-0.186303	2.71354	2.89984
BLOCK08/SES086/SA086S12	SES206	-1.34303	1.55681	2.89984
BLOCK08/SES086/SA086S20	SES029	-2.86075	0.710714	3.57147
BLOCK08/SES086/SA086S20	SES082	-2.25895	1.31252	3.57147
BLOCK08/SES086/SA086S20	SES087	-0.0800822	3.49138	3.57147
BLOCK08/SES086/SA086S20	SES206	-1.14351	2.42796	3.57147
BLOCK08/SES086/SA086S24	SES087	-0.496399	1.77376	2.27016
BLOCK08/SES086/SA086S24	SES104	-2.06561	0.204555	2.27016
BLOCK08/SES086/SA086S24	SES120	-1.60938	0.660784	2.27016
BLOCK08/SES086/SA086S24	SES206	-0.216115	2.05405	2.27016
BLOCK08/SES086/SA086S28	SES029	-2.25146	1.07547	3.32694
BLOCK08/SES086/SA086S28	SES082	-1.91924	1.4077	3.32694
BLOCK08/SES086/SA086S28	SES087	-0.364201	2.96274	3.32694
BLOCK08/SES086/SA086S28	SES206	-0.779048	2.54789	3.32694
BLOCK08/SES089/SA089S13	SES087	-1.47368	0.835019	2.3087
BLOCK08/SES089/SA089S13	SES206	-1.67891	0.62979	2.3087
BLOCK08/SES089/SA089S13	SES226	-1.60076	0.707948	2.3087
BLOCK08/SES089/SA089S13	SES270	-2.06814	0.240561	2.3087
BLOCK08/SES089/SA089S14	SES062	-1.72847	1.05761	2.78608
BLOCK08/SES089/SA089S14	SES087	-0.352155	2.43392	2.78608
BLOCK08/SES089/SA089S14	SES206	-1.35657	1.42951	2.78608
BLOCK08/SES089/SA089S14	SES226	-1.16902	1.61706	2.78608
BLOCK08/SES089/SA089S23	SES087	-0.813511	0.712701	1.52621
BLOCK08/SES089/SA089S23	SES206	-1.35121	0.175007	1.52621
BLOCK08/SES089/SA089S23	SES226	-1.49266	0.0335573	1.52621
BLOCK08/SES089/SA089S23	SES270	-2.20717	-0.68096	1.52621
BLOCK08/SES089/SA089S25	SES062	-2.11165	0.984353	3.09601
BLOCK08/SES089/SA089S25	SES087	-0.830938	2.26507	3.09601
BLOCK08/SES089/SA089S25	SES206	-2.36342	0.73259	3.09601
BLOCK08/SES089/SA089S25	SES226	-1.50131	1.5947	3.09601
BLOCK08/SES089/SA089S28	SES062	-0.827921	1.80357	2.63149
BLOCK08/SES089/SA089S28	SES087	0.0598629	2.69135	2.63149
BLOCK08/SES089/SA089S28	SES206	-0.801799	1.82969	2.63149
BLOCK08/SES089/SA089S28	SES226	-0.656672	1.97481	2.63149
BLOCK09/SES097/SA097S11	SES099	0.392511	2.89423	2.50172
BLOCK09/SES097/SA097S11	SES125	-1.57963	0.922089	2.50172
BLOCK09/SES097/SA097S11	SES206	-0.792361	1.70936	2.50172
BLOCK09/SES097/SA097S11	SES226	0.0175598	2.51928	2.50172
BLOCK09/SES097/SA097S14	SES062	-1.23294	1.19223	2.42517
BLOCK09/SES097/SA097S14	SES099	-0.930621	1.49455	2.42517
BLOCK09/SES097/SA097S14	SES104	-1.40948	1.01569	2.42517
BLOCK09/SES097/SA097S14	SES206	-1.6168	0.808373	2.42517
BLOCK09/SES097/SA097S22	SES099	-0.267956	1.89802	2.16597
BLOCK09/SES097/SA097S22	SES206	-1.09828	1.06769	2.16597
BLOCK09/SES097/SA097S22	SES226	-1.37131	0.794668	2.16597
BLOCK09/SES097/SA097S22	SES270	-0.681376	1.4846	2.16597
BLOCK09/SES097/SA097S26	SES099	-0.394384	1.88011	2.2745
BLOCK09/SES097/SA097S26	SES120	-1.01865	1.25585	2.2745
BLOCK09/SES097/SA097S26	SES206	-1.517	0.7575	2.2745
BLOCK09/SES097/SA097S26	SES226	-1.78098	0.49352	2.2745
BLOCK09/SES097/SA097S28	SES099	-0.691844	1.98856	2.68041
BLOCK09/SES097/SA097S28	SES120	-1.24629	1.43412	2.68041
BLOCK09/SES097/SA097S28	SES206	-2.02921	0.651195	2.68041
BLOCK09/SES097/SA097S28	SES226	-2.0571	0.623312	2.68041
BLOCK09/SES098/SA098S11	SES127	-1.61909	1.66529	3.28438
BLOCK09/SES098/SA098S11	SES144	-1.53503	1.74935	3.28438
BLOCK09/SES098/SA098S11	SES147	-1.17038	2.11399	3.28438
BLOCK09/SES098/SA098S11	SES148	-3.65895	-0.374573	3.28438
BLOCK09/SES098/SA098S12	SES127	-2.85613	-0.430368	2.42577
BLOCK09/SES098/SA098S12	SES144	-2.15857	0.267198	2.42577
BLOCK09/SES098/SA098S12	SES147	-1.70955	0.716218	2.42577
BLOCK09/SES098/SA098S12	SES189	-2.30809	0.117674	2.42577
BLOCK09/SES098/SA098S20	SES127	-3.24815	-0.401567	2.84659
BLOCK09/SES098/SA098S20	SES147	-2.14781	0.698772	2.84659
BLOCK09/SES098/SA098S20	SES148	-3.38829	-0.541701	2.84659
BLOCK09/SES098/SA098S20	SES292	-1.65993	1.18665	2.84659
BLOCK09/SES098/SA098S23	SES127	-2.13838	1.45301	3.59139
BLOCK09/SES098/SA098S23	SES147	-1.79298	1.79841	3.59139
BLOCK09/SES098/SA098S23	SES187	-1.3591	2.23229	3.59139
BLOCK09/SES098/SA098S23	SES292	-0.811406	2.77998	3.59139
BLOCK09/SES098/SA098S27	SES127	-3.65306	-0.979234	2.67383
BLOCK09/SES098/SA098S27	SES147	-2.93223	-0.258401	2.67383
BLOCK09/SES098/SA098S27	SES148	-4.38666	-1.71283	2.67383
BLOCK09/SES098/SA098S27	SES292	-0.992028	1.6818	2.67383
BLOCK10/SES102/SA102S13	SES101	-0.553859	2.24276	2.79662
BLOCK10/SES102/SA102S13	SES105	-1.41653	1.38009	2.79662
BLOCK10/SES102/SA102S13	SES120	-2.34418	0.452432	2.79662
BLOCK10/SES102/SA102S13	SES158	-1.51411	1.28251	2.79662
BLOCK10/SES102/SA102S14	SES007	-0.180041	3.98659	4.16663
BLOCK10/SES102/SA102S14	SES101	-0.248559	3.91808	4.16663
BLOCK10/SES102/SA102S14	SES105	-0.305515	3.86112	4.16663
BLOCK10/SES102/SA102S14	SES147	-2.4187	1.74793	4.16663
BLOCK10/SES102/SA102S22	SES007	-1.15139	2.61896	3.77035
BLOCK10/SES102/SA102S22	SES101	-0.387051	3.3833	3.77035
BLOCK10/SES102/SA102S22	SES105	-0.62832	3.14203	3.77035
BLOCK10/SES102/SA102S22	SES158	-1.6496	2.12074	3.77035
BLOCK10/SES102/SA102S25	SES007	-0.479191	3.10532	3.58451
BLOCK10/SES102/SA102S25	SES101	-0.251767	3.33274	3.58451
BLOCK10/SES102/SA102S25	SES105	-0.843496	2.74101	3.58451
BLOCK10/SES102/SA102S25	SES147	-2.6407	0.943807	3.58451
BLOCK10/SES102/SA102S27	SES007	-1.13022	2.15368	3.2839
BLOCK10/SES102/SA102S27	SES101	-0.351707	2.9322	3.2839
BLOCK10/SES102/SA102S27	SES105	-1.3893	1.8946	3.2839
BLOCK10/SES102/SA102S27	SES147	-2.30023	0.983675	3.2839
BLOCK10/SES103/SA103S14	SES105	-2.21583	-0.84879	1.36704
BLOCK10/SES103/SA103S14	SES106	-1.28925	0.077787	1.36704
BLOCK10/SES103/SA103S14	SES120	-2.13703	-0.769984	1.36704
BLOCK10/SES103/SA103S14	SES206	-2.72817	-1.36113	1.36704
BLOCK10/SES103/SA103S15	SES099	-1.20479	-0.796264	0.408529
BLOCK10/SES103/SA103S15	SES101	-3.63559	-3.22706	0.408529
BLOCK10/SES103/SA103S15	SES104	-2.89496	-2.48643	0.408529
BLOCK10/SES103/SA103S15	SES125	-1.94652	-1.538	0.408529
BLOCK10/SES103/SA103S24	SES104	-2.22384	-0.326377	1.89746
BLOCK10/SES103/SA103S24	SES125	-2.12932	-0.231854	1.89746
BLOCK10/SES103/SA103S24	SES148	-2.49754	-0.600072	1.89746
BLOCK10/SES103/SA103S24	SES158	-1.12459	0.77287	1.89746
BLOCK10/SES103/SA103S26	SES104	-1.76655	-0.415345	1.3512
BLOCK10/SES103/SA103S26	SES106	-0.949836	0.401365	1.3512
BLOCK10/SES103/SA103S26	SES125	-1.54709	-0.195893	1.3512
BLOCK10/SES103/SA103S26	SES148	-3.34596	-1.99476	1.3512
BLOCK10/SES103/SA103S28	SES104	-2.50094	-1.39698	1.10396
BLOCK10/SES103/SA103S28	SES106	-1.11312	-0.00915706	1.10396
BLOCK10/SES103/SA103S28	SES125	-2.47262	-1.36866	1.10396
BLOCK10/SES103/SA103S28	SES206	-3.29278	-2.18882	1.10396
BLOCK12/SES121/SA121S12	SES042	-2.3357	-1.21869	1.11702
BLOCK12/SES121/SA121S12	SES087	-1.75699	-0.639975	1.11702
BLOCK12/SES121/SA121S12	SES105	-1.55917	-0.44215	1.11702
BLOCK12/SES121/SA121S12	SES206	-1.53039	-0.413371	1.11702
BLOCK12/SES121/SA121S14	SES007	-1.79792	-1.34084	0.457081
BLOCK12/SES121/SA121S14	SES105	-2.42224	-1.96516	0.457081
BLOCK12/SES121/SA121S14	SES106	-1.70078	-1.2437	0.457081
BLOCK12/SES121/SA121S14	SES206	-1.4184	-0.961319	0.457081
BLOCK12/SES121/SA121S23	SES105	-1.87443	-1.37413	0.5003
BLOCK12/SES121/SA121S23	SES106	-0.777172	-0.276872	0.5003
BLOCK12/SES121/SA121S23	SES120	-1.49505	-0.994751	0.5003
BLOCK12/SES121/SA121S23	SES206	-0.880228	-0.379928	0.5003
BLOCK12/SES121/SA121S25	SES007	-1.20105	-0.964573	0.236479
BLOCK12/SES121/SA121S25	SES105	-2.56722	-2.33074	0.236479
BLOCK12/SES121/SA121S25	SES106	-1.32409	-1.08761	0.236479
BLOCK12/SES121/SA121S25	SES206	-1.63061	-1.39413	0.236479
BLOCK12/SES121/SA121S27	SES087	-0.591215	0.539813	1.13103
BLOCK12/SES121/SA121S27	SES105	-3.36027	-2.22924	1.13103
BLOCK12/SES121/SA121S27	SES120	-0.818581	0.312447	1.13103
BLOCK12/SES121/SA121S27	SES206	-0.808253	0.322775	1.13103
BLOCK12/SES124/SA124S16	SES042	-0.0393138	2.3801	2.41941
BLOCK12/SES124/SA124S16	SES082	-1.97283	0.446581	2.41941
BLOCK12/SES124/SA124S16	SES183	-1.61348	0.80593	2.41941
BLOCK12/SES124/SA124S16	SES206	-1.90046	0.518953	2.41941
BLOCK12/SES124/SA124S17	SES105	-2.09661	-0.870077	1.22654
BLOCK12/SES124/SA124S17	SES149	-2.37887	-1.15233	1.22654
BLOCK12/SES124/SA124S17	SES158	-2.53528	-1.30875	1.22654
BLOCK12/SES124/SA124S17	SES275	-0.953153	0.273383	1.22654
BLOCK12/SES124/SA124S23	SES105	-2.47566	0.994382	3.47004
BLOCK12/SES124/SA124S23	SES125	-0.463304	3.00674	3.47004
BLOCK12/SES124/SA124S23	SES129	-2.8016	0.668443	3.47004
BLOCK12/SES124/SA124S23	SES158	-0.679405	2.79064	3.47004
BLOCK12/SES124/SA124S26	SES105	-2.78195	-0.590635	2.19132
BLOCK12/SES124/SA124S26	SES125	-1.40364	0.787679	2.19132
BLOCK12/SES124/SA124S26	SES129	-2.79323	-0.601915	2.19132
BLOCK12/SES124/SA124S26	SES158	-1.37998	0.811332	2.19132
BLOCK12/SES124/SA124S28	SES104	-0.904999	2.08598	2.99097
BLOCK12/SES124/SA124S28	SES106	-1.22008	1.77089	2.99097
BLOCK12/SES124/SA124S28	SES125	-0.256454	2.73452	2.99097
BLOCK12/SES124/SA124S28	SES275	-2.15657	0.834399	2.99097
BLOCK12/SES126/SA126S13	SES007	-0.925285	2.56361	3.48889
BLOCK12/SES126/SA126S13	SES162	-1.83394	1.65496	3.48889
BLOCK12/SES126/SA126S13	SES177	-1.0203	2.4686	3.48889
BLOCK12/SES126/SA126S13	SES180	-1.29073	2.19816	3.48889
BLOCK12/SES126/SA126S14	SES144	-0.982545	2.83701	3.81955
BLOCK12/SES126/SA126S14	SES148	-1.80859	2.01097	3.81955
BLOCK12/SES126/SA126S14	SES177	-0.650978	3.16857	3.81955
BLOCK12/SES126/SA126S14	SES180	-1.96105	1.85851	3.81955
BLOCK12/SES126/SA126S20	SES007	-0.869415	2.82873	3.69815
BLOCK12/SES126/SA126S20	SES162	-2.27426	1.42388	3.69815
BLOCK12/SES126/SA126S20	SES172	-2.07355	1.62459	3.69815
BLOCK12/SES126/SA126S20	SES180	-2.11911	1.57904	3.69815
BLOCK12/SES126/SA126S24	SES120	-0.469387	3.48374	3.95313
BLOCK12/SES126/SA126S24	SES162	-1.69692	2.25621	3.95313
BLOCK12/SES126/SA126S24	SES177	-0.568282	3.38484	3.95313
BLOCK12/SES126/SA126S24	SES180	-0.869226	3.0839	3.95313
BLOCK12/SES126/SA126S26	SES120	-0.0808625	3.36331	3.44418
BLOCK12/SES126/SA126S26	SES177	-0.875865	2.56831	3.44418
BLOCK12/SES126/SA126S26	SES180	-1.82179	1.62239	3.44418
BLOCK12/SES126/SA126S26	SES202	-2.20706	1.23712	3.44418
BLOCK12/SES128/SA128S10	SES087	-2.34394	0.508049	2.85199
BLOCK12/SES128/SA128S10	SES206	-1.48455	1.36744	2.85199
BLOCK12/SES128/SA128S10	SES226	-1.21556	1.63643	2.85199
BLOCK12/SES128/SA128S10	SES270	-0.650541	2.20145	2.85199
BLOCK12/SES128/SA128S12	SES120	-1.08965	1.34939	2.43905
BLOCK12/SES128/SA128S12	SES158	-1.98278	0.456264	2.43905
BLOCK12/SES128/SA128S12	SES206	-1.58603	0.853018	2.43905
BLOCK12/SES128/SA128S12	SES226	-1.83206	0.606992	2.43905
BLOCK12/SES128/SA128S21	SES106	-1.4639	0.63015	2.09405
BLOCK12/SES128/SA128S21	SES120	-1.66758	0.426469	2.09405
BLOCK12/SES128/SA128S21	SES206	-1.34325	0.750796	2.09405
BLOCK12/SES128/SA128S21	SES226	-0.624965	1.46908	2.09405
BLOCK12/SES128/SA128S24	SES087	-1.29485	1.4	2.69485
BLOCK12/SES128/SA128S24	SES120	-0.892461	1.80239	2.69485
BLOCK12/SES128/SA128S24	SES206	-1.10533	1.58953	2.69485
BLOCK12/SES128/SA128S24	SES226	-1.46589	1.22896	2.69485
BLOCK12/SES128/SA128S27	SES099	-0.51031	2.97418	3.48449
BLOCK12/SES128/SA128S27	SES120	-0.55726	2.92723	3.48449
BLOCK12/SES128/SA128S27	SES206	-1.18917	2.29531	3.48449
BLOCK12/SES128/SA128S27	SES226	-1.09426	2.39022	3.48449
BLOCK13/SES130/SA130S13	SES143	-0.716826	2.02997	2.7468
BLOCK13/SES130/SA130S13	SES144	0.0231488	2.76995	2.7468
BLOCK13/SES130/SA130S13	SES146	-1.83804	0.908764	2.7468
BLOCK13/SES130/SA130S13	SES275	-2.31155	0.435252	2.7468
BLOCK13/SES130/SA130S15	SES143	-1.59452	2.35335	3.94788
BLOCK13/SES130/SA130S15	SES144	-0.261994	3.68588	3.94788
BLOCK13/SES130/SA130S15	SES146	-1.03895	2.90892	3.94788
BLOCK13/SES130/SA130S15	SES275	-1.17498	2.7729	3.94788
BLOCK13/SES130/SA130S23	SES127	-1.78054	0.816389	2.59693
BLOCK13/SES130/SA130S23	SES144	-1.63658	0.96035	2.59693
BLOCK13/SES130/SA130S23	SES146	-1.44852	1.14841	2.59693
BLOCK13/SES130/SA130S23	SES162	-0.94217	1.65476	2.59693
BLOCK13/SES130/SA130S25	SES127	-0.683316	2.99573	3.67905
BLOCK13/SES130/SA130S25	SES144	-0.903333	2.77571	3.67905
BLOCK13/SES130/SA130S25	SES146	-1.0629	2.61614	3.67905
BLOCK13/SES130/SA130S25	SES275	-0.886742	2.7923	3.67905
BLOCK13/SES130/SA130S28	SES127	-1.18616	2.01079	3.19695
BLOCK13/SES130/SA130S28	SES144	-1.22083	1.97612	3.19695
BLOCK13/SES130/SA130S28	SES146	-1.2866	1.91035	3.19695
BLOCK13/SES130/SA130S28	SES275	-0.757717	2.43923	3.19695
BLOCK13/SES131/SA131S13	SES002	-2.03638	-1.65036	0.386022
BLOCK13/SES131/SA131S13	SES007	-2.47356	-2.08754	0.386022
BLOCK13/SES131/SA131S13	SES099	-1.28298	-0.896963	0.386022
BLOCK13/SES131/SA131S13	SES105	-1.65736	-1.27134	0.386022
BLOCK13/SES131/SA131S14	SES104	-0.571311	1.88152	2.45283
BLOCK13/SES131/SA131S14	SES106	-1.56323	0.889601	2.45283
BLOCK13/SES131/SA131S14	SES125	-1.20899	1.24385	2.45283
BLOCK13/SES131/SA131S14	SES148	-0.812989	1.63984	2.45283
BLOCK13/SES131/SA131S20	SES104	-2.56546	-1.52751	1.03794
BLOCK13/SES131/SA131S20	SES106	-2.04118	-1.00323	1.03794
BLOCK13/SES131/SA131S20	SES125	-2.64818	-1.61023	1.03794
BLOCK13/SES131/SA131S20	SES148	-2.01612	-0.978174	1.03794
BLOCK13/SES131/SA131S22	SES099	-1.70346	0.686057	2.38952
BLOCK13/SES131/SA131S22	SES104	-2.17666	0.212857	2.38952
BLOCK13/SES131/SA131S22	SES125	-1.97542	0.414103	2.38952
BLOCK13/SES131/SA131S22	SES206	-2.28644	0.103078	2.38952
BLOCK13/SES131/SA131S29	SES087	-2.00356	-0.545238	1.45833
BLOCK13/SES131/SA131S29	SES104	-2.9225	-1.46417	1.45833
BLOCK13/SES131/SA131S29	SES125	-2.54973	-1.09141	1.45833
BLOCK13/SES131/SA131S29	SES206	-2.23622	-0.777891	1.45833
BLOCK13/SES132/SA132S11	SES083	-2.19485	1.42616	3.62101
BLOCK13/SES132/SA132S11	SES120	-0.0437102	3.5773	3.62101
BLOCK13/SES132/SA132S11	SES127	-1.84448	1.77653	3.62101
BLOCK13/SES132/SA132S11	SES275	-1.41838	2.20263	3.62101
BLOCK13/SES132/SA132S12	SES083	-2.07447	2.07697	4.15144
BLOCK13/SES132/SA132S12	SES143	-1.46209	2.68935	4.15144
BLOCK13/SES132/SA132S12	SES144	-1.21798	2.93345	4.15144
BLOCK13/SES132/SA132S12	SES148	-0.853938	3.2975	4.15144
BLOCK13/SES132/SA132S22	SES062	-0.751755	2.90407	3.65582
BLOCK13/SES132/SA132S22	SES083	-2.21023	1.4456	3.65582
BLOCK13/SES132/SA132S22	SES127	-1.27055	2.38527	3.65582
BLOCK13/SES132/SA132S22	SES275	-0.746434	2.90939	3.65582
BLOCK13/SES132/SA132S24	SES007	-0.770677	3.70287	4.47355
BLOCK13/SES132/SA132S24	SES083	-1.98165	2.4919	4.47355
BLOCK13/SES132/SA132S24	SES127	-1.87898	2.59457	4.47355
BLOCK13/SES132/SA132S24	SES275	-0.832776	3.64077	4.47355
BLOCK13/SES132/SA132S27	SES083	-2.58964	0.514951	3.1046
BLOCK13/SES132/SA132S27	SES120	0.0817597	3.18636	3.1046
BLOCK13/SES132/SA132S27	SES127	-2.0046	1.09999	3.1046
BLOCK13/SES132/SA132S27	SES275	-1.50735	1.59725	3.1046
BLOCK14/SES141/SA141S09	SES143	-1.30742	2.48263	3.79006
BLOCK14/SES141/SA141S09	SES144	-1.12617	2.66388	3.79006
BLOCK14/SES141/SA141S09	SES162	-1.64575	2.14431	3.79006
BLOCK14/SES141/SA141S09	SES180	-1.46287	2.32719	3.79006
BLOCK14/SES141/SA141S15	SES127	-1.4929	2.10577	3.59868
BLOCK14/SES141/SA141S15	SES144	-1.90297	1.69571	3.59868
BLOCK14/SES141/SA141S15	SES162	-2.14875	1.44993	3.59868
BLOCK14/SES141/SA141S15	SES180	-1.15281	2.44587	3.59868
BLOCK14/SES141/SA141S24	SES127	-0.867691	2.94887	3.81656
BLOCK14/SES141/SA141S24	SES144	-1.67152	2.14504	3.81656
BLOCK14/SES141/SA141S24	SES162	-1.66532	2.15124	3.81656
BLOCK14/SES141/SA141S24	SES183	-1.79838	2.01818	3.81656
BLOCK14/SES141/SA141S26	SES142	-0.839632	2.48008	3.31971
BLOCK14/SES141/SA141S26	SES144	-1.85065	1.46906	3.31971
BLOCK14/SES141/SA141S26	SES172	-1.01762	2.30209	3.31971
BLOCK14/SES141/SA141S26	SES180	-1.55783	1.76188	3.31971
BLOCK14/SES141/SA141S29	SES127	-0.628679	3.12213	3.75081
BLOCK14/SES141/SA141S29	SES142	-0.624333	3.12648	3.75081
BLOCK14/SES141/SA141S29	SES144	-1.34666	2.40415	3.75081
BLOCK14/SES141/SA141S29	SES180	-1.18371	2.5671	3.75081
BLOCK15/SES157/SA157S08	SES083	-2.15865	0.753228	2.91188
BLOCK15/SES157/SA157S08	SES127	-0.94547	1.96641	2.91188
BLOCK15/SES157/SA157S08	SES148	-1.51278	1.39911	2.91188
BLOCK15/SES157/SA157S08	SES292	-2.03983	0.872051	2.91188
BLOCK15/SES157/SA157S11	SES083	-2.19815	1.00569	3.20384
BLOCK15/SES157/SA157S11	SES127	-1.17778	2.02606	3.20384
BLOCK15/SES157/SA157S11	SES148	-1.8518	1.35204	3.20384
BLOCK15/SES157/SA157S11	SES292	-2.04275	1.16109	3.20384
BLOCK15/SES157/SA157S21	SES127	-0.580926	2.49133	3.07226
BLOCK15/SES157/SA157S21	SES148	-0.104667	2.96759	3.07226
BLOCK15/SES157/SA157S21	SES158	-4.46349	-1.39124	3.07226
BLOCK15/SES157/SA157S21	SES292	-1.68333	1.38893	3.07226
BLOCK15/SES157/SA157S24	SES127	-0.451598	2.56176	3.01335
BLOCK15/SES157/SA157S24	SES148	-1.21982	1.79353	3.01335
BLOCK15/SES157/SA157S24	SES183	-1.56612	1.44724	3.01335
BLOCK15/SES157/SA157S24	SES292	-1.90552	1.10783	3.01335
BLOCK15/SES157/SA157S26	SES007	-0.803827	2.61329	3.41712
BLOCK15/SES157/SA157S26	SES127	-0.748112	2.66901	3.41712
BLOCK15/SES157/SA157S26	SES147	-1.5714	1.84572	3.41712
BLOCK15/SES157/SA157S26	SES148	-1.03132	2.3858	3.41712
BLOCK16/SES161/SA161S10	SES007	-1.72203	0.0252187	1.74724
BLOCK16/SES161/SA161S10	SES105	-1.37254	0.374703	1.74724
BLOCK16/SES161/SA161S10	SES158	-1.15449	0.592753	1.74724
BLOCK16/SES161/SA161S10	SES275	-1.15783	0.589418	1.74724
BLOCK16/SES161/SA161S12	SES007	-2.32882	-0.305418	2.0234
BLOCK16/SES161/SA161S12	SES105	-2.8028	-0.779398	2.0234
BLOCK16/SES161/SA161S12	SES158	-1.33207	0.69133	2.0234
BLOCK16/SES161/SA161S12	SES275	-1.39111	0.632291	2.0234
BLOCK16/SES161/SA161S20	SES007	-1.96919	-0.230646	1.73855
BLOCK16/SES161/SA161S20	SES105	-2.57061	-0.832064	1.73855
BLOCK16/SES161/SA161S20	SES158	-0.993338	0.745211	1.73855
BLOCK16/SES161/SA161S20	SES275	-2.21802	-0.479469	1.73855
BLOCK16/SES161/SA161S23	SES007	-2.46485	0.0824695	2.54732
BLOCK16/SES161/SA161S23	SES105	-1.86402	0.683298	2.54732
BLOCK16/SES161/SA161S23	SES148	-2.26369	0.283631	2.54732
BLOCK16/SES161/SA161S23	SES158	-1.43557	1.11175	2.54732
BLOCK16/SES161/SA161S28	SES007	-2.30822	-0.193404	2.11481
BLOCK16/SES161/SA161S28	SES105	-2.88383	-0.769017	2.11481
BLOCK16/SES161/SA161S28	SES158	-0.994918	1.1199	2.11481
BLOCK16/SES161/SA161S28	SES206	-1.21557	0.899249	2.11481
BLOCK16/SES164/SA164S11	SES104	-1.78327	0.42033	2.2036
BLOCK16/SES164/SA164S11	SES125	-1.29705	0.906548	2.2036
BLOCK16/SES164/SA164S11	SES158	-0.587363	1.61624	2.2036
BLOCK16/SES164/SA164S11	SES206	-1.76063	0.442969	2.2036
BLOCK16/SES164/SA164S13	SES099	-1.95912	-0.743572	1.21555
BLOCK16/SES164/SA164S13	SES104	-2.33705	-1.1215	1.21555
BLOCK16/SES164/SA164S13	SES125	-1.97543	-0.759876	1.21555
BLOCK16/SES164/SA164S13	SES206	-1.86857	-0.653021	1.21555
BLOCK16/SES164/SA164S24	SES002	-0.674088	1.43286	2.10695
BLOCK16/SES164/SA164S24	SES099	-1.91994	0.187017	2.10695
BLOCK16/SES164/SA164S24	SES125	-2.00083	0.106124	2.10695
BLOCK16/SES164/SA164S24	SES226	-0.296876	1.81008	2.10695
BLOCK16/SES164/SA164S27	SES087	-2.23744	-1.30998	0.927466
BLOCK16/SES164/SA164S27	SES125	-1.45322	-0.525753	0.927466
BLOCK16/SES164/SA164S27	SES206	-2.17328	-1.24581	0.927466
BLOCK16/SES164/SA164S27	SES226	-1.10963	-0.182162	0.927466
BLOCK16/SES164/SA164S29	SES002	-0.405696	0.97936	1.38506
BLOCK16/SES164/SA164S29	SES019	-1.73604	-0.350985	1.38506
BLOCK16/SES164/SA164S29	SES125	-1.55116	-0.166103	1.38506
BLOCK16/SES164/SA164S29	SES226	-1.47656	-0.0915089	1.38506
BLOCK16/SES169/SA169S13	SES117	-1.31725	1.47574	2.79299
BLOCK16/SES169/SA169S13	SES144	-1.04981	1.74317	2.79299
BLOCK16/SES169/SA169S13	SES146	-1.24308	1.5499	2.79299
BLOCK16/SES169/SA169S13	SES162	-0.897709	1.89528	2.79299
BLOCK16/SES169/SA169S14	SES144	-1.99505	2.09474	4.08979
BLOCK16/SES169/SA169S14	SES148	-1.73245	2.35734	4.08979
BLOCK16/SES169/SA169S14	SES177	-0.796865	3.29292	4.08979
BLOCK16/SES169/SA169S14	SES180	-1.38379	2.706	4.08979
BLOCK16/SES169/SA169S24	SES117	-1.07473	1.03053	2.10526
BLOCK16/SES169/SA169S24	SES144	-0.698497	1.40676	2.10526
BLOCK16/SES169/SA169S24	SES146	-0.838948	1.26631	2.10526
BLOCK16/SES169/SA169S24	SES162	-1.28022	0.825043	2.10526
BLOCK16/SES169/SA169S27	SES127	-0.641584	2.32578	2.96737
BLOCK16/SES169/SA169S27	SES129	-1.19631	1.77106	2.96737
BLOCK16/SES169/SA169S27	SES144	-1.26814	1.69923	2.96737
BLOCK16/SES169/SA169S27	SES146	-0.487608	2.47976	2.96737
BLOCK16/SES169/SA169S29	SES144	-0.45839	3.33754	3.79593
BLOCK16/SES169/SA169S29	SES162	-0.666018	3.12992	3.79593
BLOCK16/SES169/SA169S29	SES177	-1.28907	2.50687	3.79593
BLOCK16/SES169/SA169S29	SES180	-1.05778	2.73815	3.79593
BLOCK17/SES171/SA171S12	SES083	-1.56999	0.690542	2.26053
BLOCK17/SES171/SA171S12	SES148	-2.25177	0.00875648	2.26053
BLOCK17/SES171/SA171S12	SES172	-1.53541	0.725119	2.26053
BLOCK17/SES171/SA171S12	SES292	-2.72468	-0.46415	2.26053
BLOCK17/SES171/SA171S15	SES148	-1.68355	0.510531	2.19409
BLOCK17/SES171/SA171S15	SES177	-0.441311	1.75277	2.19409
BLOCK17/SES171/SA171S15	SES180	-2.95697	-0.762883	2.19409
BLOCK17/SES171/SA171S15	SES292	-1.7353	0.458787	2.19409
BLOCK17/SES171/SA171S22	SES007	-1.7776	1.77934	3.55694
BLOCK17/SES171/SA171S22	SES148	-1.75008	1.80686	3.55694
BLOCK17/SES171/SA171S22	SES177	-0.565368	2.99157	3.55694
BLOCK17/SES171/SA171S22	SES180	-2.47187	1.08508	3.55694
BLOCK17/SES171/SA171S25	SES101	-1.40804	1.2408	2.64884
BLOCK17/SES171/SA171S25	SES120	-3.15834	-0.509498	2.64884
BLOCK17/SES171/SA171S25	SES177	-1.15856	1.49028	2.64884
BLOCK17/SES171/SA171S25	SES180	-2.18626	0.462585	2.64884
BLOCK17/SES171/SA171S27	SES177	-0.731454	2.13611	2.86756
BLOCK17/SES171/SA171S27	SES180	-2.47665	0.39091	2.86756
BLOCK17/SES171/SA171S27	SES189	-0.839911	2.02765	2.86756
BLOCK17/SES171/SA171S27	SES292	-1.83457	1.03299	2.86756
BLOCK17/SES173/SA173S13	SES162	-3.53684	-0.241135	3.29571
BLOCK17/SES173/SA173S13	SES177	-1.16691	2.1288	3.29571
BLOCK17/SES173/SA173S13	SES180	-3.11959	0.176118	3.29571
BLOCK17/SES173/SA173S13	SES292	-0.526897	2.76881	3.29571
BLOCK17/SES173/SA173S14	SES007	-1.28557	1.66792	2.95349
BLOCK17/SES173/SA173S14	SES162	-3.25366	-0.300169	2.95349
BLOCK17/SES173/SA173S14	SES177	-1.14066	1.81283	2.95349
BLOCK17/SES173/SA173S14	SES180	-2.88216	0.0713336	2.95349
BLOCK17/SES173/SA173S24	SES144	-2.38142	0.328483	2.7099
BLOCK17/SES173/SA173S24	SES162	-2.88617	-0.176263	2.7099
BLOCK17/SES173/SA173S24	SES177	-1.26233	1.44758	2.7099
BLOCK17/SES173/SA173S24	SES180	-3.11105	-0.401152	2.7099
BLOCK17/SES173/SA173S27	SES162	-3.9991	-0.607661	3.39144
BLOCK17/SES173/SA173S27	SES177	-1.57386	1.81758	3.39144
BLOCK17/SES173/SA173S27	SES180	-2.56702	0.824421	3.39144
BLOCK17/SES173/SA173S27	SES292	-0.242673	3.14877	3.39144
BLOCK17/SES173/SA173S29	SES162	-2.42938	1.05526	3.48464
BLOCK17/SES173/SA173S29	SES175	-1.41854	2.0661	3.48464
BLOCK17/SES173/SA173S29	SES177	-0.972386	2.51225	3.48464
BLOCK17/SES173/SA173S29	SES292	-1.66208	1.82256	3.48464
BLOCK18/SES182/SA182S10	SES144	-1.59166	1.05178	2.64344
BLOCK18/SES182/SA182S10	SES177	-1.18695	1.45648	2.64344
BLOCK18/SES182/SA182S10	SES180	-2.39495	0.248488	2.64344
BLOCK18/SES182/SA182S10	SES275	-0.126483	2.51696	2.64344
BLOCK18/SES182/SA182S12	SES144	-0.253393	3.5112	3.7646
BLOCK18/SES182/SA182S12	SES177	-0.683049	3.08155	3.7646
BLOCK18/SES182/SA182S12	SES180	-1.26929	2.49531	3.7646
BLOCK18/SES182/SA182S12	SES275	-0.428823	3.33577	3.7646
BLOCK18/SES182/SA182S21	SES117	-1.76591	0.89125	2.65716
BLOCK18/SES182/SA182S21	SES144	-1.06053	1.59663	2.65716
BLOCK18/SES182/SA182S21	SES162	-1.19147	1.46569	2.65716
BLOCK18/SES182/SA182S21	SES180	-2.48936	0.167797	2.65716
BLOCK18/SES182/SA182S23	SES117	-1.14073	1.53051	2.67124
BLOCK18/SES182/SA182S23	SES144	-1.03184	1.63939	2.67124
BLOCK18/SES182/SA182S23	SES180	-2.40836	0.262877	2.67124
BLOCK18/SES182/SA182S23	SES275	0.0549848	2.72622	2.67124
BLOCK18/SES182/SA182S25	SES007	0.0795426	2.3978	2.31825
BLOCK18/SES182/SA182S25	SES162	-0.656605	1.66165	2.31825
BLOCK18/SES182/SA182S25	SES177	-0.93381	1.38444	2.31825
BLOCK18/SES182/SA182S25	SES180	-1.85306	0.465194	2.31825
BLOCK18/SES184/SA184S12	SES177	-1.66165	1.42812	3.08976
BLOCK18/SES184/SA184S12	SES180	-1.36862	1.72114	3.08976
BLOCK18/SES184/SA184S12	SES189	-1.2761	1.81366	3.08976
BLOCK18/SES184/SA184S12	SES292	-1.33918	1.75058	3.08976
BLOCK18/SES184/SA184S13	SES101	-1.40919	1.34634	2.75552
BLOCK18/SES184/SA184S13	SES177	-1.69884	1.05669	2.75552
BLOCK18/SES184/SA184S13	SES180	-1.658	1.09753	2.75552
BLOCK18/SES184/SA184S13	SES292	-2.30823	0.447297	2.75552
BLOCK18/SES184/SA184S22	SES177	-1.86638	1.70105	3.56743
BLOCK18/SES184/SA184S22	SES180	-1.75683	1.8106	3.56743
BLOCK18/SES184/SA184S22	SES189	-1.8573	1.71013	3.56743
BLOCK18/SES184/SA184S22	SES292	-1.92827	1.63916	3.56743
BLOCK18/SES184/SA184S25	SES101	-0.69159	3.12419	3.81578
BLOCK18/SES184/SA184S25	SES177	-2.00899	1.80679	3.81578
BLOCK18/SES184/SA184S25	SES180	-1.50453	2.31125	3.81578
BLOCK18/SES184/SA184S25	SES292	-1.55327	2.26251	3.81578
BLOCK18/SES184/SA184S27	SES083	-1.08452	1.4403	2.52483
BLOCK18/SES184/SA184S27	SES177	-0.907768	1.61706	2.52483
BLOCK18/SES184/SA184S27	SES202	-1.58909	0.935734	2.52483
BLOCK18/SES184/SA184S27	SES292	-1.47552	1.0493	2.52483
BLOCK20/SES204/SA204S12	SES062	-0.497291	3.44409	3.94138
BLOCK20/SES204/SA204S12	SES083	-2.82363	1.11775	3.94138
BLOCK20/SES204/SA204S12	SES206	-1.31709	2.62429	3.94138
BLOCK20/SES204/SA204S12	SES226	-2.0416	1.89978	3.94138
BLOCK20/SES204/SA204S14	SES068	-1.13903	3.91117	5.0502
BLOCK20/SES204/SA204S14	SES087	0.0576043	5.10781	5.0502
BLOCK20/SES204/SA204S14	SES206	-1.57012	3.48009	5.0502
BLOCK20/SES204/SA204S14	SES226	-2.3202	2.73	5.0502
BLOCK20/SES204/SA204S22	SES068	-0.72678	3.24515	3.97193
BLOCK20/SES204/SA204S22	SES082	-2.16049	1.81144	3.97193
BLOCK20/SES204/SA204S22	SES083	-3.1521	0.819834	3.97193
BLOCK20/SES204/SA204S22	SES206	-1.3756	2.59633	3.97193
BLOCK20/SES204/SA204S25	SES062	-0.950966	3.16117	4.11213
BLOCK20/SES204/SA204S25	SES083	-2.85034	1.26179	4.11213
BLOCK20/SES204/SA204S25	SES206	-1.33801	2.77413	4.11213
BLOCK20/SES204/SA204S25	SES226	-1.78766	2.32448	4.11213
BLOCK20/SES204/SA204S27	SES068	-1.18419	2.05524	3.23943
BLOCK20/SES204/SA204S27	SES082	-2.22629	1.01315	3.23943
BLOCK20/SES204/SA204S27	SES087	-0.757326	2.4821	3.23943
BLOCK20/SES204/SA204S27	SES206	-1.62575	1.61368	3.23943
BLOCK20/SES207/SA207S10	SES127	-1.84074	1.21543	3.05617
BLOCK20/SES207/SA207S10	SES183	-1.59604	1.46013	3.05617
BLOCK20/SES207/SA207S10	SES189	-1.60232	1.45385	3.05617
BLOCK20/SES207/SA207S10	SES292	-1.45959	1.59658	3.05617
BLOCK20/SES207/SA207S11	SES127	-2.14725	0.646757	2.79401
BLOCK20/SES207/SA207S11	SES183	-1.50019	1.29382	2.79401
BLOCK20/SES207/SA207S11	SES187	-1.51978	1.27423	2.79401
BLOCK20/SES207/SA207S11	SES292	-0.731739	2.06227	2.79401
BLOCK20/SES207/SA207S25	SES068	-1.47062	1.8286	3.29922
BLOCK20/SES207/SA207S25	SES083	-1.60425	1.69497	3.29922
BLOCK20/SES207/SA207S25	SES127	-1.01541	2.28381	3.29922
BLOCK20/SES207/SA207S25	SES187	-1.29442	2.00479	3.29922
BLOCK20/SES207/SA207S27	SES127	-1.77272	0.607685	2.3804
BLOCK20/SES207/SA207S27	SES183	-1.37825	1.00215	2.3804
BLOCK20/SES207/SA207S27	SES187	-1.40568	0.974723	2.3804
BLOCK20/SES207/SA207S27	SES292	-1.48935	0.891055	2.3804
BLOCK20/SES207/SA207S29	SES083	-1.78442	1.7954	3.57983
BLOCK20/SES207/SA207S29	SES085	-1.52038	2.05945	3.57983
BLOCK20/SES207/SA207S29	SES172	-0.525562	3.05427	3.57983
BLOCK20/SES207/SA207S29	SES189	-2.22955	1.35027	3.57983
BLOCK22/SES221/SA221S12	SES068	-0.446888	4.19548	4.64236
BLOCK22/SES221/SA221S12	SES143	-2.04905	2.59332	4.64236
BLOCK22/SES221/SA221S12	SES175	-1.37741	3.26496	4.64236
BLOCK22/SES221/SA221S12	SES202	-1.86099	2.78137	4.64236
BLOCK22/SES221/SA221S15	SES085	-1.05961	2.50881	3.56842
BLOCK22/SES221/SA221S15	SES143	-2.11619	1.45224	3.56842
BLOCK22/SES221/SA221S15	SES175	-1.46939	2.09904	3.56842
BLOCK22/SES221/SA221S15	SES187	-1.79504	1.77339	3.56842
BLOCK22/SES221/SA221S23	SES068	-0.711982	3.44729	4.15927
BLOCK22/SES221/SA221S23	SES143	-2.13189	2.02738	4.15927
BLOCK22/SES221/SA221S23	SES175	-0.891579	3.26769	4.15927
BLOCK22/SES221/SA221S23	SES189	-1.39316	2.76611	4.15927
BLOCK22/SES221/SA221S27	SES085	0.0166526	4.07947	4.06282
BLOCK22/SES221/SA221S27	SES143	-1.71908	2.34374	4.06282
BLOCK22/SES221/SA221S27	SES175	-1.1009	2.96192	4.06282
BLOCK22/SES221/SA221S27	SES189	-0.637345	3.42547	4.06282
BLOCK22/SES221/SA221S29	SES085	0.0853448	3.93599	3.85064
BLOCK22/SES221/SA221S29	SES143	-1.39289	2.45775	3.85064
BLOCK22/SES221/SA221S29	SES175	-0.681838	3.16881	3.85064
BLOCK22/SES221/SA221S29	SES187	-1.54585	2.3048	3.85064
BLOCK22/SES223/SA223S11	SES143	-1.90551	0.646394	2.5519
BLOCK22/SES223/SA223S11	SES144	-3.0829	-0.530994	2.5519
BLOCK22/SES223/SA223S11	SES175	-1.17967	1.37224	2.5519
BLOCK22/SES223/SA223S11	SES187	-2.73223	-0.180327	2.5519
BLOCK22/SES223/SA223S13	SES068	-0.906455	1.36639	2.27285
BLOCK22/SES223/SA223S13	SES143	-2.48512	-0.212274	2.27285
BLOCK22/SES223/SA223S13	SES146	-2.87948	-0.606634	2.27285
BLOCK22/SES223/SA223S13	SES202	-2.79498	-0.522129	2.27285
BLOCK22/SES223/SA223S22	SES143	-1.5701	1.00177	2.57187
BLOCK22/SES223/SA223S22	SES144	-3.37993	-0.808059	2.57187
BLOCK22/SES223/SA223S22	SES175	-1.17361	1.39827	2.57187
BLOCK22/SES223/SA223S22	SES187	-1.7096	0.862273	2.57187
BLOCK22/SES223/SA223S25	SES068	-1.27611	2.2829	3.55901
BLOCK22/SES223/SA223S25	SES143	-2.79494	0.764071	3.55901
BLOCK22/SES223/SA223S25	SES175	-1.55664	2.00237	3.55901
BLOCK22/SES223/SA223S25	SES187	-2.37601	1.183	3.55901
BLOCK22/SES223/SA223S27	SES143	-1.25427	1.36147	2.61574
BLOCK22/SES223/SA223S27	SES146	-1.82779	0.787948	2.61574
BLOCK22/SES223/SA223S27	SES187	-2.35923	0.256513	2.61574
BLOCK22/SES223/SA223S27	SES292	-0.331306	2.28444	2.61574
BLOCK27/SES273/SA273S12	SES099	-0.955658	2.81933	3.77499
BLOCK27/SES273/SA273S12	SES104	-1.32993	2.44506	3.77499
BLOCK27/SES273/SA273S12	SES125	-2.00648	1.76851	3.77499
BLOCK27/SES273/SA273S12	SES206	-1.2181	2.55689	3.77499
BLOCK27/SES273/SA273S13	SES099	-0.987023	2.79965	3.78668
BLOCK27/SES273/SA273S13	SES104	-1.97572	1.81096	3.78668
BLOCK27/SES273/SA273S13	SES206	-1.57244	2.21424	3.78668
BLOCK27/SES273/SA273S13	SES292	-1.56333	2.22335	3.78668
BLOCK27/SES273/SA273S21	SES099	-0.843251	2.54274	3.38599
BLOCK27/SES273/SA273S21	SES148	-2.5562	0.829792	3.38599
BLOCK27/SES273/SA273S21	SES149	-1.15787	2.22812	3.38599
BLOCK27/SES273/SA273S21	SES177	-1.70569	1.6803	3.38599
BLOCK27/SES273/SA273S25	SES104	-1.70464	1.43427	3.13891
BLOCK27/SES273/SA273S25	SES125	-2.30635	0.832562	3.13891
BLOCK27/SES273/SA273S25	SES158	-0.654233	2.48468	3.13891
BLOCK27/SES273/SA273S25	SES206	-1.10593	2.03298	3.13891
BLOCK27/SES273/SA273S27	SES099	-0.847495	3.01406	3.86155
BLOCK27/SES273/SA273S27	SES104	-1.50178	2.35977	3.86155
BLOCK27/SES273/SA273S27	SES149	-1.02549	2.83607	3.86155
BLOCK27/SES273/SA273S27	SES275	-1.43877	2.42278	3.86155
BLOCK27/SES274/SA274S10	SES105	-2.02537	1.7865	3.81187
BLOCK27/SES274/SA274S10	SES125	-2.01801	1.79386	3.81187
BLOCK27/SES274/SA274S10	SES129	-0.600944	3.21093	3.81187
BLOCK27/SES274/SA274S10	SES158	-2.6228	1.18907	3.81187
BLOCK27/SES274/SA274S11	SES105	-1.35314	2.59388	3.94702
BLOCK27/SES274/SA274S11	SES149	-2.05093	1.89608	3.94702
BLOCK27/SES274/SA274S11	SES158	-1.5217	2.42532	3.94702
BLOCK27/SES274/SA274S11	SES275	-0.9805	2.96652	3.94702
BLOCK27/SES274/SA274S21	SES105	-1.9624	2.06777	4.03016
BLOCK27/SES274/SA274S21	SES129	-0.52067	3.50949	4.03016
BLOCK27/SES274/SA274S21	SES149	-1.48615	2.54401	4.03016
BLOCK27/SES274/SA274S21	SES158	-3.23758	0.792584	4.03016
BLOCK27/SES274/SA274S24	SES105	-1.94811	2.0858	4.03391
BLOCK27/SES274/SA274S24	SES129	-0.587397	3.44652	4.03391
BLOCK27/SES274/SA274S24	SES149	-2.61449	1.41943	4.03391
BLOCK27/SES274/SA274S24	SES158	-4.08205	-0.0481366	4.03391
BLOCK27/SES274/SA274S29	SES105	-2.019	1.45004	3.46904
BLOCK27/SES274/SA274S29	SES106	-2.45729	1.01176	3.46904
BLOCK27/SES274/SA274S29	SES120	-1.23754	2.2315	3.46904
BLOCK27/SES274/SA274S29	SES275	-1.31369	2.15535	3.46904
BLOCK27/SES276/SA276S16	SES148	-1.13876	2.47127	3.61003
BLOCK27/SES276/SA276S16	SES172	-0.689333	2.9207	3.61003
BLOCK27/SES276/SA276S16	SES180	-1.9243	1.68573	3.61003
BLOCK27/SES276/SA276S16	SES292	-1.51398	2.09605	3.61003
BLOCK27/SES276/SA276S17	SES101	-1.15002	2.20958	3.3596
BLOCK27/SES276/SA276S17	SES177	-1.43766	1.92195	3.3596
BLOCK27/SES276/SA276S17	SES180	-1.38468	1.97492	3.3596
BLOCK27/SES276/SA276S17	SES292	-1.64525	1.71436	3.3596
BLOCK27/SES276/SA276S24	SES101	-0.628475	3.56956	4.19804
BLOCK27/SES276/SA276S24	SES177	-1.14869	3.04935	4.19804
BLOCK27/SES276/SA276S24	SES180	-1.68589	2.51214	4.19804
BLOCK27/SES276/SA276S24	SES292	-2.5076	1.69044	4.19804
BLOCK27/SES276/SA276S26	SES101	-1.86074	2.48099	4.34172
BLOCK27/SES276/SA276S26	SES177	-0.900203	3.44152	4.34172
BLOCK27/SES276/SA276S26	SES180	-0.34323	3.99849	4.34172
BLOCK27/SES276/SA276S26	SES292	-0.711447	3.63027	4.34172
BLOCK27/SES276/SA276S28	SES101	-1.07614	3.31906	4.39519
BLOCK27/SES276/SA276S28	SES177	-1.46887	2.92632	4.39519
BLOCK27/SES276/SA276S28	SES180	-0.343129	4.05207	4.39519
BLOCK27/SES276/SA276S28	SES292	-1.22648	3.16872	4.39519
BLOCK27/SES277/SA277S12	SES101	-0.949204	1.04805	1.99725
BLOCK27/SES277/SA277S12	SES177	-1.05512	0.942136	1.99725
BLOCK27/SES277/SA277S12	SES180	-2.51216	-0.514905	1.99725
BLOCK27/SES277/SA277S12	SES292	-2.46383	-0.466574	1.99725
BLOCK27/SES277/SA277S14	SES177	-1.0018	0.942911	1.94471
BLOCK27/SES277/SA277S14	SES180	-3.09311	-1.14839	1.94471
BLOCK27/SES277/SA277S14	SES189	-0.412442	1.53227	1.94471
BLOCK27/SES277/SA277S14	SES292	-2.31019	-0.365476	1.94471
BLOCK27/SES277/SA277S21	SES177	-0.747113	1.94821	2.69533
BLOCK27/SES277/SA277S21	SES180	-2.00052	0.694806	2.69533
BLOCK27/SES277/SA277S21	SES189	0.165228	2.86055	2.69533
BLOCK27/SES277/SA277S21	SES292	-2.46002	0.235308	2.69533
BLOCK27/SES277/SA277S24	SES144	-1.39902	0.0839205	1.48294
BLOCK27/SES277/SA277S24	SES177	-0.917068	0.565869	1.48294
BLOCK27/SES277/SA277S24	SES180	-3.27732	-1.79439	1.48294
BLOCK27/SES277/SA277S24	SES189	-0.442499	1.04044	1.48294
BLOCK27/SES277/SA277S29	SES177	-1.2014	2.80212	4.00353
BLOCK27/SES277/SA277S29	SES180	-2.34061	1.66292	4.00353
BLOCK27/SES277/SA277S29	SES202	-1.58511	2.41842	4.00353
BLOCK27/SES277/SA277S29	SES292	-2.37371	1.62981	4.00353
BLOCK27/SES279/SA279S09	SES120	-1.47005	1.91861	3.38866
BLOCK27/SES279/SA279S09	SES146	-2.18533	1.20333	3.38866
BLOCK27/SES279/SA279S09	SES206	-1.53079	1.85787	3.38866
BLOCK27/SES279/SA279S09	SES226	-2.39874	0.989914	3.38866
BLOCK27/SES279/SA279S10	SES099	-0.419419	2.94069	3.36011
BLOCK27/SES279/SA279S10	SES206	-1.10467	2.25544	3.36011
BLOCK27/SES279/SA279S10	SES226	-1.78285	1.57726	3.36011
BLOCK27/SES279/SA279S10	SES292	-0.787075	2.57304	3.36011
BLOCK27/SES279/SA279S20	SES099	-1.32231	1.52187	2.84418
BLOCK27/SES279/SA279S20	SES206	-0.735112	2.10907	2.84418
BLOCK27/SES279/SA279S20	SES226	-1.46873	1.37545	2.84418
BLOCK27/SES279/SA279S20	SES292	-0.591754	2.25242	2.84418
BLOCK27/SES279/SA279S26	SES099	-1.11078	1.87778	2.98856
BLOCK27/SES279/SA279S26	SES206	-0.746769	2.2418	2.98856
BLOCK27/SES279/SA279S26	SES226	-2.02154	0.967022	2.98856
BLOCK27/SES279/SA279S26	SES292	-0.479952	2.50861	2.98856
BLOCK27/SES279/SA279S28	SES099	-0.916336	3.79144	4.70778
BLOCK27/SES279/SA279S28	SES120	-1.03354	3.67424	4.70778
BLOCK27/SES279/SA279S28	SES177	-1.493	3.21478	4.70778
BLOCK27/SES279/SA279S28	SES206	-1.05387	3.65391	4.70778
BLOCK29/SES290/SA290S12	SES162	-0.508173	4.19722	4.7054
BLOCK29/SES290/SA290S12	SES177	-0.538595	4.1668	4.7054
BLOCK29/SES290/SA290S12	SES180	-1.98869	2.71671	4.7054
BLOCK29/SES290/SA290S12	SES292	-1.53409	3.17131	4.7054
BLOCK29/SES290/SA290S13	SES007	-0.491521	3.55919	4.05071
BLOCK29/SES290/SA290S13	SES162	-2.05859	1.99213	4.05071
BLOCK29/SES290/SA290S13	SES177	-0.680225	3.37049	4.05071
BLOCK29/SES290/SA290S13	SES180	-1.10904	2.94168	4.05071
BLOCK29/SES290/SA290S22	SES177	-0.36375	3.5355	3.89925
BLOCK29/SES290/SA290S22	SES180	-0.750421	3.14882	3.89925
BLOCK29/SES290/SA290S22	SES202	-0.957747	2.9415	3.89925
BLOCK29/SES290/SA290S22	SES292	-0.850718	3.04853	3.89925
BLOCK29/SES290/SA290S25	SES162	-1.00093	3.33999	4.34092
BLOCK29/SES290/SA290S25	SES177	-0.809821	3.5311	4.34092
BLOCK29/SES290/SA290S25	SES180	-1.02479	3.31613	4.34092
BLOCK29/SES290/SA290S25	SES292	-0.877581	3.46334	4.34092
BLOCK29/SES290/SA290S29	SES177	-0.489517	3.41934	3.90886
BLOCK29/SES290/SA290S29	SES180	-1.04061	2.86825	3.90886
BLOCK29/SES290/SA290S29	SES275	-0.973171	2.93569	3.90886
BLOCK29/SES290/SA290S29	SES292	-0.790674	3.11819	3.90886
BLOCK29/SES291/SA291S11	SES105	-2.65784	-0.476546	2.18129
BLOCK29/SES291/SA291S11	SES125	-0.926411	1.25488	2.18129
BLOCK29/SES291/SA291S11	SES158	-0.928161	1.25313	2.18129
BLOCK29/SES291/SA291S11	SES275	-2.26286	-0.08157	2.18129
BLOCK29/SES291/SA291S12	SES158	0.454763	2.87579	2.42103
BLOCK29/SES291/SA291S12	SES226	-2.05843	0.362597	2.42103
BLOCK29/SES291/SA291S12	SES270	0.108251	2.52928	2.42103
BLOCK29/SES291/SA291S12	SES275	-4.01825	-1.59722	2.42103
BLOCK29/SES291/SA291S22	SES082	-0.986222	2.12427	3.11049
BLOCK29/SES291/SA291S22	SES158	-1.16632	1.94417	3.11049
BLOCK29/SES291/SA291S22	SES259	-1.78437	1.32612	3.11049
BLOCK29/SES291/SA291S22	SES275	-2.85336	0.257131	3.11049
BLOCK29/SES291/SA291S24	SES104	-0.155545	3.35064	3.50618
BLOCK29/SES291/SA291S24	SES125	-0.577891	2.92829	3.50618
BLOCK29/SES291/SA291S24	SES158	-0.335453	3.17073	3.50618
BLOCK29/SES291/SA291S24	SES275	-2.56142	0.944763	3.50618
BLOCK29/SES291/SA291S27	SES158	-0.268667	3.34746	3.61612
BLOCK29/SES291/SA291S27	SES172	-3.49043	0.125698	3.61612
BLOCK29/SES291/SA291S27	SES275	-2.92292	0.693204	3.61612
BLOCK29/SES291/SA291S27	SES292	-1.56564	2.05048	3.61612
